CRITICAL - 2023-01-17 06:07:54 --> Undefined property: App\Controllers\main::$session
in APPPATH/Controllers/main.php on line 42.
 1 APPPATH/Controllers/main.php(42): CodeIgniter\Debug\Exceptions->errorHandler(8, 'Undefined property: App\\Controllers\\main::$session', 'APPPATH/Controllers/main.php', 42, [...])
 2 APPPATH/Controllers/main.php(66): App\Controllers\main->userLogin('1234', 'zlyuka')
 3 APPPATH/Controllers/main.php(22): App\Controllers\main->getSesionInfo()
 4 SYSTEMPATH/CodeIgniter.php(927): App\Controllers\main->open()
 5 SYSTEMPATH/CodeIgniter.php(482): CodeIgniter\CodeIgniter->runController(Object(App\Controllers\main))
 6 SYSTEMPATH/CodeIgniter.php(351): CodeIgniter\CodeIgniter->handleRequest(null, Object(Config\Cache), false)
 7 FCPATH/index.php(67): CodeIgniter\CodeIgniter->run()
CRITICAL - 2023-01-17 06:08:37 --> Call to undefined method App\Controllers\main::session()
in APPPATH/Controllers/main.php on line 42.
 1 APPPATH/Controllers/main.php(66): App\Controllers\main->userLogin('1234', 'zlyuka')
 2 APPPATH/Controllers/main.php(22): App\Controllers\main->getSesionInfo()
 3 SYSTEMPATH/CodeIgniter.php(927): App\Controllers\main->open()
 4 SYSTEMPATH/CodeIgniter.php(482): CodeIgniter\CodeIgniter->runController(Object(App\Controllers\main))
 5 SYSTEMPATH/CodeIgniter.php(351): CodeIgniter\CodeIgniter->handleRequest(null, Object(Config\Cache), false)
 6 FCPATH/index.php(67): CodeIgniter\CodeIgniter->run()
CRITICAL - 2023-01-17 06:15:16 --> Call to undefined method App\Controllers\main::session()
in APPPATH/Controllers/main.php on line 31.
 1 APPPATH/Controllers/main.php(45): App\Controllers\main->userLogin('1234', 'zlyuka')
 2 APPPATH/Controllers/main.php(19): App\Controllers\main->getSesionInfo()
 3 SYSTEMPATH/CodeIgniter.php(927): App\Controllers\main->open()
 4 SYSTEMPATH/CodeIgniter.php(482): CodeIgniter\CodeIgniter->runController(Object(App\Controllers\main))
 5 SYSTEMPATH/CodeIgniter.php(351): CodeIgniter\CodeIgniter->handleRequest(null, Object(Config\Cache), false)
 6 FCPATH/index.php(67): CodeIgniter\CodeIgniter->run()
CRITICAL - 2023-01-17 06:15:53 --> Call to undefined method App\Controllers\main::session()
in APPPATH/Controllers/main.php on line 31.
 1 APPPATH/Controllers/main.php(45): App\Controllers\main->userLogin('1234', 'zlyuka')
 2 APPPATH/Controllers/main.php(19): App\Controllers\main->getSesionInfo()
 3 SYSTEMPATH/CodeIgniter.php(927): App\Controllers\main->open()
 4 SYSTEMPATH/CodeIgniter.php(482): CodeIgniter\CodeIgniter->runController(Object(App\Controllers\main))
 5 SYSTEMPATH/CodeIgniter.php(351): CodeIgniter\CodeIgniter->handleRequest(null, Object(Config\Cache), false)
 6 FCPATH/index.php(67): CodeIgniter\CodeIgniter->run()
CRITICAL - 2023-01-17 06:16:51 --> Call to undefined method App\Controllers\main::session()
in APPPATH/Controllers/main.php on line 31.
 1 APPPATH/Controllers/main.php(19): App\Controllers\main->userLogin('1234', 'zlyuka')
 2 SYSTEMPATH/CodeIgniter.php(927): App\Controllers\main->open()
 3 SYSTEMPATH/CodeIgniter.php(482): CodeIgniter\CodeIgniter->runController(Object(App\Controllers\main))
 4 SYSTEMPATH/CodeIgniter.php(351): CodeIgniter\CodeIgniter->handleRequest(null, Object(Config\Cache), false)
 5 FCPATH/index.php(67): CodeIgniter\CodeIgniter->run()
CRITICAL - 2023-01-17 06:16:55 --> Call to undefined method App\Controllers\main::session()
in APPPATH/Controllers/main.php on line 31.
 1 APPPATH/Controllers/main.php(19): App\Controllers\main->userLogin('1234', 'zlyuka')
 2 SYSTEMPATH/CodeIgniter.php(927): App\Controllers\main->open()
 3 SYSTEMPATH/CodeIgniter.php(482): CodeIgniter\CodeIgniter->runController(Object(App\Controllers\main))
 4 SYSTEMPATH/CodeIgniter.php(351): CodeIgniter\CodeIgniter->handleRequest(null, Object(Config\Cache), false)
 5 FCPATH/index.php(67): CodeIgniter\CodeIgniter->run()
CRITICAL - 2023-01-17 06:21:45 --> mkdir(): Permission denied
in SYSTEMPATH/Session/Handlers/FileHandler.php on line 97.
 1 [internal function]: CodeIgniter\Debug\Exceptions->errorHandler(2, 'mkdir(): Permission denied', 'SYSTEMPATH/Session/Handlers/FileHandler.php', 97, [...])
 2 SYSTEMPATH/Session/Handlers/FileHandler.php(97): mkdir('/usr/local/www/zayavki/writable/session', 448, true)
 3 [internal function]: CodeIgniter\Session\Handlers\FileHandler->open('/usr/local/www/zayavki/writable/session', 'ci_session')
 4 SYSTEMPATH/Session/Session.php(912): session_start()
 5 SYSTEMPATH/Session/Session.php(234): CodeIgniter\Session\Session->startSession()
 6 SYSTEMPATH/Config/Services.php(665): CodeIgniter\Session\Session->start()
 7 SYSTEMPATH/Config/BaseService.php(253): CodeIgniter\Config\Services::session(Object(Config\App), false)
 8 SYSTEMPATH/Config/BaseService.php(194): CodeIgniter\Config\BaseService::__callStatic('session', [...])
 9 SYSTEMPATH/Config/Services.php(637): CodeIgniter\Config\BaseService::getSharedInstance('session', null)
10 SYSTEMPATH/Config/BaseService.php(253): CodeIgniter\Config\Services::session()
11 SYSTEMPATH/Common.php(931): CodeIgniter\Config\BaseService::__callStatic('session', [])
12 APPPATH/Controllers/main.php(28): session()
13 APPPATH/Controllers/main.php(19): App\Controllers\main->userLogin('1234', 'zlyuka')
14 SYSTEMPATH/CodeIgniter.php(927): App\Controllers\main->open()
15 SYSTEMPATH/CodeIgniter.php(482): CodeIgniter\CodeIgniter->runController(Object(App\Controllers\main))
16 SYSTEMPATH/CodeIgniter.php(351): CodeIgniter\CodeIgniter->handleRequest(null, Object(Config\Cache), false)
17 FCPATH/index.php(67): CodeIgniter\CodeIgniter->run()
CRITICAL - 2023-01-17 06:21:47 --> mkdir(): Permission denied
in SYSTEMPATH/Session/Handlers/FileHandler.php on line 97.
 1 [internal function]: CodeIgniter\Debug\Exceptions->errorHandler(2, 'mkdir(): Permission denied', 'SYSTEMPATH/Session/Handlers/FileHandler.php', 97, [...])
 2 SYSTEMPATH/Session/Handlers/FileHandler.php(97): mkdir('/usr/local/www/zayavki/writable/session', 448, true)
 3 [internal function]: CodeIgniter\Session\Handlers\FileHandler->open('/usr/local/www/zayavki/writable/session', 'ci_session')
 4 SYSTEMPATH/Session/Session.php(912): session_start()
 5 SYSTEMPATH/Session/Session.php(234): CodeIgniter\Session\Session->startSession()
 6 SYSTEMPATH/Config/Services.php(665): CodeIgniter\Session\Session->start()
 7 SYSTEMPATH/Config/BaseService.php(253): CodeIgniter\Config\Services::session(Object(Config\App), false)
 8 SYSTEMPATH/Config/BaseService.php(194): CodeIgniter\Config\BaseService::__callStatic('session', [...])
 9 SYSTEMPATH/Config/Services.php(637): CodeIgniter\Config\BaseService::getSharedInstance('session', null)
10 SYSTEMPATH/Config/BaseService.php(253): CodeIgniter\Config\Services::session()
11 SYSTEMPATH/Common.php(931): CodeIgniter\Config\BaseService::__callStatic('session', [])
12 APPPATH/Controllers/main.php(28): session()
13 APPPATH/Controllers/main.php(19): App\Controllers\main->userLogin('1234', 'zlyuka')
14 SYSTEMPATH/CodeIgniter.php(927): App\Controllers\main->open()
15 SYSTEMPATH/CodeIgniter.php(482): CodeIgniter\CodeIgniter->runController(Object(App\Controllers\main))
16 SYSTEMPATH/CodeIgniter.php(351): CodeIgniter\CodeIgniter->handleRequest(null, Object(Config\Cache), false)
17 FCPATH/index.php(67): CodeIgniter\CodeIgniter->run()
CRITICAL - 2023-01-17 06:26:15 --> mkdir(): Permission denied
in SYSTEMPATH/Session/Handlers/FileHandler.php on line 97.
 1 [internal function]: CodeIgniter\Debug\Exceptions->errorHandler(2, 'mkdir(): Permission denied', 'SYSTEMPATH/Session/Handlers/FileHandler.php', 97, [...])
 2 SYSTEMPATH/Session/Handlers/FileHandler.php(97): mkdir('/usr/local/www/zayavki/writable/session', 448, true)
 3 [internal function]: CodeIgniter\Session\Handlers\FileHandler->open('/usr/local/www/zayavki/writable/session', 'ci_session')
 4 SYSTEMPATH/Session/Session.php(912): session_start()
 5 SYSTEMPATH/Session/Session.php(234): CodeIgniter\Session\Session->startSession()
 6 SYSTEMPATH/Config/Services.php(665): CodeIgniter\Session\Session->start()
 7 SYSTEMPATH/Config/BaseService.php(253): CodeIgniter\Config\Services::session(Object(Config\App), false)
 8 SYSTEMPATH/Config/BaseService.php(194): CodeIgniter\Config\BaseService::__callStatic('session', [...])
 9 SYSTEMPATH/Config/Services.php(637): CodeIgniter\Config\BaseService::getSharedInstance('session', null)
10 SYSTEMPATH/Config/BaseService.php(253): CodeIgniter\Config\Services::session()
11 SYSTEMPATH/Common.php(931): CodeIgniter\Config\BaseService::__callStatic('session', [])
12 APPPATH/Controllers/main.php(31): session()
13 APPPATH/Controllers/main.php(19): App\Controllers\main->userLogin('1234', 'zlyuka')
14 SYSTEMPATH/CodeIgniter.php(927): App\Controllers\main->open()
15 SYSTEMPATH/CodeIgniter.php(482): CodeIgniter\CodeIgniter->runController(Object(App\Controllers\main))
16 SYSTEMPATH/CodeIgniter.php(351): CodeIgniter\CodeIgniter->handleRequest(null, Object(Config\Cache), false)
17 FCPATH/index.php(67): CodeIgniter\CodeIgniter->run()
CRITICAL - 2023-01-17 07:06:11 --> Undefined property: App\Controllers\main::$load
in APPPATH/Controllers/main.php on line 23.
 1 APPPATH/Controllers/main.php(23): CodeIgniter\Debug\Exceptions->errorHandler(8, 'Undefined property: App\\Controllers\\main::$load', 'APPPATH/Controllers/main.php', 23, [...])
 2 SYSTEMPATH/CodeIgniter.php(927): App\Controllers\main->open()
 3 SYSTEMPATH/CodeIgniter.php(482): CodeIgniter\CodeIgniter->runController(Object(App\Controllers\main))
 4 SYSTEMPATH/CodeIgniter.php(351): CodeIgniter\CodeIgniter->handleRequest(null, Object(Config\Cache), false)
 5 FCPATH/index.php(67): CodeIgniter\CodeIgniter->run()
CRITICAL - 2023-01-17 07:15:38 --> Undefined property: App\Controllers\main::$load
in APPPATH/Controllers/main.php on line 23.
 1 APPPATH/Controllers/main.php(23): CodeIgniter\Debug\Exceptions->errorHandler(8, 'Undefined property: App\\Controllers\\main::$load', 'APPPATH/Controllers/main.php', 23, [...])
 2 SYSTEMPATH/CodeIgniter.php(927): App\Controllers\main->open()
 3 SYSTEMPATH/CodeIgniter.php(482): CodeIgniter\CodeIgniter->runController(Object(App\Controllers\main))
 4 SYSTEMPATH/CodeIgniter.php(351): CodeIgniter\CodeIgniter->handleRequest(null, Object(Config\Cache), false)
 5 FCPATH/index.php(67): CodeIgniter\CodeIgniter->run()
CRITICAL - 2023-01-17 07:15:47 --> Undefined property: App\Controllers\main::$load
in APPPATH/Controllers/main.php on line 23.
 1 APPPATH/Controllers/main.php(23): CodeIgniter\Debug\Exceptions->errorHandler(8, 'Undefined property: App\\Controllers\\main::$load', 'APPPATH/Controllers/main.php', 23, [...])
 2 SYSTEMPATH/CodeIgniter.php(927): App\Controllers\main->open()
 3 SYSTEMPATH/CodeIgniter.php(482): CodeIgniter\CodeIgniter->runController(Object(App\Controllers\main))
 4 SYSTEMPATH/CodeIgniter.php(351): CodeIgniter\CodeIgniter->handleRequest(null, Object(Config\Cache), false)
 5 FCPATH/index.php(67): CodeIgniter\CodeIgniter->run()
CRITICAL - 2023-01-17 07:17:34 --> Undefined property: CodeIgniter\View\View::$lang
in APPPATH/Views/open_view.php on line 48.
 1 APPPATH/Views/open_view.php(48): CodeIgniter\Debug\Exceptions->errorHandler(8, 'Undefined property: CodeIgniter\\View\\View::$lang', 'APPPATH/Views/open_view.php', 48, [...])
 2 SYSTEMPATH/View/View.php(213): include('APPPATH/Views/open_view.php')
 3 SYSTEMPATH/View/View.php(216): CodeIgniter\View\View->CodeIgniter\View\{closure}()
 4 SYSTEMPATH/Common.php(1134): CodeIgniter\View\View->render('open_view', [], true)
 5 APPPATH/Controllers/main.php(25): view('open_view', [...])
 6 SYSTEMPATH/CodeIgniter.php(927): App\Controllers\main->open()
 7 SYSTEMPATH/CodeIgniter.php(482): CodeIgniter\CodeIgniter->runController(Object(App\Controllers\main))
 8 SYSTEMPATH/CodeIgniter.php(351): CodeIgniter\CodeIgniter->handleRequest(null, Object(Config\Cache), false)
 9 FCPATH/index.php(67): CodeIgniter\CodeIgniter->run()
CRITICAL - 2023-01-17 07:19:50 --> Undefined property: App\Controllers\main::$session
in APPPATH/Controllers/main.php on line 65.
 1 APPPATH/Controllers/main.php(65): CodeIgniter\Debug\Exceptions->errorHandler(8, 'Undefined property: App\\Controllers\\main::$session', 'APPPATH/Controllers/main.php', 65, [])
 2 APPPATH/Controllers/main.php(25): App\Controllers\main->getSesionInfo()
 3 SYSTEMPATH/CodeIgniter.php(927): App\Controllers\main->open()
 4 SYSTEMPATH/CodeIgniter.php(482): CodeIgniter\CodeIgniter->runController(Object(App\Controllers\main))
 5 SYSTEMPATH/CodeIgniter.php(351): CodeIgniter\CodeIgniter->handleRequest(null, Object(Config\Cache), false)
 6 FCPATH/index.php(67): CodeIgniter\CodeIgniter->run()
CRITICAL - 2023-01-17 07:20:48 --> You must set the database table to be used with your query.
in SYSTEMPATH/Database/BaseConnection.php on line 845.
 1 SYSTEMPATH/Model.php(587): CodeIgniter\Database\BaseConnection->table(null)
 2 SYSTEMPATH/Model.php(764): CodeIgniter\Model->builder()
 3 APPPATH/Controllers/main.php(49): CodeIgniter\Model->__call('addUsToLog', [...])
 4 APPPATH/Controllers/main.php(72): App\Controllers\main->userLogin('1234', 'zlyuka')
 5 APPPATH/Controllers/main.php(25): App\Controllers\main->getSesionInfo()
 6 SYSTEMPATH/CodeIgniter.php(927): App\Controllers\main->open()
 7 SYSTEMPATH/CodeIgniter.php(482): CodeIgniter\CodeIgniter->runController(Object(App\Controllers\main))
 8 SYSTEMPATH/CodeIgniter.php(351): CodeIgniter\CodeIgniter->handleRequest(null, Object(Config\Cache), false)
 9 FCPATH/index.php(67): CodeIgniter\CodeIgniter->run()
CRITICAL - 2023-01-17 07:24:52 --> You must set the database table to be used with your query.
in SYSTEMPATH/Database/BaseConnection.php on line 845.
 1 SYSTEMPATH/Model.php(587): CodeIgniter\Database\BaseConnection->table(null)
 2 SYSTEMPATH/Model.php(764): CodeIgniter\Model->builder()
 3 APPPATH/Models/User.php(64): CodeIgniter\Model->__call('query', [...])
 4 APPPATH/Controllers/main.php(42): App\Models\User->checkPass('zlyuka', '1234')
 5 APPPATH/Controllers/main.php(70): App\Controllers\main->userLogin('1234', 'zlyuka')
 6 APPPATH/Controllers/main.php(25): App\Controllers\main->getSesionInfo()
 7 SYSTEMPATH/CodeIgniter.php(927): App\Controllers\main->open()
 8 SYSTEMPATH/CodeIgniter.php(482): CodeIgniter\CodeIgniter->runController(Object(App\Controllers\main))
 9 SYSTEMPATH/CodeIgniter.php(351): CodeIgniter\CodeIgniter->handleRequest(null, Object(Config\Cache), false)
10 FCPATH/index.php(67): CodeIgniter\CodeIgniter->run()
CRITICAL - 2023-01-17 07:25:04 --> You must set the database table to be used with your query.
in SYSTEMPATH/Database/BaseConnection.php on line 845.
 1 SYSTEMPATH/Model.php(587): CodeIgniter\Database\BaseConnection->table(null)
 2 SYSTEMPATH/Model.php(764): CodeIgniter\Model->builder()
 3 APPPATH/Models/User.php(64): CodeIgniter\Model->__call('query', [...])
 4 APPPATH/Controllers/main.php(42): App\Models\User->checkPass('zlyuka', '1234')
 5 APPPATH/Controllers/main.php(70): App\Controllers\main->userLogin('1234', 'zlyuka')
 6 APPPATH/Controllers/main.php(25): App\Controllers\main->getSesionInfo()
 7 SYSTEMPATH/CodeIgniter.php(927): App\Controllers\main->open()
 8 SYSTEMPATH/CodeIgniter.php(482): CodeIgniter\CodeIgniter->runController(Object(App\Controllers\main))
 9 SYSTEMPATH/CodeIgniter.php(351): CodeIgniter\CodeIgniter->handleRequest(null, Object(Config\Cache), false)
10 FCPATH/index.php(67): CodeIgniter\CodeIgniter->run()
CRITICAL - 2023-01-17 07:29:15 --> You must set the database table to be used with your query.
in SYSTEMPATH/Database/BaseConnection.php on line 845.
 1 SYSTEMPATH/Model.php(587): CodeIgniter\Database\BaseConnection->table(null)
 2 SYSTEMPATH/Model.php(764): CodeIgniter\Model->builder()
 3 APPPATH/Controllers/main.php(47): CodeIgniter\Model->__call('addUsToLog', [...])
 4 APPPATH/Controllers/main.php(70): App\Controllers\main->userLogin('1234', 'zlyuka')
 5 APPPATH/Controllers/main.php(25): App\Controllers\main->getSesionInfo()
 6 SYSTEMPATH/CodeIgniter.php(927): App\Controllers\main->open()
 7 SYSTEMPATH/CodeIgniter.php(482): CodeIgniter\CodeIgniter->runController(Object(App\Controllers\main))
 8 SYSTEMPATH/CodeIgniter.php(351): CodeIgniter\CodeIgniter->handleRequest(null, Object(Config\Cache), false)
 9 FCPATH/index.php(67): CodeIgniter\CodeIgniter->run()
CRITICAL - 2023-01-17 07:29:27 --> You must set the database table to be used with your query.
in SYSTEMPATH/Database/BaseConnection.php on line 845.
 1 SYSTEMPATH/Model.php(587): CodeIgniter\Database\BaseConnection->table(null)
 2 SYSTEMPATH/Model.php(764): CodeIgniter\Model->builder()
 3 APPPATH/Controllers/main.php(47): CodeIgniter\Model->__call('addUsToLog', [...])
 4 APPPATH/Controllers/main.php(70): App\Controllers\main->userLogin('1234', 'zlyuka')
 5 APPPATH/Controllers/main.php(25): App\Controllers\main->getSesionInfo()
 6 SYSTEMPATH/CodeIgniter.php(927): App\Controllers\main->open()
 7 SYSTEMPATH/CodeIgniter.php(482): CodeIgniter\CodeIgniter->runController(Object(App\Controllers\main))
 8 SYSTEMPATH/CodeIgniter.php(351): CodeIgniter\CodeIgniter->handleRequest(null, Object(Config\Cache), false)
 9 FCPATH/index.php(67): CodeIgniter\CodeIgniter->run()
CRITICAL - 2023-01-17 07:30:24 --> Call to undefined method CodeIgniter\Database\MySQLi\Connection::insert()
in APPPATH/Models/User.php on line 66.
 1 APPPATH/Controllers/main.php(47): App\Models\User->addUsToLog([...])
 2 APPPATH/Controllers/main.php(70): App\Controllers\main->userLogin('1234', 'zlyuka')
 3 APPPATH/Controllers/main.php(25): App\Controllers\main->getSesionInfo()
 4 SYSTEMPATH/CodeIgniter.php(927): App\Controllers\main->open()
 5 SYSTEMPATH/CodeIgniter.php(482): CodeIgniter\CodeIgniter->runController(Object(App\Controllers\main))
 6 SYSTEMPATH/CodeIgniter.php(351): CodeIgniter\CodeIgniter->handleRequest(null, Object(Config\Cache), false)
 7 FCPATH/index.php(67): CodeIgniter\CodeIgniter->run()
CRITICAL - 2023-01-17 07:33:20 --> Array to string conversion
in APPPATH/Models/User.php on line 66.
 1 APPPATH/Models/User.php(66): CodeIgniter\Debug\Exceptions->errorHandler(8, 'Array to string conversion', 'APPPATH/Models/User.php', 66, [...])
 2 APPPATH/Controllers/main.php(47): App\Models\User->addUsToLog([...])
 3 APPPATH/Controllers/main.php(70): App\Controllers\main->userLogin('1234', 'zlyuka')
 4 APPPATH/Controllers/main.php(25): App\Controllers\main->getSesionInfo()
 5 SYSTEMPATH/CodeIgniter.php(927): App\Controllers\main->open()
 6 SYSTEMPATH/CodeIgniter.php(482): CodeIgniter\CodeIgniter->runController(Object(App\Controllers\main))
 7 SYSTEMPATH/CodeIgniter.php(351): CodeIgniter\CodeIgniter->handleRequest(null, Object(Config\Cache), false)
 8 FCPATH/index.php(67): CodeIgniter\CodeIgniter->run()
CRITICAL - 2023-01-17 07:33:24 --> Array to string conversion
in APPPATH/Models/User.php on line 66.
 1 APPPATH/Models/User.php(66): CodeIgniter\Debug\Exceptions->errorHandler(8, 'Array to string conversion', 'APPPATH/Models/User.php', 66, [...])
 2 APPPATH/Controllers/main.php(47): App\Models\User->addUsToLog([...])
 3 APPPATH/Controllers/main.php(70): App\Controllers\main->userLogin('1234', 'zlyuka')
 4 APPPATH/Controllers/main.php(25): App\Controllers\main->getSesionInfo()
 5 SYSTEMPATH/CodeIgniter.php(927): App\Controllers\main->open()
 6 SYSTEMPATH/CodeIgniter.php(482): CodeIgniter\CodeIgniter->runController(Object(App\Controllers\main))
 7 SYSTEMPATH/CodeIgniter.php(351): CodeIgniter\CodeIgniter->handleRequest(null, Object(Config\Cache), false)
 8 FCPATH/index.php(67): CodeIgniter\CodeIgniter->run()
CRITICAL - 2023-01-17 07:33:46 --> Undefined property: App\Controllers\main::$load
in APPPATH/Controllers/main.php on line 29.
 1 APPPATH/Controllers/main.php(29): CodeIgniter\Debug\Exceptions->errorHandler(8, 'Undefined property: App\\Controllers\\main::$load', 'APPPATH/Controllers/main.php', 29, [...])
 2 SYSTEMPATH/CodeIgniter.php(927): App\Controllers\main->open()
 3 SYSTEMPATH/CodeIgniter.php(482): CodeIgniter\CodeIgniter->runController(Object(App\Controllers\main))
 4 SYSTEMPATH/CodeIgniter.php(351): CodeIgniter\CodeIgniter->handleRequest(null, Object(Config\Cache), false)
 5 FCPATH/index.php(67): CodeIgniter\CodeIgniter->run()
CRITICAL - 2023-01-17 07:35:00 --> Undefined property: CodeIgniter\View\View::$lang
in APPPATH/Views/open_view.php on line 52.
 1 APPPATH/Views/open_view.php(52): CodeIgniter\Debug\Exceptions->errorHandler(8, 'Undefined property: CodeIgniter\\View\\View::$lang', 'APPPATH/Views/open_view.php', 52, [...])
 2 SYSTEMPATH/View/View.php(213): include('APPPATH/Views/open_view.php')
 3 SYSTEMPATH/View/View.php(216): CodeIgniter\View\View->CodeIgniter\View\{closure}()
 4 SYSTEMPATH/Common.php(1134): CodeIgniter\View\View->render('open_view', [], true)
 5 APPPATH/Controllers/main.php(29): view('open_view', [...])
 6 SYSTEMPATH/CodeIgniter.php(927): App\Controllers\main->open()
 7 SYSTEMPATH/CodeIgniter.php(482): CodeIgniter\CodeIgniter->runController(Object(App\Controllers\main))
 8 SYSTEMPATH/CodeIgniter.php(351): CodeIgniter\CodeIgniter->handleRequest(null, Object(Config\Cache), false)
 9 FCPATH/index.php(67): CodeIgniter\CodeIgniter->run()
CRITICAL - 2023-01-17 07:35:24 --> Undefined property: CodeIgniter\View\View::$lang
in APPPATH/Views/open_view.php on line 52.
 1 APPPATH/Views/open_view.php(52): CodeIgniter\Debug\Exceptions->errorHandler(8, 'Undefined property: CodeIgniter\\View\\View::$lang', 'APPPATH/Views/open_view.php', 52, [...])
 2 SYSTEMPATH/View/View.php(213): include('APPPATH/Views/open_view.php')
 3 SYSTEMPATH/View/View.php(216): CodeIgniter\View\View->CodeIgniter\View\{closure}()
 4 SYSTEMPATH/Common.php(1134): CodeIgniter\View\View->render('open_view', [], true)
 5 APPPATH/Controllers/main.php(29): view('open_view', [...])
 6 SYSTEMPATH/CodeIgniter.php(927): App\Controllers\main->open()
 7 SYSTEMPATH/CodeIgniter.php(482): CodeIgniter\CodeIgniter->runController(Object(App\Controllers\main))
 8 SYSTEMPATH/CodeIgniter.php(351): CodeIgniter\CodeIgniter->handleRequest(null, Object(Config\Cache), false)
 9 FCPATH/index.php(67): CodeIgniter\CodeIgniter->run()
CRITICAL - 2023-01-17 07:35:29 --> Undefined property: CodeIgniter\View\View::$lang
in APPPATH/Views/open_view.php on line 52.
 1 APPPATH/Views/open_view.php(52): CodeIgniter\Debug\Exceptions->errorHandler(8, 'Undefined property: CodeIgniter\\View\\View::$lang', 'APPPATH/Views/open_view.php', 52, [...])
 2 SYSTEMPATH/View/View.php(213): include('APPPATH/Views/open_view.php')
 3 SYSTEMPATH/View/View.php(216): CodeIgniter\View\View->CodeIgniter\View\{closure}()
 4 SYSTEMPATH/Common.php(1134): CodeIgniter\View\View->render('open_view', [], true)
 5 APPPATH/Controllers/main.php(29): view('open_view', [...])
 6 SYSTEMPATH/CodeIgniter.php(927): App\Controllers\main->open()
 7 SYSTEMPATH/CodeIgniter.php(482): CodeIgniter\CodeIgniter->runController(Object(App\Controllers\main))
 8 SYSTEMPATH/CodeIgniter.php(351): CodeIgniter\CodeIgniter->handleRequest(null, Object(Config\Cache), false)
 9 FCPATH/index.php(67): CodeIgniter\CodeIgniter->run()
CRITICAL - 2023-01-17 07:40:27 --> syntax error, unexpected 'image' (T_STRING), expecting ';' or ','
in APPPATH/Views/open_view.php on line 37.
 1 SYSTEMPATH/View/View.php(216): CodeIgniter\View\View->CodeIgniter\View\{closure}()
 2 SYSTEMPATH/Common.php(1134): CodeIgniter\View\View->render('open_view', [], true)
 3 APPPATH/Controllers/main.php(29): view('open_view', [...])
 4 SYSTEMPATH/CodeIgniter.php(927): App\Controllers\main->open()
 5 SYSTEMPATH/CodeIgniter.php(482): CodeIgniter\CodeIgniter->runController(Object(App\Controllers\main))
 6 SYSTEMPATH/CodeIgniter.php(351): CodeIgniter\CodeIgniter->handleRequest(null, Object(Config\Cache), false)
 7 FCPATH/index.php(67): CodeIgniter\CodeIgniter->run()
CRITICAL - 2023-01-17 07:40:48 --> Undefined property: CodeIgniter\View\View::$lang
in APPPATH/Views/open_view.php on line 52.
 1 APPPATH/Views/open_view.php(52): CodeIgniter\Debug\Exceptions->errorHandler(8, 'Undefined property: CodeIgniter\\View\\View::$lang', 'APPPATH/Views/open_view.php', 52, [...])
 2 SYSTEMPATH/View/View.php(213): include('APPPATH/Views/open_view.php')
 3 SYSTEMPATH/View/View.php(216): CodeIgniter\View\View->CodeIgniter\View\{closure}()
 4 SYSTEMPATH/Common.php(1134): CodeIgniter\View\View->render('open_view', [], true)
 5 APPPATH/Controllers/main.php(29): view('open_view', [...])
 6 SYSTEMPATH/CodeIgniter.php(927): App\Controllers\main->open()
 7 SYSTEMPATH/CodeIgniter.php(482): CodeIgniter\CodeIgniter->runController(Object(App\Controllers\main))
 8 SYSTEMPATH/CodeIgniter.php(351): CodeIgniter\CodeIgniter->handleRequest(null, Object(Config\Cache), false)
 9 FCPATH/index.php(67): CodeIgniter\CodeIgniter->run()
CRITICAL - 2023-01-17 07:41:16 --> Undefined property: CodeIgniter\View\View::$lang
in APPPATH/Views/open_view.php on line 52.
 1 APPPATH/Views/open_view.php(52): CodeIgniter\Debug\Exceptions->errorHandler(8, 'Undefined property: CodeIgniter\\View\\View::$lang', 'APPPATH/Views/open_view.php', 52, [...])
 2 SYSTEMPATH/View/View.php(213): include('APPPATH/Views/open_view.php')
 3 SYSTEMPATH/View/View.php(216): CodeIgniter\View\View->CodeIgniter\View\{closure}()
 4 SYSTEMPATH/Common.php(1134): CodeIgniter\View\View->render('open_view', [], true)
 5 APPPATH/Controllers/main.php(29): view('open_view', [...])
 6 SYSTEMPATH/CodeIgniter.php(927): App\Controllers\main->open()
 7 SYSTEMPATH/CodeIgniter.php(482): CodeIgniter\CodeIgniter->runController(Object(App\Controllers\main))
 8 SYSTEMPATH/CodeIgniter.php(351): CodeIgniter\CodeIgniter->handleRequest(null, Object(Config\Cache), false)
 9 FCPATH/index.php(67): CodeIgniter\CodeIgniter->run()
CRITICAL - 2023-01-17 07:41:18 --> Undefined property: CodeIgniter\View\View::$lang
in APPPATH/Views/open_view.php on line 52.
 1 APPPATH/Views/open_view.php(52): CodeIgniter\Debug\Exceptions->errorHandler(8, 'Undefined property: CodeIgniter\\View\\View::$lang', 'APPPATH/Views/open_view.php', 52, [...])
 2 SYSTEMPATH/View/View.php(213): include('APPPATH/Views/open_view.php')
 3 SYSTEMPATH/View/View.php(216): CodeIgniter\View\View->CodeIgniter\View\{closure}()
 4 SYSTEMPATH/Common.php(1134): CodeIgniter\View\View->render('open_view', [], true)
 5 APPPATH/Controllers/main.php(29): view('open_view', [...])
 6 SYSTEMPATH/CodeIgniter.php(927): App\Controllers\main->open()
 7 SYSTEMPATH/CodeIgniter.php(482): CodeIgniter\CodeIgniter->runController(Object(App\Controllers\main))
 8 SYSTEMPATH/CodeIgniter.php(351): CodeIgniter\CodeIgniter->handleRequest(null, Object(Config\Cache), false)
 9 FCPATH/index.php(67): CodeIgniter\CodeIgniter->run()
CRITICAL - 2023-01-17 07:42:39 --> Call to undefined method CodeIgniter\View\View::load()
in APPPATH/Views/open_view.php on line 52.
 1 SYSTEMPATH/View/View.php(213): include()
 2 SYSTEMPATH/View/View.php(216): CodeIgniter\View\View->CodeIgniter\View\{closure}()
 3 SYSTEMPATH/Common.php(1134): CodeIgniter\View\View->render('open_view', [], true)
 4 APPPATH/Controllers/main.php(29): view('open_view', [...])
 5 SYSTEMPATH/CodeIgniter.php(927): App\Controllers\main->open()
 6 SYSTEMPATH/CodeIgniter.php(482): CodeIgniter\CodeIgniter->runController(Object(App\Controllers\main))
 7 SYSTEMPATH/CodeIgniter.php(351): CodeIgniter\CodeIgniter->handleRequest(null, Object(Config\Cache), false)
 8 FCPATH/index.php(67): CodeIgniter\CodeIgniter->run()
CRITICAL - 2023-01-17 07:45:51 --> Undefined property: CodeIgniter\View\View::$lang
in APPPATH/Views/open_view.php on line 52.
 1 APPPATH/Views/open_view.php(52): CodeIgniter\Debug\Exceptions->errorHandler(8, 'Undefined property: CodeIgniter\\View\\View::$lang', 'APPPATH/Views/open_view.php', 52, [...])
 2 SYSTEMPATH/View/View.php(213): include('APPPATH/Views/open_view.php')
 3 SYSTEMPATH/View/View.php(216): CodeIgniter\View\View->CodeIgniter\View\{closure}()
 4 SYSTEMPATH/Common.php(1134): CodeIgniter\View\View->render('open_view', [], true)
 5 APPPATH/Controllers/main.php(29): view('open_view', [...])
 6 SYSTEMPATH/CodeIgniter.php(927): App\Controllers\main->open()
 7 SYSTEMPATH/CodeIgniter.php(482): CodeIgniter\CodeIgniter->runController(Object(App\Controllers\main))
 8 SYSTEMPATH/CodeIgniter.php(351): CodeIgniter\CodeIgniter->handleRequest(null, Object(Config\Cache), false)
 9 FCPATH/index.php(67): CodeIgniter\CodeIgniter->run()
CRITICAL - 2023-01-17 07:46:41 --> Undefined property: CodeIgniter\View\View::$user
in APPPATH/Views/open_view.php on line 53.
 1 APPPATH/Views/open_view.php(53): CodeIgniter\Debug\Exceptions->errorHandler(8, 'Undefined property: CodeIgniter\\View\\View::$user', 'APPPATH/Views/open_view.php', 53, [...])
 2 SYSTEMPATH/View/View.php(213): include('APPPATH/Views/open_view.php')
 3 SYSTEMPATH/View/View.php(216): CodeIgniter\View\View->CodeIgniter\View\{closure}()
 4 SYSTEMPATH/Common.php(1134): CodeIgniter\View\View->render('open_view', [], true)
 5 APPPATH/Controllers/main.php(29): view('open_view', [...])
 6 SYSTEMPATH/CodeIgniter.php(927): App\Controllers\main->open()
 7 SYSTEMPATH/CodeIgniter.php(482): CodeIgniter\CodeIgniter->runController(Object(App\Controllers\main))
 8 SYSTEMPATH/CodeIgniter.php(351): CodeIgniter\CodeIgniter->handleRequest(null, Object(Config\Cache), false)
 9 FCPATH/index.php(67): CodeIgniter\CodeIgniter->run()
CRITICAL - 2023-01-17 07:48:15 --> Undefined property: CodeIgniter\View\View::$user
in APPPATH/Views/open_view.php on line 53.
 1 APPPATH/Views/open_view.php(53): CodeIgniter\Debug\Exceptions->errorHandler(8, 'Undefined property: CodeIgniter\\View\\View::$user', 'APPPATH/Views/open_view.php', 53, [...])
 2 SYSTEMPATH/View/View.php(213): include('APPPATH/Views/open_view.php')
 3 SYSTEMPATH/View/View.php(216): CodeIgniter\View\View->CodeIgniter\View\{closure}()
 4 SYSTEMPATH/Common.php(1134): CodeIgniter\View\View->render('open_view', [], true)
 5 APPPATH/Controllers/main.php(29): view('open_view', [...])
 6 SYSTEMPATH/CodeIgniter.php(927): App\Controllers\main->open()
 7 SYSTEMPATH/CodeIgniter.php(482): CodeIgniter\CodeIgniter->runController(Object(App\Controllers\main))
 8 SYSTEMPATH/CodeIgniter.php(351): CodeIgniter\CodeIgniter->handleRequest(null, Object(Config\Cache), false)
 9 FCPATH/index.php(67): CodeIgniter\CodeIgniter->run()
CRITICAL - 2023-01-17 07:52:23 --> Call to undefined function get_instance()
in APPPATH/Views/open_view.php on line 52.
 1 SYSTEMPATH/View/View.php(213): include()
 2 SYSTEMPATH/View/View.php(216): CodeIgniter\View\View->CodeIgniter\View\{closure}()
 3 SYSTEMPATH/Common.php(1134): CodeIgniter\View\View->render('open_view', [], true)
 4 APPPATH/Controllers/main.php(29): view('open_view', [...])
 5 SYSTEMPATH/CodeIgniter.php(927): App\Controllers\main->open()
 6 SYSTEMPATH/CodeIgniter.php(482): CodeIgniter\CodeIgniter->runController(Object(App\Controllers\main))
 7 SYSTEMPATH/CodeIgniter.php(351): CodeIgniter\CodeIgniter->handleRequest(null, Object(Config\Cache), false)
 8 FCPATH/index.php(67): CodeIgniter\CodeIgniter->run()
CRITICAL - 2023-01-17 07:52:26 --> Call to undefined function get_instance()
in APPPATH/Views/open_view.php on line 52.
 1 SYSTEMPATH/View/View.php(213): include()
 2 SYSTEMPATH/View/View.php(216): CodeIgniter\View\View->CodeIgniter\View\{closure}()
 3 SYSTEMPATH/Common.php(1134): CodeIgniter\View\View->render('open_view', [], true)
 4 APPPATH/Controllers/main.php(29): view('open_view', [...])
 5 SYSTEMPATH/CodeIgniter.php(927): App\Controllers\main->open()
 6 SYSTEMPATH/CodeIgniter.php(482): CodeIgniter\CodeIgniter->runController(Object(App\Controllers\main))
 7 SYSTEMPATH/CodeIgniter.php(351): CodeIgniter\CodeIgniter->handleRequest(null, Object(Config\Cache), false)
 8 FCPATH/index.php(67): CodeIgniter\CodeIgniter->run()
CRITICAL - 2023-01-17 07:55:57 --> Illegal string offset 'area'
in APPPATH/Views/open_view.php on line 58.
 1 APPPATH/Views/open_view.php(58): CodeIgniter\Debug\Exceptions->errorHandler(2, 'Illegal string offset \'area\'', 'APPPATH/Views/open_view.php', 58, [...])
 2 SYSTEMPATH/View/View.php(213): include('APPPATH/Views/open_view.php')
 3 SYSTEMPATH/View/View.php(216): CodeIgniter\View\View->CodeIgniter\View\{closure}()
 4 SYSTEMPATH/Common.php(1134): CodeIgniter\View\View->render('open_view', [], true)
 5 APPPATH/Controllers/main.php(29): view('open_view', [...])
 6 SYSTEMPATH/CodeIgniter.php(927): App\Controllers\main->open()
 7 SYSTEMPATH/CodeIgniter.php(482): CodeIgniter\CodeIgniter->runController(Object(App\Controllers\main))
 8 SYSTEMPATH/CodeIgniter.php(351): CodeIgniter\CodeIgniter->handleRequest(null, Object(Config\Cache), false)
 9 FCPATH/index.php(67): CodeIgniter\CodeIgniter->run()
CRITICAL - 2023-01-17 07:56:32 --> Undefined property: CodeIgniter\View\View::$lang
in APPPATH/Views/open_view.php on line 61.
 1 APPPATH/Views/open_view.php(61): CodeIgniter\Debug\Exceptions->errorHandler(8, 'Undefined property: CodeIgniter\\View\\View::$lang', 'APPPATH/Views/open_view.php', 61, [...])
 2 SYSTEMPATH/View/View.php(213): include('APPPATH/Views/open_view.php')
 3 SYSTEMPATH/View/View.php(216): CodeIgniter\View\View->CodeIgniter\View\{closure}()
 4 SYSTEMPATH/Common.php(1134): CodeIgniter\View\View->render('open_view', [], true)
 5 APPPATH/Controllers/main.php(29): view('open_view', [...])
 6 SYSTEMPATH/CodeIgniter.php(927): App\Controllers\main->open()
 7 SYSTEMPATH/CodeIgniter.php(482): CodeIgniter\CodeIgniter->runController(Object(App\Controllers\main))
 8 SYSTEMPATH/CodeIgniter.php(351): CodeIgniter\CodeIgniter->handleRequest(null, Object(Config\Cache), false)
 9 FCPATH/index.php(67): CodeIgniter\CodeIgniter->run()
CRITICAL - 2023-01-17 07:57:28 --> Undefined property: CodeIgniter\View\View::$lang
in APPPATH/Views/open_view.php on line 66.
 1 APPPATH/Views/open_view.php(66): CodeIgniter\Debug\Exceptions->errorHandler(8, 'Undefined property: CodeIgniter\\View\\View::$lang', 'APPPATH/Views/open_view.php', 66, [...])
 2 SYSTEMPATH/View/View.php(213): include('APPPATH/Views/open_view.php')
 3 SYSTEMPATH/View/View.php(216): CodeIgniter\View\View->CodeIgniter\View\{closure}()
 4 SYSTEMPATH/Common.php(1134): CodeIgniter\View\View->render('open_view', [], true)
 5 APPPATH/Controllers/main.php(29): view('open_view', [...])
 6 SYSTEMPATH/CodeIgniter.php(927): App\Controllers\main->open()
 7 SYSTEMPATH/CodeIgniter.php(482): CodeIgniter\CodeIgniter->runController(Object(App\Controllers\main))
 8 SYSTEMPATH/CodeIgniter.php(351): CodeIgniter\CodeIgniter->handleRequest(null, Object(Config\Cache), false)
 9 FCPATH/index.php(67): CodeIgniter\CodeIgniter->run()
CRITICAL - 2023-01-17 07:58:04 --> Use of undefined constant Вихід - assumed 'Вихід' (this will throw an Error in a future version of PHP)
in APPPATH/Views/open_view.php on line 66.
 1 APPPATH/Views/open_view.php(66): CodeIgniter\Debug\Exceptions->errorHandler(2, 'Use of undefined constant Вихід - assumed \'Вихід\' (this will throw an Error in a future version of PHP)', 'APPPATH/Views/open_view.php', 66, [...])
 2 SYSTEMPATH/View/View.php(213): include('APPPATH/Views/open_view.php')
 3 SYSTEMPATH/View/View.php(216): CodeIgniter\View\View->CodeIgniter\View\{closure}()
 4 SYSTEMPATH/Common.php(1134): CodeIgniter\View\View->render('open_view', [], true)
 5 APPPATH/Controllers/main.php(29): view('open_view', [...])
 6 SYSTEMPATH/CodeIgniter.php(927): App\Controllers\main->open()
 7 SYSTEMPATH/CodeIgniter.php(482): CodeIgniter\CodeIgniter->runController(Object(App\Controllers\main))
 8 SYSTEMPATH/CodeIgniter.php(351): CodeIgniter\CodeIgniter->handleRequest(null, Object(Config\Cache), false)
 9 FCPATH/index.php(67): CodeIgniter\CodeIgniter->run()
CRITICAL - 2023-01-17 07:58:16 --> Undefined property: CodeIgniter\View\View::$lang
in APPPATH/Views/open_view.php on line 70.
 1 APPPATH/Views/open_view.php(70): CodeIgniter\Debug\Exceptions->errorHandler(8, 'Undefined property: CodeIgniter\\View\\View::$lang', 'APPPATH/Views/open_view.php', 70, [...])
 2 SYSTEMPATH/View/View.php(213): include('APPPATH/Views/open_view.php')
 3 SYSTEMPATH/View/View.php(216): CodeIgniter\View\View->CodeIgniter\View\{closure}()
 4 SYSTEMPATH/Common.php(1134): CodeIgniter\View\View->render('open_view', [], true)
 5 APPPATH/Controllers/main.php(29): view('open_view', [...])
 6 SYSTEMPATH/CodeIgniter.php(927): App\Controllers\main->open()
 7 SYSTEMPATH/CodeIgniter.php(482): CodeIgniter\CodeIgniter->runController(Object(App\Controllers\main))
 8 SYSTEMPATH/CodeIgniter.php(351): CodeIgniter\CodeIgniter->handleRequest(null, Object(Config\Cache), false)
 9 FCPATH/index.php(67): CodeIgniter\CodeIgniter->run()
CRITICAL - 2023-01-17 07:58:39 --> Undefined property: CodeIgniter\View\View::$lang
in APPPATH/Views/open_view.php on line 117.
 1 APPPATH/Views/open_view.php(117): CodeIgniter\Debug\Exceptions->errorHandler(8, 'Undefined property: CodeIgniter\\View\\View::$lang', 'APPPATH/Views/open_view.php', 117, [...])
 2 SYSTEMPATH/View/View.php(213): include('APPPATH/Views/open_view.php')
 3 SYSTEMPATH/View/View.php(216): CodeIgniter\View\View->CodeIgniter\View\{closure}()
 4 SYSTEMPATH/Common.php(1134): CodeIgniter\View\View->render('open_view', [], true)
 5 APPPATH/Controllers/main.php(29): view('open_view', [...])
 6 SYSTEMPATH/CodeIgniter.php(927): App\Controllers\main->open()
 7 SYSTEMPATH/CodeIgniter.php(482): CodeIgniter\CodeIgniter->runController(Object(App\Controllers\main))
 8 SYSTEMPATH/CodeIgniter.php(351): CodeIgniter\CodeIgniter->handleRequest(null, Object(Config\Cache), false)
 9 FCPATH/index.php(67): CodeIgniter\CodeIgniter->run()
CRITICAL - 2023-01-17 08:03:07 --> Undefined property: CodeIgniter\View\View::$lang
in APPPATH/Views/open_view.php on line 71.
 1 APPPATH/Views/open_view.php(71): CodeIgniter\Debug\Exceptions->errorHandler(8, 'Undefined property: CodeIgniter\\View\\View::$lang', 'APPPATH/Views/open_view.php', 71, [...])
 2 SYSTEMPATH/View/View.php(213): include('APPPATH/Views/open_view.php')
 3 SYSTEMPATH/View/View.php(216): CodeIgniter\View\View->CodeIgniter\View\{closure}()
 4 SYSTEMPATH/Common.php(1134): CodeIgniter\View\View->render('open_view', [], true)
 5 APPPATH/Controllers/main.php(29): view('open_view', [...])
 6 SYSTEMPATH/CodeIgniter.php(927): App\Controllers\main->open()
 7 SYSTEMPATH/CodeIgniter.php(482): CodeIgniter\CodeIgniter->runController(Object(App\Controllers\main))
 8 SYSTEMPATH/CodeIgniter.php(351): CodeIgniter\CodeIgniter->handleRequest(null, Object(Config\Cache), false)
 9 FCPATH/index.php(67): CodeIgniter\CodeIgniter->run()
CRITICAL - 2023-01-17 08:04:15 --> Undefined property: CodeIgniter\View\View::$lang
in APPPATH/Views/open_view.php on line 124.
 1 APPPATH/Views/open_view.php(124): CodeIgniter\Debug\Exceptions->errorHandler(8, 'Undefined property: CodeIgniter\\View\\View::$lang', 'APPPATH/Views/open_view.php', 124, [...])
 2 SYSTEMPATH/View/View.php(213): include('APPPATH/Views/open_view.php')
 3 SYSTEMPATH/View/View.php(216): CodeIgniter\View\View->CodeIgniter\View\{closure}()
 4 SYSTEMPATH/Common.php(1134): CodeIgniter\View\View->render('open_view', [], true)
 5 APPPATH/Controllers/main.php(29): view('open_view', [...])
 6 SYSTEMPATH/CodeIgniter.php(927): App\Controllers\main->open()
 7 SYSTEMPATH/CodeIgniter.php(482): CodeIgniter\CodeIgniter->runController(Object(App\Controllers\main))
 8 SYSTEMPATH/CodeIgniter.php(351): CodeIgniter\CodeIgniter->handleRequest(null, Object(Config\Cache), false)
 9 FCPATH/index.php(67): CodeIgniter\CodeIgniter->run()
CRITICAL - 2023-01-17 08:04:51 --> Undefined property: CodeIgniter\View\View::$user
in APPPATH/Views/open_view.php on line 152.
 1 APPPATH/Views/open_view.php(152): CodeIgniter\Debug\Exceptions->errorHandler(8, 'Undefined property: CodeIgniter\\View\\View::$user', 'APPPATH/Views/open_view.php', 152, [...])
 2 SYSTEMPATH/View/View.php(213): include('APPPATH/Views/open_view.php')
 3 SYSTEMPATH/View/View.php(216): CodeIgniter\View\View->CodeIgniter\View\{closure}()
 4 SYSTEMPATH/Common.php(1134): CodeIgniter\View\View->render('open_view', [], true)
 5 APPPATH/Controllers/main.php(29): view('open_view', [...])
 6 SYSTEMPATH/CodeIgniter.php(927): App\Controllers\main->open()
 7 SYSTEMPATH/CodeIgniter.php(482): CodeIgniter\CodeIgniter->runController(Object(App\Controllers\main))
 8 SYSTEMPATH/CodeIgniter.php(351): CodeIgniter\CodeIgniter->handleRequest(null, Object(Config\Cache), false)
 9 FCPATH/index.php(67): CodeIgniter\CodeIgniter->run()
CRITICAL - 2023-01-17 08:05:03 --> Undefined property: CodeIgniter\View\View::$user
in APPPATH/Views/open_view.php on line 162.
 1 APPPATH/Views/open_view.php(162): CodeIgniter\Debug\Exceptions->errorHandler(8, 'Undefined property: CodeIgniter\\View\\View::$user', 'APPPATH/Views/open_view.php', 162, [...])
 2 SYSTEMPATH/View/View.php(213): include('APPPATH/Views/open_view.php')
 3 SYSTEMPATH/View/View.php(216): CodeIgniter\View\View->CodeIgniter\View\{closure}()
 4 SYSTEMPATH/Common.php(1134): CodeIgniter\View\View->render('open_view', [], true)
 5 APPPATH/Controllers/main.php(29): view('open_view', [...])
 6 SYSTEMPATH/CodeIgniter.php(927): App\Controllers\main->open()
 7 SYSTEMPATH/CodeIgniter.php(482): CodeIgniter\CodeIgniter->runController(Object(App\Controllers\main))
 8 SYSTEMPATH/CodeIgniter.php(351): CodeIgniter\CodeIgniter->handleRequest(null, Object(Config\Cache), false)
 9 FCPATH/index.php(67): CodeIgniter\CodeIgniter->run()
CRITICAL - 2023-01-17 08:05:11 --> Undefined property: CodeIgniter\View\View::$user
in APPPATH/Views/open_view.php on line 173.
 1 APPPATH/Views/open_view.php(173): CodeIgniter\Debug\Exceptions->errorHandler(8, 'Undefined property: CodeIgniter\\View\\View::$user', 'APPPATH/Views/open_view.php', 173, [...])
 2 SYSTEMPATH/View/View.php(213): include('APPPATH/Views/open_view.php')
 3 SYSTEMPATH/View/View.php(216): CodeIgniter\View\View->CodeIgniter\View\{closure}()
 4 SYSTEMPATH/Common.php(1134): CodeIgniter\View\View->render('open_view', [], true)
 5 APPPATH/Controllers/main.php(29): view('open_view', [...])
 6 SYSTEMPATH/CodeIgniter.php(927): App\Controllers\main->open()
 7 SYSTEMPATH/CodeIgniter.php(482): CodeIgniter\CodeIgniter->runController(Object(App\Controllers\main))
 8 SYSTEMPATH/CodeIgniter.php(351): CodeIgniter\CodeIgniter->handleRequest(null, Object(Config\Cache), false)
 9 FCPATH/index.php(67): CodeIgniter\CodeIgniter->run()
CRITICAL - 2023-01-17 08:07:17 --> Undefined property: CodeIgniter\View\View::$lang
in APPPATH/Views/open_view.php on line 66.
 1 APPPATH/Views/open_view.php(66): CodeIgniter\Debug\Exceptions->errorHandler(8, 'Undefined property: CodeIgniter\\View\\View::$lang', 'APPPATH/Views/open_view.php', 66, [...])
 2 SYSTEMPATH/View/View.php(213): include('APPPATH/Views/open_view.php')
 3 SYSTEMPATH/View/View.php(216): CodeIgniter\View\View->CodeIgniter\View\{closure}()
 4 SYSTEMPATH/Common.php(1134): CodeIgniter\View\View->render('open_view', [], true)
 5 APPPATH/Controllers/main.php(29): view('open_view', [...])
 6 SYSTEMPATH/CodeIgniter.php(927): App\Controllers\main->open()
 7 SYSTEMPATH/CodeIgniter.php(482): CodeIgniter\CodeIgniter->runController(Object(App\Controllers\main))
 8 SYSTEMPATH/CodeIgniter.php(351): CodeIgniter\CodeIgniter->handleRequest(null, Object(Config\Cache), false)
 9 FCPATH/index.php(67): CodeIgniter\CodeIgniter->run()
CRITICAL - 2023-01-17 08:08:33 --> Undefined property: CodeIgniter\View\View::$lang
in APPPATH/Views/open_view.php on line 52.
 1 APPPATH/Views/open_view.php(52): CodeIgniter\Debug\Exceptions->errorHandler(8, 'Undefined property: CodeIgniter\\View\\View::$lang', 'APPPATH/Views/open_view.php', 52, [...])
 2 SYSTEMPATH/View/View.php(213): include('APPPATH/Views/open_view.php')
 3 SYSTEMPATH/View/View.php(216): CodeIgniter\View\View->CodeIgniter\View\{closure}()
 4 SYSTEMPATH/Common.php(1134): CodeIgniter\View\View->render('open_view', [], true)
 5 APPPATH/Controllers/main.php(29): view('open_view', [...])
 6 SYSTEMPATH/CodeIgniter.php(927): App\Controllers\main->open()
 7 SYSTEMPATH/CodeIgniter.php(482): CodeIgniter\CodeIgniter->runController(Object(App\Controllers\main))
 8 SYSTEMPATH/CodeIgniter.php(351): CodeIgniter\CodeIgniter->handleRequest(null, Object(Config\Cache), false)
 9 FCPATH/index.php(67): CodeIgniter\CodeIgniter->run()
CRITICAL - 2023-01-17 08:09:16 --> Undefined property: CodeIgniter\View\View::$lang
in APPPATH/Views/open_view.php on line 52.
 1 APPPATH/Views/open_view.php(52): CodeIgniter\Debug\Exceptions->errorHandler(8, 'Undefined property: CodeIgniter\\View\\View::$lang', 'APPPATH/Views/open_view.php', 52, [...])
 2 SYSTEMPATH/View/View.php(213): include('APPPATH/Views/open_view.php')
 3 SYSTEMPATH/View/View.php(216): CodeIgniter\View\View->CodeIgniter\View\{closure}()
 4 SYSTEMPATH/Common.php(1134): CodeIgniter\View\View->render('open_view', [], true)
 5 APPPATH/Controllers/main.php(30): view('open_view', [...])
 6 SYSTEMPATH/CodeIgniter.php(927): App\Controllers\main->open()
 7 SYSTEMPATH/CodeIgniter.php(482): CodeIgniter\CodeIgniter->runController(Object(App\Controllers\main))
 8 SYSTEMPATH/CodeIgniter.php(351): CodeIgniter\CodeIgniter->handleRequest(null, Object(Config\Cache), false)
 9 FCPATH/index.php(67): CodeIgniter\CodeIgniter->run()
CRITICAL - 2023-01-17 08:10:03 --> Undefined property: CodeIgniter\View\View::$lang
in APPPATH/Views/open_view.php on line 52.
 1 APPPATH/Views/open_view.php(52): CodeIgniter\Debug\Exceptions->errorHandler(8, 'Undefined property: CodeIgniter\\View\\View::$lang', 'APPPATH/Views/open_view.php', 52, [...])
 2 SYSTEMPATH/View/View.php(213): include('APPPATH/Views/open_view.php')
 3 SYSTEMPATH/View/View.php(216): CodeIgniter\View\View->CodeIgniter\View\{closure}()
 4 SYSTEMPATH/Common.php(1134): CodeIgniter\View\View->render('open_view', [], true)
 5 APPPATH/Controllers/main.php(32): view('open_view', [...])
 6 SYSTEMPATH/CodeIgniter.php(927): App\Controllers\main->open()
 7 SYSTEMPATH/CodeIgniter.php(482): CodeIgniter\CodeIgniter->runController(Object(App\Controllers\main))
 8 SYSTEMPATH/CodeIgniter.php(351): CodeIgniter\CodeIgniter->handleRequest(null, Object(Config\Cache), false)
 9 FCPATH/index.php(67): CodeIgniter\CodeIgniter->run()
CRITICAL - 2023-01-17 08:10:05 --> Undefined property: CodeIgniter\View\View::$lang
in APPPATH/Views/open_view.php on line 52.
 1 APPPATH/Views/open_view.php(52): CodeIgniter\Debug\Exceptions->errorHandler(8, 'Undefined property: CodeIgniter\\View\\View::$lang', 'APPPATH/Views/open_view.php', 52, [...])
 2 SYSTEMPATH/View/View.php(213): include('APPPATH/Views/open_view.php')
 3 SYSTEMPATH/View/View.php(216): CodeIgniter\View\View->CodeIgniter\View\{closure}()
 4 SYSTEMPATH/Common.php(1134): CodeIgniter\View\View->render('open_view', [], true)
 5 APPPATH/Controllers/main.php(32): view('open_view', [...])
 6 SYSTEMPATH/CodeIgniter.php(927): App\Controllers\main->open()
 7 SYSTEMPATH/CodeIgniter.php(482): CodeIgniter\CodeIgniter->runController(Object(App\Controllers\main))
 8 SYSTEMPATH/CodeIgniter.php(351): CodeIgniter\CodeIgniter->handleRequest(null, Object(Config\Cache), false)
 9 FCPATH/index.php(67): CodeIgniter\CodeIgniter->run()
CRITICAL - 2023-01-17 08:11:12 --> Undefined property: CodeIgniter\View\View::$user
in APPPATH/Views/open_view.php on line 56.
 1 APPPATH/Views/open_view.php(56): CodeIgniter\Debug\Exceptions->errorHandler(8, 'Undefined property: CodeIgniter\\View\\View::$user', 'APPPATH/Views/open_view.php', 56, [...])
 2 SYSTEMPATH/View/View.php(213): include('APPPATH/Views/open_view.php')
 3 SYSTEMPATH/View/View.php(216): CodeIgniter\View\View->CodeIgniter\View\{closure}()
 4 SYSTEMPATH/Common.php(1134): CodeIgniter\View\View->render('open_view', [], true)
 5 APPPATH/Controllers/main.php(32): view('open_view', [...])
 6 SYSTEMPATH/CodeIgniter.php(927): App\Controllers\main->open()
 7 SYSTEMPATH/CodeIgniter.php(482): CodeIgniter\CodeIgniter->runController(Object(App\Controllers\main))
 8 SYSTEMPATH/CodeIgniter.php(351): CodeIgniter\CodeIgniter->handleRequest(null, Object(Config\Cache), false)
 9 FCPATH/index.php(67): CodeIgniter\CodeIgniter->run()
CRITICAL - 2023-01-17 08:11:49 --> Undefined property: CodeIgniter\View\View::$user
in APPPATH/Views/open_view.php on line 56.
 1 APPPATH/Views/open_view.php(56): CodeIgniter\Debug\Exceptions->errorHandler(8, 'Undefined property: CodeIgniter\\View\\View::$user', 'APPPATH/Views/open_view.php', 56, [...])
 2 SYSTEMPATH/View/View.php(213): include('APPPATH/Views/open_view.php')
 3 SYSTEMPATH/View/View.php(216): CodeIgniter\View\View->CodeIgniter\View\{closure}()
 4 SYSTEMPATH/Common.php(1134): CodeIgniter\View\View->render('open_view', [], true)
 5 APPPATH/Controllers/main.php(32): view('open_view', [...])
 6 SYSTEMPATH/CodeIgniter.php(927): App\Controllers\main->open()
 7 SYSTEMPATH/CodeIgniter.php(482): CodeIgniter\CodeIgniter->runController(Object(App\Controllers\main))
 8 SYSTEMPATH/CodeIgniter.php(351): CodeIgniter\CodeIgniter->handleRequest(null, Object(Config\Cache), false)
 9 FCPATH/index.php(67): CodeIgniter\CodeIgniter->run()
CRITICAL - 2023-01-17 08:11:55 --> Undefined property: CodeIgniter\View\View::$lang
in APPPATH/Views/open_view.php on line 52.
 1 APPPATH/Views/open_view.php(52): CodeIgniter\Debug\Exceptions->errorHandler(8, 'Undefined property: CodeIgniter\\View\\View::$lang', 'APPPATH/Views/open_view.php', 52, [...])
 2 SYSTEMPATH/View/View.php(213): include('APPPATH/Views/open_view.php')
 3 SYSTEMPATH/View/View.php(216): CodeIgniter\View\View->CodeIgniter\View\{closure}()
 4 SYSTEMPATH/Common.php(1134): CodeIgniter\View\View->render('open_view', [], true)
 5 APPPATH/Controllers/main.php(32): view('open_view', [...])
 6 SYSTEMPATH/CodeIgniter.php(927): App\Controllers\main->open()
 7 SYSTEMPATH/CodeIgniter.php(482): CodeIgniter\CodeIgniter->runController(Object(App\Controllers\main))
 8 SYSTEMPATH/CodeIgniter.php(351): CodeIgniter\CodeIgniter->handleRequest(null, Object(Config\Cache), false)
 9 FCPATH/index.php(67): CodeIgniter\CodeIgniter->run()
CRITICAL - 2023-01-17 08:12:45 --> Undefined property: CodeIgniter\View\View::$lang
in APPPATH/Views/open_view.php on line 52.
 1 APPPATH/Views/open_view.php(52): CodeIgniter\Debug\Exceptions->errorHandler(8, 'Undefined property: CodeIgniter\\View\\View::$lang', 'APPPATH/Views/open_view.php', 52, [...])
 2 SYSTEMPATH/View/View.php(213): include('APPPATH/Views/open_view.php')
 3 SYSTEMPATH/View/View.php(216): CodeIgniter\View\View->CodeIgniter\View\{closure}()
 4 SYSTEMPATH/Common.php(1134): CodeIgniter\View\View->render('open_view', [], true)
 5 APPPATH/Controllers/main.php(32): view('open_view', [...])
 6 SYSTEMPATH/CodeIgniter.php(927): App\Controllers\main->open()
 7 SYSTEMPATH/CodeIgniter.php(482): CodeIgniter\CodeIgniter->runController(Object(App\Controllers\main))
 8 SYSTEMPATH/CodeIgniter.php(351): CodeIgniter\CodeIgniter->handleRequest(null, Object(Config\Cache), false)
 9 FCPATH/index.php(67): CodeIgniter\CodeIgniter->run()
CRITICAL - 2023-01-17 08:13:09 --> Undefined property: CodeIgniter\View\View::$lang
in APPPATH/Views/open_view.php on line 52.
 1 APPPATH/Views/open_view.php(52): CodeIgniter\Debug\Exceptions->errorHandler(8, 'Undefined property: CodeIgniter\\View\\View::$lang', 'APPPATH/Views/open_view.php', 52, [...])
 2 SYSTEMPATH/View/View.php(213): include('APPPATH/Views/open_view.php')
 3 SYSTEMPATH/View/View.php(216): CodeIgniter\View\View->CodeIgniter\View\{closure}()
 4 SYSTEMPATH/Common.php(1134): CodeIgniter\View\View->render('open_view', [], true)
 5 APPPATH/Controllers/main.php(32): view('open_view', [...])
 6 SYSTEMPATH/CodeIgniter.php(927): App\Controllers\main->open()
 7 SYSTEMPATH/CodeIgniter.php(482): CodeIgniter\CodeIgniter->runController(Object(App\Controllers\main))
 8 SYSTEMPATH/CodeIgniter.php(351): CodeIgniter\CodeIgniter->handleRequest(null, Object(Config\Cache), false)
 9 FCPATH/index.php(67): CodeIgniter\CodeIgniter->run()
CRITICAL - 2023-01-17 08:16:16 --> Undefined property: CodeIgniter\View\View::$lang
in APPPATH/Views/open_view.php on line 52.
 1 APPPATH/Views/open_view.php(52): CodeIgniter\Debug\Exceptions->errorHandler(8, 'Undefined property: CodeIgniter\\View\\View::$lang', 'APPPATH/Views/open_view.php', 52, [...])
 2 SYSTEMPATH/View/View.php(213): include('APPPATH/Views/open_view.php')
 3 SYSTEMPATH/View/View.php(216): CodeIgniter\View\View->CodeIgniter\View\{closure}()
 4 SYSTEMPATH/Common.php(1134): CodeIgniter\View\View->render('open_view', [], true)
 5 APPPATH/Controllers/main.php(32): view('open_view', [...])
 6 SYSTEMPATH/CodeIgniter.php(927): App\Controllers\main->open()
 7 SYSTEMPATH/CodeIgniter.php(482): CodeIgniter\CodeIgniter->runController(Object(App\Controllers\main))
 8 SYSTEMPATH/CodeIgniter.php(351): CodeIgniter\CodeIgniter->handleRequest(null, Object(Config\Cache), false)
 9 FCPATH/index.php(67): CodeIgniter\CodeIgniter->run()
CRITICAL - 2023-01-17 08:16:23 --> Undefined property: CodeIgniter\View\View::$lang
in APPPATH/Views/open_view.php on line 52.
 1 APPPATH/Views/open_view.php(52): CodeIgniter\Debug\Exceptions->errorHandler(8, 'Undefined property: CodeIgniter\\View\\View::$lang', 'APPPATH/Views/open_view.php', 52, [...])
 2 SYSTEMPATH/View/View.php(213): include('APPPATH/Views/open_view.php')
 3 SYSTEMPATH/View/View.php(216): CodeIgniter\View\View->CodeIgniter\View\{closure}()
 4 SYSTEMPATH/Common.php(1134): CodeIgniter\View\View->render('open_view', [], true)
 5 APPPATH/Controllers/main.php(32): view('open_view', [...])
 6 SYSTEMPATH/CodeIgniter.php(927): App\Controllers\main->open()
 7 SYSTEMPATH/CodeIgniter.php(482): CodeIgniter\CodeIgniter->runController(Object(App\Controllers\main))
 8 SYSTEMPATH/CodeIgniter.php(351): CodeIgniter\CodeIgniter->handleRequest(null, Object(Config\Cache), false)
 9 FCPATH/index.php(67): CodeIgniter\CodeIgniter->run()
CRITICAL - 2023-01-17 08:20:33 --> syntax error, unexpected '}', expecting end of file
in APPPATH/Views/open_view.php on line 67.
 1 SYSTEMPATH/View/View.php(216): CodeIgniter\View\View->CodeIgniter\View\{closure}()
 2 SYSTEMPATH/Common.php(1134): CodeIgniter\View\View->render('open_view', [], true)
 3 APPPATH/Controllers/main.php(32): view('open_view', [...])
 4 SYSTEMPATH/CodeIgniter.php(927): App\Controllers\main->open()
 5 SYSTEMPATH/CodeIgniter.php(482): CodeIgniter\CodeIgniter->runController(Object(App\Controllers\main))
 6 SYSTEMPATH/CodeIgniter.php(351): CodeIgniter\CodeIgniter->handleRequest(null, Object(Config\Cache), false)
 7 FCPATH/index.php(67): CodeIgniter\CodeIgniter->run()
CRITICAL - 2023-01-17 08:21:31 --> Cannot use object of type CodeIgniter\View\View as array
in APPPATH/Views/open_view.php on line 48.
 1 SYSTEMPATH/View/View.php(213): include()
 2 SYSTEMPATH/View/View.php(216): CodeIgniter\View\View->CodeIgniter\View\{closure}()
 3 SYSTEMPATH/Common.php(1134): CodeIgniter\View\View->render('open_view', [], true)
 4 APPPATH/Controllers/main.php(32): view('open_view', [...])
 5 SYSTEMPATH/CodeIgniter.php(927): App\Controllers\main->open()
 6 SYSTEMPATH/CodeIgniter.php(482): CodeIgniter\CodeIgniter->runController(Object(App\Controllers\main))
 7 SYSTEMPATH/CodeIgniter.php(351): CodeIgniter\CodeIgniter->handleRequest(null, Object(Config\Cache), false)
 8 FCPATH/index.php(67): CodeIgniter\CodeIgniter->run()
CRITICAL - 2023-01-17 08:21:41 --> Undefined property: CodeIgniter\View\View::$lang
in APPPATH/Views/open_view.php on line 48.
 1 APPPATH/Views/open_view.php(48): CodeIgniter\Debug\Exceptions->errorHandler(8, 'Undefined property: CodeIgniter\\View\\View::$lang', 'APPPATH/Views/open_view.php', 48, [...])
 2 SYSTEMPATH/View/View.php(213): include('APPPATH/Views/open_view.php')
 3 SYSTEMPATH/View/View.php(216): CodeIgniter\View\View->CodeIgniter\View\{closure}()
 4 SYSTEMPATH/Common.php(1134): CodeIgniter\View\View->render('open_view', [], true)
 5 APPPATH/Controllers/main.php(32): view('open_view', [...])
 6 SYSTEMPATH/CodeIgniter.php(927): App\Controllers\main->open()
 7 SYSTEMPATH/CodeIgniter.php(482): CodeIgniter\CodeIgniter->runController(Object(App\Controllers\main))
 8 SYSTEMPATH/CodeIgniter.php(351): CodeIgniter\CodeIgniter->handleRequest(null, Object(Config\Cache), false)
 9 FCPATH/index.php(67): CodeIgniter\CodeIgniter->run()
CRITICAL - 2023-01-17 08:25:56 --> Cannot use object of type CodeIgniter\View\View as array
in APPPATH/Views/open_view.php on line 48.
 1 SYSTEMPATH/View/View.php(213): include()
 2 SYSTEMPATH/View/View.php(216): CodeIgniter\View\View->CodeIgniter\View\{closure}()
 3 SYSTEMPATH/Common.php(1134): CodeIgniter\View\View->render('open_view', [], true)
 4 APPPATH/Controllers/main.php(32): view('open_view', [...])
 5 SYSTEMPATH/CodeIgniter.php(927): App\Controllers\main->open()
 6 SYSTEMPATH/CodeIgniter.php(482): CodeIgniter\CodeIgniter->runController(Object(App\Controllers\main))
 7 SYSTEMPATH/CodeIgniter.php(351): CodeIgniter\CodeIgniter->handleRequest(null, Object(Config\Cache), false)
 8 FCPATH/index.php(67): CodeIgniter\CodeIgniter->run()
CRITICAL - 2023-01-17 08:26:02 --> syntax error, unexpected '[', expecting identifier (T_STRING) or variable (T_VARIABLE) or '{' or '$'
in APPPATH/Views/open_view.php on line 48.
 1 SYSTEMPATH/View/View.php(216): CodeIgniter\View\View->CodeIgniter\View\{closure}()
 2 SYSTEMPATH/Common.php(1134): CodeIgniter\View\View->render('open_view', [], true)
 3 APPPATH/Controllers/main.php(32): view('open_view', [...])
 4 SYSTEMPATH/CodeIgniter.php(927): App\Controllers\main->open()
 5 SYSTEMPATH/CodeIgniter.php(482): CodeIgniter\CodeIgniter->runController(Object(App\Controllers\main))
 6 SYSTEMPATH/CodeIgniter.php(351): CodeIgniter\CodeIgniter->handleRequest(null, Object(Config\Cache), false)
 7 FCPATH/index.php(67): CodeIgniter\CodeIgniter->run()
CRITICAL - 2023-01-17 08:26:10 --> Undefined property: CodeIgniter\View\View::$lang
in APPPATH/Views/open_view.php on line 48.
 1 APPPATH/Views/open_view.php(48): CodeIgniter\Debug\Exceptions->errorHandler(8, 'Undefined property: CodeIgniter\\View\\View::$lang', 'APPPATH/Views/open_view.php', 48, [...])
 2 SYSTEMPATH/View/View.php(213): include('APPPATH/Views/open_view.php')
 3 SYSTEMPATH/View/View.php(216): CodeIgniter\View\View->CodeIgniter\View\{closure}()
 4 SYSTEMPATH/Common.php(1134): CodeIgniter\View\View->render('open_view', [], true)
 5 APPPATH/Controllers/main.php(32): view('open_view', [...])
 6 SYSTEMPATH/CodeIgniter.php(927): App\Controllers\main->open()
 7 SYSTEMPATH/CodeIgniter.php(482): CodeIgniter\CodeIgniter->runController(Object(App\Controllers\main))
 8 SYSTEMPATH/CodeIgniter.php(351): CodeIgniter\CodeIgniter->handleRequest(null, Object(Config\Cache), false)
 9 FCPATH/index.php(67): CodeIgniter\CodeIgniter->run()
CRITICAL - 2023-01-17 08:28:45 --> Object of class CodeIgniter\View\View could not be converted to string
in APPPATH/Views/open_view.php on line 48.
 1 SYSTEMPATH/View/View.php(213): include()
 2 SYSTEMPATH/View/View.php(216): CodeIgniter\View\View->CodeIgniter\View\{closure}()
 3 SYSTEMPATH/Common.php(1134): CodeIgniter\View\View->render('open_view', [], true)
 4 APPPATH/Controllers/main.php(32): view('open_view', [...])
 5 SYSTEMPATH/CodeIgniter.php(927): App\Controllers\main->open()
 6 SYSTEMPATH/CodeIgniter.php(482): CodeIgniter\CodeIgniter->runController(Object(App\Controllers\main))
 7 SYSTEMPATH/CodeIgniter.php(351): CodeIgniter\CodeIgniter->handleRequest(null, Object(Config\Cache), false)
 8 FCPATH/index.php(67): CodeIgniter\CodeIgniter->run()
CRITICAL - 2023-01-17 08:29:06 --> Undefined property: CodeIgniter\View\View::$user
in APPPATH/Views/open_view.php on line 48.
 1 APPPATH/Views/open_view.php(48): CodeIgniter\Debug\Exceptions->errorHandler(8, 'Undefined property: CodeIgniter\\View\\View::$user', 'APPPATH/Views/open_view.php', 48, [...])
 2 SYSTEMPATH/View/View.php(213): include('APPPATH/Views/open_view.php')
 3 SYSTEMPATH/View/View.php(216): CodeIgniter\View\View->CodeIgniter\View\{closure}()
 4 SYSTEMPATH/Common.php(1134): CodeIgniter\View\View->render('open_view', [], true)
 5 APPPATH/Controllers/main.php(32): view('open_view', [...])
 6 SYSTEMPATH/CodeIgniter.php(927): App\Controllers\main->open()
 7 SYSTEMPATH/CodeIgniter.php(482): CodeIgniter\CodeIgniter->runController(Object(App\Controllers\main))
 8 SYSTEMPATH/CodeIgniter.php(351): CodeIgniter\CodeIgniter->handleRequest(null, Object(Config\Cache), false)
 9 FCPATH/index.php(67): CodeIgniter\CodeIgniter->run()
CRITICAL - 2023-01-17 08:30:30 --> Use of undefined constant user - assumed 'user' (this will throw an Error in a future version of PHP)
in APPPATH/Views/open_view.php on line 48.
 1 APPPATH/Views/open_view.php(48): CodeIgniter\Debug\Exceptions->errorHandler(2, 'Use of undefined constant user - assumed \'user\' (this will throw an Error in a future version of PHP)', 'APPPATH/Views/open_view.php', 48, [...])
 2 SYSTEMPATH/View/View.php(213): include('APPPATH/Views/open_view.php')
 3 SYSTEMPATH/View/View.php(216): CodeIgniter\View\View->CodeIgniter\View\{closure}()
 4 SYSTEMPATH/Common.php(1134): CodeIgniter\View\View->render('open_view', [], true)
 5 APPPATH/Controllers/main.php(32): view('open_view', [...])
 6 SYSTEMPATH/CodeIgniter.php(927): App\Controllers\main->open()
 7 SYSTEMPATH/CodeIgniter.php(482): CodeIgniter\CodeIgniter->runController(Object(App\Controllers\main))
 8 SYSTEMPATH/CodeIgniter.php(351): CodeIgniter\CodeIgniter->handleRequest(null, Object(Config\Cache), false)
 9 FCPATH/index.php(67): CodeIgniter\CodeIgniter->run()
CRITICAL - 2023-01-17 08:33:31 --> Undefined property: CodeIgniter\View\View::$lang
in APPPATH/Views/open_view.php on line 49.
 1 APPPATH/Views/open_view.php(49): CodeIgniter\Debug\Exceptions->errorHandler(8, 'Undefined property: CodeIgniter\\View\\View::$lang', 'APPPATH/Views/open_view.php', 49, [...])
 2 SYSTEMPATH/View/View.php(213): include('APPPATH/Views/open_view.php')
 3 SYSTEMPATH/View/View.php(216): CodeIgniter\View\View->CodeIgniter\View\{closure}()
 4 SYSTEMPATH/Common.php(1134): CodeIgniter\View\View->render('open_view', [], true)
 5 APPPATH/Controllers/main.php(31): view('open_view', [...])
 6 SYSTEMPATH/CodeIgniter.php(927): App\Controllers\main->open()
 7 SYSTEMPATH/CodeIgniter.php(482): CodeIgniter\CodeIgniter->runController(Object(App\Controllers\main))
 8 SYSTEMPATH/CodeIgniter.php(351): CodeIgniter\CodeIgniter->handleRequest(null, Object(Config\Cache), false)
 9 FCPATH/index.php(67): CodeIgniter\CodeIgniter->run()
CRITICAL - 2023-01-17 08:38:26 --> Undefined property: CodeIgniter\View\View::$lang
in APPPATH/Views/open_view.php on line 49.
 1 APPPATH/Views/open_view.php(49): CodeIgniter\Debug\Exceptions->errorHandler(8, 'Undefined property: CodeIgniter\\View\\View::$lang', 'APPPATH/Views/open_view.php', 49, [...])
 2 SYSTEMPATH/View/View.php(213): include('APPPATH/Views/open_view.php')
 3 SYSTEMPATH/View/View.php(216): CodeIgniter\View\View->CodeIgniter\View\{closure}()
 4 SYSTEMPATH/Common.php(1134): CodeIgniter\View\View->render('open_view', [], true)
 5 APPPATH/Controllers/main.php(29): view('open_view', [...])
 6 SYSTEMPATH/CodeIgniter.php(927): App\Controllers\main->open()
 7 SYSTEMPATH/CodeIgniter.php(482): CodeIgniter\CodeIgniter->runController(Object(App\Controllers\main))
 8 SYSTEMPATH/CodeIgniter.php(351): CodeIgniter\CodeIgniter->handleRequest(null, Object(Config\Cache), false)
 9 FCPATH/index.php(67): CodeIgniter\CodeIgniter->run()
CRITICAL - 2023-01-17 08:39:04 --> Undefined property: CodeIgniter\View\View::$language
in APPPATH/Views/open_view.php on line 49.
 1 APPPATH/Views/open_view.php(49): CodeIgniter\Debug\Exceptions->errorHandler(8, 'Undefined property: CodeIgniter\\View\\View::$language', 'APPPATH/Views/open_view.php', 49, [...])
 2 SYSTEMPATH/View/View.php(213): include('APPPATH/Views/open_view.php')
 3 SYSTEMPATH/View/View.php(216): CodeIgniter\View\View->CodeIgniter\View\{closure}()
 4 SYSTEMPATH/Common.php(1134): CodeIgniter\View\View->render('open_view', [], true)
 5 APPPATH/Controllers/main.php(29): view('open_view', [...])
 6 SYSTEMPATH/CodeIgniter.php(927): App\Controllers\main->open()
 7 SYSTEMPATH/CodeIgniter.php(482): CodeIgniter\CodeIgniter->runController(Object(App\Controllers\main))
 8 SYSTEMPATH/CodeIgniter.php(351): CodeIgniter\CodeIgniter->handleRequest(null, Object(Config\Cache), false)
 9 FCPATH/index.php(67): CodeIgniter\CodeIgniter->run()
CRITICAL - 2023-01-17 08:39:07 --> Undefined property: CodeIgniter\View\View::$lang
in APPPATH/Views/open_view.php on line 49.
 1 APPPATH/Views/open_view.php(49): CodeIgniter\Debug\Exceptions->errorHandler(8, 'Undefined property: CodeIgniter\\View\\View::$lang', 'APPPATH/Views/open_view.php', 49, [...])
 2 SYSTEMPATH/View/View.php(213): include('APPPATH/Views/open_view.php')
 3 SYSTEMPATH/View/View.php(216): CodeIgniter\View\View->CodeIgniter\View\{closure}()
 4 SYSTEMPATH/Common.php(1134): CodeIgniter\View\View->render('open_view', [], true)
 5 APPPATH/Controllers/main.php(29): view('open_view', [...])
 6 SYSTEMPATH/CodeIgniter.php(927): App\Controllers\main->open()
 7 SYSTEMPATH/CodeIgniter.php(482): CodeIgniter\CodeIgniter->runController(Object(App\Controllers\main))
 8 SYSTEMPATH/CodeIgniter.php(351): CodeIgniter\CodeIgniter->handleRequest(null, Object(Config\Cache), false)
 9 FCPATH/index.php(67): CodeIgniter\CodeIgniter->run()
CRITICAL - 2023-01-17 08:39:52 --> Undefined property: CodeIgniter\View\View::$lang
in APPPATH/Views/open_view.php on line 49.
 1 APPPATH/Views/open_view.php(49): CodeIgniter\Debug\Exceptions->errorHandler(8, 'Undefined property: CodeIgniter\\View\\View::$lang', 'APPPATH/Views/open_view.php', 49, [...])
 2 SYSTEMPATH/View/View.php(213): include('APPPATH/Views/open_view.php')
 3 SYSTEMPATH/View/View.php(216): CodeIgniter\View\View->CodeIgniter\View\{closure}()
 4 SYSTEMPATH/Common.php(1134): CodeIgniter\View\View->render('open_view', [], true)
 5 APPPATH/Controllers/main.php(29): view('open_view', [...])
 6 SYSTEMPATH/CodeIgniter.php(927): App\Controllers\main->open()
 7 SYSTEMPATH/CodeIgniter.php(482): CodeIgniter\CodeIgniter->runController(Object(App\Controllers\main))
 8 SYSTEMPATH/CodeIgniter.php(351): CodeIgniter\CodeIgniter->handleRequest(null, Object(Config\Cache), false)
 9 FCPATH/index.php(67): CodeIgniter\CodeIgniter->run()
CRITICAL - 2023-01-17 08:40:39 --> Undefined property: CodeIgniter\View\View::$lang
in APPPATH/Views/open_view.php on line 49.
 1 APPPATH/Views/open_view.php(49): CodeIgniter\Debug\Exceptions->errorHandler(8, 'Undefined property: CodeIgniter\\View\\View::$lang', 'APPPATH/Views/open_view.php', 49, [...])
 2 SYSTEMPATH/View/View.php(213): include('APPPATH/Views/open_view.php')
 3 SYSTEMPATH/View/View.php(216): CodeIgniter\View\View->CodeIgniter\View\{closure}()
 4 SYSTEMPATH/Common.php(1134): CodeIgniter\View\View->render('open_view', [], true)
 5 APPPATH/Controllers/main.php(29): view('open_view', [...])
 6 SYSTEMPATH/CodeIgniter.php(927): App\Controllers\main->open()
 7 SYSTEMPATH/CodeIgniter.php(482): CodeIgniter\CodeIgniter->runController(Object(App\Controllers\main))
 8 SYSTEMPATH/CodeIgniter.php(351): CodeIgniter\CodeIgniter->handleRequest(null, Object(Config\Cache), false)
 9 FCPATH/index.php(67): CodeIgniter\CodeIgniter->run()
CRITICAL - 2023-01-17 08:47:44 --> Undefined property: CodeIgniter\View\View::$lang
in APPPATH/Views/open_view.php on line 48.
 1 APPPATH/Views/open_view.php(48): CodeIgniter\Debug\Exceptions->errorHandler(8, 'Undefined property: CodeIgniter\\View\\View::$lang', 'APPPATH/Views/open_view.php', 48, [...])
 2 SYSTEMPATH/View/View.php(213): include('APPPATH/Views/open_view.php')
 3 SYSTEMPATH/View/View.php(216): CodeIgniter\View\View->CodeIgniter\View\{closure}()
 4 SYSTEMPATH/Common.php(1134): CodeIgniter\View\View->render('open_view', [], true)
 5 APPPATH/Controllers/main.php(29): view('open_view', [...])
 6 SYSTEMPATH/CodeIgniter.php(927): App\Controllers\main->open()
 7 SYSTEMPATH/CodeIgniter.php(482): CodeIgniter\CodeIgniter->runController(Object(App\Controllers\main))
 8 SYSTEMPATH/CodeIgniter.php(351): CodeIgniter\CodeIgniter->handleRequest(null, Object(Config\Cache), false)
 9 FCPATH/index.php(67): CodeIgniter\CodeIgniter->run()
CRITICAL - 2023-01-17 09:32:06 --> Undefined property: CodeIgniter\View\View::$lang
in APPPATH/Views/open_view.php on line 37.
 1 APPPATH/Views/open_view.php(37): CodeIgniter\Debug\Exceptions->errorHandler(8, 'Undefined property: CodeIgniter\\View\\View::$lang', 'APPPATH/Views/open_view.php', 37, [...])
 2 SYSTEMPATH/View/View.php(213): include('APPPATH/Views/open_view.php')
 3 SYSTEMPATH/View/View.php(216): CodeIgniter\View\View->CodeIgniter\View\{closure}()
 4 SYSTEMPATH/Common.php(1134): CodeIgniter\View\View->render('open_view', [], true)
 5 APPPATH/Controllers/main.php(26): view('open_view', [...])
 6 SYSTEMPATH/CodeIgniter.php(927): App\Controllers\main->open()
 7 SYSTEMPATH/CodeIgniter.php(482): CodeIgniter\CodeIgniter->runController(Object(App\Controllers\main))
 8 SYSTEMPATH/CodeIgniter.php(351): CodeIgniter\CodeIgniter->handleRequest(null, Object(Config\Cache), false)
 9 FCPATH/index.php(67): CodeIgniter\CodeIgniter->run()
CRITICAL - 2023-01-17 09:33:10 --> Undefined property: CodeIgniter\View\View::$lang
in APPPATH/Views/open_view.php on line 37.
 1 APPPATH/Views/open_view.php(37): CodeIgniter\Debug\Exceptions->errorHandler(8, 'Undefined property: CodeIgniter\\View\\View::$lang', 'APPPATH/Views/open_view.php', 37, [...])
 2 SYSTEMPATH/View/View.php(213): include('APPPATH/Views/open_view.php')
 3 SYSTEMPATH/View/View.php(216): CodeIgniter\View\View->CodeIgniter\View\{closure}()
 4 SYSTEMPATH/Common.php(1134): CodeIgniter\View\View->render('open_view', [], true)
 5 APPPATH/Controllers/main.php(26): view('open_view', [...])
 6 SYSTEMPATH/CodeIgniter.php(927): App\Controllers\main->open()
 7 SYSTEMPATH/CodeIgniter.php(482): CodeIgniter\CodeIgniter->runController(Object(App\Controllers\main))
 8 SYSTEMPATH/CodeIgniter.php(351): CodeIgniter\CodeIgniter->handleRequest(null, Object(Config\Cache), false)
 9 FCPATH/index.php(67): CodeIgniter\CodeIgniter->run()
CRITICAL - 2023-01-17 09:34:06 --> Illegal string offset 'area'
in APPPATH/Views/open_view.php on line 45.
 1 APPPATH/Views/open_view.php(45): CodeIgniter\Debug\Exceptions->errorHandler(2, 'Illegal string offset \'area\'', 'APPPATH/Views/open_view.php', 45, [...])
 2 SYSTEMPATH/View/View.php(213): include('APPPATH/Views/open_view.php')
 3 SYSTEMPATH/View/View.php(216): CodeIgniter\View\View->CodeIgniter\View\{closure}()
 4 SYSTEMPATH/Common.php(1134): CodeIgniter\View\View->render('open_view', [], true)
 5 APPPATH/Controllers/main.php(26): view('open_view', [...])
 6 SYSTEMPATH/CodeIgniter.php(927): App\Controllers\main->open()
 7 SYSTEMPATH/CodeIgniter.php(482): CodeIgniter\CodeIgniter->runController(Object(App\Controllers\main))
 8 SYSTEMPATH/CodeIgniter.php(351): CodeIgniter\CodeIgniter->handleRequest(null, Object(Config\Cache), false)
 9 FCPATH/index.php(67): CodeIgniter\CodeIgniter->run()
CRITICAL - 2023-01-17 09:34:24 --> Illegal string offset 'login'
in APPPATH/Views/open_view.php on line 48.
 1 APPPATH/Views/open_view.php(48): CodeIgniter\Debug\Exceptions->errorHandler(2, 'Illegal string offset \'login\'', 'APPPATH/Views/open_view.php', 48, [...])
 2 SYSTEMPATH/View/View.php(213): include('APPPATH/Views/open_view.php')
 3 SYSTEMPATH/View/View.php(216): CodeIgniter\View\View->CodeIgniter\View\{closure}()
 4 SYSTEMPATH/Common.php(1134): CodeIgniter\View\View->render('open_view', [], true)
 5 APPPATH/Controllers/main.php(26): view('open_view', [...])
 6 SYSTEMPATH/CodeIgniter.php(927): App\Controllers\main->open()
 7 SYSTEMPATH/CodeIgniter.php(482): CodeIgniter\CodeIgniter->runController(Object(App\Controllers\main))
 8 SYSTEMPATH/CodeIgniter.php(351): CodeIgniter\CodeIgniter->handleRequest(null, Object(Config\Cache), false)
 9 FCPATH/index.php(67): CodeIgniter\CodeIgniter->run()
CRITICAL - 2023-01-17 09:42:33 --> Undefined variable: userId
in APPPATH/Views/zayavki.php on line 39.
 1 APPPATH/Views/zayavki.php(39): CodeIgniter\Debug\Exceptions->errorHandler(8, 'Undefined variable: userId', 'APPPATH/Views/zayavki.php', 39, [...])
 2 SYSTEMPATH/View/View.php(213): include('APPPATH/Views/zayavki.php')
 3 SYSTEMPATH/View/View.php(216): CodeIgniter\View\View->CodeIgniter\View\{closure}()
 4 SYSTEMPATH/Common.php(1134): CodeIgniter\View\View->render('zayavki', [], true)
 5 APPPATH/Controllers/Zayavki.php(45): view('zayavki', [...])
 6 SYSTEMPATH/CodeIgniter.php(927): App\Controllers\Zayavki->login()
 7 SYSTEMPATH/CodeIgniter.php(482): CodeIgniter\CodeIgniter->runController(Object(App\Controllers\Zayavki))
 8 SYSTEMPATH/CodeIgniter.php(351): CodeIgniter\CodeIgniter->handleRequest(null, Object(Config\Cache), false)
 9 FCPATH/index.php(67): CodeIgniter\CodeIgniter->run()
CRITICAL - 2023-01-17 09:48:37 --> You must set the database table to be used with your query.
in SYSTEMPATH/Database/BaseConnection.php on line 845.
 1 APPPATH/Models/User.php(34): CodeIgniter\Database\BaseConnection->table(null)
 2 APPPATH/ThirdParty/PasswordRules.php(20): App\Models\User->checkUser('zlyuka', '1234')
 3 SYSTEMPATH/Validation/Validation.php(314): App\ThirdParty\PasswordRules->checkPass('1234', null)
 4 SYSTEMPATH/Validation/Validation.php(175): CodeIgniter\Validation\Validation->processRules('pw', 'pw', '1234', [...], [...])
 5 SYSTEMPATH/Controller.php(140): CodeIgniter\Validation\Validation->run()
 6 APPPATH/Controllers/Zayavki.php(32): CodeIgniter\Controller->validate([...])
 7 SYSTEMPATH/CodeIgniter.php(927): App\Controllers\Zayavki->login()
 8 SYSTEMPATH/CodeIgniter.php(482): CodeIgniter\CodeIgniter->runController(Object(App\Controllers\Zayavki))
 9 SYSTEMPATH/CodeIgniter.php(351): CodeIgniter\CodeIgniter->handleRequest(null, Object(Config\Cache), false)
10 FCPATH/index.php(67): CodeIgniter\CodeIgniter->run()
CRITICAL - 2023-01-17 09:49:26 --> You must set the database table to be used with your query.
in SYSTEMPATH/Database/BaseConnection.php on line 845.
 1 APPPATH/Models/User.php(34): CodeIgniter\Database\BaseConnection->table(null)
 2 APPPATH/ThirdParty/PasswordRules.php(20): App\Models\User->checkUser('zlyuka', '1234')
 3 SYSTEMPATH/Validation/Validation.php(314): App\ThirdParty\PasswordRules->checkPass('1234', null)
 4 SYSTEMPATH/Validation/Validation.php(175): CodeIgniter\Validation\Validation->processRules('pw', 'pw', '1234', [...], [...])
 5 SYSTEMPATH/Controller.php(140): CodeIgniter\Validation\Validation->run()
 6 APPPATH/Controllers/Zayavki.php(32): CodeIgniter\Controller->validate([...])
 7 SYSTEMPATH/CodeIgniter.php(927): App\Controllers\Zayavki->login()
 8 SYSTEMPATH/CodeIgniter.php(482): CodeIgniter\CodeIgniter->runController(Object(App\Controllers\Zayavki))
 9 SYSTEMPATH/CodeIgniter.php(351): CodeIgniter\CodeIgniter->handleRequest(null, Object(Config\Cache), false)
10 FCPATH/index.php(67): CodeIgniter\CodeIgniter->run()
CRITICAL - 2023-01-17 09:53:43 --> You must set the database table to be used with your query.
in SYSTEMPATH/Database/BaseConnection.php on line 845.
 1 APPPATH/Models/User.php(34): CodeIgniter\Database\BaseConnection->table(null)
 2 APPPATH/ThirdParty/PasswordRules.php(20): App\Models\User->checkUser('zlyuka', '1234')
 3 SYSTEMPATH/Validation/Validation.php(314): App\ThirdParty\PasswordRules->checkPass('1234', null)
 4 SYSTEMPATH/Validation/Validation.php(175): CodeIgniter\Validation\Validation->processRules('pw', 'pw', '1234', [...], [...])
 5 SYSTEMPATH/Controller.php(140): CodeIgniter\Validation\Validation->run()
 6 APPPATH/Controllers/Zayavki.php(32): CodeIgniter\Controller->validate([...])
 7 SYSTEMPATH/CodeIgniter.php(927): App\Controllers\Zayavki->login()
 8 SYSTEMPATH/CodeIgniter.php(482): CodeIgniter\CodeIgniter->runController(Object(App\Controllers\Zayavki))
 9 SYSTEMPATH/CodeIgniter.php(351): CodeIgniter\CodeIgniter->handleRequest(null, Object(Config\Cache), false)
10 FCPATH/index.php(67): CodeIgniter\CodeIgniter->run()
CRITICAL - 2023-01-17 10:08:25 --> You must set the database table to be used with your query.
in SYSTEMPATH/Database/BaseConnection.php on line 845.
 1 APPPATH/Models/User.php(34): CodeIgniter\Database\BaseConnection->table(null)
 2 APPPATH/ThirdParty/PasswordRules.php(20): App\Models\User->checkUser('zlyuka', '1234')
 3 SYSTEMPATH/Validation/Validation.php(314): App\ThirdParty\PasswordRules->checkPass('1234', null)
 4 SYSTEMPATH/Validation/Validation.php(175): CodeIgniter\Validation\Validation->processRules('pw', 'pw', '1234', [...], [...])
 5 SYSTEMPATH/Controller.php(140): CodeIgniter\Validation\Validation->run()
 6 APPPATH/Controllers/Zayavki.php(32): CodeIgniter\Controller->validate([...])
 7 SYSTEMPATH/CodeIgniter.php(927): App\Controllers\Zayavki->login()
 8 SYSTEMPATH/CodeIgniter.php(482): CodeIgniter\CodeIgniter->runController(Object(App\Controllers\Zayavki))
 9 SYSTEMPATH/CodeIgniter.php(351): CodeIgniter\CodeIgniter->handleRequest(null, Object(Config\Cache), false)
10 FCPATH/index.php(67): CodeIgniter\CodeIgniter->run()
