CRITICAL - 2023-03-15 08:09:39 --> Undefined property: stdClass::$callback_query
in APPPATH/Models/Telegram.php on line 12.
 1 APPPATH/Models/Telegram.php(12): CodeIgniter\Debug\Exceptions->errorHandler(8, 'Undefined property: stdClass::$callback_query', 'APPPATH/Models/Telegram.php', 12, [...])
 2 APPPATH/Controllers/Meters.php(158): App\Models\Telegram->telegram(Object(stdClass))
 3 SYSTEMPATH/CodeIgniter.php(927): App\Controllers\Meters->telegram()
 4 SYSTEMPATH/CodeIgniter.php(482): CodeIgniter\CodeIgniter->runController(Object(App\Controllers\Meters))
 5 SYSTEMPATH/CodeIgniter.php(351): CodeIgniter\CodeIgniter->handleRequest(null, Object(Config\Cache), false)
 6 FCPATH/index.php(67): CodeIgniter\CodeIgniter->run()
CRITICAL - 2023-03-15 08:10:08 --> Undefined property: stdClass::$callback_query
in APPPATH/Models/Telegram.php on line 12.
 1 APPPATH/Models/Telegram.php(12): CodeIgniter\Debug\Exceptions->errorHandler(8, 'Undefined property: stdClass::$callback_query', 'APPPATH/Models/Telegram.php', 12, [...])
 2 APPPATH/Controllers/Meters.php(158): App\Models\Telegram->telegram(Object(stdClass))
 3 SYSTEMPATH/CodeIgniter.php(927): App\Controllers\Meters->telegram()
 4 SYSTEMPATH/CodeIgniter.php(482): CodeIgniter\CodeIgniter->runController(Object(App\Controllers\Meters))
 5 SYSTEMPATH/CodeIgniter.php(351): CodeIgniter\CodeIgniter->handleRequest(null, Object(Config\Cache), false)
 6 FCPATH/index.php(67): CodeIgniter\CodeIgniter->run()
CRITICAL - 2023-03-15 08:12:28 --> Undefined property: stdClass::$callback_query
in APPPATH/Models/Telegram.php on line 12.
 1 APPPATH/Models/Telegram.php(12): CodeIgniter\Debug\Exceptions->errorHandler(8, 'Undefined property: stdClass::$callback_query', 'APPPATH/Models/Telegram.php', 12, [...])
 2 APPPATH/Controllers/Meters.php(158): App\Models\Telegram->telegram(Object(stdClass))
 3 SYSTEMPATH/CodeIgniter.php(927): App\Controllers\Meters->telegram()
 4 SYSTEMPATH/CodeIgniter.php(482): CodeIgniter\CodeIgniter->runController(Object(App\Controllers\Meters))
 5 SYSTEMPATH/CodeIgniter.php(351): CodeIgniter\CodeIgniter->handleRequest(null, Object(Config\Cache), false)
 6 FCPATH/index.php(67): CodeIgniter\CodeIgniter->run()
CRITICAL - 2023-03-15 08:14:24 --> Trying to get property 'json' of non-object
in APPPATH/Controllers/Meters.php on line 160.
 1 APPPATH/Controllers/Meters.php(160): CodeIgniter\Debug\Exceptions->errorHandler(8, 'Trying to get property \'json\' of non-object', 'APPPATH/Controllers/Meters.php', 160, [...])
 2 SYSTEMPATH/CodeIgniter.php(927): App\Controllers\Meters->telegram()
 3 SYSTEMPATH/CodeIgniter.php(482): CodeIgniter\CodeIgniter->runController(Object(App\Controllers\Meters))
 4 SYSTEMPATH/CodeIgniter.php(351): CodeIgniter\CodeIgniter->handleRequest(null, Object(Config\Cache), false)
 5 FCPATH/index.php(67): CodeIgniter\CodeIgniter->run()
CRITICAL - 2023-03-15 08:14:37 --> Undefined property: stdClass::$callback_query
in APPPATH/Models/Telegram.php on line 12.
 1 APPPATH/Models/Telegram.php(12): CodeIgniter\Debug\Exceptions->errorHandler(8, 'Undefined property: stdClass::$callback_query', 'APPPATH/Models/Telegram.php', 12, [...])
 2 APPPATH/Controllers/Meters.php(158): App\Models\Telegram->telegram(Object(stdClass))
 3 SYSTEMPATH/CodeIgniter.php(927): App\Controllers\Meters->telegram()
 4 SYSTEMPATH/CodeIgniter.php(482): CodeIgniter\CodeIgniter->runController(Object(App\Controllers\Meters))
 5 SYSTEMPATH/CodeIgniter.php(351): CodeIgniter\CodeIgniter->handleRequest(null, Object(Config\Cache), false)
 6 FCPATH/index.php(67): CodeIgniter\CodeIgniter->run()
CRITICAL - 2023-03-15 08:16:39 --> Undefined property: stdClass::$callback_query
in APPPATH/Models/Telegram.php on line 12.
 1 APPPATH/Models/Telegram.php(12): CodeIgniter\Debug\Exceptions->errorHandler(8, 'Undefined property: stdClass::$callback_query', 'APPPATH/Models/Telegram.php', 12, [...])
 2 APPPATH/Controllers/Meters.php(158): App\Models\Telegram->telegram(Object(stdClass))
 3 SYSTEMPATH/CodeIgniter.php(927): App\Controllers\Meters->telegram()
 4 SYSTEMPATH/CodeIgniter.php(482): CodeIgniter\CodeIgniter->runController(Object(App\Controllers\Meters))
 5 SYSTEMPATH/CodeIgniter.php(351): CodeIgniter\CodeIgniter->handleRequest(null, Object(Config\Cache), false)
 6 FCPATH/index.php(67): CodeIgniter\CodeIgniter->run()
CRITICAL - 2023-03-15 08:18:47 --> Undefined property: stdClass::$callback_query
in APPPATH/Models/Telegram.php on line 12.
 1 APPPATH/Models/Telegram.php(12): CodeIgniter\Debug\Exceptions->errorHandler(8, 'Undefined property: stdClass::$callback_query', 'APPPATH/Models/Telegram.php', 12, [...])
 2 APPPATH/Controllers/Meters.php(158): App\Models\Telegram->telegram(Object(stdClass))
 3 SYSTEMPATH/CodeIgniter.php(927): App\Controllers\Meters->telegram()
 4 SYSTEMPATH/CodeIgniter.php(482): CodeIgniter\CodeIgniter->runController(Object(App\Controllers\Meters))
 5 SYSTEMPATH/CodeIgniter.php(351): CodeIgniter\CodeIgniter->handleRequest(null, Object(Config\Cache), false)
 6 FCPATH/index.php(67): CodeIgniter\CodeIgniter->run()
CRITICAL - 2023-03-15 08:20:23 --> Undefined property: stdClass::$callback_query
in APPPATH/Models/Telegram.php on line 12.
 1 APPPATH/Models/Telegram.php(12): CodeIgniter\Debug\Exceptions->errorHandler(8, 'Undefined property: stdClass::$callback_query', 'APPPATH/Models/Telegram.php', 12, [...])
 2 APPPATH/Controllers/Meters.php(158): App\Models\Telegram->telegram(Object(stdClass))
 3 SYSTEMPATH/CodeIgniter.php(927): App\Controllers\Meters->telegram()
 4 SYSTEMPATH/CodeIgniter.php(482): CodeIgniter\CodeIgniter->runController(Object(App\Controllers\Meters))
 5 SYSTEMPATH/CodeIgniter.php(351): CodeIgniter\CodeIgniter->handleRequest(null, Object(Config\Cache), false)
 6 FCPATH/index.php(67): CodeIgniter\CodeIgniter->run()
CRITICAL - 2023-03-15 08:21:20 --> Trying to get property 'telegramState' of non-object
in APPPATH/Models/Telegram.php on line 69.
 1 APPPATH/Models/Telegram.php(69): CodeIgniter\Debug\Exceptions->errorHandler(8, 'Trying to get property \'telegramState\' of non-object', 'APPPATH/Models/Telegram.php', 69, [...])
 2 APPPATH/Models/Telegram.php(14): App\Models\Telegram->callback(null, Object(stdClass), 971483502)
 3 APPPATH/Controllers/Meters.php(158): App\Models\Telegram->telegram(Object(stdClass))
 4 SYSTEMPATH/CodeIgniter.php(927): App\Controllers\Meters->telegram()
 5 SYSTEMPATH/CodeIgniter.php(482): CodeIgniter\CodeIgniter->runController(Object(App\Controllers\Meters))
 6 SYSTEMPATH/CodeIgniter.php(351): CodeIgniter\CodeIgniter->handleRequest(null, Object(Config\Cache), false)
 7 FCPATH/index.php(67): CodeIgniter\CodeIgniter->run()
CRITICAL - 2023-03-15 08:23:11 --> Trying to get property 'telegramState' of non-object
in APPPATH/Models/Telegram.php on line 69.
 1 APPPATH/Models/Telegram.php(69): CodeIgniter\Debug\Exceptions->errorHandler(8, 'Trying to get property \'telegramState\' of non-object', 'APPPATH/Models/Telegram.php', 69, [...])
 2 APPPATH/Models/Telegram.php(14): App\Models\Telegram->callback(null, Object(stdClass), 971483502)
 3 APPPATH/Controllers/Meters.php(158): App\Models\Telegram->telegram(Object(stdClass))
 4 SYSTEMPATH/CodeIgniter.php(927): App\Controllers\Meters->telegram()
 5 SYSTEMPATH/CodeIgniter.php(482): CodeIgniter\CodeIgniter->runController(Object(App\Controllers\Meters))
 6 SYSTEMPATH/CodeIgniter.php(351): CodeIgniter\CodeIgniter->handleRequest(null, Object(Config\Cache), false)
 7 FCPATH/index.php(67): CodeIgniter\CodeIgniter->run()
CRITICAL - 2023-03-15 08:23:31 --> Trying to get property 'telegramState' of non-object
in APPPATH/Models/Telegram.php on line 69.
 1 APPPATH/Models/Telegram.php(69): CodeIgniter\Debug\Exceptions->errorHandler(8, 'Trying to get property \'telegramState\' of non-object', 'APPPATH/Models/Telegram.php', 69, [...])
 2 APPPATH/Models/Telegram.php(14): App\Models\Telegram->callback(null, Object(stdClass), 971483502)
 3 APPPATH/Controllers/Meters.php(158): App\Models\Telegram->telegram(Object(stdClass))
 4 SYSTEMPATH/CodeIgniter.php(927): App\Controllers\Meters->telegram()
 5 SYSTEMPATH/CodeIgniter.php(482): CodeIgniter\CodeIgniter->runController(Object(App\Controllers\Meters))
 6 SYSTEMPATH/CodeIgniter.php(351): CodeIgniter\CodeIgniter->handleRequest(null, Object(Config\Cache), false)
 7 FCPATH/index.php(67): CodeIgniter\CodeIgniter->run()
CRITICAL - 2023-03-15 08:24:00 --> Trying to get property 'telegramState' of non-object
in APPPATH/Models/Telegram.php on line 69.
 1 APPPATH/Models/Telegram.php(69): CodeIgniter\Debug\Exceptions->errorHandler(8, 'Trying to get property \'telegramState\' of non-object', 'APPPATH/Models/Telegram.php', 69, [...])
 2 APPPATH/Models/Telegram.php(14): App\Models\Telegram->callback(null, Object(stdClass), 971483502)
 3 APPPATH/Controllers/Meters.php(158): App\Models\Telegram->telegram(Object(stdClass))
 4 SYSTEMPATH/CodeIgniter.php(927): App\Controllers\Meters->telegram()
 5 SYSTEMPATH/CodeIgniter.php(482): CodeIgniter\CodeIgniter->runController(Object(App\Controllers\Meters))
 6 SYSTEMPATH/CodeIgniter.php(351): CodeIgniter\CodeIgniter->handleRequest(null, Object(Config\Cache), false)
 7 FCPATH/index.php(67): CodeIgniter\CodeIgniter->run()
CRITICAL - 2023-03-15 08:24:40 --> Trying to get property 'telegramState' of non-object
in APPPATH/Models/Telegram.php on line 69.
 1 APPPATH/Models/Telegram.php(69): CodeIgniter\Debug\Exceptions->errorHandler(8, 'Trying to get property \'telegramState\' of non-object', 'APPPATH/Models/Telegram.php', 69, [...])
 2 APPPATH/Models/Telegram.php(14): App\Models\Telegram->callback(null, Object(stdClass), 971483502)
 3 APPPATH/Controllers/Meters.php(158): App\Models\Telegram->telegram(Object(stdClass))
 4 SYSTEMPATH/CodeIgniter.php(927): App\Controllers\Meters->telegram()
 5 SYSTEMPATH/CodeIgniter.php(482): CodeIgniter\CodeIgniter->runController(Object(App\Controllers\Meters))
 6 SYSTEMPATH/CodeIgniter.php(351): CodeIgniter\CodeIgniter->handleRequest(null, Object(Config\Cache), false)
 7 FCPATH/index.php(67): CodeIgniter\CodeIgniter->run()
CRITICAL - 2023-03-15 08:24:56 --> Trying to get property 'telegramState' of non-object
in APPPATH/Models/Telegram.php on line 69.
 1 APPPATH/Models/Telegram.php(69): CodeIgniter\Debug\Exceptions->errorHandler(8, 'Trying to get property \'telegramState\' of non-object', 'APPPATH/Models/Telegram.php', 69, [...])
 2 APPPATH/Models/Telegram.php(14): App\Models\Telegram->callback(null, Object(stdClass), 971483502)
 3 APPPATH/Controllers/Meters.php(158): App\Models\Telegram->telegram(Object(stdClass))
 4 SYSTEMPATH/CodeIgniter.php(927): App\Controllers\Meters->telegram()
 5 SYSTEMPATH/CodeIgniter.php(482): CodeIgniter\CodeIgniter->runController(Object(App\Controllers\Meters))
 6 SYSTEMPATH/CodeIgniter.php(351): CodeIgniter\CodeIgniter->handleRequest(null, Object(Config\Cache), false)
 7 FCPATH/index.php(67): CodeIgniter\CodeIgniter->run()
CRITICAL - 2023-03-15 08:27:36 --> Trying to get property 'callback_query' of non-object
in APPPATH/Models/Telegram.php on line 12.
 1 APPPATH/Models/Telegram.php(12): CodeIgniter\Debug\Exceptions->errorHandler(8, 'Trying to get property \'callback_query\' of non-object', 'APPPATH/Models/Telegram.php', 12, [...])
 2 APPPATH/Controllers/Meters.php(158): App\Models\Telegram->telegram(null)
 3 SYSTEMPATH/CodeIgniter.php(927): App\Controllers\Meters->telegram()
 4 SYSTEMPATH/CodeIgniter.php(482): CodeIgniter\CodeIgniter->runController(Object(App\Controllers\Meters))
 5 SYSTEMPATH/CodeIgniter.php(351): CodeIgniter\CodeIgniter->handleRequest(null, Object(Config\Cache), false)
 6 FCPATH/index.php(67): CodeIgniter\CodeIgniter->run()
CRITICAL - 2023-03-15 08:32:03 --> Undefined property: stdClass::$callback_query
in APPPATH/Models/Telegram.php on line 12.
 1 APPPATH/Models/Telegram.php(12): CodeIgniter\Debug\Exceptions->errorHandler(8, 'Undefined property: stdClass::$callback_query', 'APPPATH/Models/Telegram.php', 12, [...])
 2 APPPATH/Controllers/Meters.php(158): App\Models\Telegram->telegram(Object(stdClass))
 3 SYSTEMPATH/CodeIgniter.php(927): App\Controllers\Meters->telegram()
 4 SYSTEMPATH/CodeIgniter.php(482): CodeIgniter\CodeIgniter->runController(Object(App\Controllers\Meters))
 5 SYSTEMPATH/CodeIgniter.php(351): CodeIgniter\CodeIgniter->handleRequest(null, Object(Config\Cache), false)
 6 FCPATH/index.php(67): CodeIgniter\CodeIgniter->run()
CRITICAL - 2023-03-15 08:34:25 --> Trying to get property 'telegramState' of non-object
in APPPATH/Models/Telegram.php on line 69.
 1 APPPATH/Models/Telegram.php(69): CodeIgniter\Debug\Exceptions->errorHandler(8, 'Trying to get property \'telegramState\' of non-object', 'APPPATH/Models/Telegram.php', 69, [...])
 2 APPPATH/Models/Telegram.php(14): App\Models\Telegram->callback(null, Object(stdClass), 971483502)
 3 APPPATH/Controllers/Meters.php(158): App\Models\Telegram->telegram(Object(stdClass))
 4 SYSTEMPATH/CodeIgniter.php(927): App\Controllers\Meters->telegram()
 5 SYSTEMPATH/CodeIgniter.php(482): CodeIgniter\CodeIgniter->runController(Object(App\Controllers\Meters))
 6 SYSTEMPATH/CodeIgniter.php(351): CodeIgniter\CodeIgniter->handleRequest(null, Object(Config\Cache), false)
 7 FCPATH/index.php(67): CodeIgniter\CodeIgniter->run()
ERROR - 2023-03-15 10:59:45 --> mysqli_sql_exception: Unknown column 'denied' in 'where clause' in /ext/WWW/konex.com.ua/zayavki/system/Database/MySQLi/Connection.php:292
Stack trace:
#0 /ext/WWW/konex.com.ua/zayavki/system/Database/MySQLi/Connection.php(292): mysqli->query('SELECT counter....', 0)
#1 /ext/WWW/konex.com.ua/zayavki/system/Database/BaseConnection.php(666): CodeIgniter\Database\MySQLi\Connection->execute('SELECT counter....')
#2 /ext/WWW/konex.com.ua/zayavki/system/Database/BaseConnection.php(593): CodeIgniter\Database\BaseConnection->simpleQuery('SELECT counter....')
#3 /ext/WWW/konex.com.ua/zayavki/app/Models/Search.php(323): CodeIgniter\Database\BaseConnection->query('SELECT counter....')
#4 /ext/WWW/konex.com.ua/zayavki/app/Models/Telegram.php(74): App\Models\Search->findCountersNotFilled('131', 'denied', NULL)
#5 /ext/WWW/konex.com.ua/zayavki/app/Models/Telegram.php(14): App\Models\Telegram->callback(Object(stdClass), Object(stdClass), 971483502)
#6 /ext/WWW/konex.com.ua/zayavki/app/Controllers/Meters.php(158): App\Models\Telegram->telegram(Object(stdClass))
#7 /ext/WWW/konex.com.ua/zayavki/system/CodeIgniter.php(927): App\Controllers\Meters->telegram()
#8 /ext/WWW/konex.com.ua/zayavki/system/CodeIgniter.php(482): CodeIgniter\CodeIgniter->runController(Object(App\Controllers\Meters))
#9 /ext/WWW/konex.com.ua/zayavki/system/CodeIgniter.php(351): CodeIgniter\CodeIgniter->handleRequest(NULL, Object(Config\Cache), false)
#10 /ext/WWW/konex.com.ua/zayavki/public/index.php(67): CodeIgniter\CodeIgniter->run()
#11 {main}
CRITICAL - 2023-03-15 10:59:45 --> Unknown column 'denied' in 'where clause'
in SYSTEMPATH/Database/MySQLi/Connection.php on line 292.
 1 SYSTEMPATH/Database/MySQLi/Connection.php(292): mysqli->query('SELECT counter.id, counter.counterId, counter.counterName, area.unit, area.addr FROM counter JOIN area ON counter.unit = area.id JOIN pokaz ON counter.id = pokaz.cId WHERE counter.id NOT IN 
               (SELECT counter.id FROM counter JOIN pokaz ON counter.id = cId WHERE ts = \'2023-02-01\'  AND counter.unit = 131 AND counter.typeC = denied AND counter.state = true GROUP BY counter.id)
               AND pokaz.ts =  \'2023-01-01\'  AND counter.unit = 131 AND counter.typeC = denied AND counter.state = true
               GROUP BY counter.id', 0)
 2 SYSTEMPATH/Database/BaseConnection.php(666): CodeIgniter\Database\MySQLi\Connection->execute('SELECT counter.id, counter.counterId, counter.counterName, area.unit, area.addr FROM counter JOIN area ON counter.unit = area.id JOIN pokaz ON counter.id = pokaz.cId WHERE counter.id NOT IN 
               (SELECT counter.id FROM counter JOIN pokaz ON counter.id = cId WHERE ts = \'2023-02-01\'  AND counter.unit = 131 AND counter.typeC = denied AND counter.state = true GROUP BY counter.id)
               AND pokaz.ts =  \'2023-01-01\'  AND counter.unit = 131 AND counter.typeC = denied AND counter.state = true
               GROUP BY counter.id')
 3 SYSTEMPATH/Database/BaseConnection.php(593): CodeIgniter\Database\BaseConnection->simpleQuery('SELECT counter.id, counter.counterId, counter.counterName, area.unit, area.addr FROM counter JOIN area ON counter.unit = area.id JOIN pokaz ON counter.id = pokaz.cId WHERE counter.id NOT IN 
               (SELECT counter.id FROM counter JOIN pokaz ON counter.id = cId WHERE ts = \'2023-02-01\'  AND counter.unit = 131 AND counter.typeC = denied AND counter.state = true GROUP BY counter.id)
               AND pokaz.ts =  \'2023-01-01\'  AND counter.unit = 131 AND counter.typeC = denied AND counter.state = true
               GROUP BY counter.id')
 4 APPPATH/Models/Search.php(323): CodeIgniter\Database\BaseConnection->query('SELECT counter.id, counter.counterId, counter.counterName, area.unit, area.addr FROM counter JOIN area ON counter.unit = area.id JOIN pokaz ON counter.id = pokaz.cId WHERE counter.id NOT IN 
               (SELECT counter.id FROM counter JOIN pokaz ON counter.id = cId WHERE ts = \'2023-02-01\'  AND counter.unit = 131 AND counter.typeC = denied AND counter.state = true GROUP BY counter.id)
               AND pokaz.ts =  \'2023-01-01\'  AND counter.unit = 131 AND counter.typeC = denied AND counter.state = true
               GROUP BY counter.id')
 5 APPPATH/Models/Telegram.php(74): App\Models\Search->findCountersNotFilled('131', 'denied', null)
 6 APPPATH/Models/Telegram.php(14): App\Models\Telegram->callback(Object(stdClass), Object(stdClass), 971483502)
 7 APPPATH/Controllers/Meters.php(158): App\Models\Telegram->telegram(Object(stdClass))
 8 SYSTEMPATH/CodeIgniter.php(927): App\Controllers\Meters->telegram()
 9 SYSTEMPATH/CodeIgniter.php(482): CodeIgniter\CodeIgniter->runController(Object(App\Controllers\Meters))
10 SYSTEMPATH/CodeIgniter.php(351): CodeIgniter\CodeIgniter->handleRequest(null, Object(Config\Cache), false)
11 FCPATH/index.php(67): CodeIgniter\CodeIgniter->run()
ERROR - 2023-03-15 10:59:45 --> mysqli_sql_exception: Unknown column 'denied' in 'where clause' in /ext/WWW/konex.com.ua/zayavki/system/Database/MySQLi/Connection.php:292
Stack trace:
#0 /ext/WWW/konex.com.ua/zayavki/system/Database/MySQLi/Connection.php(292): mysqli->query('SELECT counter....', 0)
#1 /ext/WWW/konex.com.ua/zayavki/system/Database/BaseConnection.php(666): CodeIgniter\Database\MySQLi\Connection->execute('SELECT counter....')
#2 /ext/WWW/konex.com.ua/zayavki/system/Database/BaseConnection.php(593): CodeIgniter\Database\BaseConnection->simpleQuery('SELECT counter....')
#3 /ext/WWW/konex.com.ua/zayavki/app/Models/Search.php(323): CodeIgniter\Database\BaseConnection->query('SELECT counter....')
#4 /ext/WWW/konex.com.ua/zayavki/app/Models/Telegram.php(74): App\Models\Search->findCountersNotFilled('131', 'denied', NULL)
#5 /ext/WWW/konex.com.ua/zayavki/app/Models/Telegram.php(14): App\Models\Telegram->callback(Object(stdClass), Object(stdClass), 971483502)
#6 /ext/WWW/konex.com.ua/zayavki/app/Controllers/Meters.php(158): App\Models\Telegram->telegram(Object(stdClass))
#7 /ext/WWW/konex.com.ua/zayavki/system/CodeIgniter.php(927): App\Controllers\Meters->telegram()
#8 /ext/WWW/konex.com.ua/zayavki/system/CodeIgniter.php(482): CodeIgniter\CodeIgniter->runController(Object(App\Controllers\Meters))
#9 /ext/WWW/konex.com.ua/zayavki/system/CodeIgniter.php(351): CodeIgniter\CodeIgniter->handleRequest(NULL, Object(Config\Cache), false)
#10 /ext/WWW/konex.com.ua/zayavki/public/index.php(67): CodeIgniter\CodeIgniter->run()
#11 {main}
CRITICAL - 2023-03-15 10:59:45 --> Unknown column 'denied' in 'where clause'
in SYSTEMPATH/Database/MySQLi/Connection.php on line 292.
 1 SYSTEMPATH/Database/MySQLi/Connection.php(292): mysqli->query('SELECT counter.id, counter.counterId, counter.counterName, area.unit, area.addr FROM counter JOIN area ON counter.unit = area.id JOIN pokaz ON counter.id = pokaz.cId WHERE counter.id NOT IN 
               (SELECT counter.id FROM counter JOIN pokaz ON counter.id = cId WHERE ts = \'2023-02-01\'  AND counter.unit = 131 AND counter.typeC = denied AND counter.state = true GROUP BY counter.id)
               AND pokaz.ts =  \'2023-01-01\'  AND counter.unit = 131 AND counter.typeC = denied AND counter.state = true
               GROUP BY counter.id', 0)
 2 SYSTEMPATH/Database/BaseConnection.php(666): CodeIgniter\Database\MySQLi\Connection->execute('SELECT counter.id, counter.counterId, counter.counterName, area.unit, area.addr FROM counter JOIN area ON counter.unit = area.id JOIN pokaz ON counter.id = pokaz.cId WHERE counter.id NOT IN 
               (SELECT counter.id FROM counter JOIN pokaz ON counter.id = cId WHERE ts = \'2023-02-01\'  AND counter.unit = 131 AND counter.typeC = denied AND counter.state = true GROUP BY counter.id)
               AND pokaz.ts =  \'2023-01-01\'  AND counter.unit = 131 AND counter.typeC = denied AND counter.state = true
               GROUP BY counter.id')
 3 SYSTEMPATH/Database/BaseConnection.php(593): CodeIgniter\Database\BaseConnection->simpleQuery('SELECT counter.id, counter.counterId, counter.counterName, area.unit, area.addr FROM counter JOIN area ON counter.unit = area.id JOIN pokaz ON counter.id = pokaz.cId WHERE counter.id NOT IN 
               (SELECT counter.id FROM counter JOIN pokaz ON counter.id = cId WHERE ts = \'2023-02-01\'  AND counter.unit = 131 AND counter.typeC = denied AND counter.state = true GROUP BY counter.id)
               AND pokaz.ts =  \'2023-01-01\'  AND counter.unit = 131 AND counter.typeC = denied AND counter.state = true
               GROUP BY counter.id')
 4 APPPATH/Models/Search.php(323): CodeIgniter\Database\BaseConnection->query('SELECT counter.id, counter.counterId, counter.counterName, area.unit, area.addr FROM counter JOIN area ON counter.unit = area.id JOIN pokaz ON counter.id = pokaz.cId WHERE counter.id NOT IN 
               (SELECT counter.id FROM counter JOIN pokaz ON counter.id = cId WHERE ts = \'2023-02-01\'  AND counter.unit = 131 AND counter.typeC = denied AND counter.state = true GROUP BY counter.id)
               AND pokaz.ts =  \'2023-01-01\'  AND counter.unit = 131 AND counter.typeC = denied AND counter.state = true
               GROUP BY counter.id')
 5 APPPATH/Models/Telegram.php(74): App\Models\Search->findCountersNotFilled('131', 'denied', null)
 6 APPPATH/Models/Telegram.php(14): App\Models\Telegram->callback(Object(stdClass), Object(stdClass), 971483502)
 7 APPPATH/Controllers/Meters.php(158): App\Models\Telegram->telegram(Object(stdClass))
 8 SYSTEMPATH/CodeIgniter.php(927): App\Controllers\Meters->telegram()
 9 SYSTEMPATH/CodeIgniter.php(482): CodeIgniter\CodeIgniter->runController(Object(App\Controllers\Meters))
10 SYSTEMPATH/CodeIgniter.php(351): CodeIgniter\CodeIgniter->handleRequest(null, Object(Config\Cache), false)
11 FCPATH/index.php(67): CodeIgniter\CodeIgniter->run()
ERROR - 2023-03-15 10:59:47 --> mysqli_sql_exception: Unknown column 'denied' in 'where clause' in /ext/WWW/konex.com.ua/zayavki/system/Database/MySQLi/Connection.php:292
Stack trace:
#0 /ext/WWW/konex.com.ua/zayavki/system/Database/MySQLi/Connection.php(292): mysqli->query('SELECT counter....', 0)
#1 /ext/WWW/konex.com.ua/zayavki/system/Database/BaseConnection.php(666): CodeIgniter\Database\MySQLi\Connection->execute('SELECT counter....')
#2 /ext/WWW/konex.com.ua/zayavki/system/Database/BaseConnection.php(593): CodeIgniter\Database\BaseConnection->simpleQuery('SELECT counter....')
#3 /ext/WWW/konex.com.ua/zayavki/app/Models/Search.php(323): CodeIgniter\Database\BaseConnection->query('SELECT counter....')
#4 /ext/WWW/konex.com.ua/zayavki/app/Models/Telegram.php(74): App\Models\Search->findCountersNotFilled('131', 'denied', NULL)
#5 /ext/WWW/konex.com.ua/zayavki/app/Models/Telegram.php(14): App\Models\Telegram->callback(Object(stdClass), Object(stdClass), 971483502)
#6 /ext/WWW/konex.com.ua/zayavki/app/Controllers/Meters.php(158): App\Models\Telegram->telegram(Object(stdClass))
#7 /ext/WWW/konex.com.ua/zayavki/system/CodeIgniter.php(927): App\Controllers\Meters->telegram()
#8 /ext/WWW/konex.com.ua/zayavki/system/CodeIgniter.php(482): CodeIgniter\CodeIgniter->runController(Object(App\Controllers\Meters))
#9 /ext/WWW/konex.com.ua/zayavki/system/CodeIgniter.php(351): CodeIgniter\CodeIgniter->handleRequest(NULL, Object(Config\Cache), false)
#10 /ext/WWW/konex.com.ua/zayavki/public/index.php(67): CodeIgniter\CodeIgniter->run()
#11 {main}
CRITICAL - 2023-03-15 10:59:47 --> Unknown column 'denied' in 'where clause'
in SYSTEMPATH/Database/MySQLi/Connection.php on line 292.
 1 SYSTEMPATH/Database/MySQLi/Connection.php(292): mysqli->query('SELECT counter.id, counter.counterId, counter.counterName, area.unit, area.addr FROM counter JOIN area ON counter.unit = area.id JOIN pokaz ON counter.id = pokaz.cId WHERE counter.id NOT IN 
               (SELECT counter.id FROM counter JOIN pokaz ON counter.id = cId WHERE ts = \'2023-02-01\'  AND counter.unit = 131 AND counter.typeC = denied AND counter.state = true GROUP BY counter.id)
               AND pokaz.ts =  \'2023-01-01\'  AND counter.unit = 131 AND counter.typeC = denied AND counter.state = true
               GROUP BY counter.id', 0)
 2 SYSTEMPATH/Database/BaseConnection.php(666): CodeIgniter\Database\MySQLi\Connection->execute('SELECT counter.id, counter.counterId, counter.counterName, area.unit, area.addr FROM counter JOIN area ON counter.unit = area.id JOIN pokaz ON counter.id = pokaz.cId WHERE counter.id NOT IN 
               (SELECT counter.id FROM counter JOIN pokaz ON counter.id = cId WHERE ts = \'2023-02-01\'  AND counter.unit = 131 AND counter.typeC = denied AND counter.state = true GROUP BY counter.id)
               AND pokaz.ts =  \'2023-01-01\'  AND counter.unit = 131 AND counter.typeC = denied AND counter.state = true
               GROUP BY counter.id')
 3 SYSTEMPATH/Database/BaseConnection.php(593): CodeIgniter\Database\BaseConnection->simpleQuery('SELECT counter.id, counter.counterId, counter.counterName, area.unit, area.addr FROM counter JOIN area ON counter.unit = area.id JOIN pokaz ON counter.id = pokaz.cId WHERE counter.id NOT IN 
               (SELECT counter.id FROM counter JOIN pokaz ON counter.id = cId WHERE ts = \'2023-02-01\'  AND counter.unit = 131 AND counter.typeC = denied AND counter.state = true GROUP BY counter.id)
               AND pokaz.ts =  \'2023-01-01\'  AND counter.unit = 131 AND counter.typeC = denied AND counter.state = true
               GROUP BY counter.id')
 4 APPPATH/Models/Search.php(323): CodeIgniter\Database\BaseConnection->query('SELECT counter.id, counter.counterId, counter.counterName, area.unit, area.addr FROM counter JOIN area ON counter.unit = area.id JOIN pokaz ON counter.id = pokaz.cId WHERE counter.id NOT IN 
               (SELECT counter.id FROM counter JOIN pokaz ON counter.id = cId WHERE ts = \'2023-02-01\'  AND counter.unit = 131 AND counter.typeC = denied AND counter.state = true GROUP BY counter.id)
               AND pokaz.ts =  \'2023-01-01\'  AND counter.unit = 131 AND counter.typeC = denied AND counter.state = true
               GROUP BY counter.id')
 5 APPPATH/Models/Telegram.php(74): App\Models\Search->findCountersNotFilled('131', 'denied', null)
 6 APPPATH/Models/Telegram.php(14): App\Models\Telegram->callback(Object(stdClass), Object(stdClass), 971483502)
 7 APPPATH/Controllers/Meters.php(158): App\Models\Telegram->telegram(Object(stdClass))
 8 SYSTEMPATH/CodeIgniter.php(927): App\Controllers\Meters->telegram()
 9 SYSTEMPATH/CodeIgniter.php(482): CodeIgniter\CodeIgniter->runController(Object(App\Controllers\Meters))
10 SYSTEMPATH/CodeIgniter.php(351): CodeIgniter\CodeIgniter->handleRequest(null, Object(Config\Cache), false)
11 FCPATH/index.php(67): CodeIgniter\CodeIgniter->run()
ERROR - 2023-03-15 10:59:51 --> mysqli_sql_exception: Unknown column 'denied' in 'where clause' in /ext/WWW/konex.com.ua/zayavki/system/Database/MySQLi/Connection.php:292
Stack trace:
#0 /ext/WWW/konex.com.ua/zayavki/system/Database/MySQLi/Connection.php(292): mysqli->query('SELECT counter....', 0)
#1 /ext/WWW/konex.com.ua/zayavki/system/Database/BaseConnection.php(666): CodeIgniter\Database\MySQLi\Connection->execute('SELECT counter....')
#2 /ext/WWW/konex.com.ua/zayavki/system/Database/BaseConnection.php(593): CodeIgniter\Database\BaseConnection->simpleQuery('SELECT counter....')
#3 /ext/WWW/konex.com.ua/zayavki/app/Models/Search.php(323): CodeIgniter\Database\BaseConnection->query('SELECT counter....')
#4 /ext/WWW/konex.com.ua/zayavki/app/Models/Telegram.php(74): App\Models\Search->findCountersNotFilled('131', 'denied', NULL)
#5 /ext/WWW/konex.com.ua/zayavki/app/Models/Telegram.php(14): App\Models\Telegram->callback(Object(stdClass), Object(stdClass), 971483502)
#6 /ext/WWW/konex.com.ua/zayavki/app/Controllers/Meters.php(158): App\Models\Telegram->telegram(Object(stdClass))
#7 /ext/WWW/konex.com.ua/zayavki/system/CodeIgniter.php(927): App\Controllers\Meters->telegram()
#8 /ext/WWW/konex.com.ua/zayavki/system/CodeIgniter.php(482): CodeIgniter\CodeIgniter->runController(Object(App\Controllers\Meters))
#9 /ext/WWW/konex.com.ua/zayavki/system/CodeIgniter.php(351): CodeIgniter\CodeIgniter->handleRequest(NULL, Object(Config\Cache), false)
#10 /ext/WWW/konex.com.ua/zayavki/public/index.php(67): CodeIgniter\CodeIgniter->run()
#11 {main}
CRITICAL - 2023-03-15 10:59:51 --> Unknown column 'denied' in 'where clause'
in SYSTEMPATH/Database/MySQLi/Connection.php on line 292.
 1 SYSTEMPATH/Database/MySQLi/Connection.php(292): mysqli->query('SELECT counter.id, counter.counterId, counter.counterName, area.unit, area.addr FROM counter JOIN area ON counter.unit = area.id JOIN pokaz ON counter.id = pokaz.cId WHERE counter.id NOT IN 
               (SELECT counter.id FROM counter JOIN pokaz ON counter.id = cId WHERE ts = \'2023-02-01\'  AND counter.unit = 131 AND counter.typeC = denied AND counter.state = true GROUP BY counter.id)
               AND pokaz.ts =  \'2023-01-01\'  AND counter.unit = 131 AND counter.typeC = denied AND counter.state = true
               GROUP BY counter.id', 0)
 2 SYSTEMPATH/Database/BaseConnection.php(666): CodeIgniter\Database\MySQLi\Connection->execute('SELECT counter.id, counter.counterId, counter.counterName, area.unit, area.addr FROM counter JOIN area ON counter.unit = area.id JOIN pokaz ON counter.id = pokaz.cId WHERE counter.id NOT IN 
               (SELECT counter.id FROM counter JOIN pokaz ON counter.id = cId WHERE ts = \'2023-02-01\'  AND counter.unit = 131 AND counter.typeC = denied AND counter.state = true GROUP BY counter.id)
               AND pokaz.ts =  \'2023-01-01\'  AND counter.unit = 131 AND counter.typeC = denied AND counter.state = true
               GROUP BY counter.id')
 3 SYSTEMPATH/Database/BaseConnection.php(593): CodeIgniter\Database\BaseConnection->simpleQuery('SELECT counter.id, counter.counterId, counter.counterName, area.unit, area.addr FROM counter JOIN area ON counter.unit = area.id JOIN pokaz ON counter.id = pokaz.cId WHERE counter.id NOT IN 
               (SELECT counter.id FROM counter JOIN pokaz ON counter.id = cId WHERE ts = \'2023-02-01\'  AND counter.unit = 131 AND counter.typeC = denied AND counter.state = true GROUP BY counter.id)
               AND pokaz.ts =  \'2023-01-01\'  AND counter.unit = 131 AND counter.typeC = denied AND counter.state = true
               GROUP BY counter.id')
 4 APPPATH/Models/Search.php(323): CodeIgniter\Database\BaseConnection->query('SELECT counter.id, counter.counterId, counter.counterName, area.unit, area.addr FROM counter JOIN area ON counter.unit = area.id JOIN pokaz ON counter.id = pokaz.cId WHERE counter.id NOT IN 
               (SELECT counter.id FROM counter JOIN pokaz ON counter.id = cId WHERE ts = \'2023-02-01\'  AND counter.unit = 131 AND counter.typeC = denied AND counter.state = true GROUP BY counter.id)
               AND pokaz.ts =  \'2023-01-01\'  AND counter.unit = 131 AND counter.typeC = denied AND counter.state = true
               GROUP BY counter.id')
 5 APPPATH/Models/Telegram.php(74): App\Models\Search->findCountersNotFilled('131', 'denied', null)
 6 APPPATH/Models/Telegram.php(14): App\Models\Telegram->callback(Object(stdClass), Object(stdClass), 971483502)
 7 APPPATH/Controllers/Meters.php(158): App\Models\Telegram->telegram(Object(stdClass))
 8 SYSTEMPATH/CodeIgniter.php(927): App\Controllers\Meters->telegram()
 9 SYSTEMPATH/CodeIgniter.php(482): CodeIgniter\CodeIgniter->runController(Object(App\Controllers\Meters))
10 SYSTEMPATH/CodeIgniter.php(351): CodeIgniter\CodeIgniter->handleRequest(null, Object(Config\Cache), false)
11 FCPATH/index.php(67): CodeIgniter\CodeIgniter->run()
ERROR - 2023-03-15 10:59:59 --> mysqli_sql_exception: Unknown column 'denied' in 'where clause' in /ext/WWW/konex.com.ua/zayavki/system/Database/MySQLi/Connection.php:292
Stack trace:
#0 /ext/WWW/konex.com.ua/zayavki/system/Database/MySQLi/Connection.php(292): mysqli->query('SELECT counter....', 0)
#1 /ext/WWW/konex.com.ua/zayavki/system/Database/BaseConnection.php(666): CodeIgniter\Database\MySQLi\Connection->execute('SELECT counter....')
#2 /ext/WWW/konex.com.ua/zayavki/system/Database/BaseConnection.php(593): CodeIgniter\Database\BaseConnection->simpleQuery('SELECT counter....')
#3 /ext/WWW/konex.com.ua/zayavki/app/Models/Search.php(323): CodeIgniter\Database\BaseConnection->query('SELECT counter....')
#4 /ext/WWW/konex.com.ua/zayavki/app/Models/Telegram.php(74): App\Models\Search->findCountersNotFilled('131', 'denied', NULL)
#5 /ext/WWW/konex.com.ua/zayavki/app/Models/Telegram.php(14): App\Models\Telegram->callback(Object(stdClass), Object(stdClass), 971483502)
#6 /ext/WWW/konex.com.ua/zayavki/app/Controllers/Meters.php(158): App\Models\Telegram->telegram(Object(stdClass))
#7 /ext/WWW/konex.com.ua/zayavki/system/CodeIgniter.php(927): App\Controllers\Meters->telegram()
#8 /ext/WWW/konex.com.ua/zayavki/system/CodeIgniter.php(482): CodeIgniter\CodeIgniter->runController(Object(App\Controllers\Meters))
#9 /ext/WWW/konex.com.ua/zayavki/system/CodeIgniter.php(351): CodeIgniter\CodeIgniter->handleRequest(NULL, Object(Config\Cache), false)
#10 /ext/WWW/konex.com.ua/zayavki/public/index.php(67): CodeIgniter\CodeIgniter->run()
#11 {main}
CRITICAL - 2023-03-15 10:59:59 --> Unknown column 'denied' in 'where clause'
in SYSTEMPATH/Database/MySQLi/Connection.php on line 292.
 1 SYSTEMPATH/Database/MySQLi/Connection.php(292): mysqli->query('SELECT counter.id, counter.counterId, counter.counterName, area.unit, area.addr FROM counter JOIN area ON counter.unit = area.id JOIN pokaz ON counter.id = pokaz.cId WHERE counter.id NOT IN 
               (SELECT counter.id FROM counter JOIN pokaz ON counter.id = cId WHERE ts = \'2023-02-01\'  AND counter.unit = 131 AND counter.typeC = denied AND counter.state = true GROUP BY counter.id)
               AND pokaz.ts =  \'2023-01-01\'  AND counter.unit = 131 AND counter.typeC = denied AND counter.state = true
               GROUP BY counter.id', 0)
 2 SYSTEMPATH/Database/BaseConnection.php(666): CodeIgniter\Database\MySQLi\Connection->execute('SELECT counter.id, counter.counterId, counter.counterName, area.unit, area.addr FROM counter JOIN area ON counter.unit = area.id JOIN pokaz ON counter.id = pokaz.cId WHERE counter.id NOT IN 
               (SELECT counter.id FROM counter JOIN pokaz ON counter.id = cId WHERE ts = \'2023-02-01\'  AND counter.unit = 131 AND counter.typeC = denied AND counter.state = true GROUP BY counter.id)
               AND pokaz.ts =  \'2023-01-01\'  AND counter.unit = 131 AND counter.typeC = denied AND counter.state = true
               GROUP BY counter.id')
 3 SYSTEMPATH/Database/BaseConnection.php(593): CodeIgniter\Database\BaseConnection->simpleQuery('SELECT counter.id, counter.counterId, counter.counterName, area.unit, area.addr FROM counter JOIN area ON counter.unit = area.id JOIN pokaz ON counter.id = pokaz.cId WHERE counter.id NOT IN 
               (SELECT counter.id FROM counter JOIN pokaz ON counter.id = cId WHERE ts = \'2023-02-01\'  AND counter.unit = 131 AND counter.typeC = denied AND counter.state = true GROUP BY counter.id)
               AND pokaz.ts =  \'2023-01-01\'  AND counter.unit = 131 AND counter.typeC = denied AND counter.state = true
               GROUP BY counter.id')
 4 APPPATH/Models/Search.php(323): CodeIgniter\Database\BaseConnection->query('SELECT counter.id, counter.counterId, counter.counterName, area.unit, area.addr FROM counter JOIN area ON counter.unit = area.id JOIN pokaz ON counter.id = pokaz.cId WHERE counter.id NOT IN 
               (SELECT counter.id FROM counter JOIN pokaz ON counter.id = cId WHERE ts = \'2023-02-01\'  AND counter.unit = 131 AND counter.typeC = denied AND counter.state = true GROUP BY counter.id)
               AND pokaz.ts =  \'2023-01-01\'  AND counter.unit = 131 AND counter.typeC = denied AND counter.state = true
               GROUP BY counter.id')
 5 APPPATH/Models/Telegram.php(74): App\Models\Search->findCountersNotFilled('131', 'denied', null)
 6 APPPATH/Models/Telegram.php(14): App\Models\Telegram->callback(Object(stdClass), Object(stdClass), 971483502)
 7 APPPATH/Controllers/Meters.php(158): App\Models\Telegram->telegram(Object(stdClass))
 8 SYSTEMPATH/CodeIgniter.php(927): App\Controllers\Meters->telegram()
 9 SYSTEMPATH/CodeIgniter.php(482): CodeIgniter\CodeIgniter->runController(Object(App\Controllers\Meters))
10 SYSTEMPATH/CodeIgniter.php(351): CodeIgniter\CodeIgniter->handleRequest(null, Object(Config\Cache), false)
11 FCPATH/index.php(67): CodeIgniter\CodeIgniter->run()
ERROR - 2023-03-15 11:00:16 --> mysqli_sql_exception: Unknown column 'denied' in 'where clause' in /ext/WWW/konex.com.ua/zayavki/system/Database/MySQLi/Connection.php:292
Stack trace:
#0 /ext/WWW/konex.com.ua/zayavki/system/Database/MySQLi/Connection.php(292): mysqli->query('SELECT counter....', 0)
#1 /ext/WWW/konex.com.ua/zayavki/system/Database/BaseConnection.php(666): CodeIgniter\Database\MySQLi\Connection->execute('SELECT counter....')
#2 /ext/WWW/konex.com.ua/zayavki/system/Database/BaseConnection.php(593): CodeIgniter\Database\BaseConnection->simpleQuery('SELECT counter....')
#3 /ext/WWW/konex.com.ua/zayavki/app/Models/Search.php(323): CodeIgniter\Database\BaseConnection->query('SELECT counter....')
#4 /ext/WWW/konex.com.ua/zayavki/app/Models/Telegram.php(74): App\Models\Search->findCountersNotFilled('131', 'denied', NULL)
#5 /ext/WWW/konex.com.ua/zayavki/app/Models/Telegram.php(14): App\Models\Telegram->callback(Object(stdClass), Object(stdClass), 971483502)
#6 /ext/WWW/konex.com.ua/zayavki/app/Controllers/Meters.php(158): App\Models\Telegram->telegram(Object(stdClass))
#7 /ext/WWW/konex.com.ua/zayavki/system/CodeIgniter.php(927): App\Controllers\Meters->telegram()
#8 /ext/WWW/konex.com.ua/zayavki/system/CodeIgniter.php(482): CodeIgniter\CodeIgniter->runController(Object(App\Controllers\Meters))
#9 /ext/WWW/konex.com.ua/zayavki/system/CodeIgniter.php(351): CodeIgniter\CodeIgniter->handleRequest(NULL, Object(Config\Cache), false)
#10 /ext/WWW/konex.com.ua/zayavki/public/index.php(67): CodeIgniter\CodeIgniter->run()
#11 {main}
CRITICAL - 2023-03-15 11:00:16 --> Unknown column 'denied' in 'where clause'
in SYSTEMPATH/Database/MySQLi/Connection.php on line 292.
 1 SYSTEMPATH/Database/MySQLi/Connection.php(292): mysqli->query('SELECT counter.id, counter.counterId, counter.counterName, area.unit, area.addr FROM counter JOIN area ON counter.unit = area.id JOIN pokaz ON counter.id = pokaz.cId WHERE counter.id NOT IN 
               (SELECT counter.id FROM counter JOIN pokaz ON counter.id = cId WHERE ts = \'2023-02-01\'  AND counter.unit = 131 AND counter.typeC = denied AND counter.state = true GROUP BY counter.id)
               AND pokaz.ts =  \'2023-01-01\'  AND counter.unit = 131 AND counter.typeC = denied AND counter.state = true
               GROUP BY counter.id', 0)
 2 SYSTEMPATH/Database/BaseConnection.php(666): CodeIgniter\Database\MySQLi\Connection->execute('SELECT counter.id, counter.counterId, counter.counterName, area.unit, area.addr FROM counter JOIN area ON counter.unit = area.id JOIN pokaz ON counter.id = pokaz.cId WHERE counter.id NOT IN 
               (SELECT counter.id FROM counter JOIN pokaz ON counter.id = cId WHERE ts = \'2023-02-01\'  AND counter.unit = 131 AND counter.typeC = denied AND counter.state = true GROUP BY counter.id)
               AND pokaz.ts =  \'2023-01-01\'  AND counter.unit = 131 AND counter.typeC = denied AND counter.state = true
               GROUP BY counter.id')
 3 SYSTEMPATH/Database/BaseConnection.php(593): CodeIgniter\Database\BaseConnection->simpleQuery('SELECT counter.id, counter.counterId, counter.counterName, area.unit, area.addr FROM counter JOIN area ON counter.unit = area.id JOIN pokaz ON counter.id = pokaz.cId WHERE counter.id NOT IN 
               (SELECT counter.id FROM counter JOIN pokaz ON counter.id = cId WHERE ts = \'2023-02-01\'  AND counter.unit = 131 AND counter.typeC = denied AND counter.state = true GROUP BY counter.id)
               AND pokaz.ts =  \'2023-01-01\'  AND counter.unit = 131 AND counter.typeC = denied AND counter.state = true
               GROUP BY counter.id')
 4 APPPATH/Models/Search.php(323): CodeIgniter\Database\BaseConnection->query('SELECT counter.id, counter.counterId, counter.counterName, area.unit, area.addr FROM counter JOIN area ON counter.unit = area.id JOIN pokaz ON counter.id = pokaz.cId WHERE counter.id NOT IN 
               (SELECT counter.id FROM counter JOIN pokaz ON counter.id = cId WHERE ts = \'2023-02-01\'  AND counter.unit = 131 AND counter.typeC = denied AND counter.state = true GROUP BY counter.id)
               AND pokaz.ts =  \'2023-01-01\'  AND counter.unit = 131 AND counter.typeC = denied AND counter.state = true
               GROUP BY counter.id')
 5 APPPATH/Models/Telegram.php(74): App\Models\Search->findCountersNotFilled('131', 'denied', null)
 6 APPPATH/Models/Telegram.php(14): App\Models\Telegram->callback(Object(stdClass), Object(stdClass), 971483502)
 7 APPPATH/Controllers/Meters.php(158): App\Models\Telegram->telegram(Object(stdClass))
 8 SYSTEMPATH/CodeIgniter.php(927): App\Controllers\Meters->telegram()
 9 SYSTEMPATH/CodeIgniter.php(482): CodeIgniter\CodeIgniter->runController(Object(App\Controllers\Meters))
10 SYSTEMPATH/CodeIgniter.php(351): CodeIgniter\CodeIgniter->handleRequest(null, Object(Config\Cache), false)
11 FCPATH/index.php(67): CodeIgniter\CodeIgniter->run()
ERROR - 2023-03-15 11:00:48 --> mysqli_sql_exception: Unknown column 'denied' in 'where clause' in /ext/WWW/konex.com.ua/zayavki/system/Database/MySQLi/Connection.php:292
Stack trace:
#0 /ext/WWW/konex.com.ua/zayavki/system/Database/MySQLi/Connection.php(292): mysqli->query('SELECT counter....', 0)
#1 /ext/WWW/konex.com.ua/zayavki/system/Database/BaseConnection.php(666): CodeIgniter\Database\MySQLi\Connection->execute('SELECT counter....')
#2 /ext/WWW/konex.com.ua/zayavki/system/Database/BaseConnection.php(593): CodeIgniter\Database\BaseConnection->simpleQuery('SELECT counter....')
#3 /ext/WWW/konex.com.ua/zayavki/app/Models/Search.php(323): CodeIgniter\Database\BaseConnection->query('SELECT counter....')
#4 /ext/WWW/konex.com.ua/zayavki/app/Models/Telegram.php(74): App\Models\Search->findCountersNotFilled('131', 'denied', NULL)
#5 /ext/WWW/konex.com.ua/zayavki/app/Models/Telegram.php(14): App\Models\Telegram->callback(Object(stdClass), Object(stdClass), 971483502)
#6 /ext/WWW/konex.com.ua/zayavki/app/Controllers/Meters.php(158): App\Models\Telegram->telegram(Object(stdClass))
#7 /ext/WWW/konex.com.ua/zayavki/system/CodeIgniter.php(927): App\Controllers\Meters->telegram()
#8 /ext/WWW/konex.com.ua/zayavki/system/CodeIgniter.php(482): CodeIgniter\CodeIgniter->runController(Object(App\Controllers\Meters))
#9 /ext/WWW/konex.com.ua/zayavki/system/CodeIgniter.php(351): CodeIgniter\CodeIgniter->handleRequest(NULL, Object(Config\Cache), false)
#10 /ext/WWW/konex.com.ua/zayavki/public/index.php(67): CodeIgniter\CodeIgniter->run()
#11 {main}
CRITICAL - 2023-03-15 11:00:48 --> Unknown column 'denied' in 'where clause'
in SYSTEMPATH/Database/MySQLi/Connection.php on line 292.
 1 SYSTEMPATH/Database/MySQLi/Connection.php(292): mysqli->query('SELECT counter.id, counter.counterId, counter.counterName, area.unit, area.addr FROM counter JOIN area ON counter.unit = area.id JOIN pokaz ON counter.id = pokaz.cId WHERE counter.id NOT IN 
               (SELECT counter.id FROM counter JOIN pokaz ON counter.id = cId WHERE ts = \'2023-02-01\'  AND counter.unit = 131 AND counter.typeC = denied AND counter.state = true GROUP BY counter.id)
               AND pokaz.ts =  \'2023-01-01\'  AND counter.unit = 131 AND counter.typeC = denied AND counter.state = true
               GROUP BY counter.id', 0)
 2 SYSTEMPATH/Database/BaseConnection.php(666): CodeIgniter\Database\MySQLi\Connection->execute('SELECT counter.id, counter.counterId, counter.counterName, area.unit, area.addr FROM counter JOIN area ON counter.unit = area.id JOIN pokaz ON counter.id = pokaz.cId WHERE counter.id NOT IN 
               (SELECT counter.id FROM counter JOIN pokaz ON counter.id = cId WHERE ts = \'2023-02-01\'  AND counter.unit = 131 AND counter.typeC = denied AND counter.state = true GROUP BY counter.id)
               AND pokaz.ts =  \'2023-01-01\'  AND counter.unit = 131 AND counter.typeC = denied AND counter.state = true
               GROUP BY counter.id')
 3 SYSTEMPATH/Database/BaseConnection.php(593): CodeIgniter\Database\BaseConnection->simpleQuery('SELECT counter.id, counter.counterId, counter.counterName, area.unit, area.addr FROM counter JOIN area ON counter.unit = area.id JOIN pokaz ON counter.id = pokaz.cId WHERE counter.id NOT IN 
               (SELECT counter.id FROM counter JOIN pokaz ON counter.id = cId WHERE ts = \'2023-02-01\'  AND counter.unit = 131 AND counter.typeC = denied AND counter.state = true GROUP BY counter.id)
               AND pokaz.ts =  \'2023-01-01\'  AND counter.unit = 131 AND counter.typeC = denied AND counter.state = true
               GROUP BY counter.id')
 4 APPPATH/Models/Search.php(323): CodeIgniter\Database\BaseConnection->query('SELECT counter.id, counter.counterId, counter.counterName, area.unit, area.addr FROM counter JOIN area ON counter.unit = area.id JOIN pokaz ON counter.id = pokaz.cId WHERE counter.id NOT IN 
               (SELECT counter.id FROM counter JOIN pokaz ON counter.id = cId WHERE ts = \'2023-02-01\'  AND counter.unit = 131 AND counter.typeC = denied AND counter.state = true GROUP BY counter.id)
               AND pokaz.ts =  \'2023-01-01\'  AND counter.unit = 131 AND counter.typeC = denied AND counter.state = true
               GROUP BY counter.id')
 5 APPPATH/Models/Telegram.php(74): App\Models\Search->findCountersNotFilled('131', 'denied', null)
 6 APPPATH/Models/Telegram.php(14): App\Models\Telegram->callback(Object(stdClass), Object(stdClass), 971483502)
 7 APPPATH/Controllers/Meters.php(158): App\Models\Telegram->telegram(Object(stdClass))
 8 SYSTEMPATH/CodeIgniter.php(927): App\Controllers\Meters->telegram()
 9 SYSTEMPATH/CodeIgniter.php(482): CodeIgniter\CodeIgniter->runController(Object(App\Controllers\Meters))
10 SYSTEMPATH/CodeIgniter.php(351): CodeIgniter\CodeIgniter->handleRequest(null, Object(Config\Cache), false)
11 FCPATH/index.php(67): CodeIgniter\CodeIgniter->run()
ERROR - 2023-03-15 11:10:09 --> mysqli_sql_exception: Unknown column 'confirm' in 'where clause' in /ext/WWW/konex.com.ua/zayavki/system/Database/MySQLi/Connection.php:292
Stack trace:
#0 /ext/WWW/konex.com.ua/zayavki/system/Database/MySQLi/Connection.php(292): mysqli->query('SELECT counter....', 0)
#1 /ext/WWW/konex.com.ua/zayavki/system/Database/BaseConnection.php(666): CodeIgniter\Database\MySQLi\Connection->execute('SELECT counter....')
#2 /ext/WWW/konex.com.ua/zayavki/system/Database/BaseConnection.php(593): CodeIgniter\Database\BaseConnection->simpleQuery('SELECT counter....')
#3 /ext/WWW/konex.com.ua/zayavki/app/Models/Search.php(323): CodeIgniter\Database\BaseConnection->query('SELECT counter....')
#4 /ext/WWW/konex.com.ua/zayavki/app/Models/Telegram.php(74): App\Models\Search->findCountersNotFilled('131', 'confirm', NULL)
#5 /ext/WWW/konex.com.ua/zayavki/app/Models/Telegram.php(14): App\Models\Telegram->callback(Object(stdClass), Object(stdClass), 971483502)
#6 /ext/WWW/konex.com.ua/zayavki/app/Controllers/Meters.php(158): App\Models\Telegram->telegram(Object(stdClass))
#7 /ext/WWW/konex.com.ua/zayavki/system/CodeIgniter.php(927): App\Controllers\Meters->telegram()
#8 /ext/WWW/konex.com.ua/zayavki/system/CodeIgniter.php(482): CodeIgniter\CodeIgniter->runController(Object(App\Controllers\Meters))
#9 /ext/WWW/konex.com.ua/zayavki/system/CodeIgniter.php(351): CodeIgniter\CodeIgniter->handleRequest(NULL, Object(Config\Cache), false)
#10 /ext/WWW/konex.com.ua/zayavki/public/index.php(67): CodeIgniter\CodeIgniter->run()
#11 {main}
CRITICAL - 2023-03-15 11:10:09 --> Unknown column 'confirm' in 'where clause'
in SYSTEMPATH/Database/MySQLi/Connection.php on line 292.
 1 SYSTEMPATH/Database/MySQLi/Connection.php(292): mysqli->query('SELECT counter.id, counter.counterId, counter.counterName, area.unit, area.addr FROM counter JOIN area ON counter.unit = area.id JOIN pokaz ON counter.id = pokaz.cId WHERE counter.id NOT IN 
               (SELECT counter.id FROM counter JOIN pokaz ON counter.id = cId WHERE ts = \'2023-02-01\'  AND counter.unit = 131 AND counter.typeC = confirm AND counter.state = true GROUP BY counter.id)
               AND pokaz.ts =  \'2023-01-01\'  AND counter.unit = 131 AND counter.typeC = confirm AND counter.state = true
               GROUP BY counter.id', 0)
 2 SYSTEMPATH/Database/BaseConnection.php(666): CodeIgniter\Database\MySQLi\Connection->execute('SELECT counter.id, counter.counterId, counter.counterName, area.unit, area.addr FROM counter JOIN area ON counter.unit = area.id JOIN pokaz ON counter.id = pokaz.cId WHERE counter.id NOT IN 
               (SELECT counter.id FROM counter JOIN pokaz ON counter.id = cId WHERE ts = \'2023-02-01\'  AND counter.unit = 131 AND counter.typeC = confirm AND counter.state = true GROUP BY counter.id)
               AND pokaz.ts =  \'2023-01-01\'  AND counter.unit = 131 AND counter.typeC = confirm AND counter.state = true
               GROUP BY counter.id')
 3 SYSTEMPATH/Database/BaseConnection.php(593): CodeIgniter\Database\BaseConnection->simpleQuery('SELECT counter.id, counter.counterId, counter.counterName, area.unit, area.addr FROM counter JOIN area ON counter.unit = area.id JOIN pokaz ON counter.id = pokaz.cId WHERE counter.id NOT IN 
               (SELECT counter.id FROM counter JOIN pokaz ON counter.id = cId WHERE ts = \'2023-02-01\'  AND counter.unit = 131 AND counter.typeC = confirm AND counter.state = true GROUP BY counter.id)
               AND pokaz.ts =  \'2023-01-01\'  AND counter.unit = 131 AND counter.typeC = confirm AND counter.state = true
               GROUP BY counter.id')
 4 APPPATH/Models/Search.php(323): CodeIgniter\Database\BaseConnection->query('SELECT counter.id, counter.counterId, counter.counterName, area.unit, area.addr FROM counter JOIN area ON counter.unit = area.id JOIN pokaz ON counter.id = pokaz.cId WHERE counter.id NOT IN 
               (SELECT counter.id FROM counter JOIN pokaz ON counter.id = cId WHERE ts = \'2023-02-01\'  AND counter.unit = 131 AND counter.typeC = confirm AND counter.state = true GROUP BY counter.id)
               AND pokaz.ts =  \'2023-01-01\'  AND counter.unit = 131 AND counter.typeC = confirm AND counter.state = true
               GROUP BY counter.id')
 5 APPPATH/Models/Telegram.php(74): App\Models\Search->findCountersNotFilled('131', 'confirm', null)
 6 APPPATH/Models/Telegram.php(14): App\Models\Telegram->callback(Object(stdClass), Object(stdClass), 971483502)
 7 APPPATH/Controllers/Meters.php(158): App\Models\Telegram->telegram(Object(stdClass))
 8 SYSTEMPATH/CodeIgniter.php(927): App\Controllers\Meters->telegram()
 9 SYSTEMPATH/CodeIgniter.php(482): CodeIgniter\CodeIgniter->runController(Object(App\Controllers\Meters))
10 SYSTEMPATH/CodeIgniter.php(351): CodeIgniter\CodeIgniter->handleRequest(null, Object(Config\Cache), false)
11 FCPATH/index.php(67): CodeIgniter\CodeIgniter->run()
ERROR - 2023-03-15 11:10:19 --> mysqli_sql_exception: Unknown column 'confirm' in 'where clause' in /ext/WWW/konex.com.ua/zayavki/system/Database/MySQLi/Connection.php:292
Stack trace:
#0 /ext/WWW/konex.com.ua/zayavki/system/Database/MySQLi/Connection.php(292): mysqli->query('SELECT counter....', 0)
#1 /ext/WWW/konex.com.ua/zayavki/system/Database/BaseConnection.php(666): CodeIgniter\Database\MySQLi\Connection->execute('SELECT counter....')
#2 /ext/WWW/konex.com.ua/zayavki/system/Database/BaseConnection.php(593): CodeIgniter\Database\BaseConnection->simpleQuery('SELECT counter....')
#3 /ext/WWW/konex.com.ua/zayavki/app/Models/Search.php(323): CodeIgniter\Database\BaseConnection->query('SELECT counter....')
#4 /ext/WWW/konex.com.ua/zayavki/app/Models/Telegram.php(74): App\Models\Search->findCountersNotFilled('131', 'confirm', NULL)
#5 /ext/WWW/konex.com.ua/zayavki/app/Models/Telegram.php(14): App\Models\Telegram->callback(Object(stdClass), Object(stdClass), 971483502)
#6 /ext/WWW/konex.com.ua/zayavki/app/Controllers/Meters.php(158): App\Models\Telegram->telegram(Object(stdClass))
#7 /ext/WWW/konex.com.ua/zayavki/system/CodeIgniter.php(927): App\Controllers\Meters->telegram()
#8 /ext/WWW/konex.com.ua/zayavki/system/CodeIgniter.php(482): CodeIgniter\CodeIgniter->runController(Object(App\Controllers\Meters))
#9 /ext/WWW/konex.com.ua/zayavki/system/CodeIgniter.php(351): CodeIgniter\CodeIgniter->handleRequest(NULL, Object(Config\Cache), false)
#10 /ext/WWW/konex.com.ua/zayavki/public/index.php(67): CodeIgniter\CodeIgniter->run()
#11 {main}
CRITICAL - 2023-03-15 11:10:19 --> Unknown column 'confirm' in 'where clause'
in SYSTEMPATH/Database/MySQLi/Connection.php on line 292.
 1 SYSTEMPATH/Database/MySQLi/Connection.php(292): mysqli->query('SELECT counter.id, counter.counterId, counter.counterName, area.unit, area.addr FROM counter JOIN area ON counter.unit = area.id JOIN pokaz ON counter.id = pokaz.cId WHERE counter.id NOT IN 
               (SELECT counter.id FROM counter JOIN pokaz ON counter.id = cId WHERE ts = \'2023-02-01\'  AND counter.unit = 131 AND counter.typeC = confirm AND counter.state = true GROUP BY counter.id)
               AND pokaz.ts =  \'2023-01-01\'  AND counter.unit = 131 AND counter.typeC = confirm AND counter.state = true
               GROUP BY counter.id', 0)
 2 SYSTEMPATH/Database/BaseConnection.php(666): CodeIgniter\Database\MySQLi\Connection->execute('SELECT counter.id, counter.counterId, counter.counterName, area.unit, area.addr FROM counter JOIN area ON counter.unit = area.id JOIN pokaz ON counter.id = pokaz.cId WHERE counter.id NOT IN 
               (SELECT counter.id FROM counter JOIN pokaz ON counter.id = cId WHERE ts = \'2023-02-01\'  AND counter.unit = 131 AND counter.typeC = confirm AND counter.state = true GROUP BY counter.id)
               AND pokaz.ts =  \'2023-01-01\'  AND counter.unit = 131 AND counter.typeC = confirm AND counter.state = true
               GROUP BY counter.id')
 3 SYSTEMPATH/Database/BaseConnection.php(593): CodeIgniter\Database\BaseConnection->simpleQuery('SELECT counter.id, counter.counterId, counter.counterName, area.unit, area.addr FROM counter JOIN area ON counter.unit = area.id JOIN pokaz ON counter.id = pokaz.cId WHERE counter.id NOT IN 
               (SELECT counter.id FROM counter JOIN pokaz ON counter.id = cId WHERE ts = \'2023-02-01\'  AND counter.unit = 131 AND counter.typeC = confirm AND counter.state = true GROUP BY counter.id)
               AND pokaz.ts =  \'2023-01-01\'  AND counter.unit = 131 AND counter.typeC = confirm AND counter.state = true
               GROUP BY counter.id')
 4 APPPATH/Models/Search.php(323): CodeIgniter\Database\BaseConnection->query('SELECT counter.id, counter.counterId, counter.counterName, area.unit, area.addr FROM counter JOIN area ON counter.unit = area.id JOIN pokaz ON counter.id = pokaz.cId WHERE counter.id NOT IN 
               (SELECT counter.id FROM counter JOIN pokaz ON counter.id = cId WHERE ts = \'2023-02-01\'  AND counter.unit = 131 AND counter.typeC = confirm AND counter.state = true GROUP BY counter.id)
               AND pokaz.ts =  \'2023-01-01\'  AND counter.unit = 131 AND counter.typeC = confirm AND counter.state = true
               GROUP BY counter.id')
 5 APPPATH/Models/Telegram.php(74): App\Models\Search->findCountersNotFilled('131', 'confirm', null)
 6 APPPATH/Models/Telegram.php(14): App\Models\Telegram->callback(Object(stdClass), Object(stdClass), 971483502)
 7 APPPATH/Controllers/Meters.php(158): App\Models\Telegram->telegram(Object(stdClass))
 8 SYSTEMPATH/CodeIgniter.php(927): App\Controllers\Meters->telegram()
 9 SYSTEMPATH/CodeIgniter.php(482): CodeIgniter\CodeIgniter->runController(Object(App\Controllers\Meters))
10 SYSTEMPATH/CodeIgniter.php(351): CodeIgniter\CodeIgniter->handleRequest(null, Object(Config\Cache), false)
11 FCPATH/index.php(67): CodeIgniter\CodeIgniter->run()
