CRITICAL - 2023-03-21 07:26:16 --> Undefined property: stdClass::$callback_query
in APPPATH/Models/Telegram.php on line 12.
 1 APPPATH/Models/Telegram.php(12): CodeIgniter\Debug\Exceptions->errorHandler(8, 'Undefined property: stdClass::$callback_query', 'APPPATH/Models/Telegram.php', 12, [...])
 2 APPPATH/Controllers/Meters.php(158): App\Models\Telegram->telegram(Object(stdClass))
 3 SYSTEMPATH/CodeIgniter.php(927): App\Controllers\Meters->telegram()
 4 SYSTEMPATH/CodeIgniter.php(482): CodeIgniter\CodeIgniter->runController(Object(App\Controllers\Meters))
 5 SYSTEMPATH/CodeIgniter.php(351): CodeIgniter\CodeIgniter->handleRequest(null, Object(Config\Cache), false)
 6 FCPATH/index.php(67): CodeIgniter\CodeIgniter->run()
CRITICAL - 2023-03-21 07:27:34 --> Undefined property: stdClass::$callback_query
in APPPATH/Models/Telegram.php on line 12.
 1 APPPATH/Models/Telegram.php(12): CodeIgniter\Debug\Exceptions->errorHandler(8, 'Undefined property: stdClass::$callback_query', 'APPPATH/Models/Telegram.php', 12, [...])
 2 APPPATH/Controllers/Meters.php(158): App\Models\Telegram->telegram(Object(stdClass))
 3 SYSTEMPATH/CodeIgniter.php(927): App\Controllers\Meters->telegram()
 4 SYSTEMPATH/CodeIgniter.php(482): CodeIgniter\CodeIgniter->runController(Object(App\Controllers\Meters))
 5 SYSTEMPATH/CodeIgniter.php(351): CodeIgniter\CodeIgniter->handleRequest(null, Object(Config\Cache), false)
 6 FCPATH/index.php(67): CodeIgniter\CodeIgniter->run()
CRITICAL - 2023-03-21 07:28:47 --> Undefined property: stdClass::$callback_query
in APPPATH/Models/Telegram.php on line 12.
 1 APPPATH/Models/Telegram.php(12): CodeIgniter\Debug\Exceptions->errorHandler(8, 'Undefined property: stdClass::$callback_query', 'APPPATH/Models/Telegram.php', 12, [...])
 2 APPPATH/Controllers/Meters.php(158): App\Models\Telegram->telegram(Object(stdClass))
 3 SYSTEMPATH/CodeIgniter.php(927): App\Controllers\Meters->telegram()
 4 SYSTEMPATH/CodeIgniter.php(482): CodeIgniter\CodeIgniter->runController(Object(App\Controllers\Meters))
 5 SYSTEMPATH/CodeIgniter.php(351): CodeIgniter\CodeIgniter->handleRequest(null, Object(Config\Cache), false)
 6 FCPATH/index.php(67): CodeIgniter\CodeIgniter->run()
CRITICAL - 2023-03-21 07:39:52 --> Undefined property: stdClass::$callback_query
in APPPATH/Models/Telegram.php on line 12.
 1 APPPATH/Models/Telegram.php(12): CodeIgniter\Debug\Exceptions->errorHandler(8, 'Undefined property: stdClass::$callback_query', 'APPPATH/Models/Telegram.php', 12, [...])
 2 APPPATH/Controllers/Meters.php(158): App\Models\Telegram->telegram(Object(stdClass))
 3 SYSTEMPATH/CodeIgniter.php(927): App\Controllers\Meters->telegram()
 4 SYSTEMPATH/CodeIgniter.php(482): CodeIgniter\CodeIgniter->runController(Object(App\Controllers\Meters))
 5 SYSTEMPATH/CodeIgniter.php(351): CodeIgniter\CodeIgniter->handleRequest(null, Object(Config\Cache), false)
 6 FCPATH/index.php(67): CodeIgniter\CodeIgniter->run()
CRITICAL - 2023-03-21 07:41:09 --> Undefined property: stdClass::$callback_query
in APPPATH/Models/Telegram.php on line 12.
 1 APPPATH/Models/Telegram.php(12): CodeIgniter\Debug\Exceptions->errorHandler(8, 'Undefined property: stdClass::$callback_query', 'APPPATH/Models/Telegram.php', 12, [...])
 2 APPPATH/Controllers/Meters.php(158): App\Models\Telegram->telegram(Object(stdClass))
 3 SYSTEMPATH/CodeIgniter.php(927): App\Controllers\Meters->telegram()
 4 SYSTEMPATH/CodeIgniter.php(482): CodeIgniter\CodeIgniter->runController(Object(App\Controllers\Meters))
 5 SYSTEMPATH/CodeIgniter.php(351): CodeIgniter\CodeIgniter->handleRequest(null, Object(Config\Cache), false)
 6 FCPATH/index.php(67): CodeIgniter\CodeIgniter->run()
CRITICAL - 2023-03-21 07:42:54 --> Undefined property: stdClass::$callback_query
in APPPATH/Models/Telegram.php on line 12.
 1 APPPATH/Models/Telegram.php(12): CodeIgniter\Debug\Exceptions->errorHandler(8, 'Undefined property: stdClass::$callback_query', 'APPPATH/Models/Telegram.php', 12, [...])
 2 APPPATH/Controllers/Meters.php(158): App\Models\Telegram->telegram(Object(stdClass))
 3 SYSTEMPATH/CodeIgniter.php(927): App\Controllers\Meters->telegram()
 4 SYSTEMPATH/CodeIgniter.php(482): CodeIgniter\CodeIgniter->runController(Object(App\Controllers\Meters))
 5 SYSTEMPATH/CodeIgniter.php(351): CodeIgniter\CodeIgniter->handleRequest(null, Object(Config\Cache), false)
 6 FCPATH/index.php(67): CodeIgniter\CodeIgniter->run()
CRITICAL - 2023-03-21 10:53:28 --> syntax error, unexpected ']', expecting ';'
in APPPATH/Models/Telegram.php on line 14.
 1 SYSTEMPATH/Autoloader/Autoloader.php(259): CodeIgniter\Autoloader\Autoloader->includeFile('APPPATH/Models/Telegram.php')
 2 SYSTEMPATH/Autoloader/Autoloader.php(237): CodeIgniter\Autoloader\Autoloader->loadInNamespace('App\\Models\\Telegram')
 3 [internal function]: CodeIgniter\Autoloader\Autoloader->loadClass('App\\Models\\Telegram')
 4 APPPATH/Controllers/Meters.php(26): spl_autoload_call('App\\Models\\Telegram')
 5 SYSTEMPATH/CodeIgniter.php(889): App\Controllers\Meters->__construct()
 6 SYSTEMPATH/CodeIgniter.php(473): CodeIgniter\CodeIgniter->createController()
 7 SYSTEMPATH/CodeIgniter.php(351): CodeIgniter\CodeIgniter->handleRequest(null, Object(Config\Cache), false)
 8 FCPATH/index.php(67): CodeIgniter\CodeIgniter->run()
CRITICAL - 2023-03-21 10:53:28 --> syntax error, unexpected ']', expecting ';'
in APPPATH/Models/Telegram.php on line 14.
 1 SYSTEMPATH/Autoloader/Autoloader.php(259): CodeIgniter\Autoloader\Autoloader->includeFile('APPPATH/Models/Telegram.php')
 2 SYSTEMPATH/Autoloader/Autoloader.php(237): CodeIgniter\Autoloader\Autoloader->loadInNamespace('App\\Models\\Telegram')
 3 [internal function]: CodeIgniter\Autoloader\Autoloader->loadClass('App\\Models\\Telegram')
 4 APPPATH/Controllers/Meters.php(26): spl_autoload_call('App\\Models\\Telegram')
 5 SYSTEMPATH/CodeIgniter.php(889): App\Controllers\Meters->__construct()
 6 SYSTEMPATH/CodeIgniter.php(473): CodeIgniter\CodeIgniter->createController()
 7 SYSTEMPATH/CodeIgniter.php(351): CodeIgniter\CodeIgniter->handleRequest(null, Object(Config\Cache), false)
 8 FCPATH/index.php(67): CodeIgniter\CodeIgniter->run()
CRITICAL - 2023-03-21 10:53:28 --> syntax error, unexpected ']', expecting ';'
in APPPATH/Models/Telegram.php on line 14.
 1 SYSTEMPATH/Autoloader/Autoloader.php(259): CodeIgniter\Autoloader\Autoloader->includeFile('APPPATH/Models/Telegram.php')
 2 SYSTEMPATH/Autoloader/Autoloader.php(237): CodeIgniter\Autoloader\Autoloader->loadInNamespace('App\\Models\\Telegram')
 3 [internal function]: CodeIgniter\Autoloader\Autoloader->loadClass('App\\Models\\Telegram')
 4 APPPATH/Controllers/Meters.php(26): spl_autoload_call('App\\Models\\Telegram')
 5 SYSTEMPATH/CodeIgniter.php(889): App\Controllers\Meters->__construct()
 6 SYSTEMPATH/CodeIgniter.php(473): CodeIgniter\CodeIgniter->createController()
 7 SYSTEMPATH/CodeIgniter.php(351): CodeIgniter\CodeIgniter->handleRequest(null, Object(Config\Cache), false)
 8 FCPATH/index.php(67): CodeIgniter\CodeIgniter->run()
CRITICAL - 2023-03-21 10:53:30 --> syntax error, unexpected ']', expecting ';'
in APPPATH/Models/Telegram.php on line 14.
 1 SYSTEMPATH/Autoloader/Autoloader.php(259): CodeIgniter\Autoloader\Autoloader->includeFile('APPPATH/Models/Telegram.php')
 2 SYSTEMPATH/Autoloader/Autoloader.php(237): CodeIgniter\Autoloader\Autoloader->loadInNamespace('App\\Models\\Telegram')
 3 [internal function]: CodeIgniter\Autoloader\Autoloader->loadClass('App\\Models\\Telegram')
 4 APPPATH/Controllers/Meters.php(26): spl_autoload_call('App\\Models\\Telegram')
 5 SYSTEMPATH/CodeIgniter.php(889): App\Controllers\Meters->__construct()
 6 SYSTEMPATH/CodeIgniter.php(473): CodeIgniter\CodeIgniter->createController()
 7 SYSTEMPATH/CodeIgniter.php(351): CodeIgniter\CodeIgniter->handleRequest(null, Object(Config\Cache), false)
 8 FCPATH/index.php(67): CodeIgniter\CodeIgniter->run()
CRITICAL - 2023-03-21 10:53:34 --> syntax error, unexpected ']', expecting ';'
in APPPATH/Models/Telegram.php on line 14.
 1 SYSTEMPATH/Autoloader/Autoloader.php(259): CodeIgniter\Autoloader\Autoloader->includeFile('APPPATH/Models/Telegram.php')
 2 SYSTEMPATH/Autoloader/Autoloader.php(237): CodeIgniter\Autoloader\Autoloader->loadInNamespace('App\\Models\\Telegram')
 3 [internal function]: CodeIgniter\Autoloader\Autoloader->loadClass('App\\Models\\Telegram')
 4 APPPATH/Controllers/Meters.php(26): spl_autoload_call('App\\Models\\Telegram')
 5 SYSTEMPATH/CodeIgniter.php(889): App\Controllers\Meters->__construct()
 6 SYSTEMPATH/CodeIgniter.php(473): CodeIgniter\CodeIgniter->createController()
 7 SYSTEMPATH/CodeIgniter.php(351): CodeIgniter\CodeIgniter->handleRequest(null, Object(Config\Cache), false)
 8 FCPATH/index.php(67): CodeIgniter\CodeIgniter->run()
CRITICAL - 2023-03-21 10:53:42 --> syntax error, unexpected ']', expecting ';'
in APPPATH/Models/Telegram.php on line 14.
 1 SYSTEMPATH/Autoloader/Autoloader.php(259): CodeIgniter\Autoloader\Autoloader->includeFile('APPPATH/Models/Telegram.php')
 2 SYSTEMPATH/Autoloader/Autoloader.php(237): CodeIgniter\Autoloader\Autoloader->loadInNamespace('App\\Models\\Telegram')
 3 [internal function]: CodeIgniter\Autoloader\Autoloader->loadClass('App\\Models\\Telegram')
 4 APPPATH/Controllers/Meters.php(26): spl_autoload_call('App\\Models\\Telegram')
 5 SYSTEMPATH/CodeIgniter.php(889): App\Controllers\Meters->__construct()
 6 SYSTEMPATH/CodeIgniter.php(473): CodeIgniter\CodeIgniter->createController()
 7 SYSTEMPATH/CodeIgniter.php(351): CodeIgniter\CodeIgniter->handleRequest(null, Object(Config\Cache), false)
 8 FCPATH/index.php(67): CodeIgniter\CodeIgniter->run()
CRITICAL - 2023-03-21 10:53:59 --> syntax error, unexpected ']', expecting ';'
in APPPATH/Models/Telegram.php on line 14.
 1 SYSTEMPATH/Autoloader/Autoloader.php(259): CodeIgniter\Autoloader\Autoloader->includeFile('APPPATH/Models/Telegram.php')
 2 SYSTEMPATH/Autoloader/Autoloader.php(237): CodeIgniter\Autoloader\Autoloader->loadInNamespace('App\\Models\\Telegram')
 3 [internal function]: CodeIgniter\Autoloader\Autoloader->loadClass('App\\Models\\Telegram')
 4 APPPATH/Controllers/Meters.php(26): spl_autoload_call('App\\Models\\Telegram')
 5 SYSTEMPATH/CodeIgniter.php(889): App\Controllers\Meters->__construct()
 6 SYSTEMPATH/CodeIgniter.php(473): CodeIgniter\CodeIgniter->createController()
 7 SYSTEMPATH/CodeIgniter.php(351): CodeIgniter\CodeIgniter->handleRequest(null, Object(Config\Cache), false)
 8 FCPATH/index.php(67): CodeIgniter\CodeIgniter->run()
