CRITICAL - 2023-05-10 00:08:09 --> Trying to get property 'unit' of non-object
in APPPATH/Views/meters.php on line 30.
 1 APPPATH/Views/meters.php(30): CodeIgniter\Debug\Exceptions->errorHandler(8, 'Trying to get property \'unit\' of non-object', 'APPPATH/Views/meters.php', 30, [...])
 2 SYSTEMPATH/View/View.php(213): include('APPPATH/Views/meters.php')
 3 SYSTEMPATH/View/View.php(216): CodeIgniter\View\View->CodeIgniter\View\{closure}()
 4 SYSTEMPATH/Common.php(1134): CodeIgniter\View\View->render('meters', [], true)
 5 APPPATH/Controllers/Meters.php(109): view('meters', [...])
 6 SYSTEMPATH/CodeIgniter.php(927): App\Controllers\Meters->meters()
 7 SYSTEMPATH/CodeIgniter.php(482): CodeIgniter\CodeIgniter->runController(Object(App\Controllers\Meters))
 8 SYSTEMPATH/CodeIgniter.php(351): CodeIgniter\CodeIgniter->handleRequest(null, Object(Config\Cache), false)
 9 FCPATH/index.php(67): CodeIgniter\CodeIgniter->run()
CRITICAL - 2023-05-10 00:08:14 --> Trying to get property 'unit' of non-object
in APPPATH/Views/meters.php on line 30.
 1 APPPATH/Views/meters.php(30): CodeIgniter\Debug\Exceptions->errorHandler(8, 'Trying to get property \'unit\' of non-object', 'APPPATH/Views/meters.php', 30, [...])
 2 SYSTEMPATH/View/View.php(213): include('APPPATH/Views/meters.php')
 3 SYSTEMPATH/View/View.php(216): CodeIgniter\View\View->CodeIgniter\View\{closure}()
 4 SYSTEMPATH/Common.php(1134): CodeIgniter\View\View->render('meters', [], true)
 5 APPPATH/Controllers/Meters.php(109): view('meters', [...])
 6 SYSTEMPATH/CodeIgniter.php(927): App\Controllers\Meters->meters()
 7 SYSTEMPATH/CodeIgniter.php(482): CodeIgniter\CodeIgniter->runController(Object(App\Controllers\Meters))
 8 SYSTEMPATH/CodeIgniter.php(351): CodeIgniter\CodeIgniter->handleRequest(null, Object(Config\Cache), false)
 9 FCPATH/index.php(67): CodeIgniter\CodeIgniter->run()
CRITICAL - 2023-05-10 00:08:39 --> Trying to get property 'unit' of non-object
in APPPATH/Views/meters.php on line 30.
 1 APPPATH/Views/meters.php(30): CodeIgniter\Debug\Exceptions->errorHandler(8, 'Trying to get property \'unit\' of non-object', 'APPPATH/Views/meters.php', 30, [...])
 2 SYSTEMPATH/View/View.php(213): include('APPPATH/Views/meters.php')
 3 SYSTEMPATH/View/View.php(216): CodeIgniter\View\View->CodeIgniter\View\{closure}()
 4 SYSTEMPATH/Common.php(1134): CodeIgniter\View\View->render('meters', [], true)
 5 APPPATH/Controllers/Meters.php(109): view('meters', [...])
 6 SYSTEMPATH/CodeIgniter.php(927): App\Controllers\Meters->meters()
 7 SYSTEMPATH/CodeIgniter.php(482): CodeIgniter\CodeIgniter->runController(Object(App\Controllers\Meters))
 8 SYSTEMPATH/CodeIgniter.php(351): CodeIgniter\CodeIgniter->handleRequest(null, Object(Config\Cache), false)
 9 FCPATH/index.php(67): CodeIgniter\CodeIgniter->run()
CRITICAL - 2023-05-10 00:09:00 --> Trying to get property 'unit' of non-object
in APPPATH/Views/meters.php on line 30.
 1 APPPATH/Views/meters.php(30): CodeIgniter\Debug\Exceptions->errorHandler(8, 'Trying to get property \'unit\' of non-object', 'APPPATH/Views/meters.php', 30, [...])
 2 SYSTEMPATH/View/View.php(213): include('APPPATH/Views/meters.php')
 3 SYSTEMPATH/View/View.php(216): CodeIgniter\View\View->CodeIgniter\View\{closure}()
 4 SYSTEMPATH/Common.php(1134): CodeIgniter\View\View->render('meters', [], true)
 5 APPPATH/Controllers/Meters.php(109): view('meters', [...])
 6 SYSTEMPATH/CodeIgniter.php(927): App\Controllers\Meters->meters()
 7 SYSTEMPATH/CodeIgniter.php(482): CodeIgniter\CodeIgniter->runController(Object(App\Controllers\Meters))
 8 SYSTEMPATH/CodeIgniter.php(351): CodeIgniter\CodeIgniter->handleRequest(null, Object(Config\Cache), false)
 9 FCPATH/index.php(67): CodeIgniter\CodeIgniter->run()
CRITICAL - 2023-05-10 00:09:16 --> Trying to get property 'unit' of non-object
in APPPATH/Views/meters.php on line 30.
 1 APPPATH/Views/meters.php(30): CodeIgniter\Debug\Exceptions->errorHandler(8, 'Trying to get property \'unit\' of non-object', 'APPPATH/Views/meters.php', 30, [...])
 2 SYSTEMPATH/View/View.php(213): include('APPPATH/Views/meters.php')
 3 SYSTEMPATH/View/View.php(216): CodeIgniter\View\View->CodeIgniter\View\{closure}()
 4 SYSTEMPATH/Common.php(1134): CodeIgniter\View\View->render('meters', [], true)
 5 APPPATH/Controllers/Meters.php(109): view('meters', [...])
 6 SYSTEMPATH/CodeIgniter.php(927): App\Controllers\Meters->meters()
 7 SYSTEMPATH/CodeIgniter.php(482): CodeIgniter\CodeIgniter->runController(Object(App\Controllers\Meters))
 8 SYSTEMPATH/CodeIgniter.php(351): CodeIgniter\CodeIgniter->handleRequest(null, Object(Config\Cache), false)
 9 FCPATH/index.php(67): CodeIgniter\CodeIgniter->run()
CRITICAL - 2023-05-10 03:01:00 --> Trying to get property 'unit' of non-object
in APPPATH/Views/meters.php on line 30.
 1 APPPATH/Views/meters.php(30): CodeIgniter\Debug\Exceptions->errorHandler(8, 'Trying to get property \'unit\' of non-object', 'APPPATH/Views/meters.php', 30, [...])
 2 SYSTEMPATH/View/View.php(213): include('APPPATH/Views/meters.php')
 3 SYSTEMPATH/View/View.php(216): CodeIgniter\View\View->CodeIgniter\View\{closure}()
 4 SYSTEMPATH/Common.php(1134): CodeIgniter\View\View->render('meters', [], true)
 5 APPPATH/Controllers/Meters.php(109): view('meters', [...])
 6 SYSTEMPATH/CodeIgniter.php(927): App\Controllers\Meters->meters()
 7 SYSTEMPATH/CodeIgniter.php(482): CodeIgniter\CodeIgniter->runController(Object(App\Controllers\Meters))
 8 SYSTEMPATH/CodeIgniter.php(351): CodeIgniter\CodeIgniter->handleRequest(null, Object(Config\Cache), false)
 9 FCPATH/index.php(67): CodeIgniter\CodeIgniter->run()
CRITICAL - 2023-05-10 03:01:06 --> Trying to get property 'unit' of non-object
in APPPATH/Views/meters.php on line 30.
 1 APPPATH/Views/meters.php(30): CodeIgniter\Debug\Exceptions->errorHandler(8, 'Trying to get property \'unit\' of non-object', 'APPPATH/Views/meters.php', 30, [...])
 2 SYSTEMPATH/View/View.php(213): include('APPPATH/Views/meters.php')
 3 SYSTEMPATH/View/View.php(216): CodeIgniter\View\View->CodeIgniter\View\{closure}()
 4 SYSTEMPATH/Common.php(1134): CodeIgniter\View\View->render('meters', [], true)
 5 APPPATH/Controllers/Meters.php(109): view('meters', [...])
 6 SYSTEMPATH/CodeIgniter.php(927): App\Controllers\Meters->meters()
 7 SYSTEMPATH/CodeIgniter.php(482): CodeIgniter\CodeIgniter->runController(Object(App\Controllers\Meters))
 8 SYSTEMPATH/CodeIgniter.php(351): CodeIgniter\CodeIgniter->handleRequest(null, Object(Config\Cache), false)
 9 FCPATH/index.php(67): CodeIgniter\CodeIgniter->run()
CRITICAL - 2023-05-10 03:47:16 --> Trying to get property 'unit' of non-object
in APPPATH/Views/meters.php on line 30.
 1 APPPATH/Views/meters.php(30): CodeIgniter\Debug\Exceptions->errorHandler(8, 'Trying to get property \'unit\' of non-object', 'APPPATH/Views/meters.php', 30, [...])
 2 SYSTEMPATH/View/View.php(213): include('APPPATH/Views/meters.php')
 3 SYSTEMPATH/View/View.php(216): CodeIgniter\View\View->CodeIgniter\View\{closure}()
 4 SYSTEMPATH/Common.php(1134): CodeIgniter\View\View->render('meters', [], true)
 5 APPPATH/Controllers/Meters.php(109): view('meters', [...])
 6 SYSTEMPATH/CodeIgniter.php(927): App\Controllers\Meters->meters()
 7 SYSTEMPATH/CodeIgniter.php(482): CodeIgniter\CodeIgniter->runController(Object(App\Controllers\Meters))
 8 SYSTEMPATH/CodeIgniter.php(351): CodeIgniter\CodeIgniter->handleRequest(null, Object(Config\Cache), false)
 9 FCPATH/index.php(67): CodeIgniter\CodeIgniter->run()
CRITICAL - 2023-05-10 04:09:46 --> Trying to get property 'unit' of non-object
in APPPATH/Views/meters.php on line 30.
 1 APPPATH/Views/meters.php(30): CodeIgniter\Debug\Exceptions->errorHandler(8, 'Trying to get property \'unit\' of non-object', 'APPPATH/Views/meters.php', 30, [...])
 2 SYSTEMPATH/View/View.php(213): include('APPPATH/Views/meters.php')
 3 SYSTEMPATH/View/View.php(216): CodeIgniter\View\View->CodeIgniter\View\{closure}()
 4 SYSTEMPATH/Common.php(1134): CodeIgniter\View\View->render('meters', [], true)
 5 APPPATH/Controllers/Meters.php(109): view('meters', [...])
 6 SYSTEMPATH/CodeIgniter.php(927): App\Controllers\Meters->meters()
 7 SYSTEMPATH/CodeIgniter.php(482): CodeIgniter\CodeIgniter->runController(Object(App\Controllers\Meters))
 8 SYSTEMPATH/CodeIgniter.php(351): CodeIgniter\CodeIgniter->handleRequest(null, Object(Config\Cache), false)
 9 FCPATH/index.php(67): CodeIgniter\CodeIgniter->run()
CRITICAL - 2023-05-10 06:13:54 --> Trying to get property 'unit' of non-object
in APPPATH/Views/meters.php on line 30.
 1 APPPATH/Views/meters.php(30): CodeIgniter\Debug\Exceptions->errorHandler(8, 'Trying to get property \'unit\' of non-object', 'APPPATH/Views/meters.php', 30, [...])
 2 SYSTEMPATH/View/View.php(213): include('APPPATH/Views/meters.php')
 3 SYSTEMPATH/View/View.php(216): CodeIgniter\View\View->CodeIgniter\View\{closure}()
 4 SYSTEMPATH/Common.php(1134): CodeIgniter\View\View->render('meters', [], true)
 5 APPPATH/Controllers/Meters.php(109): view('meters', [...])
 6 SYSTEMPATH/CodeIgniter.php(927): App\Controllers\Meters->meters()
 7 SYSTEMPATH/CodeIgniter.php(482): CodeIgniter\CodeIgniter->runController(Object(App\Controllers\Meters))
 8 SYSTEMPATH/CodeIgniter.php(351): CodeIgniter\CodeIgniter->handleRequest(null, Object(Config\Cache), false)
 9 FCPATH/index.php(67): CodeIgniter\CodeIgniter->run()
CRITICAL - 2023-05-10 06:14:10 --> Trying to get property 'unit' of non-object
in APPPATH/Views/meters.php on line 30.
 1 APPPATH/Views/meters.php(30): CodeIgniter\Debug\Exceptions->errorHandler(8, 'Trying to get property \'unit\' of non-object', 'APPPATH/Views/meters.php', 30, [...])
 2 SYSTEMPATH/View/View.php(213): include('APPPATH/Views/meters.php')
 3 SYSTEMPATH/View/View.php(216): CodeIgniter\View\View->CodeIgniter\View\{closure}()
 4 SYSTEMPATH/Common.php(1134): CodeIgniter\View\View->render('meters', [], true)
 5 APPPATH/Controllers/Meters.php(109): view('meters', [...])
 6 SYSTEMPATH/CodeIgniter.php(927): App\Controllers\Meters->meters()
 7 SYSTEMPATH/CodeIgniter.php(482): CodeIgniter\CodeIgniter->runController(Object(App\Controllers\Meters))
 8 SYSTEMPATH/CodeIgniter.php(351): CodeIgniter\CodeIgniter->handleRequest(null, Object(Config\Cache), false)
 9 FCPATH/index.php(67): CodeIgniter\CodeIgniter->run()
CRITICAL - 2023-05-10 06:14:21 --> Trying to get property 'unit' of non-object
in APPPATH/Views/meters.php on line 30.
 1 APPPATH/Views/meters.php(30): CodeIgniter\Debug\Exceptions->errorHandler(8, 'Trying to get property \'unit\' of non-object', 'APPPATH/Views/meters.php', 30, [...])
 2 SYSTEMPATH/View/View.php(213): include('APPPATH/Views/meters.php')
 3 SYSTEMPATH/View/View.php(216): CodeIgniter\View\View->CodeIgniter\View\{closure}()
 4 SYSTEMPATH/Common.php(1134): CodeIgniter\View\View->render('meters', [], true)
 5 APPPATH/Controllers/Meters.php(109): view('meters', [...])
 6 SYSTEMPATH/CodeIgniter.php(927): App\Controllers\Meters->meters()
 7 SYSTEMPATH/CodeIgniter.php(482): CodeIgniter\CodeIgniter->runController(Object(App\Controllers\Meters))
 8 SYSTEMPATH/CodeIgniter.php(351): CodeIgniter\CodeIgniter->handleRequest(null, Object(Config\Cache), false)
 9 FCPATH/index.php(67): CodeIgniter\CodeIgniter->run()
ERROR - 2023-05-10 06:15:45 --> mysqli_sql_exception: Duplicate entry 'test' for key 'user.login' in /ext/WWW/konex.com.ua/meters/system/Database/MySQLi/Connection.php:292
Stack trace:
#0 /ext/WWW/konex.com.ua/meters/system/Database/MySQLi/Connection.php(292): mysqli->query('INSERT INTO `us...', 0)
#1 /ext/WWW/konex.com.ua/meters/system/Database/BaseConnection.php(666): CodeIgniter\Database\MySQLi\Connection->execute('INSERT INTO `us...')
#2 /ext/WWW/konex.com.ua/meters/system/Database/BaseConnection.php(593): CodeIgniter\Database\BaseConnection->simpleQuery('INSERT INTO `us...')
#3 /ext/WWW/konex.com.ua/meters/system/Database/BaseBuilder.php(1916): CodeIgniter\Database\BaseConnection->query('INSERT INTO `us...', Array, false)
#4 /ext/WWW/konex.com.ua/meters/app/Models/Search.php(412): CodeIgniter\Database\BaseBuilder->insert(Array)
#5 /ext/WWW/konex.com.ua/meters/app/Models/Search.php(244): App\Models\Search->addUser(Array)
#6 /ext/WWW/konex.com.ua/meters/app/Controllers/Meters.php(136): App\Models\Search->usADD(Object(CodeIgniter\HTTP\IncomingRequest))
#7 /ext/WWW/konex.com.ua/meters/system/CodeIgniter.php(927): App\Controllers\Meters->ajax()
#8 /ext/WWW/konex.com.ua/meters/system/CodeIgniter.php(482): CodeIgniter\CodeIgniter->runController(Object(App\Controllers\Meters))
#9 /ext/WWW/konex.com.ua/meters/system/CodeIgniter.php(351): CodeIgniter\CodeIgniter->handleRequest(NULL, Object(Config\Cache), false)
#10 /ext/WWW/konex.com.ua/meters/public/index.php(67): CodeIgniter\CodeIgniter->run()
#11 {main}
CRITICAL - 2023-05-10 06:15:45 --> Duplicate entry 'test' for key 'user.login'
in SYSTEMPATH/Database/MySQLi/Connection.php on line 292.
 1 SYSTEMPATH/Database/MySQLi/Connection.php(292): mysqli->query('INSERT INTO `user` (`name`, `surname`, `login`, `pass`, `area`, `rights`) VALUES (\'Oleh\', \'Dolinin\', \'test\', \'1234\', \'193\', \'1\')', 0)
 2 SYSTEMPATH/Database/BaseConnection.php(666): CodeIgniter\Database\MySQLi\Connection->execute('INSERT INTO `user` (`name`, `surname`, `login`, `pass`, `area`, `rights`) VALUES (\'Oleh\', \'Dolinin\', \'test\', \'1234\', \'193\', \'1\')')
 3 SYSTEMPATH/Database/BaseConnection.php(593): CodeIgniter\Database\BaseConnection->simpleQuery('INSERT INTO `user` (`name`, `surname`, `login`, `pass`, `area`, `rights`) VALUES (\'Oleh\', \'Dolinin\', \'test\', \'1234\', \'193\', \'1\')')
 4 SYSTEMPATH/Database/BaseBuilder.php(1916): CodeIgniter\Database\BaseConnection->query('INSERT INTO `user` (`name`, `surname`, `login`, `pass`, `area`, `rights`) VALUES (:name:, :surname:, :login:, :pass:, :area:, :rights:)', [...], false)
 5 APPPATH/Models/Search.php(412): CodeIgniter\Database\BaseBuilder->insert([...])
 6 APPPATH/Models/Search.php(244): App\Models\Search->addUser([...])
 7 APPPATH/Controllers/Meters.php(136): App\Models\Search->usADD(Object(CodeIgniter\HTTP\IncomingRequest))
 8 SYSTEMPATH/CodeIgniter.php(927): App\Controllers\Meters->ajax()
 9 SYSTEMPATH/CodeIgniter.php(482): CodeIgniter\CodeIgniter->runController(Object(App\Controllers\Meters))
10 SYSTEMPATH/CodeIgniter.php(351): CodeIgniter\CodeIgniter->handleRequest(null, Object(Config\Cache), false)
11 FCPATH/index.php(67): CodeIgniter\CodeIgniter->run()
ERROR - 2023-05-10 06:15:57 --> mysqli_sql_exception: Duplicate entry 'test' for key 'user.login' in /ext/WWW/konex.com.ua/meters/system/Database/MySQLi/Connection.php:292
Stack trace:
#0 /ext/WWW/konex.com.ua/meters/system/Database/MySQLi/Connection.php(292): mysqli->query('INSERT INTO `us...', 0)
#1 /ext/WWW/konex.com.ua/meters/system/Database/BaseConnection.php(666): CodeIgniter\Database\MySQLi\Connection->execute('INSERT INTO `us...')
#2 /ext/WWW/konex.com.ua/meters/system/Database/BaseConnection.php(593): CodeIgniter\Database\BaseConnection->simpleQuery('INSERT INTO `us...')
#3 /ext/WWW/konex.com.ua/meters/system/Database/BaseBuilder.php(1916): CodeIgniter\Database\BaseConnection->query('INSERT INTO `us...', Array, false)
#4 /ext/WWW/konex.com.ua/meters/app/Models/Search.php(412): CodeIgniter\Database\BaseBuilder->insert(Array)
#5 /ext/WWW/konex.com.ua/meters/app/Models/Search.php(244): App\Models\Search->addUser(Array)
#6 /ext/WWW/konex.com.ua/meters/app/Controllers/Meters.php(136): App\Models\Search->usADD(Object(CodeIgniter\HTTP\IncomingRequest))
#7 /ext/WWW/konex.com.ua/meters/system/CodeIgniter.php(927): App\Controllers\Meters->ajax()
#8 /ext/WWW/konex.com.ua/meters/system/CodeIgniter.php(482): CodeIgniter\CodeIgniter->runController(Object(App\Controllers\Meters))
#9 /ext/WWW/konex.com.ua/meters/system/CodeIgniter.php(351): CodeIgniter\CodeIgniter->handleRequest(NULL, Object(Config\Cache), false)
#10 /ext/WWW/konex.com.ua/meters/public/index.php(67): CodeIgniter\CodeIgniter->run()
#11 {main}
CRITICAL - 2023-05-10 06:15:57 --> Duplicate entry 'test' for key 'user.login'
in SYSTEMPATH/Database/MySQLi/Connection.php on line 292.
 1 SYSTEMPATH/Database/MySQLi/Connection.php(292): mysqli->query('INSERT INTO `user` (`name`, `surname`, `login`, `pass`, `area`, `rights`) VALUES (\'Oleh\', \'Dolinin\', \'test\', \'1234\', \'193\', \'1\')', 0)
 2 SYSTEMPATH/Database/BaseConnection.php(666): CodeIgniter\Database\MySQLi\Connection->execute('INSERT INTO `user` (`name`, `surname`, `login`, `pass`, `area`, `rights`) VALUES (\'Oleh\', \'Dolinin\', \'test\', \'1234\', \'193\', \'1\')')
 3 SYSTEMPATH/Database/BaseConnection.php(593): CodeIgniter\Database\BaseConnection->simpleQuery('INSERT INTO `user` (`name`, `surname`, `login`, `pass`, `area`, `rights`) VALUES (\'Oleh\', \'Dolinin\', \'test\', \'1234\', \'193\', \'1\')')
 4 SYSTEMPATH/Database/BaseBuilder.php(1916): CodeIgniter\Database\BaseConnection->query('INSERT INTO `user` (`name`, `surname`, `login`, `pass`, `area`, `rights`) VALUES (:name:, :surname:, :login:, :pass:, :area:, :rights:)', [...], false)
 5 APPPATH/Models/Search.php(412): CodeIgniter\Database\BaseBuilder->insert([...])
 6 APPPATH/Models/Search.php(244): App\Models\Search->addUser([...])
 7 APPPATH/Controllers/Meters.php(136): App\Models\Search->usADD(Object(CodeIgniter\HTTP\IncomingRequest))
 8 SYSTEMPATH/CodeIgniter.php(927): App\Controllers\Meters->ajax()
 9 SYSTEMPATH/CodeIgniter.php(482): CodeIgniter\CodeIgniter->runController(Object(App\Controllers\Meters))
10 SYSTEMPATH/CodeIgniter.php(351): CodeIgniter\CodeIgniter->handleRequest(null, Object(Config\Cache), false)
11 FCPATH/index.php(67): CodeIgniter\CodeIgniter->run()
ERROR - 2023-05-10 06:16:01 --> mysqli_sql_exception: Duplicate entry 'test' for key 'user.login' in /ext/WWW/konex.com.ua/meters/system/Database/MySQLi/Connection.php:292
Stack trace:
#0 /ext/WWW/konex.com.ua/meters/system/Database/MySQLi/Connection.php(292): mysqli->query('INSERT INTO `us...', 0)
#1 /ext/WWW/konex.com.ua/meters/system/Database/BaseConnection.php(666): CodeIgniter\Database\MySQLi\Connection->execute('INSERT INTO `us...')
#2 /ext/WWW/konex.com.ua/meters/system/Database/BaseConnection.php(593): CodeIgniter\Database\BaseConnection->simpleQuery('INSERT INTO `us...')
#3 /ext/WWW/konex.com.ua/meters/system/Database/BaseBuilder.php(1916): CodeIgniter\Database\BaseConnection->query('INSERT INTO `us...', Array, false)
#4 /ext/WWW/konex.com.ua/meters/app/Models/Search.php(412): CodeIgniter\Database\BaseBuilder->insert(Array)
#5 /ext/WWW/konex.com.ua/meters/app/Models/Search.php(244): App\Models\Search->addUser(Array)
#6 /ext/WWW/konex.com.ua/meters/app/Controllers/Meters.php(136): App\Models\Search->usADD(Object(CodeIgniter\HTTP\IncomingRequest))
#7 /ext/WWW/konex.com.ua/meters/system/CodeIgniter.php(927): App\Controllers\Meters->ajax()
#8 /ext/WWW/konex.com.ua/meters/system/CodeIgniter.php(482): CodeIgniter\CodeIgniter->runController(Object(App\Controllers\Meters))
#9 /ext/WWW/konex.com.ua/meters/system/CodeIgniter.php(351): CodeIgniter\CodeIgniter->handleRequest(NULL, Object(Config\Cache), false)
#10 /ext/WWW/konex.com.ua/meters/public/index.php(67): CodeIgniter\CodeIgniter->run()
#11 {main}
CRITICAL - 2023-05-10 06:16:01 --> Duplicate entry 'test' for key 'user.login'
in SYSTEMPATH/Database/MySQLi/Connection.php on line 292.
 1 SYSTEMPATH/Database/MySQLi/Connection.php(292): mysqli->query('INSERT INTO `user` (`name`, `surname`, `login`, `pass`, `area`, `rights`) VALUES (\'Oleh\', \'Dolinin\', \'test\', \'1234\', \'193\', \'1\')', 0)
 2 SYSTEMPATH/Database/BaseConnection.php(666): CodeIgniter\Database\MySQLi\Connection->execute('INSERT INTO `user` (`name`, `surname`, `login`, `pass`, `area`, `rights`) VALUES (\'Oleh\', \'Dolinin\', \'test\', \'1234\', \'193\', \'1\')')
 3 SYSTEMPATH/Database/BaseConnection.php(593): CodeIgniter\Database\BaseConnection->simpleQuery('INSERT INTO `user` (`name`, `surname`, `login`, `pass`, `area`, `rights`) VALUES (\'Oleh\', \'Dolinin\', \'test\', \'1234\', \'193\', \'1\')')
 4 SYSTEMPATH/Database/BaseBuilder.php(1916): CodeIgniter\Database\BaseConnection->query('INSERT INTO `user` (`name`, `surname`, `login`, `pass`, `area`, `rights`) VALUES (:name:, :surname:, :login:, :pass:, :area:, :rights:)', [...], false)
 5 APPPATH/Models/Search.php(412): CodeIgniter\Database\BaseBuilder->insert([...])
 6 APPPATH/Models/Search.php(244): App\Models\Search->addUser([...])
 7 APPPATH/Controllers/Meters.php(136): App\Models\Search->usADD(Object(CodeIgniter\HTTP\IncomingRequest))
 8 SYSTEMPATH/CodeIgniter.php(927): App\Controllers\Meters->ajax()
 9 SYSTEMPATH/CodeIgniter.php(482): CodeIgniter\CodeIgniter->runController(Object(App\Controllers\Meters))
10 SYSTEMPATH/CodeIgniter.php(351): CodeIgniter\CodeIgniter->handleRequest(null, Object(Config\Cache), false)
11 FCPATH/index.php(67): CodeIgniter\CodeIgniter->run()
CRITICAL - 2023-05-10 06:18:03 --> Undefined property: stdClass::$text
in APPPATH/Models/Telegram.php on line 76.
 1 APPPATH/Models/Telegram.php(76): CodeIgniter\Debug\Exceptions->errorHandler(8, 'Undefined property: stdClass::$text', 'APPPATH/Models/Telegram.php', 76, [...])
 2 APPPATH/Models/Telegram.php(17): App\Models\Telegram->message(Object(stdClass), 971483502)
 3 APPPATH/Controllers/Meters.php(158): App\Models\Telegram->telegram(Object(stdClass))
 4 SYSTEMPATH/CodeIgniter.php(927): App\Controllers\Meters->telegram()
 5 SYSTEMPATH/CodeIgniter.php(482): CodeIgniter\CodeIgniter->runController(Object(App\Controllers\Meters))
 6 SYSTEMPATH/CodeIgniter.php(351): CodeIgniter\CodeIgniter->handleRequest(null, Object(Config\Cache), false)
 7 FCPATH/index.php(67): CodeIgniter\CodeIgniter->run()
CRITICAL - 2023-05-10 06:18:03 --> Undefined property: stdClass::$text
in APPPATH/Models/Telegram.php on line 76.
 1 APPPATH/Models/Telegram.php(76): CodeIgniter\Debug\Exceptions->errorHandler(8, 'Undefined property: stdClass::$text', 'APPPATH/Models/Telegram.php', 76, [...])
 2 APPPATH/Models/Telegram.php(17): App\Models\Telegram->message(Object(stdClass), 971483502)
 3 APPPATH/Controllers/Meters.php(158): App\Models\Telegram->telegram(Object(stdClass))
 4 SYSTEMPATH/CodeIgniter.php(927): App\Controllers\Meters->telegram()
 5 SYSTEMPATH/CodeIgniter.php(482): CodeIgniter\CodeIgniter->runController(Object(App\Controllers\Meters))
 6 SYSTEMPATH/CodeIgniter.php(351): CodeIgniter\CodeIgniter->handleRequest(null, Object(Config\Cache), false)
 7 FCPATH/index.php(67): CodeIgniter\CodeIgniter->run()
CRITICAL - 2023-05-10 06:18:05 --> Undefined property: stdClass::$text
in APPPATH/Models/Telegram.php on line 76.
 1 APPPATH/Models/Telegram.php(76): CodeIgniter\Debug\Exceptions->errorHandler(8, 'Undefined property: stdClass::$text', 'APPPATH/Models/Telegram.php', 76, [...])
 2 APPPATH/Models/Telegram.php(17): App\Models\Telegram->message(Object(stdClass), 971483502)
 3 APPPATH/Controllers/Meters.php(158): App\Models\Telegram->telegram(Object(stdClass))
 4 SYSTEMPATH/CodeIgniter.php(927): App\Controllers\Meters->telegram()
 5 SYSTEMPATH/CodeIgniter.php(482): CodeIgniter\CodeIgniter->runController(Object(App\Controllers\Meters))
 6 SYSTEMPATH/CodeIgniter.php(351): CodeIgniter\CodeIgniter->handleRequest(null, Object(Config\Cache), false)
 7 FCPATH/index.php(67): CodeIgniter\CodeIgniter->run()
CRITICAL - 2023-05-10 06:18:09 --> Undefined property: stdClass::$text
in APPPATH/Models/Telegram.php on line 76.
 1 APPPATH/Models/Telegram.php(76): CodeIgniter\Debug\Exceptions->errorHandler(8, 'Undefined property: stdClass::$text', 'APPPATH/Models/Telegram.php', 76, [...])
 2 APPPATH/Models/Telegram.php(17): App\Models\Telegram->message(Object(stdClass), 971483502)
 3 APPPATH/Controllers/Meters.php(158): App\Models\Telegram->telegram(Object(stdClass))
 4 SYSTEMPATH/CodeIgniter.php(927): App\Controllers\Meters->telegram()
 5 SYSTEMPATH/CodeIgniter.php(482): CodeIgniter\CodeIgniter->runController(Object(App\Controllers\Meters))
 6 SYSTEMPATH/CodeIgniter.php(351): CodeIgniter\CodeIgniter->handleRequest(null, Object(Config\Cache), false)
 7 FCPATH/index.php(67): CodeIgniter\CodeIgniter->run()
CRITICAL - 2023-05-10 06:18:17 --> Undefined property: stdClass::$text
in APPPATH/Models/Telegram.php on line 76.
 1 APPPATH/Models/Telegram.php(76): CodeIgniter\Debug\Exceptions->errorHandler(8, 'Undefined property: stdClass::$text', 'APPPATH/Models/Telegram.php', 76, [...])
 2 APPPATH/Models/Telegram.php(17): App\Models\Telegram->message(Object(stdClass), 971483502)
 3 APPPATH/Controllers/Meters.php(158): App\Models\Telegram->telegram(Object(stdClass))
 4 SYSTEMPATH/CodeIgniter.php(927): App\Controllers\Meters->telegram()
 5 SYSTEMPATH/CodeIgniter.php(482): CodeIgniter\CodeIgniter->runController(Object(App\Controllers\Meters))
 6 SYSTEMPATH/CodeIgniter.php(351): CodeIgniter\CodeIgniter->handleRequest(null, Object(Config\Cache), false)
 7 FCPATH/index.php(67): CodeIgniter\CodeIgniter->run()
CRITICAL - 2023-05-10 06:18:33 --> Undefined property: stdClass::$text
in APPPATH/Models/Telegram.php on line 76.
 1 APPPATH/Models/Telegram.php(76): CodeIgniter\Debug\Exceptions->errorHandler(8, 'Undefined property: stdClass::$text', 'APPPATH/Models/Telegram.php', 76, [...])
 2 APPPATH/Models/Telegram.php(17): App\Models\Telegram->message(Object(stdClass), 971483502)
 3 APPPATH/Controllers/Meters.php(158): App\Models\Telegram->telegram(Object(stdClass))
 4 SYSTEMPATH/CodeIgniter.php(927): App\Controllers\Meters->telegram()
 5 SYSTEMPATH/CodeIgniter.php(482): CodeIgniter\CodeIgniter->runController(Object(App\Controllers\Meters))
 6 SYSTEMPATH/CodeIgniter.php(351): CodeIgniter\CodeIgniter->handleRequest(null, Object(Config\Cache), false)
 7 FCPATH/index.php(67): CodeIgniter\CodeIgniter->run()
CRITICAL - 2023-05-10 06:19:05 --> Undefined property: stdClass::$text
in APPPATH/Models/Telegram.php on line 76.
 1 APPPATH/Models/Telegram.php(76): CodeIgniter\Debug\Exceptions->errorHandler(8, 'Undefined property: stdClass::$text', 'APPPATH/Models/Telegram.php', 76, [...])
 2 APPPATH/Models/Telegram.php(17): App\Models\Telegram->message(Object(stdClass), 971483502)
 3 APPPATH/Controllers/Meters.php(158): App\Models\Telegram->telegram(Object(stdClass))
 4 SYSTEMPATH/CodeIgniter.php(927): App\Controllers\Meters->telegram()
 5 SYSTEMPATH/CodeIgniter.php(482): CodeIgniter\CodeIgniter->runController(Object(App\Controllers\Meters))
 6 SYSTEMPATH/CodeIgniter.php(351): CodeIgniter\CodeIgniter->handleRequest(null, Object(Config\Cache), false)
 7 FCPATH/index.php(67): CodeIgniter\CodeIgniter->run()
CRITICAL - 2023-05-10 06:20:10 --> Undefined property: stdClass::$text
in APPPATH/Models/Telegram.php on line 76.
 1 APPPATH/Models/Telegram.php(76): CodeIgniter\Debug\Exceptions->errorHandler(8, 'Undefined property: stdClass::$text', 'APPPATH/Models/Telegram.php', 76, [...])
 2 APPPATH/Models/Telegram.php(17): App\Models\Telegram->message(Object(stdClass), 971483502)
 3 APPPATH/Controllers/Meters.php(158): App\Models\Telegram->telegram(Object(stdClass))
 4 SYSTEMPATH/CodeIgniter.php(927): App\Controllers\Meters->telegram()
 5 SYSTEMPATH/CodeIgniter.php(482): CodeIgniter\CodeIgniter->runController(Object(App\Controllers\Meters))
 6 SYSTEMPATH/CodeIgniter.php(351): CodeIgniter\CodeIgniter->handleRequest(null, Object(Config\Cache), false)
 7 FCPATH/index.php(67): CodeIgniter\CodeIgniter->run()
CRITICAL - 2023-05-10 06:21:47 --> Undefined property: stdClass::$text
in APPPATH/Models/Telegram.php on line 76.
 1 APPPATH/Models/Telegram.php(76): CodeIgniter\Debug\Exceptions->errorHandler(8, 'Undefined property: stdClass::$text', 'APPPATH/Models/Telegram.php', 76, [...])
 2 APPPATH/Models/Telegram.php(17): App\Models\Telegram->message(Object(stdClass), 971483502)
 3 APPPATH/Controllers/Meters.php(158): App\Models\Telegram->telegram(Object(stdClass))
 4 SYSTEMPATH/CodeIgniter.php(927): App\Controllers\Meters->telegram()
 5 SYSTEMPATH/CodeIgniter.php(482): CodeIgniter\CodeIgniter->runController(Object(App\Controllers\Meters))
 6 SYSTEMPATH/CodeIgniter.php(351): CodeIgniter\CodeIgniter->handleRequest(null, Object(Config\Cache), false)
 7 FCPATH/index.php(67): CodeIgniter\CodeIgniter->run()
CRITICAL - 2023-05-10 06:23:30 --> Undefined property: stdClass::$text
in APPPATH/Models/Telegram.php on line 76.
 1 APPPATH/Models/Telegram.php(76): CodeIgniter\Debug\Exceptions->errorHandler(8, 'Undefined property: stdClass::$text', 'APPPATH/Models/Telegram.php', 76, [...])
 2 APPPATH/Models/Telegram.php(17): App\Models\Telegram->message(Object(stdClass), 971483502)
 3 APPPATH/Controllers/Meters.php(158): App\Models\Telegram->telegram(Object(stdClass))
 4 SYSTEMPATH/CodeIgniter.php(927): App\Controllers\Meters->telegram()
 5 SYSTEMPATH/CodeIgniter.php(482): CodeIgniter\CodeIgniter->runController(Object(App\Controllers\Meters))
 6 SYSTEMPATH/CodeIgniter.php(351): CodeIgniter\CodeIgniter->handleRequest(null, Object(Config\Cache), false)
 7 FCPATH/index.php(67): CodeIgniter\CodeIgniter->run()
CRITICAL - 2023-05-10 06:25:19 --> Undefined property: stdClass::$text
in APPPATH/Models/Telegram.php on line 76.
 1 APPPATH/Models/Telegram.php(76): CodeIgniter\Debug\Exceptions->errorHandler(8, 'Undefined property: stdClass::$text', 'APPPATH/Models/Telegram.php', 76, [...])
 2 APPPATH/Models/Telegram.php(17): App\Models\Telegram->message(Object(stdClass), 971483502)
 3 APPPATH/Controllers/Meters.php(158): App\Models\Telegram->telegram(Object(stdClass))
 4 SYSTEMPATH/CodeIgniter.php(927): App\Controllers\Meters->telegram()
 5 SYSTEMPATH/CodeIgniter.php(482): CodeIgniter\CodeIgniter->runController(Object(App\Controllers\Meters))
 6 SYSTEMPATH/CodeIgniter.php(351): CodeIgniter\CodeIgniter->handleRequest(null, Object(Config\Cache), false)
 7 FCPATH/index.php(67): CodeIgniter\CodeIgniter->run()
CRITICAL - 2023-05-10 06:26:54 --> Undefined property: stdClass::$text
in APPPATH/Models/Telegram.php on line 76.
 1 APPPATH/Models/Telegram.php(76): CodeIgniter\Debug\Exceptions->errorHandler(8, 'Undefined property: stdClass::$text', 'APPPATH/Models/Telegram.php', 76, [...])
 2 APPPATH/Models/Telegram.php(17): App\Models\Telegram->message(Object(stdClass), 971483502)
 3 APPPATH/Controllers/Meters.php(158): App\Models\Telegram->telegram(Object(stdClass))
 4 SYSTEMPATH/CodeIgniter.php(927): App\Controllers\Meters->telegram()
 5 SYSTEMPATH/CodeIgniter.php(482): CodeIgniter\CodeIgniter->runController(Object(App\Controllers\Meters))
 6 SYSTEMPATH/CodeIgniter.php(351): CodeIgniter\CodeIgniter->handleRequest(null, Object(Config\Cache), false)
 7 FCPATH/index.php(67): CodeIgniter\CodeIgniter->run()
CRITICAL - 2023-05-10 06:28:01 --> Undefined property: stdClass::$text
in APPPATH/Models/Telegram.php on line 76.
 1 APPPATH/Models/Telegram.php(76): CodeIgniter\Debug\Exceptions->errorHandler(8, 'Undefined property: stdClass::$text', 'APPPATH/Models/Telegram.php', 76, [...])
 2 APPPATH/Models/Telegram.php(17): App\Models\Telegram->message(Object(stdClass), 971483502)
 3 APPPATH/Controllers/Meters.php(158): App\Models\Telegram->telegram(Object(stdClass))
 4 SYSTEMPATH/CodeIgniter.php(927): App\Controllers\Meters->telegram()
 5 SYSTEMPATH/CodeIgniter.php(482): CodeIgniter\CodeIgniter->runController(Object(App\Controllers\Meters))
 6 SYSTEMPATH/CodeIgniter.php(351): CodeIgniter\CodeIgniter->handleRequest(null, Object(Config\Cache), false)
 7 FCPATH/index.php(67): CodeIgniter\CodeIgniter->run()
CRITICAL - 2023-05-10 06:28:01 --> Undefined property: stdClass::$text
in APPPATH/Models/Telegram.php on line 76.
 1 APPPATH/Models/Telegram.php(76): CodeIgniter\Debug\Exceptions->errorHandler(8, 'Undefined property: stdClass::$text', 'APPPATH/Models/Telegram.php', 76, [...])
 2 APPPATH/Models/Telegram.php(17): App\Models\Telegram->message(Object(stdClass), 971483502)
 3 APPPATH/Controllers/Meters.php(158): App\Models\Telegram->telegram(Object(stdClass))
 4 SYSTEMPATH/CodeIgniter.php(927): App\Controllers\Meters->telegram()
 5 SYSTEMPATH/CodeIgniter.php(482): CodeIgniter\CodeIgniter->runController(Object(App\Controllers\Meters))
 6 SYSTEMPATH/CodeIgniter.php(351): CodeIgniter\CodeIgniter->handleRequest(null, Object(Config\Cache), false)
 7 FCPATH/index.php(67): CodeIgniter\CodeIgniter->run()
CRITICAL - 2023-05-10 06:28:03 --> Undefined property: stdClass::$text
in APPPATH/Models/Telegram.php on line 76.
 1 APPPATH/Models/Telegram.php(76): CodeIgniter\Debug\Exceptions->errorHandler(8, 'Undefined property: stdClass::$text', 'APPPATH/Models/Telegram.php', 76, [...])
 2 APPPATH/Models/Telegram.php(17): App\Models\Telegram->message(Object(stdClass), 971483502)
 3 APPPATH/Controllers/Meters.php(158): App\Models\Telegram->telegram(Object(stdClass))
 4 SYSTEMPATH/CodeIgniter.php(927): App\Controllers\Meters->telegram()
 5 SYSTEMPATH/CodeIgniter.php(482): CodeIgniter\CodeIgniter->runController(Object(App\Controllers\Meters))
 6 SYSTEMPATH/CodeIgniter.php(351): CodeIgniter\CodeIgniter->handleRequest(null, Object(Config\Cache), false)
 7 FCPATH/index.php(67): CodeIgniter\CodeIgniter->run()
CRITICAL - 2023-05-10 06:28:07 --> Undefined property: stdClass::$text
in APPPATH/Models/Telegram.php on line 76.
 1 APPPATH/Models/Telegram.php(76): CodeIgniter\Debug\Exceptions->errorHandler(8, 'Undefined property: stdClass::$text', 'APPPATH/Models/Telegram.php', 76, [...])
 2 APPPATH/Models/Telegram.php(17): App\Models\Telegram->message(Object(stdClass), 971483502)
 3 APPPATH/Controllers/Meters.php(158): App\Models\Telegram->telegram(Object(stdClass))
 4 SYSTEMPATH/CodeIgniter.php(927): App\Controllers\Meters->telegram()
 5 SYSTEMPATH/CodeIgniter.php(482): CodeIgniter\CodeIgniter->runController(Object(App\Controllers\Meters))
 6 SYSTEMPATH/CodeIgniter.php(351): CodeIgniter\CodeIgniter->handleRequest(null, Object(Config\Cache), false)
 7 FCPATH/index.php(67): CodeIgniter\CodeIgniter->run()
CRITICAL - 2023-05-10 06:28:15 --> Undefined property: stdClass::$text
in APPPATH/Models/Telegram.php on line 76.
 1 APPPATH/Models/Telegram.php(76): CodeIgniter\Debug\Exceptions->errorHandler(8, 'Undefined property: stdClass::$text', 'APPPATH/Models/Telegram.php', 76, [...])
 2 APPPATH/Models/Telegram.php(17): App\Models\Telegram->message(Object(stdClass), 971483502)
 3 APPPATH/Controllers/Meters.php(158): App\Models\Telegram->telegram(Object(stdClass))
 4 SYSTEMPATH/CodeIgniter.php(927): App\Controllers\Meters->telegram()
 5 SYSTEMPATH/CodeIgniter.php(482): CodeIgniter\CodeIgniter->runController(Object(App\Controllers\Meters))
 6 SYSTEMPATH/CodeIgniter.php(351): CodeIgniter\CodeIgniter->handleRequest(null, Object(Config\Cache), false)
 7 FCPATH/index.php(67): CodeIgniter\CodeIgniter->run()
CRITICAL - 2023-05-10 06:28:31 --> Undefined property: stdClass::$text
in APPPATH/Models/Telegram.php on line 76.
 1 APPPATH/Models/Telegram.php(76): CodeIgniter\Debug\Exceptions->errorHandler(8, 'Undefined property: stdClass::$text', 'APPPATH/Models/Telegram.php', 76, [...])
 2 APPPATH/Models/Telegram.php(17): App\Models\Telegram->message(Object(stdClass), 971483502)
 3 APPPATH/Controllers/Meters.php(158): App\Models\Telegram->telegram(Object(stdClass))
 4 SYSTEMPATH/CodeIgniter.php(927): App\Controllers\Meters->telegram()
 5 SYSTEMPATH/CodeIgniter.php(482): CodeIgniter\CodeIgniter->runController(Object(App\Controllers\Meters))
 6 SYSTEMPATH/CodeIgniter.php(351): CodeIgniter\CodeIgniter->handleRequest(null, Object(Config\Cache), false)
 7 FCPATH/index.php(67): CodeIgniter\CodeIgniter->run()
CRITICAL - 2023-05-10 06:29:04 --> Undefined property: stdClass::$text
in APPPATH/Models/Telegram.php on line 76.
 1 APPPATH/Models/Telegram.php(76): CodeIgniter\Debug\Exceptions->errorHandler(8, 'Undefined property: stdClass::$text', 'APPPATH/Models/Telegram.php', 76, [...])
 2 APPPATH/Models/Telegram.php(17): App\Models\Telegram->message(Object(stdClass), 971483502)
 3 APPPATH/Controllers/Meters.php(158): App\Models\Telegram->telegram(Object(stdClass))
 4 SYSTEMPATH/CodeIgniter.php(927): App\Controllers\Meters->telegram()
 5 SYSTEMPATH/CodeIgniter.php(482): CodeIgniter\CodeIgniter->runController(Object(App\Controllers\Meters))
 6 SYSTEMPATH/CodeIgniter.php(351): CodeIgniter\CodeIgniter->handleRequest(null, Object(Config\Cache), false)
 7 FCPATH/index.php(67): CodeIgniter\CodeIgniter->run()
CRITICAL - 2023-05-10 06:30:05 --> Undefined property: stdClass::$text
in APPPATH/Models/Telegram.php on line 76.
 1 APPPATH/Models/Telegram.php(76): CodeIgniter\Debug\Exceptions->errorHandler(8, 'Undefined property: stdClass::$text', 'APPPATH/Models/Telegram.php', 76, [...])
 2 APPPATH/Models/Telegram.php(17): App\Models\Telegram->message(Object(stdClass), 971483502)
 3 APPPATH/Controllers/Meters.php(158): App\Models\Telegram->telegram(Object(stdClass))
 4 SYSTEMPATH/CodeIgniter.php(927): App\Controllers\Meters->telegram()
 5 SYSTEMPATH/CodeIgniter.php(482): CodeIgniter\CodeIgniter->runController(Object(App\Controllers\Meters))
 6 SYSTEMPATH/CodeIgniter.php(351): CodeIgniter\CodeIgniter->handleRequest(null, Object(Config\Cache), false)
 7 FCPATH/index.php(67): CodeIgniter\CodeIgniter->run()
CRITICAL - 2023-05-10 06:31:43 --> Undefined property: stdClass::$text
in APPPATH/Models/Telegram.php on line 76.
 1 APPPATH/Models/Telegram.php(76): CodeIgniter\Debug\Exceptions->errorHandler(8, 'Undefined property: stdClass::$text', 'APPPATH/Models/Telegram.php', 76, [...])
 2 APPPATH/Models/Telegram.php(17): App\Models\Telegram->message(Object(stdClass), 971483502)
 3 APPPATH/Controllers/Meters.php(158): App\Models\Telegram->telegram(Object(stdClass))
 4 SYSTEMPATH/CodeIgniter.php(927): App\Controllers\Meters->telegram()
 5 SYSTEMPATH/CodeIgniter.php(482): CodeIgniter\CodeIgniter->runController(Object(App\Controllers\Meters))
 6 SYSTEMPATH/CodeIgniter.php(351): CodeIgniter\CodeIgniter->handleRequest(null, Object(Config\Cache), false)
 7 FCPATH/index.php(67): CodeIgniter\CodeIgniter->run()
CRITICAL - 2023-05-10 06:33:01 --> Undefined property: stdClass::$text
in APPPATH/Models/Telegram.php on line 76.
 1 APPPATH/Models/Telegram.php(76): CodeIgniter\Debug\Exceptions->errorHandler(8, 'Undefined property: stdClass::$text', 'APPPATH/Models/Telegram.php', 76, [...])
 2 APPPATH/Models/Telegram.php(17): App\Models\Telegram->message(Object(stdClass), 971483502)
 3 APPPATH/Controllers/Meters.php(158): App\Models\Telegram->telegram(Object(stdClass))
 4 SYSTEMPATH/CodeIgniter.php(927): App\Controllers\Meters->telegram()
 5 SYSTEMPATH/CodeIgniter.php(482): CodeIgniter\CodeIgniter->runController(Object(App\Controllers\Meters))
 6 SYSTEMPATH/CodeIgniter.php(351): CodeIgniter\CodeIgniter->handleRequest(null, Object(Config\Cache), false)
 7 FCPATH/index.php(67): CodeIgniter\CodeIgniter->run()
CRITICAL - 2023-05-10 06:34:12 --> Undefined property: stdClass::$text
in APPPATH/Models/Telegram.php on line 76.
 1 APPPATH/Models/Telegram.php(76): CodeIgniter\Debug\Exceptions->errorHandler(8, 'Undefined property: stdClass::$text', 'APPPATH/Models/Telegram.php', 76, [...])
 2 APPPATH/Models/Telegram.php(17): App\Models\Telegram->message(Object(stdClass), 971483502)
 3 APPPATH/Controllers/Meters.php(158): App\Models\Telegram->telegram(Object(stdClass))
 4 SYSTEMPATH/CodeIgniter.php(927): App\Controllers\Meters->telegram()
 5 SYSTEMPATH/CodeIgniter.php(482): CodeIgniter\CodeIgniter->runController(Object(App\Controllers\Meters))
 6 SYSTEMPATH/CodeIgniter.php(351): CodeIgniter\CodeIgniter->handleRequest(null, Object(Config\Cache), false)
 7 FCPATH/index.php(67): CodeIgniter\CodeIgniter->run()
CRITICAL - 2023-05-10 06:35:26 --> Undefined property: stdClass::$text
in APPPATH/Models/Telegram.php on line 76.
 1 APPPATH/Models/Telegram.php(76): CodeIgniter\Debug\Exceptions->errorHandler(8, 'Undefined property: stdClass::$text', 'APPPATH/Models/Telegram.php', 76, [...])
 2 APPPATH/Models/Telegram.php(17): App\Models\Telegram->message(Object(stdClass), 971483502)
 3 APPPATH/Controllers/Meters.php(158): App\Models\Telegram->telegram(Object(stdClass))
 4 SYSTEMPATH/CodeIgniter.php(927): App\Controllers\Meters->telegram()
 5 SYSTEMPATH/CodeIgniter.php(482): CodeIgniter\CodeIgniter->runController(Object(App\Controllers\Meters))
 6 SYSTEMPATH/CodeIgniter.php(351): CodeIgniter\CodeIgniter->handleRequest(null, Object(Config\Cache), false)
 7 FCPATH/index.php(67): CodeIgniter\CodeIgniter->run()
CRITICAL - 2023-05-10 06:36:41 --> Undefined property: stdClass::$text
in APPPATH/Models/Telegram.php on line 76.
 1 APPPATH/Models/Telegram.php(76): CodeIgniter\Debug\Exceptions->errorHandler(8, 'Undefined property: stdClass::$text', 'APPPATH/Models/Telegram.php', 76, [...])
 2 APPPATH/Models/Telegram.php(17): App\Models\Telegram->message(Object(stdClass), 971483502)
 3 APPPATH/Controllers/Meters.php(158): App\Models\Telegram->telegram(Object(stdClass))
 4 SYSTEMPATH/CodeIgniter.php(927): App\Controllers\Meters->telegram()
 5 SYSTEMPATH/CodeIgniter.php(482): CodeIgniter\CodeIgniter->runController(Object(App\Controllers\Meters))
 6 SYSTEMPATH/CodeIgniter.php(351): CodeIgniter\CodeIgniter->handleRequest(null, Object(Config\Cache), false)
 7 FCPATH/index.php(67): CodeIgniter\CodeIgniter->run()
CRITICAL - 2023-05-10 06:37:50 --> Undefined property: stdClass::$text
in APPPATH/Models/Telegram.php on line 76.
 1 APPPATH/Models/Telegram.php(76): CodeIgniter\Debug\Exceptions->errorHandler(8, 'Undefined property: stdClass::$text', 'APPPATH/Models/Telegram.php', 76, [...])
 2 APPPATH/Models/Telegram.php(17): App\Models\Telegram->message(Object(stdClass), 971483502)
 3 APPPATH/Controllers/Meters.php(158): App\Models\Telegram->telegram(Object(stdClass))
 4 SYSTEMPATH/CodeIgniter.php(927): App\Controllers\Meters->telegram()
 5 SYSTEMPATH/CodeIgniter.php(482): CodeIgniter\CodeIgniter->runController(Object(App\Controllers\Meters))
 6 SYSTEMPATH/CodeIgniter.php(351): CodeIgniter\CodeIgniter->handleRequest(null, Object(Config\Cache), false)
 7 FCPATH/index.php(67): CodeIgniter\CodeIgniter->run()
CRITICAL - 2023-05-10 06:39:12 --> Undefined property: stdClass::$text
in APPPATH/Models/Telegram.php on line 76.
 1 APPPATH/Models/Telegram.php(76): CodeIgniter\Debug\Exceptions->errorHandler(8, 'Undefined property: stdClass::$text', 'APPPATH/Models/Telegram.php', 76, [...])
 2 APPPATH/Models/Telegram.php(17): App\Models\Telegram->message(Object(stdClass), 971483502)
 3 APPPATH/Controllers/Meters.php(158): App\Models\Telegram->telegram(Object(stdClass))
 4 SYSTEMPATH/CodeIgniter.php(927): App\Controllers\Meters->telegram()
 5 SYSTEMPATH/CodeIgniter.php(482): CodeIgniter\CodeIgniter->runController(Object(App\Controllers\Meters))
 6 SYSTEMPATH/CodeIgniter.php(351): CodeIgniter\CodeIgniter->handleRequest(null, Object(Config\Cache), false)
 7 FCPATH/index.php(67): CodeIgniter\CodeIgniter->run()
CRITICAL - 2023-05-10 06:40:56 --> Undefined property: stdClass::$text
in APPPATH/Models/Telegram.php on line 76.
 1 APPPATH/Models/Telegram.php(76): CodeIgniter\Debug\Exceptions->errorHandler(8, 'Undefined property: stdClass::$text', 'APPPATH/Models/Telegram.php', 76, [...])
 2 APPPATH/Models/Telegram.php(17): App\Models\Telegram->message(Object(stdClass), 971483502)
 3 APPPATH/Controllers/Meters.php(158): App\Models\Telegram->telegram(Object(stdClass))
 4 SYSTEMPATH/CodeIgniter.php(927): App\Controllers\Meters->telegram()
 5 SYSTEMPATH/CodeIgniter.php(482): CodeIgniter\CodeIgniter->runController(Object(App\Controllers\Meters))
 6 SYSTEMPATH/CodeIgniter.php(351): CodeIgniter\CodeIgniter->handleRequest(null, Object(Config\Cache), false)
 7 FCPATH/index.php(67): CodeIgniter\CodeIgniter->run()
CRITICAL - 2023-05-10 06:54:37 --> Trying to get property 'unit' of non-object
in APPPATH/Views/meters.php on line 30.
 1 APPPATH/Views/meters.php(30): CodeIgniter\Debug\Exceptions->errorHandler(8, 'Trying to get property \'unit\' of non-object', 'APPPATH/Views/meters.php', 30, [...])
 2 SYSTEMPATH/View/View.php(213): include('APPPATH/Views/meters.php')
 3 SYSTEMPATH/View/View.php(216): CodeIgniter\View\View->CodeIgniter\View\{closure}()
 4 SYSTEMPATH/Common.php(1134): CodeIgniter\View\View->render('meters', [], true)
 5 APPPATH/Controllers/Meters.php(109): view('meters', [...])
 6 SYSTEMPATH/CodeIgniter.php(927): App\Controllers\Meters->meters()
 7 SYSTEMPATH/CodeIgniter.php(482): CodeIgniter\CodeIgniter->runController(Object(App\Controllers\Meters))
 8 SYSTEMPATH/CodeIgniter.php(351): CodeIgniter\CodeIgniter->handleRequest(null, Object(Config\Cache), false)
 9 FCPATH/index.php(67): CodeIgniter\CodeIgniter->run()
CRITICAL - 2023-05-10 06:55:00 --> Trying to get property 'unit' of non-object
in APPPATH/Views/meters.php on line 30.
 1 APPPATH/Views/meters.php(30): CodeIgniter\Debug\Exceptions->errorHandler(8, 'Trying to get property \'unit\' of non-object', 'APPPATH/Views/meters.php', 30, [...])
 2 SYSTEMPATH/View/View.php(213): include('APPPATH/Views/meters.php')
 3 SYSTEMPATH/View/View.php(216): CodeIgniter\View\View->CodeIgniter\View\{closure}()
 4 SYSTEMPATH/Common.php(1134): CodeIgniter\View\View->render('meters', [], true)
 5 APPPATH/Controllers/Meters.php(109): view('meters', [...])
 6 SYSTEMPATH/CodeIgniter.php(927): App\Controllers\Meters->meters()
 7 SYSTEMPATH/CodeIgniter.php(482): CodeIgniter\CodeIgniter->runController(Object(App\Controllers\Meters))
 8 SYSTEMPATH/CodeIgniter.php(351): CodeIgniter\CodeIgniter->handleRequest(null, Object(Config\Cache), false)
 9 FCPATH/index.php(67): CodeIgniter\CodeIgniter->run()
CRITICAL - 2023-05-10 06:55:06 --> Trying to get property 'unit' of non-object
in APPPATH/Views/meters.php on line 30.
 1 APPPATH/Views/meters.php(30): CodeIgniter\Debug\Exceptions->errorHandler(8, 'Trying to get property \'unit\' of non-object', 'APPPATH/Views/meters.php', 30, [...])
 2 SYSTEMPATH/View/View.php(213): include('APPPATH/Views/meters.php')
 3 SYSTEMPATH/View/View.php(216): CodeIgniter\View\View->CodeIgniter\View\{closure}()
 4 SYSTEMPATH/Common.php(1134): CodeIgniter\View\View->render('meters', [], true)
 5 APPPATH/Controllers/Meters.php(109): view('meters', [...])
 6 SYSTEMPATH/CodeIgniter.php(927): App\Controllers\Meters->meters()
 7 SYSTEMPATH/CodeIgniter.php(482): CodeIgniter\CodeIgniter->runController(Object(App\Controllers\Meters))
 8 SYSTEMPATH/CodeIgniter.php(351): CodeIgniter\CodeIgniter->handleRequest(null, Object(Config\Cache), false)
 9 FCPATH/index.php(67): CodeIgniter\CodeIgniter->run()
CRITICAL - 2023-05-10 06:55:23 --> Trying to get property 'unit' of non-object
in APPPATH/Views/meters.php on line 30.
 1 APPPATH/Views/meters.php(30): CodeIgniter\Debug\Exceptions->errorHandler(8, 'Trying to get property \'unit\' of non-object', 'APPPATH/Views/meters.php', 30, [...])
 2 SYSTEMPATH/View/View.php(213): include('APPPATH/Views/meters.php')
 3 SYSTEMPATH/View/View.php(216): CodeIgniter\View\View->CodeIgniter\View\{closure}()
 4 SYSTEMPATH/Common.php(1134): CodeIgniter\View\View->render('meters', [], true)
 5 APPPATH/Controllers/Meters.php(109): view('meters', [...])
 6 SYSTEMPATH/CodeIgniter.php(927): App\Controllers\Meters->meters()
 7 SYSTEMPATH/CodeIgniter.php(482): CodeIgniter\CodeIgniter->runController(Object(App\Controllers\Meters))
 8 SYSTEMPATH/CodeIgniter.php(351): CodeIgniter\CodeIgniter->handleRequest(null, Object(Config\Cache), false)
 9 FCPATH/index.php(67): CodeIgniter\CodeIgniter->run()
CRITICAL - 2023-05-10 06:55:57 --> Trying to get property 'unit' of non-object
in APPPATH/Views/meters.php on line 30.
 1 APPPATH/Views/meters.php(30): CodeIgniter\Debug\Exceptions->errorHandler(8, 'Trying to get property \'unit\' of non-object', 'APPPATH/Views/meters.php', 30, [...])
 2 SYSTEMPATH/View/View.php(213): include('APPPATH/Views/meters.php')
 3 SYSTEMPATH/View/View.php(216): CodeIgniter\View\View->CodeIgniter\View\{closure}()
 4 SYSTEMPATH/Common.php(1134): CodeIgniter\View\View->render('meters', [], true)
 5 APPPATH/Controllers/Meters.php(109): view('meters', [...])
 6 SYSTEMPATH/CodeIgniter.php(927): App\Controllers\Meters->meters()
 7 SYSTEMPATH/CodeIgniter.php(482): CodeIgniter\CodeIgniter->runController(Object(App\Controllers\Meters))
 8 SYSTEMPATH/CodeIgniter.php(351): CodeIgniter\CodeIgniter->handleRequest(null, Object(Config\Cache), false)
 9 FCPATH/index.php(67): CodeIgniter\CodeIgniter->run()
CRITICAL - 2023-05-10 06:55:57 --> Trying to get property 'unit' of non-object
in APPPATH/Views/meters.php on line 30.
 1 APPPATH/Views/meters.php(30): CodeIgniter\Debug\Exceptions->errorHandler(8, 'Trying to get property \'unit\' of non-object', 'APPPATH/Views/meters.php', 30, [...])
 2 SYSTEMPATH/View/View.php(213): include('APPPATH/Views/meters.php')
 3 SYSTEMPATH/View/View.php(216): CodeIgniter\View\View->CodeIgniter\View\{closure}()
 4 SYSTEMPATH/Common.php(1134): CodeIgniter\View\View->render('meters', [], true)
 5 APPPATH/Controllers/Meters.php(109): view('meters', [...])
 6 SYSTEMPATH/CodeIgniter.php(927): App\Controllers\Meters->meters()
 7 SYSTEMPATH/CodeIgniter.php(482): CodeIgniter\CodeIgniter->runController(Object(App\Controllers\Meters))
 8 SYSTEMPATH/CodeIgniter.php(351): CodeIgniter\CodeIgniter->handleRequest(null, Object(Config\Cache), false)
 9 FCPATH/index.php(67): CodeIgniter\CodeIgniter->run()
CRITICAL - 2023-05-10 06:56:10 --> Trying to get property 'unit' of non-object
in APPPATH/Views/meters.php on line 30.
 1 APPPATH/Views/meters.php(30): CodeIgniter\Debug\Exceptions->errorHandler(8, 'Trying to get property \'unit\' of non-object', 'APPPATH/Views/meters.php', 30, [...])
 2 SYSTEMPATH/View/View.php(213): include('APPPATH/Views/meters.php')
 3 SYSTEMPATH/View/View.php(216): CodeIgniter\View\View->CodeIgniter\View\{closure}()
 4 SYSTEMPATH/Common.php(1134): CodeIgniter\View\View->render('meters', [], true)
 5 APPPATH/Controllers/Meters.php(109): view('meters', [...])
 6 SYSTEMPATH/CodeIgniter.php(927): App\Controllers\Meters->meters()
 7 SYSTEMPATH/CodeIgniter.php(482): CodeIgniter\CodeIgniter->runController(Object(App\Controllers\Meters))
 8 SYSTEMPATH/CodeIgniter.php(351): CodeIgniter\CodeIgniter->handleRequest(null, Object(Config\Cache), false)
 9 FCPATH/index.php(67): CodeIgniter\CodeIgniter->run()
CRITICAL - 2023-05-10 06:56:18 --> Trying to get property 'unit' of non-object
in APPPATH/Views/meters.php on line 30.
 1 APPPATH/Views/meters.php(30): CodeIgniter\Debug\Exceptions->errorHandler(8, 'Trying to get property \'unit\' of non-object', 'APPPATH/Views/meters.php', 30, [...])
 2 SYSTEMPATH/View/View.php(213): include('APPPATH/Views/meters.php')
 3 SYSTEMPATH/View/View.php(216): CodeIgniter\View\View->CodeIgniter\View\{closure}()
 4 SYSTEMPATH/Common.php(1134): CodeIgniter\View\View->render('meters', [], true)
 5 APPPATH/Controllers/Meters.php(109): view('meters', [...])
 6 SYSTEMPATH/CodeIgniter.php(927): App\Controllers\Meters->meters()
 7 SYSTEMPATH/CodeIgniter.php(482): CodeIgniter\CodeIgniter->runController(Object(App\Controllers\Meters))
 8 SYSTEMPATH/CodeIgniter.php(351): CodeIgniter\CodeIgniter->handleRequest(null, Object(Config\Cache), false)
 9 FCPATH/index.php(67): CodeIgniter\CodeIgniter->run()
CRITICAL - 2023-05-10 06:56:19 --> Trying to get property 'unit' of non-object
in APPPATH/Views/meters.php on line 30.
 1 APPPATH/Views/meters.php(30): CodeIgniter\Debug\Exceptions->errorHandler(8, 'Trying to get property \'unit\' of non-object', 'APPPATH/Views/meters.php', 30, [...])
 2 SYSTEMPATH/View/View.php(213): include('APPPATH/Views/meters.php')
 3 SYSTEMPATH/View/View.php(216): CodeIgniter\View\View->CodeIgniter\View\{closure}()
 4 SYSTEMPATH/Common.php(1134): CodeIgniter\View\View->render('meters', [], true)
 5 APPPATH/Controllers/Meters.php(109): view('meters', [...])
 6 SYSTEMPATH/CodeIgniter.php(927): App\Controllers\Meters->meters()
 7 SYSTEMPATH/CodeIgniter.php(482): CodeIgniter\CodeIgniter->runController(Object(App\Controllers\Meters))
 8 SYSTEMPATH/CodeIgniter.php(351): CodeIgniter\CodeIgniter->handleRequest(null, Object(Config\Cache), false)
 9 FCPATH/index.php(67): CodeIgniter\CodeIgniter->run()
CRITICAL - 2023-05-10 06:56:22 --> Trying to get property 'unit' of non-object
in APPPATH/Views/meters.php on line 30.
 1 APPPATH/Views/meters.php(30): CodeIgniter\Debug\Exceptions->errorHandler(8, 'Trying to get property \'unit\' of non-object', 'APPPATH/Views/meters.php', 30, [...])
 2 SYSTEMPATH/View/View.php(213): include('APPPATH/Views/meters.php')
 3 SYSTEMPATH/View/View.php(216): CodeIgniter\View\View->CodeIgniter\View\{closure}()
 4 SYSTEMPATH/Common.php(1134): CodeIgniter\View\View->render('meters', [], true)
 5 APPPATH/Controllers/Meters.php(109): view('meters', [...])
 6 SYSTEMPATH/CodeIgniter.php(927): App\Controllers\Meters->meters()
 7 SYSTEMPATH/CodeIgniter.php(482): CodeIgniter\CodeIgniter->runController(Object(App\Controllers\Meters))
 8 SYSTEMPATH/CodeIgniter.php(351): CodeIgniter\CodeIgniter->handleRequest(null, Object(Config\Cache), false)
 9 FCPATH/index.php(67): CodeIgniter\CodeIgniter->run()
CRITICAL - 2023-05-10 06:56:23 --> Trying to get property 'unit' of non-object
in APPPATH/Views/meters.php on line 30.
 1 APPPATH/Views/meters.php(30): CodeIgniter\Debug\Exceptions->errorHandler(8, 'Trying to get property \'unit\' of non-object', 'APPPATH/Views/meters.php', 30, [...])
 2 SYSTEMPATH/View/View.php(213): include('APPPATH/Views/meters.php')
 3 SYSTEMPATH/View/View.php(216): CodeIgniter\View\View->CodeIgniter\View\{closure}()
 4 SYSTEMPATH/Common.php(1134): CodeIgniter\View\View->render('meters', [], true)
 5 APPPATH/Controllers/Meters.php(109): view('meters', [...])
 6 SYSTEMPATH/CodeIgniter.php(927): App\Controllers\Meters->meters()
 7 SYSTEMPATH/CodeIgniter.php(482): CodeIgniter\CodeIgniter->runController(Object(App\Controllers\Meters))
 8 SYSTEMPATH/CodeIgniter.php(351): CodeIgniter\CodeIgniter->handleRequest(null, Object(Config\Cache), false)
 9 FCPATH/index.php(67): CodeIgniter\CodeIgniter->run()
CRITICAL - 2023-05-10 06:56:25 --> Trying to get property 'unit' of non-object
in APPPATH/Views/meters.php on line 30.
 1 APPPATH/Views/meters.php(30): CodeIgniter\Debug\Exceptions->errorHandler(8, 'Trying to get property \'unit\' of non-object', 'APPPATH/Views/meters.php', 30, [...])
 2 SYSTEMPATH/View/View.php(213): include('APPPATH/Views/meters.php')
 3 SYSTEMPATH/View/View.php(216): CodeIgniter\View\View->CodeIgniter\View\{closure}()
 4 SYSTEMPATH/Common.php(1134): CodeIgniter\View\View->render('meters', [], true)
 5 APPPATH/Controllers/Meters.php(109): view('meters', [...])
 6 SYSTEMPATH/CodeIgniter.php(927): App\Controllers\Meters->meters()
 7 SYSTEMPATH/CodeIgniter.php(482): CodeIgniter\CodeIgniter->runController(Object(App\Controllers\Meters))
 8 SYSTEMPATH/CodeIgniter.php(351): CodeIgniter\CodeIgniter->handleRequest(null, Object(Config\Cache), false)
 9 FCPATH/index.php(67): CodeIgniter\CodeIgniter->run()
CRITICAL - 2023-05-10 06:56:26 --> Trying to get property 'unit' of non-object
in APPPATH/Views/meters.php on line 30.
 1 APPPATH/Views/meters.php(30): CodeIgniter\Debug\Exceptions->errorHandler(8, 'Trying to get property \'unit\' of non-object', 'APPPATH/Views/meters.php', 30, [...])
 2 SYSTEMPATH/View/View.php(213): include('APPPATH/Views/meters.php')
 3 SYSTEMPATH/View/View.php(216): CodeIgniter\View\View->CodeIgniter\View\{closure}()
 4 SYSTEMPATH/Common.php(1134): CodeIgniter\View\View->render('meters', [], true)
 5 APPPATH/Controllers/Meters.php(109): view('meters', [...])
 6 SYSTEMPATH/CodeIgniter.php(927): App\Controllers\Meters->meters()
 7 SYSTEMPATH/CodeIgniter.php(482): CodeIgniter\CodeIgniter->runController(Object(App\Controllers\Meters))
 8 SYSTEMPATH/CodeIgniter.php(351): CodeIgniter\CodeIgniter->handleRequest(null, Object(Config\Cache), false)
 9 FCPATH/index.php(67): CodeIgniter\CodeIgniter->run()
CRITICAL - 2023-05-10 06:56:26 --> Trying to get property 'unit' of non-object
in APPPATH/Views/meters.php on line 30.
 1 APPPATH/Views/meters.php(30): CodeIgniter\Debug\Exceptions->errorHandler(8, 'Trying to get property \'unit\' of non-object', 'APPPATH/Views/meters.php', 30, [...])
 2 SYSTEMPATH/View/View.php(213): include('APPPATH/Views/meters.php')
 3 SYSTEMPATH/View/View.php(216): CodeIgniter\View\View->CodeIgniter\View\{closure}()
 4 SYSTEMPATH/Common.php(1134): CodeIgniter\View\View->render('meters', [], true)
 5 APPPATH/Controllers/Meters.php(109): view('meters', [...])
 6 SYSTEMPATH/CodeIgniter.php(927): App\Controllers\Meters->meters()
 7 SYSTEMPATH/CodeIgniter.php(482): CodeIgniter\CodeIgniter->runController(Object(App\Controllers\Meters))
 8 SYSTEMPATH/CodeIgniter.php(351): CodeIgniter\CodeIgniter->handleRequest(null, Object(Config\Cache), false)
 9 FCPATH/index.php(67): CodeIgniter\CodeIgniter->run()
CRITICAL - 2023-05-10 06:56:29 --> Trying to get property 'unit' of non-object
in APPPATH/Views/meters.php on line 30.
 1 APPPATH/Views/meters.php(30): CodeIgniter\Debug\Exceptions->errorHandler(8, 'Trying to get property \'unit\' of non-object', 'APPPATH/Views/meters.php', 30, [...])
 2 SYSTEMPATH/View/View.php(213): include('APPPATH/Views/meters.php')
 3 SYSTEMPATH/View/View.php(216): CodeIgniter\View\View->CodeIgniter\View\{closure}()
 4 SYSTEMPATH/Common.php(1134): CodeIgniter\View\View->render('meters', [], true)
 5 APPPATH/Controllers/Meters.php(109): view('meters', [...])
 6 SYSTEMPATH/CodeIgniter.php(927): App\Controllers\Meters->meters()
 7 SYSTEMPATH/CodeIgniter.php(482): CodeIgniter\CodeIgniter->runController(Object(App\Controllers\Meters))
 8 SYSTEMPATH/CodeIgniter.php(351): CodeIgniter\CodeIgniter->handleRequest(null, Object(Config\Cache), false)
 9 FCPATH/index.php(67): CodeIgniter\CodeIgniter->run()
CRITICAL - 2023-05-10 06:56:42 --> Trying to get property 'unit' of non-object
in APPPATH/Views/meters.php on line 30.
 1 APPPATH/Views/meters.php(30): CodeIgniter\Debug\Exceptions->errorHandler(8, 'Trying to get property \'unit\' of non-object', 'APPPATH/Views/meters.php', 30, [...])
 2 SYSTEMPATH/View/View.php(213): include('APPPATH/Views/meters.php')
 3 SYSTEMPATH/View/View.php(216): CodeIgniter\View\View->CodeIgniter\View\{closure}()
 4 SYSTEMPATH/Common.php(1134): CodeIgniter\View\View->render('meters', [], true)
 5 APPPATH/Controllers/Meters.php(109): view('meters', [...])
 6 SYSTEMPATH/CodeIgniter.php(927): App\Controllers\Meters->meters()
 7 SYSTEMPATH/CodeIgniter.php(482): CodeIgniter\CodeIgniter->runController(Object(App\Controllers\Meters))
 8 SYSTEMPATH/CodeIgniter.php(351): CodeIgniter\CodeIgniter->handleRequest(null, Object(Config\Cache), false)
 9 FCPATH/index.php(67): CodeIgniter\CodeIgniter->run()
CRITICAL - 2023-05-10 06:57:11 --> Trying to get property 'unit' of non-object
in APPPATH/Views/meters.php on line 30.
 1 APPPATH/Views/meters.php(30): CodeIgniter\Debug\Exceptions->errorHandler(8, 'Trying to get property \'unit\' of non-object', 'APPPATH/Views/meters.php', 30, [...])
 2 SYSTEMPATH/View/View.php(213): include('APPPATH/Views/meters.php')
 3 SYSTEMPATH/View/View.php(216): CodeIgniter\View\View->CodeIgniter\View\{closure}()
 4 SYSTEMPATH/Common.php(1134): CodeIgniter\View\View->render('meters', [], true)
 5 APPPATH/Controllers/Meters.php(109): view('meters', [...])
 6 SYSTEMPATH/CodeIgniter.php(927): App\Controllers\Meters->meters()
 7 SYSTEMPATH/CodeIgniter.php(482): CodeIgniter\CodeIgniter->runController(Object(App\Controllers\Meters))
 8 SYSTEMPATH/CodeIgniter.php(351): CodeIgniter\CodeIgniter->handleRequest(null, Object(Config\Cache), false)
 9 FCPATH/index.php(67): CodeIgniter\CodeIgniter->run()
CRITICAL - 2023-05-10 06:57:12 --> Trying to get property 'unit' of non-object
in APPPATH/Views/meters.php on line 30.
 1 APPPATH/Views/meters.php(30): CodeIgniter\Debug\Exceptions->errorHandler(8, 'Trying to get property \'unit\' of non-object', 'APPPATH/Views/meters.php', 30, [...])
 2 SYSTEMPATH/View/View.php(213): include('APPPATH/Views/meters.php')
 3 SYSTEMPATH/View/View.php(216): CodeIgniter\View\View->CodeIgniter\View\{closure}()
 4 SYSTEMPATH/Common.php(1134): CodeIgniter\View\View->render('meters', [], true)
 5 APPPATH/Controllers/Meters.php(109): view('meters', [...])
 6 SYSTEMPATH/CodeIgniter.php(927): App\Controllers\Meters->meters()
 7 SYSTEMPATH/CodeIgniter.php(482): CodeIgniter\CodeIgniter->runController(Object(App\Controllers\Meters))
 8 SYSTEMPATH/CodeIgniter.php(351): CodeIgniter\CodeIgniter->handleRequest(null, Object(Config\Cache), false)
 9 FCPATH/index.php(67): CodeIgniter\CodeIgniter->run()
CRITICAL - 2023-05-10 06:57:25 --> Trying to get property 'unit' of non-object
in APPPATH/Views/meters.php on line 30.
 1 APPPATH/Views/meters.php(30): CodeIgniter\Debug\Exceptions->errorHandler(8, 'Trying to get property \'unit\' of non-object', 'APPPATH/Views/meters.php', 30, [...])
 2 SYSTEMPATH/View/View.php(213): include('APPPATH/Views/meters.php')
 3 SYSTEMPATH/View/View.php(216): CodeIgniter\View\View->CodeIgniter\View\{closure}()
 4 SYSTEMPATH/Common.php(1134): CodeIgniter\View\View->render('meters', [], true)
 5 APPPATH/Controllers/Meters.php(109): view('meters', [...])
 6 SYSTEMPATH/CodeIgniter.php(927): App\Controllers\Meters->meters()
 7 SYSTEMPATH/CodeIgniter.php(482): CodeIgniter\CodeIgniter->runController(Object(App\Controllers\Meters))
 8 SYSTEMPATH/CodeIgniter.php(351): CodeIgniter\CodeIgniter->handleRequest(null, Object(Config\Cache), false)
 9 FCPATH/index.php(67): CodeIgniter\CodeIgniter->run()
CRITICAL - 2023-05-10 06:57:27 --> Trying to get property 'unit' of non-object
in APPPATH/Views/meters.php on line 30.
 1 APPPATH/Views/meters.php(30): CodeIgniter\Debug\Exceptions->errorHandler(8, 'Trying to get property \'unit\' of non-object', 'APPPATH/Views/meters.php', 30, [...])
 2 SYSTEMPATH/View/View.php(213): include('APPPATH/Views/meters.php')
 3 SYSTEMPATH/View/View.php(216): CodeIgniter\View\View->CodeIgniter\View\{closure}()
 4 SYSTEMPATH/Common.php(1134): CodeIgniter\View\View->render('meters', [], true)
 5 APPPATH/Controllers/Meters.php(109): view('meters', [...])
 6 SYSTEMPATH/CodeIgniter.php(927): App\Controllers\Meters->meters()
 7 SYSTEMPATH/CodeIgniter.php(482): CodeIgniter\CodeIgniter->runController(Object(App\Controllers\Meters))
 8 SYSTEMPATH/CodeIgniter.php(351): CodeIgniter\CodeIgniter->handleRequest(null, Object(Config\Cache), false)
 9 FCPATH/index.php(67): CodeIgniter\CodeIgniter->run()
CRITICAL - 2023-05-10 06:57:37 --> Trying to get property 'unit' of non-object
in APPPATH/Views/meters.php on line 30.
 1 APPPATH/Views/meters.php(30): CodeIgniter\Debug\Exceptions->errorHandler(8, 'Trying to get property \'unit\' of non-object', 'APPPATH/Views/meters.php', 30, [...])
 2 SYSTEMPATH/View/View.php(213): include('APPPATH/Views/meters.php')
 3 SYSTEMPATH/View/View.php(216): CodeIgniter\View\View->CodeIgniter\View\{closure}()
 4 SYSTEMPATH/Common.php(1134): CodeIgniter\View\View->render('meters', [], true)
 5 APPPATH/Controllers/Meters.php(109): view('meters', [...])
 6 SYSTEMPATH/CodeIgniter.php(927): App\Controllers\Meters->meters()
 7 SYSTEMPATH/CodeIgniter.php(482): CodeIgniter\CodeIgniter->runController(Object(App\Controllers\Meters))
 8 SYSTEMPATH/CodeIgniter.php(351): CodeIgniter\CodeIgniter->handleRequest(null, Object(Config\Cache), false)
 9 FCPATH/index.php(67): CodeIgniter\CodeIgniter->run()
CRITICAL - 2023-05-10 06:58:03 --> Trying to get property 'unit' of non-object
in APPPATH/Views/meters.php on line 30.
 1 APPPATH/Views/meters.php(30): CodeIgniter\Debug\Exceptions->errorHandler(8, 'Trying to get property \'unit\' of non-object', 'APPPATH/Views/meters.php', 30, [...])
 2 SYSTEMPATH/View/View.php(213): include('APPPATH/Views/meters.php')
 3 SYSTEMPATH/View/View.php(216): CodeIgniter\View\View->CodeIgniter\View\{closure}()
 4 SYSTEMPATH/Common.php(1134): CodeIgniter\View\View->render('meters', [], true)
 5 APPPATH/Controllers/Meters.php(109): view('meters', [...])
 6 SYSTEMPATH/CodeIgniter.php(927): App\Controllers\Meters->meters()
 7 SYSTEMPATH/CodeIgniter.php(482): CodeIgniter\CodeIgniter->runController(Object(App\Controllers\Meters))
 8 SYSTEMPATH/CodeIgniter.php(351): CodeIgniter\CodeIgniter->handleRequest(null, Object(Config\Cache), false)
 9 FCPATH/index.php(67): CodeIgniter\CodeIgniter->run()
CRITICAL - 2023-05-10 06:58:04 --> Trying to get property 'unit' of non-object
in APPPATH/Views/meters.php on line 30.
 1 APPPATH/Views/meters.php(30): CodeIgniter\Debug\Exceptions->errorHandler(8, 'Trying to get property \'unit\' of non-object', 'APPPATH/Views/meters.php', 30, [...])
 2 SYSTEMPATH/View/View.php(213): include('APPPATH/Views/meters.php')
 3 SYSTEMPATH/View/View.php(216): CodeIgniter\View\View->CodeIgniter\View\{closure}()
 4 SYSTEMPATH/Common.php(1134): CodeIgniter\View\View->render('meters', [], true)
 5 APPPATH/Controllers/Meters.php(109): view('meters', [...])
 6 SYSTEMPATH/CodeIgniter.php(927): App\Controllers\Meters->meters()
 7 SYSTEMPATH/CodeIgniter.php(482): CodeIgniter\CodeIgniter->runController(Object(App\Controllers\Meters))
 8 SYSTEMPATH/CodeIgniter.php(351): CodeIgniter\CodeIgniter->handleRequest(null, Object(Config\Cache), false)
 9 FCPATH/index.php(67): CodeIgniter\CodeIgniter->run()
CRITICAL - 2023-05-10 07:00:50 --> Trying to get property 'unit' of non-object
in APPPATH/Views/meters.php on line 30.
 1 APPPATH/Views/meters.php(30): CodeIgniter\Debug\Exceptions->errorHandler(8, 'Trying to get property \'unit\' of non-object', 'APPPATH/Views/meters.php', 30, [...])
 2 SYSTEMPATH/View/View.php(213): include('APPPATH/Views/meters.php')
 3 SYSTEMPATH/View/View.php(216): CodeIgniter\View\View->CodeIgniter\View\{closure}()
 4 SYSTEMPATH/Common.php(1134): CodeIgniter\View\View->render('meters', [], true)
 5 APPPATH/Controllers/Meters.php(109): view('meters', [...])
 6 SYSTEMPATH/CodeIgniter.php(927): App\Controllers\Meters->meters()
 7 SYSTEMPATH/CodeIgniter.php(482): CodeIgniter\CodeIgniter->runController(Object(App\Controllers\Meters))
 8 SYSTEMPATH/CodeIgniter.php(351): CodeIgniter\CodeIgniter->handleRequest(null, Object(Config\Cache), false)
 9 FCPATH/index.php(67): CodeIgniter\CodeIgniter->run()
CRITICAL - 2023-05-10 07:00:54 --> Trying to get property 'unit' of non-object
in APPPATH/Views/meters.php on line 30.
 1 APPPATH/Views/meters.php(30): CodeIgniter\Debug\Exceptions->errorHandler(8, 'Trying to get property \'unit\' of non-object', 'APPPATH/Views/meters.php', 30, [...])
 2 SYSTEMPATH/View/View.php(213): include('APPPATH/Views/meters.php')
 3 SYSTEMPATH/View/View.php(216): CodeIgniter\View\View->CodeIgniter\View\{closure}()
 4 SYSTEMPATH/Common.php(1134): CodeIgniter\View\View->render('meters', [], true)
 5 APPPATH/Controllers/Meters.php(109): view('meters', [...])
 6 SYSTEMPATH/CodeIgniter.php(927): App\Controllers\Meters->meters()
 7 SYSTEMPATH/CodeIgniter.php(482): CodeIgniter\CodeIgniter->runController(Object(App\Controllers\Meters))
 8 SYSTEMPATH/CodeIgniter.php(351): CodeIgniter\CodeIgniter->handleRequest(null, Object(Config\Cache), false)
 9 FCPATH/index.php(67): CodeIgniter\CodeIgniter->run()
CRITICAL - 2023-05-10 07:00:54 --> Trying to get property 'unit' of non-object
in APPPATH/Views/meters.php on line 30.
 1 APPPATH/Views/meters.php(30): CodeIgniter\Debug\Exceptions->errorHandler(8, 'Trying to get property \'unit\' of non-object', 'APPPATH/Views/meters.php', 30, [...])
 2 SYSTEMPATH/View/View.php(213): include('APPPATH/Views/meters.php')
 3 SYSTEMPATH/View/View.php(216): CodeIgniter\View\View->CodeIgniter\View\{closure}()
 4 SYSTEMPATH/Common.php(1134): CodeIgniter\View\View->render('meters', [], true)
 5 APPPATH/Controllers/Meters.php(109): view('meters', [...])
 6 SYSTEMPATH/CodeIgniter.php(927): App\Controllers\Meters->meters()
 7 SYSTEMPATH/CodeIgniter.php(482): CodeIgniter\CodeIgniter->runController(Object(App\Controllers\Meters))
 8 SYSTEMPATH/CodeIgniter.php(351): CodeIgniter\CodeIgniter->handleRequest(null, Object(Config\Cache), false)
 9 FCPATH/index.php(67): CodeIgniter\CodeIgniter->run()
CRITICAL - 2023-05-10 07:01:34 --> Trying to get property 'unit' of non-object
in APPPATH/Views/meters.php on line 30.
 1 APPPATH/Views/meters.php(30): CodeIgniter\Debug\Exceptions->errorHandler(8, 'Trying to get property \'unit\' of non-object', 'APPPATH/Views/meters.php', 30, [...])
 2 SYSTEMPATH/View/View.php(213): include('APPPATH/Views/meters.php')
 3 SYSTEMPATH/View/View.php(216): CodeIgniter\View\View->CodeIgniter\View\{closure}()
 4 SYSTEMPATH/Common.php(1134): CodeIgniter\View\View->render('meters', [], true)
 5 APPPATH/Controllers/Meters.php(109): view('meters', [...])
 6 SYSTEMPATH/CodeIgniter.php(927): App\Controllers\Meters->meters()
 7 SYSTEMPATH/CodeIgniter.php(482): CodeIgniter\CodeIgniter->runController(Object(App\Controllers\Meters))
 8 SYSTEMPATH/CodeIgniter.php(351): CodeIgniter\CodeIgniter->handleRequest(null, Object(Config\Cache), false)
 9 FCPATH/index.php(67): CodeIgniter\CodeIgniter->run()
CRITICAL - 2023-05-10 07:01:39 --> Trying to get property 'unit' of non-object
in APPPATH/Views/meters.php on line 30.
 1 APPPATH/Views/meters.php(30): CodeIgniter\Debug\Exceptions->errorHandler(8, 'Trying to get property \'unit\' of non-object', 'APPPATH/Views/meters.php', 30, [...])
 2 SYSTEMPATH/View/View.php(213): include('APPPATH/Views/meters.php')
 3 SYSTEMPATH/View/View.php(216): CodeIgniter\View\View->CodeIgniter\View\{closure}()
 4 SYSTEMPATH/Common.php(1134): CodeIgniter\View\View->render('meters', [], true)
 5 APPPATH/Controllers/Meters.php(109): view('meters', [...])
 6 SYSTEMPATH/CodeIgniter.php(927): App\Controllers\Meters->meters()
 7 SYSTEMPATH/CodeIgniter.php(482): CodeIgniter\CodeIgniter->runController(Object(App\Controllers\Meters))
 8 SYSTEMPATH/CodeIgniter.php(351): CodeIgniter\CodeIgniter->handleRequest(null, Object(Config\Cache), false)
 9 FCPATH/index.php(67): CodeIgniter\CodeIgniter->run()
CRITICAL - 2023-05-10 07:02:06 --> Trying to get property 'unit' of non-object
in APPPATH/Views/meters.php on line 30.
 1 APPPATH/Views/meters.php(30): CodeIgniter\Debug\Exceptions->errorHandler(8, 'Trying to get property \'unit\' of non-object', 'APPPATH/Views/meters.php', 30, [...])
 2 SYSTEMPATH/View/View.php(213): include('APPPATH/Views/meters.php')
 3 SYSTEMPATH/View/View.php(216): CodeIgniter\View\View->CodeIgniter\View\{closure}()
 4 SYSTEMPATH/Common.php(1134): CodeIgniter\View\View->render('meters', [], true)
 5 APPPATH/Controllers/Meters.php(109): view('meters', [...])
 6 SYSTEMPATH/CodeIgniter.php(927): App\Controllers\Meters->meters()
 7 SYSTEMPATH/CodeIgniter.php(482): CodeIgniter\CodeIgniter->runController(Object(App\Controllers\Meters))
 8 SYSTEMPATH/CodeIgniter.php(351): CodeIgniter\CodeIgniter->handleRequest(null, Object(Config\Cache), false)
 9 FCPATH/index.php(67): CodeIgniter\CodeIgniter->run()
CRITICAL - 2023-05-10 07:08:04 --> Trying to get property 'unit' of non-object
in APPPATH/Views/meters.php on line 30.
 1 APPPATH/Views/meters.php(30): CodeIgniter\Debug\Exceptions->errorHandler(8, 'Trying to get property \'unit\' of non-object', 'APPPATH/Views/meters.php', 30, [...])
 2 SYSTEMPATH/View/View.php(213): include('APPPATH/Views/meters.php')
 3 SYSTEMPATH/View/View.php(216): CodeIgniter\View\View->CodeIgniter\View\{closure}()
 4 SYSTEMPATH/Common.php(1134): CodeIgniter\View\View->render('meters', [], true)
 5 APPPATH/Controllers/Meters.php(109): view('meters', [...])
 6 SYSTEMPATH/CodeIgniter.php(927): App\Controllers\Meters->meters()
 7 SYSTEMPATH/CodeIgniter.php(482): CodeIgniter\CodeIgniter->runController(Object(App\Controllers\Meters))
 8 SYSTEMPATH/CodeIgniter.php(351): CodeIgniter\CodeIgniter->handleRequest(null, Object(Config\Cache), false)
 9 FCPATH/index.php(67): CodeIgniter\CodeIgniter->run()
