CRITICAL - 2023-03-31 08:42:27 --> Undefined property: CodeIgniter\HTTP\IncomingRequest::$action
in APPPATH/Models/Telegram.php on line 37.
 1 APPPATH/Models/Telegram.php(37): CodeIgniter\Debug\Exceptions->errorHandler(8, 'Undefined property: CodeIgniter\\HTTP\\IncomingRequest::$action', 'APPPATH/Models/Telegram.php', 37, [...])
 2 APPPATH/Controllers/Meters.php(173): App\Models\Telegram->telegramUpdates(Object(CodeIgniter\HTTP\IncomingRequest))
 3 SYSTEMPATH/CodeIgniter.php(927): App\Controllers\Meters->telegramUpdates()
 4 SYSTEMPATH/CodeIgniter.php(482): CodeIgniter\CodeIgniter->runController(Object(App\Controllers\Meters))
 5 SYSTEMPATH/CodeIgniter.php(351): CodeIgniter\CodeIgniter->handleRequest(null, Object(Config\Cache), false)
 6 FCPATH/index.php(67): CodeIgniter\CodeIgniter->run()
CRITICAL - 2023-03-31 08:42:32 --> Undefined property: CodeIgniter\HTTP\IncomingRequest::$action
in APPPATH/Models/Telegram.php on line 37.
 1 APPPATH/Models/Telegram.php(37): CodeIgniter\Debug\Exceptions->errorHandler(8, 'Undefined property: CodeIgniter\\HTTP\\IncomingRequest::$action', 'APPPATH/Models/Telegram.php', 37, [...])
 2 APPPATH/Controllers/Meters.php(173): App\Models\Telegram->telegramUpdates(Object(CodeIgniter\HTTP\IncomingRequest))
 3 SYSTEMPATH/CodeIgniter.php(927): App\Controllers\Meters->telegramUpdates()
 4 SYSTEMPATH/CodeIgniter.php(482): CodeIgniter\CodeIgniter->runController(Object(App\Controllers\Meters))
 5 SYSTEMPATH/CodeIgniter.php(351): CodeIgniter\CodeIgniter->handleRequest(null, Object(Config\Cache), false)
 6 FCPATH/index.php(67): CodeIgniter\CodeIgniter->run()
CRITICAL - 2023-03-31 08:43:15 --> Undefined property: CodeIgniter\HTTP\IncomingRequest::$chatId
in APPPATH/Models/Telegram.php on line 37.
 1 APPPATH/Models/Telegram.php(37): CodeIgniter\Debug\Exceptions->errorHandler(8, 'Undefined property: CodeIgniter\\HTTP\\IncomingRequest::$chatId', 'APPPATH/Models/Telegram.php', 37, [...])
 2 APPPATH/Controllers/Meters.php(173): App\Models\Telegram->telegramUpdates(Object(CodeIgniter\HTTP\IncomingRequest))
 3 SYSTEMPATH/CodeIgniter.php(927): App\Controllers\Meters->telegramUpdates()
 4 SYSTEMPATH/CodeIgniter.php(482): CodeIgniter\CodeIgniter->runController(Object(App\Controllers\Meters))
 5 SYSTEMPATH/CodeIgniter.php(351): CodeIgniter\CodeIgniter->handleRequest(null, Object(Config\Cache), false)
 6 FCPATH/index.php(67): CodeIgniter\CodeIgniter->run()
CRITICAL - 2023-03-31 08:43:40 --> Object of class CodeIgniter\HTTP\IncomingRequest could not be converted to string
in APPPATH/Models/Telegram.php on line 37.
 1 APPPATH/Controllers/Meters.php(173): App\Models\Telegram->telegramUpdates(Object(CodeIgniter\HTTP\IncomingRequest))
 2 SYSTEMPATH/CodeIgniter.php(927): App\Controllers\Meters->telegramUpdates()
 3 SYSTEMPATH/CodeIgniter.php(482): CodeIgniter\CodeIgniter->runController(Object(App\Controllers\Meters))
 4 SYSTEMPATH/CodeIgniter.php(351): CodeIgniter\CodeIgniter->handleRequest(null, Object(Config\Cache), false)
 5 FCPATH/index.php(67): CodeIgniter\CodeIgniter->run()
CRITICAL - 2023-03-31 08:44:09 --> Undefined property: CodeIgniter\HTTP\IncomingRequest::$action
in APPPATH/Models/Telegram.php on line 46.
 1 APPPATH/Models/Telegram.php(46): CodeIgniter\Debug\Exceptions->errorHandler(8, 'Undefined property: CodeIgniter\\HTTP\\IncomingRequest::$action', 'APPPATH/Models/Telegram.php', 46, [...])
 2 APPPATH/Controllers/Meters.php(173): App\Models\Telegram->telegramUpdates(Object(CodeIgniter\HTTP\IncomingRequest))
 3 SYSTEMPATH/CodeIgniter.php(927): App\Controllers\Meters->telegramUpdates()
 4 SYSTEMPATH/CodeIgniter.php(482): CodeIgniter\CodeIgniter->runController(Object(App\Controllers\Meters))
 5 SYSTEMPATH/CodeIgniter.php(351): CodeIgniter\CodeIgniter->handleRequest(null, Object(Config\Cache), false)
 6 FCPATH/index.php(67): CodeIgniter\CodeIgniter->run()
