CRITICAL - 2023-03-10 06:17:33 --> Undefined property: stdClass::$callback_query
in APPPATH/Models/Telegram.php on line 11.
 1 APPPATH/Models/Telegram.php(11): CodeIgniter\Debug\Exceptions->errorHandler(8, 'Undefined property: stdClass::$callback_query', 'APPPATH/Models/Telegram.php', 11, [...])
 2 APPPATH/Controllers/Meters.php(158): App\Models\Telegram->telegram(Object(stdClass))
 3 SYSTEMPATH/CodeIgniter.php(927): App\Controllers\Meters->telegram()
 4 SYSTEMPATH/CodeIgniter.php(482): CodeIgniter\CodeIgniter->runController(Object(App\Controllers\Meters))
 5 SYSTEMPATH/CodeIgniter.php(351): CodeIgniter\CodeIgniter->handleRequest(null, Object(Config\Cache), false)
 6 FCPATH/index.php(67): CodeIgniter\CodeIgniter->run()
CRITICAL - 2023-03-10 06:17:38 --> Undefined property: stdClass::$callback_query
in APPPATH/Models/Telegram.php on line 11.
 1 APPPATH/Models/Telegram.php(11): CodeIgniter\Debug\Exceptions->errorHandler(8, 'Undefined property: stdClass::$callback_query', 'APPPATH/Models/Telegram.php', 11, [...])
 2 APPPATH/Controllers/Meters.php(158): App\Models\Telegram->telegram(Object(stdClass))
 3 SYSTEMPATH/CodeIgniter.php(927): App\Controllers\Meters->telegram()
 4 SYSTEMPATH/CodeIgniter.php(482): CodeIgniter\CodeIgniter->runController(Object(App\Controllers\Meters))
 5 SYSTEMPATH/CodeIgniter.php(351): CodeIgniter\CodeIgniter->handleRequest(null, Object(Config\Cache), false)
 6 FCPATH/index.php(67): CodeIgniter\CodeIgniter->run()
CRITICAL - 2023-03-10 06:18:01 --> Trying to get property 'counterPK' of non-object
in APPPATH/Models/Telegram.php on line 41.
 1 APPPATH/Models/Telegram.php(41): CodeIgniter\Debug\Exceptions->errorHandler(8, 'Trying to get property \'counterPK\' of non-object', 'APPPATH/Models/Telegram.php', 41, [...])
 2 APPPATH/Models/Telegram.php(13): App\Models\Telegram->message(Object(stdClass), Object(stdClass), 971483502)
 3 APPPATH/Controllers/Meters.php(158): App\Models\Telegram->telegram(Object(stdClass))
 4 SYSTEMPATH/CodeIgniter.php(927): App\Controllers\Meters->telegram()
 5 SYSTEMPATH/CodeIgniter.php(482): CodeIgniter\CodeIgniter->runController(Object(App\Controllers\Meters))
 6 SYSTEMPATH/CodeIgniter.php(351): CodeIgniter\CodeIgniter->handleRequest(null, Object(Config\Cache), false)
 7 FCPATH/index.php(67): CodeIgniter\CodeIgniter->run()
CRITICAL - 2023-03-10 06:26:15 --> Too few arguments to function App\Models\Telegram::menuMess(), 2 passed in /ext/WWW/konex.com.ua/zayavki/app/Models/Telegram.php on line 94 and exactly 3 expected
in APPPATH/Models/Telegram.php on line 153.
 1 APPPATH/Models/Telegram.php(94): App\Models\Telegram->menuMess(971483502, 'Показник лічильникa за 2023-02-01 був <b>доданий раніше</b>')
 2 APPPATH/Models/Telegram.php(13): App\Models\Telegram->callback(Object(stdClass), Object(stdClass), 971483502)
 3 APPPATH/Controllers/Meters.php(158): App\Models\Telegram->telegram(Object(stdClass))
 4 SYSTEMPATH/CodeIgniter.php(927): App\Controllers\Meters->telegram()
 5 SYSTEMPATH/CodeIgniter.php(482): CodeIgniter\CodeIgniter->runController(Object(App\Controllers\Meters))
 6 SYSTEMPATH/CodeIgniter.php(351): CodeIgniter\CodeIgniter->handleRequest(null, Object(Config\Cache), false)
 7 FCPATH/index.php(67): CodeIgniter\CodeIgniter->run()
CRITICAL - 2023-03-10 06:26:52 --> Too few arguments to function App\Models\Telegram::menuMess(), 2 passed in /ext/WWW/konex.com.ua/zayavki/app/Models/Telegram.php on line 94 and exactly 3 expected
in APPPATH/Models/Telegram.php on line 153.
 1 APPPATH/Models/Telegram.php(94): App\Models\Telegram->menuMess(971483502, 'Показник лічильникa за 2023-02-01 був <b>доданий раніше</b>')
 2 APPPATH/Models/Telegram.php(13): App\Models\Telegram->callback(Object(stdClass), Object(stdClass), 971483502)
 3 APPPATH/Controllers/Meters.php(158): App\Models\Telegram->telegram(Object(stdClass))
 4 SYSTEMPATH/CodeIgniter.php(927): App\Controllers\Meters->telegram()
 5 SYSTEMPATH/CodeIgniter.php(482): CodeIgniter\CodeIgniter->runController(Object(App\Controllers\Meters))
 6 SYSTEMPATH/CodeIgniter.php(351): CodeIgniter\CodeIgniter->handleRequest(null, Object(Config\Cache), false)
 7 FCPATH/index.php(67): CodeIgniter\CodeIgniter->run()
CRITICAL - 2023-03-10 07:02:51 --> Undefined property: stdClass::$callback_query
in APPPATH/Models/Telegram.php on line 11.
 1 APPPATH/Models/Telegram.php(11): CodeIgniter\Debug\Exceptions->errorHandler(8, 'Undefined property: stdClass::$callback_query', 'APPPATH/Models/Telegram.php', 11, [...])
 2 APPPATH/Controllers/Meters.php(158): App\Models\Telegram->telegram(Object(stdClass))
 3 SYSTEMPATH/CodeIgniter.php(927): App\Controllers\Meters->telegram()
 4 SYSTEMPATH/CodeIgniter.php(482): CodeIgniter\CodeIgniter->runController(Object(App\Controllers\Meters))
 5 SYSTEMPATH/CodeIgniter.php(351): CodeIgniter\CodeIgniter->handleRequest(null, Object(Config\Cache), false)
 6 FCPATH/index.php(67): CodeIgniter\CodeIgniter->run()
CRITICAL - 2023-03-10 07:02:52 --> Undefined property: stdClass::$callback_query
in APPPATH/Models/Telegram.php on line 11.
 1 APPPATH/Models/Telegram.php(11): CodeIgniter\Debug\Exceptions->errorHandler(8, 'Undefined property: stdClass::$callback_query', 'APPPATH/Models/Telegram.php', 11, [...])
 2 APPPATH/Controllers/Meters.php(158): App\Models\Telegram->telegram(Object(stdClass))
 3 SYSTEMPATH/CodeIgniter.php(927): App\Controllers\Meters->telegram()
 4 SYSTEMPATH/CodeIgniter.php(482): CodeIgniter\CodeIgniter->runController(Object(App\Controllers\Meters))
 5 SYSTEMPATH/CodeIgniter.php(351): CodeIgniter\CodeIgniter->handleRequest(null, Object(Config\Cache), false)
 6 FCPATH/index.php(67): CodeIgniter\CodeIgniter->run()
CRITICAL - 2023-03-10 07:04:30 --> Undefined property: stdClass::$callback_query
in APPPATH/Models/Telegram.php on line 11.
 1 APPPATH/Models/Telegram.php(11): CodeIgniter\Debug\Exceptions->errorHandler(8, 'Undefined property: stdClass::$callback_query', 'APPPATH/Models/Telegram.php', 11, [...])
 2 APPPATH/Controllers/Meters.php(158): App\Models\Telegram->telegram(Object(stdClass))
 3 SYSTEMPATH/CodeIgniter.php(927): App\Controllers\Meters->telegram()
 4 SYSTEMPATH/CodeIgniter.php(482): CodeIgniter\CodeIgniter->runController(Object(App\Controllers\Meters))
 5 SYSTEMPATH/CodeIgniter.php(351): CodeIgniter\CodeIgniter->handleRequest(null, Object(Config\Cache), false)
 6 FCPATH/index.php(67): CodeIgniter\CodeIgniter->run()
CRITICAL - 2023-03-10 07:04:36 --> Undefined property: stdClass::$callback_query
in APPPATH/Models/Telegram.php on line 11.
 1 APPPATH/Models/Telegram.php(11): CodeIgniter\Debug\Exceptions->errorHandler(8, 'Undefined property: stdClass::$callback_query', 'APPPATH/Models/Telegram.php', 11, [...])
 2 APPPATH/Controllers/Meters.php(158): App\Models\Telegram->telegram(Object(stdClass))
 3 SYSTEMPATH/CodeIgniter.php(927): App\Controllers\Meters->telegram()
 4 SYSTEMPATH/CodeIgniter.php(482): CodeIgniter\CodeIgniter->runController(Object(App\Controllers\Meters))
 5 SYSTEMPATH/CodeIgniter.php(351): CodeIgniter\CodeIgniter->handleRequest(null, Object(Config\Cache), false)
 6 FCPATH/index.php(67): CodeIgniter\CodeIgniter->run()
CRITICAL - 2023-03-10 07:05:36 --> Undefined property: stdClass::$callback_query
in APPPATH/Models/Telegram.php on line 11.
 1 APPPATH/Models/Telegram.php(11): CodeIgniter\Debug\Exceptions->errorHandler(8, 'Undefined property: stdClass::$callback_query', 'APPPATH/Models/Telegram.php', 11, [...])
 2 APPPATH/Controllers/Meters.php(158): App\Models\Telegram->telegram(Object(stdClass))
 3 SYSTEMPATH/CodeIgniter.php(927): App\Controllers\Meters->telegram()
 4 SYSTEMPATH/CodeIgniter.php(482): CodeIgniter\CodeIgniter->runController(Object(App\Controllers\Meters))
 5 SYSTEMPATH/CodeIgniter.php(351): CodeIgniter\CodeIgniter->handleRequest(null, Object(Config\Cache), false)
 6 FCPATH/index.php(67): CodeIgniter\CodeIgniter->run()
CRITICAL - 2023-03-10 07:05:39 --> Undefined property: stdClass::$callback_query
in APPPATH/Models/Telegram.php on line 11.
 1 APPPATH/Models/Telegram.php(11): CodeIgniter\Debug\Exceptions->errorHandler(8, 'Undefined property: stdClass::$callback_query', 'APPPATH/Models/Telegram.php', 11, [...])
 2 APPPATH/Controllers/Meters.php(158): App\Models\Telegram->telegram(Object(stdClass))
 3 SYSTEMPATH/CodeIgniter.php(927): App\Controllers\Meters->telegram()
 4 SYSTEMPATH/CodeIgniter.php(482): CodeIgniter\CodeIgniter->runController(Object(App\Controllers\Meters))
 5 SYSTEMPATH/CodeIgniter.php(351): CodeIgniter\CodeIgniter->handleRequest(null, Object(Config\Cache), false)
 6 FCPATH/index.php(67): CodeIgniter\CodeIgniter->run()
CRITICAL - 2023-03-10 07:33:18 --> Undefined property: stdClass::$callback_query
in APPPATH/Models/Telegram.php on line 11.
 1 APPPATH/Models/Telegram.php(11): CodeIgniter\Debug\Exceptions->errorHandler(8, 'Undefined property: stdClass::$callback_query', 'APPPATH/Models/Telegram.php', 11, [...])
 2 APPPATH/Controllers/Meters.php(158): App\Models\Telegram->telegram(Object(stdClass))
 3 SYSTEMPATH/CodeIgniter.php(927): App\Controllers\Meters->telegram()
 4 SYSTEMPATH/CodeIgniter.php(482): CodeIgniter\CodeIgniter->runController(Object(App\Controllers\Meters))
 5 SYSTEMPATH/CodeIgniter.php(351): CodeIgniter\CodeIgniter->handleRequest(null, Object(Config\Cache), false)
 6 FCPATH/index.php(67): CodeIgniter\CodeIgniter->run()
CRITICAL - 2023-03-10 07:33:19 --> Undefined property: stdClass::$callback_query
in APPPATH/Models/Telegram.php on line 11.
 1 APPPATH/Models/Telegram.php(11): CodeIgniter\Debug\Exceptions->errorHandler(8, 'Undefined property: stdClass::$callback_query', 'APPPATH/Models/Telegram.php', 11, [...])
 2 APPPATH/Controllers/Meters.php(158): App\Models\Telegram->telegram(Object(stdClass))
 3 SYSTEMPATH/CodeIgniter.php(927): App\Controllers\Meters->telegram()
 4 SYSTEMPATH/CodeIgniter.php(482): CodeIgniter\CodeIgniter->runController(Object(App\Controllers\Meters))
 5 SYSTEMPATH/CodeIgniter.php(351): CodeIgniter\CodeIgniter->handleRequest(null, Object(Config\Cache), false)
 6 FCPATH/index.php(67): CodeIgniter\CodeIgniter->run()
CRITICAL - 2023-03-10 07:48:52 --> A non-numeric value encountered
in APPPATH/Models/Search.php on line 422.
 1 APPPATH/Models/Search.php(422): CodeIgniter\Debug\Exceptions->errorHandler(2, 'A non-numeric value encountered', 'APPPATH/Models/Search.php', 422, [...])
 2 APPPATH/Models/Telegram.php(93): App\Models\Search->addPokazC('358', 'test', '2023', '02')
 3 APPPATH/Models/Telegram.php(13): App\Models\Telegram->callback(Object(stdClass), Object(stdClass), 971483502)
 4 APPPATH/Controllers/Meters.php(158): App\Models\Telegram->telegram(Object(stdClass))
 5 SYSTEMPATH/CodeIgniter.php(927): App\Controllers\Meters->telegram()
 6 SYSTEMPATH/CodeIgniter.php(482): CodeIgniter\CodeIgniter->runController(Object(App\Controllers\Meters))
 7 SYSTEMPATH/CodeIgniter.php(351): CodeIgniter\CodeIgniter->handleRequest(null, Object(Config\Cache), false)
 8 FCPATH/index.php(67): CodeIgniter\CodeIgniter->run()
CRITICAL - 2023-03-10 07:51:35 --> A non well formed numeric value encountered
in APPPATH/Models/Search.php on line 422.
 1 APPPATH/Models/Search.php(422): CodeIgniter\Debug\Exceptions->errorHandler(8, 'A non well formed numeric value encountered', 'APPPATH/Models/Search.php', 422, [...])
 2 APPPATH/Models/Telegram.php(92): App\Models\Search->addPokazC('358', '67ikhkud83dude3289tyj', '2023', '02')
 3 APPPATH/Models/Telegram.php(13): App\Models\Telegram->callback(Object(stdClass), Object(stdClass), 971483502)
 4 APPPATH/Controllers/Meters.php(158): App\Models\Telegram->telegram(Object(stdClass))
 5 SYSTEMPATH/CodeIgniter.php(927): App\Controllers\Meters->telegram()
 6 SYSTEMPATH/CodeIgniter.php(482): CodeIgniter\CodeIgniter->runController(Object(App\Controllers\Meters))
 7 SYSTEMPATH/CodeIgniter.php(351): CodeIgniter\CodeIgniter->handleRequest(null, Object(Config\Cache), false)
 8 FCPATH/index.php(67): CodeIgniter\CodeIgniter->run()
CRITICAL - 2023-03-10 07:51:58 --> A non well formed numeric value encountered
in APPPATH/Models/Search.php on line 422.
 1 APPPATH/Models/Search.php(422): CodeIgniter\Debug\Exceptions->errorHandler(8, 'A non well formed numeric value encountered', 'APPPATH/Models/Search.php', 422, [...])
 2 APPPATH/Models/Telegram.php(92): App\Models\Search->addPokazC('358', '67ikhkud83dude3289tyj', '2023', '02')
 3 APPPATH/Models/Telegram.php(13): App\Models\Telegram->callback(Object(stdClass), Object(stdClass), 971483502)
 4 APPPATH/Controllers/Meters.php(158): App\Models\Telegram->telegram(Object(stdClass))
 5 SYSTEMPATH/CodeIgniter.php(927): App\Controllers\Meters->telegram()
 6 SYSTEMPATH/CodeIgniter.php(482): CodeIgniter\CodeIgniter->runController(Object(App\Controllers\Meters))
 7 SYSTEMPATH/CodeIgniter.php(351): CodeIgniter\CodeIgniter->handleRequest(null, Object(Config\Cache), false)
 8 FCPATH/index.php(67): CodeIgniter\CodeIgniter->run()
CRITICAL - 2023-03-10 08:48:19 --> Undefined property: stdClass::$callback_query
in APPPATH/Models/Telegram.php on line 11.
 1 APPPATH/Models/Telegram.php(11): CodeIgniter\Debug\Exceptions->errorHandler(8, 'Undefined property: stdClass::$callback_query', 'APPPATH/Models/Telegram.php', 11, [...])
 2 APPPATH/Controllers/Meters.php(158): App\Models\Telegram->telegram(Object(stdClass))
 3 SYSTEMPATH/CodeIgniter.php(927): App\Controllers\Meters->telegram()
 4 SYSTEMPATH/CodeIgniter.php(482): CodeIgniter\CodeIgniter->runController(Object(App\Controllers\Meters))
 5 SYSTEMPATH/CodeIgniter.php(351): CodeIgniter\CodeIgniter->handleRequest(null, Object(Config\Cache), false)
 6 FCPATH/index.php(67): CodeIgniter\CodeIgniter->run()
CRITICAL - 2023-03-10 08:48:20 --> Undefined property: stdClass::$callback_query
in APPPATH/Models/Telegram.php on line 11.
 1 APPPATH/Models/Telegram.php(11): CodeIgniter\Debug\Exceptions->errorHandler(8, 'Undefined property: stdClass::$callback_query', 'APPPATH/Models/Telegram.php', 11, [...])
 2 APPPATH/Controllers/Meters.php(158): App\Models\Telegram->telegram(Object(stdClass))
 3 SYSTEMPATH/CodeIgniter.php(927): App\Controllers\Meters->telegram()
 4 SYSTEMPATH/CodeIgniter.php(482): CodeIgniter\CodeIgniter->runController(Object(App\Controllers\Meters))
 5 SYSTEMPATH/CodeIgniter.php(351): CodeIgniter\CodeIgniter->handleRequest(null, Object(Config\Cache), false)
 6 FCPATH/index.php(67): CodeIgniter\CodeIgniter->run()
CRITICAL - 2023-03-10 08:49:41 --> 56 : Recv failure: Connection reset by peer
in SYSTEMPATH/HTTP/CURLRequest.php on line 655.
 1 SYSTEMPATH/HTTP/CURLRequest.php(655): CodeIgniter\HTTP\Exceptions\HTTPException::forCurlError('56', 'Recv failure: Connection reset by peer')
 2 SYSTEMPATH/HTTP/CURLRequest.php(363): CodeIgniter\HTTP\CURLRequest->sendRequest([...])
 3 SYSTEMPATH/HTTP/CURLRequest.php(136): CodeIgniter\HTTP\CURLRequest->send('post', 'http://10.10.5.173:8081/sendMessage/')
 4 SYSTEMPATH/HTTP/CURLRequest.php(209): CodeIgniter\HTTP\CURLRequest->request('post', 'http://10.10.5.173:8081/sendMessage/', [...])
 5 APPPATH/Models/HTTP.php(13): CodeIgniter\HTTP\CURLRequest->post('http://10.10.5.173:8081/sendMessage/', [...])
 6 APPPATH/Models/Telegram.php(143): App\Models\HTTP->request([...])
 7 APPPATH/Models/Telegram.php(183): App\Models\Telegram->sendMessage(971483502, [...])
 8 APPPATH/Models/Telegram.php(39): App\Models\Telegram->menuAdminMess(971483502)
 9 APPPATH/Models/Telegram.php(13): App\Models\Telegram->message(Object(stdClass), Object(stdClass), 971483502)
10 APPPATH/Controllers/Meters.php(158): App\Models\Telegram->telegram(Object(stdClass))
11 SYSTEMPATH/CodeIgniter.php(927): App\Controllers\Meters->telegram()
12 SYSTEMPATH/CodeIgniter.php(482): CodeIgniter\CodeIgniter->runController(Object(App\Controllers\Meters))
13 SYSTEMPATH/CodeIgniter.php(351): CodeIgniter\CodeIgniter->handleRequest(null, Object(Config\Cache), false)
14 FCPATH/index.php(67): CodeIgniter\CodeIgniter->run()
CRITICAL - 2023-03-10 08:49:41 --> Uncaught CodeIgniter\Format\Exceptions\FormatException: Failed to parse json string, error: "Type is not supported". in /ext/WWW/konex.com.ua/zayavki/system/Format/JSONFormatter.php:41
Stack trace:
#0 /ext/WWW/konex.com.ua/zayavki/system/Format/JSONFormatter.php(41): CodeIgniter\Format\Exceptions\FormatException::forInvalidJSON('Type is not sup...')
#1 /ext/WWW/konex.com.ua/zayavki/system/API/ResponseTrait.php(348): CodeIgniter\Format\JSONFormatter->format(Array)
#2 /ext/WWW/konex.com.ua/zayavki/system/API/ResponseTrait.php(99): CodeIgniter\Debug\Exceptions->format(Array)
#3 /ext/WWW/konex.com.ua/zayavki/system/Debug/Exceptions.php(133): CodeIgniter\Debug\Exceptions->respond(Array, 500)
#4 [internal function]: CodeIgniter\Debug\Exceptions->exceptionHandler(Object(CodeIgniter\HTTP\Exceptions\HTTPException))
#5 {main}
  thrown
in SYSTEMPATH/Format/JSONFormatter.php on line 41.
 1 [internal function]: CodeIgniter\Debug\Exceptions->shutdownHandler()
CRITICAL - 2023-03-10 08:51:19 --> syntax error, unexpected '}', expecting end of file
in APPPATH/Models/Telegram.php on line 192.
 1 SYSTEMPATH/Autoloader/Autoloader.php(259): CodeIgniter\Autoloader\Autoloader->includeFile('APPPATH/Models/Telegram.php')
 2 SYSTEMPATH/Autoloader/Autoloader.php(237): CodeIgniter\Autoloader\Autoloader->loadInNamespace('App\\Models\\Telegram')
 3 [internal function]: CodeIgniter\Autoloader\Autoloader->loadClass('App\\Models\\Telegram')
 4 APPPATH/Controllers/Meters.php(26): spl_autoload_call('App\\Models\\Telegram')
 5 SYSTEMPATH/CodeIgniter.php(889): App\Controllers\Meters->__construct()
 6 SYSTEMPATH/CodeIgniter.php(473): CodeIgniter\CodeIgniter->createController()
 7 SYSTEMPATH/CodeIgniter.php(351): CodeIgniter\CodeIgniter->handleRequest(null, Object(Config\Cache), false)
 8 FCPATH/index.php(67): CodeIgniter\CodeIgniter->run()
CRITICAL - 2023-03-10 09:54:08 --> Trying to access array offset on value of type int
in APPPATH/Models/Search.php on line 300.
 1 APPPATH/Models/Search.php(300): CodeIgniter\Debug\Exceptions->errorHandler(8, 'Trying to access array offset on value of type int', 'APPPATH/Models/Search.php', 300, [...])
 2 APPPATH/Models/Telegram.php(179): App\Models\Search->findCountersNotFilled()
 3 APPPATH/Models/Telegram.php(92): App\Models\Telegram->menuAdminMess(971483502)
 4 APPPATH/Models/Telegram.php(13): App\Models\Telegram->callback(Object(stdClass), Object(stdClass), 971483502)
 5 APPPATH/Controllers/Meters.php(158): App\Models\Telegram->telegram(Object(stdClass))
 6 SYSTEMPATH/CodeIgniter.php(927): App\Controllers\Meters->telegram()
 7 SYSTEMPATH/CodeIgniter.php(482): CodeIgniter\CodeIgniter->runController(Object(App\Controllers\Meters))
 8 SYSTEMPATH/CodeIgniter.php(351): CodeIgniter\CodeIgniter->handleRequest(null, Object(Config\Cache), false)
 9 FCPATH/index.php(67): CodeIgniter\CodeIgniter->run()
CRITICAL - 2023-03-10 09:54:16 --> Trying to access array offset on value of type int
in APPPATH/Models/Search.php on line 300.
 1 APPPATH/Models/Search.php(300): CodeIgniter\Debug\Exceptions->errorHandler(8, 'Trying to access array offset on value of type int', 'APPPATH/Models/Search.php', 300, [...])
 2 APPPATH/Models/Telegram.php(179): App\Models\Search->findCountersNotFilled()
 3 APPPATH/Models/Telegram.php(92): App\Models\Telegram->menuAdminMess(971483502)
 4 APPPATH/Models/Telegram.php(13): App\Models\Telegram->callback(Object(stdClass), Object(stdClass), 971483502)
 5 APPPATH/Controllers/Meters.php(158): App\Models\Telegram->telegram(Object(stdClass))
 6 SYSTEMPATH/CodeIgniter.php(927): App\Controllers\Meters->telegram()
 7 SYSTEMPATH/CodeIgniter.php(482): CodeIgniter\CodeIgniter->runController(Object(App\Controllers\Meters))
 8 SYSTEMPATH/CodeIgniter.php(351): CodeIgniter\CodeIgniter->handleRequest(null, Object(Config\Cache), false)
 9 FCPATH/index.php(67): CodeIgniter\CodeIgniter->run()
