CRITICAL - 2023-01-11 06:47:32 --> Undefined property: App\Controllers\Home::$word
in APPPATH/Controllers/Home.php on line 19.
 1 APPPATH/Controllers/Home.php(19): CodeIgniter\Debug\Exceptions->errorHandler(8, 'Undefined property: App\\Controllers\\Home::$word', 'APPPATH/Controllers/Home.php', 19, [...])
 2 SYSTEMPATH/CodeIgniter.php(927): App\Controllers\Home->say()
 3 SYSTEMPATH/CodeIgniter.php(482): CodeIgniter\CodeIgniter->runController(Object(App\Controllers\Home))
 4 SYSTEMPATH/CodeIgniter.php(351): CodeIgniter\CodeIgniter->handleRequest(null, Object(Config\Cache), false)
 5 FCPATH/index.php(67): CodeIgniter\CodeIgniter->run()
CRITICAL - 2023-01-11 06:47:54 --> Undefined property: CodeIgniter\HTTP\IncomingRequest::$word
in APPPATH/Controllers/Home.php on line 19.
 1 APPPATH/Controllers/Home.php(19): CodeIgniter\Debug\Exceptions->errorHandler(8, 'Undefined property: CodeIgniter\\HTTP\\IncomingRequest::$word', 'APPPATH/Controllers/Home.php', 19, [...])
 2 SYSTEMPATH/CodeIgniter.php(927): App\Controllers\Home->say()
 3 SYSTEMPATH/CodeIgniter.php(482): CodeIgniter\CodeIgniter->runController(Object(App\Controllers\Home))
 4 SYSTEMPATH/CodeIgniter.php(351): CodeIgniter\CodeIgniter->handleRequest(null, Object(Config\Cache), false)
 5 FCPATH/index.php(67): CodeIgniter\CodeIgniter->run()
CRITICAL - 2023-01-11 06:50:53 --> Call to undefined method CodeIgniter\HTTP\IncomingRequest::get()
in APPPATH/Controllers/Home.php on line 19.
 1 SYSTEMPATH/CodeIgniter.php(927): App\Controllers\Home->say()
 2 SYSTEMPATH/CodeIgniter.php(482): CodeIgniter\CodeIgniter->runController(Object(App\Controllers\Home))
 3 SYSTEMPATH/CodeIgniter.php(351): CodeIgniter\CodeIgniter->handleRequest(null, Object(Config\Cache), false)
 4 FCPATH/index.php(67): CodeIgniter\CodeIgniter->run()
CRITICAL - 2023-01-11 06:53:03 --> Call to undefined method CodeIgniter\HTTP\IncomingRequest::getParameter()
in APPPATH/Controllers/Home.php on line 19.
 1 SYSTEMPATH/CodeIgniter.php(927): App\Controllers\Home->say()
 2 SYSTEMPATH/CodeIgniter.php(482): CodeIgniter\CodeIgniter->runController(Object(App\Controllers\Home))
 3 SYSTEMPATH/CodeIgniter.php(351): CodeIgniter\CodeIgniter->handleRequest(null, Object(Config\Cache), false)
 4 FCPATH/index.php(67): CodeIgniter\CodeIgniter->run()
CRITICAL - 2023-01-11 06:53:27 --> syntax error, unexpected ')', expecting ']'
in APPPATH/Controllers/Home.php on line 19.
 1 SYSTEMPATH/Autoloader/Autoloader.php(259): CodeIgniter\Autoloader\Autoloader->includeFile('APPPATH/Controllers/Home.php')
 2 SYSTEMPATH/Autoloader/Autoloader.php(237): CodeIgniter\Autoloader\Autoloader->loadInNamespace('App\\Controllers\\Home')
 3 [internal function]: CodeIgniter\Autoloader\Autoloader->loadClass('App\\Controllers\\Home')
 4 [internal function]: spl_autoload_call('App\\Controllers\\Home')
 5 SYSTEMPATH/CodeIgniter.php(877): class_exists('\\App\\Controllers\\Home', true)
 6 SYSTEMPATH/CodeIgniter.php(469): CodeIgniter\CodeIgniter->startController()
 7 SYSTEMPATH/CodeIgniter.php(351): CodeIgniter\CodeIgniter->handleRequest(null, Object(Config\Cache), false)
 8 FCPATH/index.php(67): CodeIgniter\CodeIgniter->run()
CRITICAL - 2023-01-11 06:53:59 --> Call to undefined method CodeIgniter\HTTP\IncomingRequest::getParameter()
in APPPATH/Controllers/Home.php on line 19.
 1 SYSTEMPATH/CodeIgniter.php(927): App\Controllers\Home->say()
 2 SYSTEMPATH/CodeIgniter.php(482): CodeIgniter\CodeIgniter->runController(Object(App\Controllers\Home))
 3 SYSTEMPATH/CodeIgniter.php(351): CodeIgniter\CodeIgniter->handleRequest(null, Object(Config\Cache), false)
 4 FCPATH/index.php(67): CodeIgniter\CodeIgniter->run()
CRITICAL - 2023-01-11 06:54:16 --> Call to undefined method CodeIgniter\HTTP\IncomingRequest::get()
in APPPATH/Controllers/Home.php on line 19.
 1 SYSTEMPATH/CodeIgniter.php(927): App\Controllers\Home->say()
 2 SYSTEMPATH/CodeIgniter.php(482): CodeIgniter\CodeIgniter->runController(Object(App\Controllers\Home))
 3 SYSTEMPATH/CodeIgniter.php(351): CodeIgniter\CodeIgniter->handleRequest(null, Object(Config\Cache), false)
 4 FCPATH/index.php(67): CodeIgniter\CodeIgniter->run()
CRITICAL - 2023-01-11 06:54:40 --> Undefined property: CodeIgniter\HTTP\IncomingRequest::$query
in APPPATH/Controllers/Home.php on line 19.
 1 APPPATH/Controllers/Home.php(19): CodeIgniter\Debug\Exceptions->errorHandler(8, 'Undefined property: CodeIgniter\\HTTP\\IncomingRequest::$query', 'APPPATH/Controllers/Home.php', 19, [])
 2 SYSTEMPATH/CodeIgniter.php(927): App\Controllers\Home->say()
 3 SYSTEMPATH/CodeIgniter.php(482): CodeIgniter\CodeIgniter->runController(Object(App\Controllers\Home))
 4 SYSTEMPATH/CodeIgniter.php(351): CodeIgniter\CodeIgniter->handleRequest(null, Object(Config\Cache), false)
 5 FCPATH/index.php(67): CodeIgniter\CodeIgniter->run()
CRITICAL - 2023-01-11 06:55:26 --> Call to undefined method CodeIgniter\HTTP\IncomingRequest::getParams()
in APPPATH/Controllers/Home.php on line 19.
 1 SYSTEMPATH/CodeIgniter.php(927): App\Controllers\Home->say()
 2 SYSTEMPATH/CodeIgniter.php(482): CodeIgniter\CodeIgniter->runController(Object(App\Controllers\Home))
 3 SYSTEMPATH/CodeIgniter.php(351): CodeIgniter\CodeIgniter->handleRequest(null, Object(Config\Cache), false)
 4 FCPATH/index.php(67): CodeIgniter\CodeIgniter->run()
CRITICAL - 2023-01-11 06:55:53 --> Call to undefined method CodeIgniter\HTTP\IncomingRequest::all()
in APPPATH/Controllers/Home.php on line 19.
 1 SYSTEMPATH/CodeIgniter.php(927): App\Controllers\Home->say()
 2 SYSTEMPATH/CodeIgniter.php(482): CodeIgniter\CodeIgniter->runController(Object(App\Controllers\Home))
 3 SYSTEMPATH/CodeIgniter.php(351): CodeIgniter\CodeIgniter->handleRequest(null, Object(Config\Cache), false)
 4 FCPATH/index.php(67): CodeIgniter\CodeIgniter->run()
CRITICAL - 2023-01-11 06:58:35 --> Call to undefined method CodeIgniter\HTTP\IncomingRequest::all()
in APPPATH/Controllers/Home.php on line 19.
 1 SYSTEMPATH/CodeIgniter.php(927): App\Controllers\Home->say()
 2 SYSTEMPATH/CodeIgniter.php(482): CodeIgniter\CodeIgniter->runController(Object(App\Controllers\Home))
 3 SYSTEMPATH/CodeIgniter.php(351): CodeIgniter\CodeIgniter->handleRequest(null, Object(Config\Cache), false)
 4 FCPATH/index.php(67): CodeIgniter\CodeIgniter->run()
CRITICAL - 2023-01-11 06:58:37 --> Call to undefined method CodeIgniter\HTTP\IncomingRequest::all()
in APPPATH/Controllers/Home.php on line 19.
 1 SYSTEMPATH/CodeIgniter.php(927): App\Controllers\Home->say()
 2 SYSTEMPATH/CodeIgniter.php(482): CodeIgniter\CodeIgniter->runController(Object(App\Controllers\Home))
 3 SYSTEMPATH/CodeIgniter.php(351): CodeIgniter\CodeIgniter->handleRequest(null, Object(Config\Cache), false)
 4 FCPATH/index.php(67): CodeIgniter\CodeIgniter->run()
CRITICAL - 2023-01-11 06:59:43 --> Call to undefined method CodeIgniter\HTTP\IncomingRequest::get()
in APPPATH/Controllers/Home.php on line 19.
 1 SYSTEMPATH/CodeIgniter.php(927): App\Controllers\Home->say()
 2 SYSTEMPATH/CodeIgniter.php(482): CodeIgniter\CodeIgniter->runController(Object(App\Controllers\Home))
 3 SYSTEMPATH/CodeIgniter.php(351): CodeIgniter\CodeIgniter->handleRequest(null, Object(Config\Cache), false)
 4 FCPATH/index.php(67): CodeIgniter\CodeIgniter->run()
CRITICAL - 2023-01-11 06:59:53 --> Call to undefined method CodeIgniter\HTTP\IncomingRequest::get()
in APPPATH/Controllers/Home.php on line 19.
 1 SYSTEMPATH/CodeIgniter.php(927): App\Controllers\Home->say()
 2 SYSTEMPATH/CodeIgniter.php(482): CodeIgniter\CodeIgniter->runController(Object(App\Controllers\Home))
 3 SYSTEMPATH/CodeIgniter.php(351): CodeIgniter\CodeIgniter->handleRequest(null, Object(Config\Cache), false)
 4 FCPATH/index.php(67): CodeIgniter\CodeIgniter->run()
CRITICAL - 2023-01-11 07:01:39 --> Call to undefined method CodeIgniter\HTTP\IncomingRequest::get()
in APPPATH/Controllers/Home.php on line 19.
 1 SYSTEMPATH/CodeIgniter.php(927): App\Controllers\Home->say()
 2 SYSTEMPATH/CodeIgniter.php(482): CodeIgniter\CodeIgniter->runController(Object(App\Controllers\Home))
 3 SYSTEMPATH/CodeIgniter.php(351): CodeIgniter\CodeIgniter->handleRequest(null, Object(Config\Cache), false)
 4 FCPATH/index.php(67): CodeIgniter\CodeIgniter->run()
CRITICAL - 2023-01-11 08:28:43 --> syntax error, unexpected '$model' (T_VARIABLE), expecting function (T_FUNCTION) or const (T_CONST)
in APPPATH/Controllers/Home.php on line 7.
 1 SYSTEMPATH/Autoloader/Autoloader.php(259): CodeIgniter\Autoloader\Autoloader->includeFile('APPPATH/Controllers/Home.php')
 2 SYSTEMPATH/Autoloader/Autoloader.php(237): CodeIgniter\Autoloader\Autoloader->loadInNamespace('App\\Controllers\\Home')
 3 [internal function]: CodeIgniter\Autoloader\Autoloader->loadClass('App\\Controllers\\Home')
 4 [internal function]: spl_autoload_call('App\\Controllers\\Home')
 5 SYSTEMPATH/CodeIgniter.php(877): class_exists('\\App\\Controllers\\Home', true)
 6 SYSTEMPATH/CodeIgniter.php(469): CodeIgniter\CodeIgniter->startController()
 7 SYSTEMPATH/CodeIgniter.php(351): CodeIgniter\CodeIgniter->handleRequest(null, Object(Config\Cache), false)
 8 FCPATH/index.php(67): CodeIgniter\CodeIgniter->run()
CRITICAL - 2023-01-11 08:28:55 --> syntax error, unexpected '$model' (T_VARIABLE), expecting function (T_FUNCTION) or const (T_CONST)
in APPPATH/Controllers/Home.php on line 8.
 1 SYSTEMPATH/Autoloader/Autoloader.php(259): CodeIgniter\Autoloader\Autoloader->includeFile('APPPATH/Controllers/Home.php')
 2 SYSTEMPATH/Autoloader/Autoloader.php(237): CodeIgniter\Autoloader\Autoloader->loadInNamespace('App\\Controllers\\Home')
 3 [internal function]: CodeIgniter\Autoloader\Autoloader->loadClass('App\\Controllers\\Home')
 4 [internal function]: spl_autoload_call('App\\Controllers\\Home')
 5 SYSTEMPATH/CodeIgniter.php(877): class_exists('\\App\\Controllers\\Home', true)
 6 SYSTEMPATH/CodeIgniter.php(469): CodeIgniter\CodeIgniter->startController()
 7 SYSTEMPATH/CodeIgniter.php(351): CodeIgniter\CodeIgniter->handleRequest(null, Object(Config\Cache), false)
 8 FCPATH/index.php(67): CodeIgniter\CodeIgniter->run()
CRITICAL - 2023-01-11 09:03:00 --> Call to a member function getFirstEl() on null
in APPPATH/Controllers/Home.php on line 16.
 1 SYSTEMPATH/CodeIgniter.php(927): App\Controllers\Home->test()
 2 SYSTEMPATH/CodeIgniter.php(482): CodeIgniter\CodeIgniter->runController(Object(App\Controllers\Home))
 3 SYSTEMPATH/CodeIgniter.php(351): CodeIgniter\CodeIgniter->handleRequest(null, Object(Config\Cache), false)
 4 FCPATH/index.php(67): CodeIgniter\CodeIgniter->run()
CRITICAL - 2023-01-11 09:04:00 --> Undefined variable: var
in APPPATH/Views/test.php on line 6.
 1 APPPATH/Views/test.php(6): CodeIgniter\Debug\Exceptions->errorHandler(8, 'Undefined variable: var', 'APPPATH/Views/test.php', 6, [])
 2 SYSTEMPATH/View/View.php(213): include('APPPATH/Views/test.php')
 3 SYSTEMPATH/View/View.php(216): CodeIgniter\View\View->CodeIgniter\View\{closure}()
 4 SYSTEMPATH/Common.php(1134): CodeIgniter\View\View->render('test', [], true)
 5 APPPATH/Controllers/Home.php(16): view('test', [...])
 6 SYSTEMPATH/CodeIgniter.php(927): App\Controllers\Home->test()
 7 SYSTEMPATH/CodeIgniter.php(482): CodeIgniter\CodeIgniter->runController(Object(App\Controllers\Home))
 8 SYSTEMPATH/CodeIgniter.php(351): CodeIgniter\CodeIgniter->handleRequest(null, Object(Config\Cache), false)
 9 FCPATH/index.php(67): CodeIgniter\CodeIgniter->run()
CRITICAL - 2023-01-11 09:04:11 --> Undefined variable: var
in APPPATH/Views/test.php on line 6.
 1 APPPATH/Views/test.php(6): CodeIgniter\Debug\Exceptions->errorHandler(8, 'Undefined variable: var', 'APPPATH/Views/test.php', 6, [])
 2 SYSTEMPATH/View/View.php(213): include('APPPATH/Views/test.php')
 3 SYSTEMPATH/View/View.php(216): CodeIgniter\View\View->CodeIgniter\View\{closure}()
 4 SYSTEMPATH/Common.php(1134): CodeIgniter\View\View->render('test', [], true)
 5 APPPATH/Controllers/Home.php(16): view('test', [...])
 6 SYSTEMPATH/CodeIgniter.php(927): App\Controllers\Home->test()
 7 SYSTEMPATH/CodeIgniter.php(482): CodeIgniter\CodeIgniter->runController(Object(App\Controllers\Home))
 8 SYSTEMPATH/CodeIgniter.php(351): CodeIgniter\CodeIgniter->handleRequest(null, Object(Config\Cache), false)
 9 FCPATH/index.php(67): CodeIgniter\CodeIgniter->run()
CRITICAL - 2023-01-11 09:05:07 --> Undefined variable: var
in APPPATH/Views/test.php on line 6.
 1 APPPATH/Views/test.php(6): CodeIgniter\Debug\Exceptions->errorHandler(8, 'Undefined variable: var', 'APPPATH/Views/test.php', 6, [])
 2 SYSTEMPATH/View/View.php(213): include('APPPATH/Views/test.php')
 3 SYSTEMPATH/View/View.php(216): CodeIgniter\View\View->CodeIgniter\View\{closure}()
 4 SYSTEMPATH/Common.php(1134): CodeIgniter\View\View->render('test', [], true)
 5 APPPATH/Controllers/Home.php(16): view('test', [...])
 6 SYSTEMPATH/CodeIgniter.php(927): App\Controllers\Home->test()
 7 SYSTEMPATH/CodeIgniter.php(482): CodeIgniter\CodeIgniter->runController(Object(App\Controllers\Home))
 8 SYSTEMPATH/CodeIgniter.php(351): CodeIgniter\CodeIgniter->handleRequest(null, Object(Config\Cache), false)
 9 FCPATH/index.php(67): CodeIgniter\CodeIgniter->run()
CRITICAL - 2023-01-11 09:06:24 --> Array to string conversion
in APPPATH/Views/test.php on line 6.
 1 APPPATH/Views/test.php(6): CodeIgniter\Debug\Exceptions->errorHandler(8, 'Array to string conversion', 'APPPATH/Views/test.php', 6, [...])
 2 SYSTEMPATH/View/View.php(213): include('APPPATH/Views/test.php')
 3 SYSTEMPATH/View/View.php(216): CodeIgniter\View\View->CodeIgniter\View\{closure}()
 4 SYSTEMPATH/Common.php(1134): CodeIgniter\View\View->render('test', [], true)
 5 APPPATH/Controllers/Home.php(16): view('test', [...])
 6 SYSTEMPATH/CodeIgniter.php(927): App\Controllers\Home->test()
 7 SYSTEMPATH/CodeIgniter.php(482): CodeIgniter\CodeIgniter->runController(Object(App\Controllers\Home))
 8 SYSTEMPATH/CodeIgniter.php(351): CodeIgniter\CodeIgniter->handleRequest(null, Object(Config\Cache), false)
 9 FCPATH/index.php(67): CodeIgniter\CodeIgniter->run()
CRITICAL - 2023-01-11 09:06:56 --> Array to string conversion
in APPPATH/Views/test.php on line 6.
 1 APPPATH/Views/test.php(6): CodeIgniter\Debug\Exceptions->errorHandler(8, 'Array to string conversion', 'APPPATH/Views/test.php', 6, [...])
 2 SYSTEMPATH/View/View.php(213): include('APPPATH/Views/test.php')
 3 SYSTEMPATH/View/View.php(216): CodeIgniter\View\View->CodeIgniter\View\{closure}()
 4 SYSTEMPATH/Common.php(1134): CodeIgniter\View\View->render('test', [], true)
 5 APPPATH/Controllers/Home.php(16): view('test', [...])
 6 SYSTEMPATH/CodeIgniter.php(927): App\Controllers\Home->test()
 7 SYSTEMPATH/CodeIgniter.php(482): CodeIgniter\CodeIgniter->runController(Object(App\Controllers\Home))
 8 SYSTEMPATH/CodeIgniter.php(351): CodeIgniter\CodeIgniter->handleRequest(null, Object(Config\Cache), false)
 9 FCPATH/index.php(67): CodeIgniter\CodeIgniter->run()
CRITICAL - 2023-01-11 09:07:29 --> Array to string conversion
in APPPATH/Views/test.php on line 6.
 1 APPPATH/Views/test.php(6): CodeIgniter\Debug\Exceptions->errorHandler(8, 'Array to string conversion', 'APPPATH/Views/test.php', 6, [...])
 2 SYSTEMPATH/View/View.php(213): include('APPPATH/Views/test.php')
 3 SYSTEMPATH/View/View.php(216): CodeIgniter\View\View->CodeIgniter\View\{closure}()
 4 SYSTEMPATH/Common.php(1134): CodeIgniter\View\View->render('test', [], true)
 5 APPPATH/Controllers/Home.php(16): view('test', [...])
 6 SYSTEMPATH/CodeIgniter.php(927): App\Controllers\Home->test()
 7 SYSTEMPATH/CodeIgniter.php(482): CodeIgniter\CodeIgniter->runController(Object(App\Controllers\Home))
 8 SYSTEMPATH/CodeIgniter.php(351): CodeIgniter\CodeIgniter->handleRequest(null, Object(Config\Cache), false)
 9 FCPATH/index.php(67): CodeIgniter\CodeIgniter->run()
CRITICAL - 2023-01-11 09:09:27 --> syntax error, unexpected 'echo' (T_ECHO)
in APPPATH/Views/test.php on line 7.
 1 SYSTEMPATH/View/View.php(216): CodeIgniter\View\View->CodeIgniter\View\{closure}()
 2 SYSTEMPATH/Common.php(1134): CodeIgniter\View\View->render('test', [], true)
 3 APPPATH/Controllers/Home.php(16): view('test', [...])
 4 SYSTEMPATH/CodeIgniter.php(927): App\Controllers\Home->test()
 5 SYSTEMPATH/CodeIgniter.php(482): CodeIgniter\CodeIgniter->runController(Object(App\Controllers\Home))
 6 SYSTEMPATH/CodeIgniter.php(351): CodeIgniter\CodeIgniter->handleRequest(null, Object(Config\Cache), false)
 7 FCPATH/index.php(67): CodeIgniter\CodeIgniter->run()
CRITICAL - 2023-01-11 09:24:20 --> Array to string conversion
in APPPATH/Views/test.php on line 6.
 1 APPPATH/Views/test.php(6): CodeIgniter\Debug\Exceptions->errorHandler(8, 'Array to string conversion', 'APPPATH/Views/test.php', 6, [...])
 2 SYSTEMPATH/View/View.php(213): include('APPPATH/Views/test.php')
 3 SYSTEMPATH/View/View.php(216): CodeIgniter\View\View->CodeIgniter\View\{closure}()
 4 SYSTEMPATH/Common.php(1134): CodeIgniter\View\View->render('test', [], true)
 5 APPPATH/Controllers/Home.php(16): view('test', [...])
 6 SYSTEMPATH/CodeIgniter.php(927): App\Controllers\Home->test()
 7 SYSTEMPATH/CodeIgniter.php(482): CodeIgniter\CodeIgniter->runController(Object(App\Controllers\Home))
 8 SYSTEMPATH/CodeIgniter.php(351): CodeIgniter\CodeIgniter->handleRequest(null, Object(Config\Cache), false)
 9 FCPATH/index.php(67): CodeIgniter\CodeIgniter->run()
CRITICAL - 2023-01-11 09:24:27 --> Array to string conversion
in APPPATH/Views/test.php on line 6.
 1 APPPATH/Views/test.php(6): CodeIgniter\Debug\Exceptions->errorHandler(8, 'Array to string conversion', 'APPPATH/Views/test.php', 6, [...])
 2 SYSTEMPATH/View/View.php(213): include('APPPATH/Views/test.php')
 3 SYSTEMPATH/View/View.php(216): CodeIgniter\View\View->CodeIgniter\View\{closure}()
 4 SYSTEMPATH/Common.php(1134): CodeIgniter\View\View->render('test', [], true)
 5 APPPATH/Controllers/Home.php(16): view('test', [...])
 6 SYSTEMPATH/CodeIgniter.php(927): App\Controllers\Home->test()
 7 SYSTEMPATH/CodeIgniter.php(482): CodeIgniter\CodeIgniter->runController(Object(App\Controllers\Home))
 8 SYSTEMPATH/CodeIgniter.php(351): CodeIgniter\CodeIgniter->handleRequest(null, Object(Config\Cache), false)
 9 FCPATH/index.php(67): CodeIgniter\CodeIgniter->run()
ERROR - 2023-01-11 09:35:15 --> Error connecting to the database: mysqli_sql_exception: Access denied for user ''@'localhost' (using password: NO) in /ext/WWW/konex.com.ua/zayavki/system/Database/MySQLi/Connection.php:171
Stack trace:
#0 /ext/WWW/konex.com.ua/zayavki/system/Database/MySQLi/Connection.php(171): mysqli->real_connect('localhost', '', '', '', 3306, '', 0)
#1 /ext/WWW/konex.com.ua/zayavki/system/Database/BaseConnection.php(382): CodeIgniter\Database\MySQLi\Connection->connect(false)
#2 /ext/WWW/konex.com.ua/zayavki/system/Database/BaseConnection.php(561): CodeIgniter\Database\BaseConnection->initialize()
#3 /ext/WWW/konex.com.ua/zayavki/app/Models/TestModel.php(12): CodeIgniter\Database\BaseConnection->query('SELECT * FROM u...')
#4 /ext/WWW/konex.com.ua/zayavki/app/Controllers/Home.php(16): App\Models\TestModel->getFirstEl()
#5 /ext/WWW/konex.com.ua/zayavki/system/CodeIgniter.php(927): App\Controllers\Home->test()
#6 /ext/WWW/konex.com.ua/zayavki/system/CodeIgniter.php(482): CodeIgniter\CodeIgniter->runController(Object(App\Controllers\Home))
#7 /ext/WWW/konex.com.ua/zayavki/system/CodeIgniter.php(351): CodeIgniter\CodeIgniter->handleRequest(NULL, Object(Config\Cache), false)
#8 /ext/WWW/konex.com.ua/zayavki/public/index.php(67): CodeIgniter\CodeIgniter->run()
#9 {main}

Next CodeIgniter\Database\Exceptions\DatabaseException: Access denied for user ''@'localhost' (using password: NO) in /ext/WWW/konex.com.ua/zayavki/system/Database/MySQLi/Connection.php:215
Stack trace:
#0 /ext/WWW/konex.com.ua/zayavki/system/Database/BaseConnection.php(382): CodeIgniter\Database\MySQLi\Connection->connect(false)
#1 /ext/WWW/konex.com.ua/zayavki/system/Database/BaseConnection.php(561): CodeIgniter\Database\BaseConnection->initialize()
#2 /ext/WWW/konex.com.ua/zayavki/app/Models/TestModel.php(12): CodeIgniter\Database\BaseConnection->query('SELECT * FROM u...')
#3 /ext/WWW/konex.com.ua/zayavki/app/Controllers/Home.php(16): App\Models\TestModel->getFirstEl()
#4 /ext/WWW/konex.com.ua/zayavki/system/CodeIgniter.php(927): App\Controllers\Home->test()
#5 /ext/WWW/konex.com.ua/zayavki/system/CodeIgniter.php(482): CodeIgniter\CodeIgniter->runController(Object(App\Controllers\Home))
#6 /ext/WWW/konex.com.ua/zayavki/system/CodeIgniter.php(351): CodeIgniter\CodeIgniter->handleRequest(NULL, Object(Config\Cache), false)
#7 /ext/WWW/konex.com.ua/zayavki/public/index.php(67): CodeIgniter\CodeIgniter->run()
#8 {main}
CRITICAL - 2023-01-11 09:35:15 --> Unable to connect to the database.
Main connection [MySQLi]: Access denied for user ''@'localhost' (using password: NO)
in SYSTEMPATH/Database/BaseConnection.php on line 418.
 1 SYSTEMPATH/Database/BaseConnection.php(561): CodeIgniter\Database\BaseConnection->initialize()
 2 APPPATH/Models/TestModel.php(12): CodeIgniter\Database\BaseConnection->query('SELECT * FROM user')
 3 APPPATH/Controllers/Home.php(16): App\Models\TestModel->getFirstEl()
 4 SYSTEMPATH/CodeIgniter.php(927): App\Controllers\Home->test()
 5 SYSTEMPATH/CodeIgniter.php(482): CodeIgniter\CodeIgniter->runController(Object(App\Controllers\Home))
 6 SYSTEMPATH/CodeIgniter.php(351): CodeIgniter\CodeIgniter->handleRequest(null, Object(Config\Cache), false)
 7 FCPATH/index.php(67): CodeIgniter\CodeIgniter->run()
CRITICAL - 2023-01-11 09:42:50 --> Undefined index: id
in APPPATH/Controllers/Home.php on line 16.
 1 APPPATH/Controllers/Home.php(16): CodeIgniter\Debug\Exceptions->errorHandler(8, 'Undefined index: id', 'APPPATH/Controllers/Home.php', 16, [...])
 2 SYSTEMPATH/CodeIgniter.php(927): App\Controllers\Home->test()
 3 SYSTEMPATH/CodeIgniter.php(482): CodeIgniter\CodeIgniter->runController(Object(App\Controllers\Home))
 4 SYSTEMPATH/CodeIgniter.php(351): CodeIgniter\CodeIgniter->handleRequest(null, Object(Config\Cache), false)
 5 FCPATH/index.php(67): CodeIgniter\CodeIgniter->run()
CRITICAL - 2023-01-11 09:43:14 --> Undefined property: App\Controllers\Home::$TestModel
in APPPATH/Controllers/Home.php on line 20.
 1 APPPATH/Controllers/Home.php(20): CodeIgniter\Debug\Exceptions->errorHandler(8, 'Undefined property: App\\Controllers\\Home::$TestModel', 'APPPATH/Controllers/Home.php', 20, [...])
 2 SYSTEMPATH/CodeIgniter.php(927): App\Controllers\Home->test()
 3 SYSTEMPATH/CodeIgniter.php(482): CodeIgniter\CodeIgniter->runController(Object(App\Controllers\Home))
 4 SYSTEMPATH/CodeIgniter.php(351): CodeIgniter\CodeIgniter->handleRequest(null, Object(Config\Cache), false)
 5 FCPATH/index.php(67): CodeIgniter\CodeIgniter->run()
CRITICAL - 2023-01-11 09:43:18 --> Undefined property: App\Controllers\Home::$TestModel
in APPPATH/Controllers/Home.php on line 20.
 1 APPPATH/Controllers/Home.php(20): CodeIgniter\Debug\Exceptions->errorHandler(8, 'Undefined property: App\\Controllers\\Home::$TestModel', 'APPPATH/Controllers/Home.php', 20, [...])
 2 SYSTEMPATH/CodeIgniter.php(927): App\Controllers\Home->test()
 3 SYSTEMPATH/CodeIgniter.php(482): CodeIgniter\CodeIgniter->runController(Object(App\Controllers\Home))
 4 SYSTEMPATH/CodeIgniter.php(351): CodeIgniter\CodeIgniter->handleRequest(null, Object(Config\Cache), false)
 5 FCPATH/index.php(67): CodeIgniter\CodeIgniter->run()
CRITICAL - 2023-01-11 09:44:20 --> Undefined property: App\Controllers\Home::$TestModel
in APPPATH/Controllers/Home.php on line 20.
 1 APPPATH/Controllers/Home.php(20): CodeIgniter\Debug\Exceptions->errorHandler(8, 'Undefined property: App\\Controllers\\Home::$TestModel', 'APPPATH/Controllers/Home.php', 20, [...])
 2 SYSTEMPATH/CodeIgniter.php(927): App\Controllers\Home->test()
 3 SYSTEMPATH/CodeIgniter.php(482): CodeIgniter\CodeIgniter->runController(Object(App\Controllers\Home))
 4 SYSTEMPATH/CodeIgniter.php(351): CodeIgniter\CodeIgniter->handleRequest(null, Object(Config\Cache), false)
 5 FCPATH/index.php(67): CodeIgniter\CodeIgniter->run()
CRITICAL - 2023-01-11 09:44:47 --> Undefined property: App\Controllers\Home::$testModel
in APPPATH/Controllers/Home.php on line 20.
 1 APPPATH/Controllers/Home.php(20): CodeIgniter\Debug\Exceptions->errorHandler(8, 'Undefined property: App\\Controllers\\Home::$testModel', 'APPPATH/Controllers/Home.php', 20, [...])
 2 SYSTEMPATH/CodeIgniter.php(927): App\Controllers\Home->test()
 3 SYSTEMPATH/CodeIgniter.php(482): CodeIgniter\CodeIgniter->runController(Object(App\Controllers\Home))
 4 SYSTEMPATH/CodeIgniter.php(351): CodeIgniter\CodeIgniter->handleRequest(null, Object(Config\Cache), false)
 5 FCPATH/index.php(67): CodeIgniter\CodeIgniter->run()
CRITICAL - 2023-01-11 09:47:06 --> Undefined property: App\Controllers\Home::$testModel
in APPPATH/Controllers/Home.php on line 20.
 1 APPPATH/Controllers/Home.php(20): CodeIgniter\Debug\Exceptions->errorHandler(8, 'Undefined property: App\\Controllers\\Home::$testModel', 'APPPATH/Controllers/Home.php', 20, [...])
 2 SYSTEMPATH/CodeIgniter.php(927): App\Controllers\Home->test()
 3 SYSTEMPATH/CodeIgniter.php(482): CodeIgniter\CodeIgniter->runController(Object(App\Controllers\Home))
 4 SYSTEMPATH/CodeIgniter.php(351): CodeIgniter\CodeIgniter->handleRequest(null, Object(Config\Cache), false)
 5 FCPATH/index.php(67): CodeIgniter\CodeIgniter->run()
CRITICAL - 2023-01-11 09:47:11 --> Undefined property: App\Controllers\Home::$testmodel
in APPPATH/Controllers/Home.php on line 20.
 1 APPPATH/Controllers/Home.php(20): CodeIgniter\Debug\Exceptions->errorHandler(8, 'Undefined property: App\\Controllers\\Home::$testmodel', 'APPPATH/Controllers/Home.php', 20, [...])
 2 SYSTEMPATH/CodeIgniter.php(927): App\Controllers\Home->test()
 3 SYSTEMPATH/CodeIgniter.php(482): CodeIgniter\CodeIgniter->runController(Object(App\Controllers\Home))
 4 SYSTEMPATH/CodeIgniter.php(351): CodeIgniter\CodeIgniter->handleRequest(null, Object(Config\Cache), false)
 5 FCPATH/index.php(67): CodeIgniter\CodeIgniter->run()
CRITICAL - 2023-01-11 09:47:35 --> Undefined property: App\Controllers\Home::$TestModel
in APPPATH/Controllers/Home.php on line 20.
 1 APPPATH/Controllers/Home.php(20): CodeIgniter\Debug\Exceptions->errorHandler(8, 'Undefined property: App\\Controllers\\Home::$TestModel', 'APPPATH/Controllers/Home.php', 20, [...])
 2 SYSTEMPATH/CodeIgniter.php(927): App\Controllers\Home->test()
 3 SYSTEMPATH/CodeIgniter.php(482): CodeIgniter\CodeIgniter->runController(Object(App\Controllers\Home))
 4 SYSTEMPATH/CodeIgniter.php(351): CodeIgniter\CodeIgniter->handleRequest(null, Object(Config\Cache), false)
 5 FCPATH/index.php(67): CodeIgniter\CodeIgniter->run()
CRITICAL - 2023-01-11 09:48:51 --> Undefined property: App\Controllers\Home::$test_model
in APPPATH/Controllers/Home.php on line 20.
 1 APPPATH/Controllers/Home.php(20): CodeIgniter\Debug\Exceptions->errorHandler(8, 'Undefined property: App\\Controllers\\Home::$test_model', 'APPPATH/Controllers/Home.php', 20, [...])
 2 SYSTEMPATH/CodeIgniter.php(927): App\Controllers\Home->test()
 3 SYSTEMPATH/CodeIgniter.php(482): CodeIgniter\CodeIgniter->runController(Object(App\Controllers\Home))
 4 SYSTEMPATH/CodeIgniter.php(351): CodeIgniter\CodeIgniter->handleRequest(null, Object(Config\Cache), false)
 5 FCPATH/index.php(67): CodeIgniter\CodeIgniter->run()
CRITICAL - 2023-01-11 09:50:43 --> Undefined property: App\Controllers\Home::$mod
in APPPATH/Controllers/Home.php on line 20.
 1 APPPATH/Controllers/Home.php(20): CodeIgniter\Debug\Exceptions->errorHandler(8, 'Undefined property: App\\Controllers\\Home::$mod', 'APPPATH/Controllers/Home.php', 20, [...])
 2 SYSTEMPATH/CodeIgniter.php(927): App\Controllers\Home->test()
 3 SYSTEMPATH/CodeIgniter.php(482): CodeIgniter\CodeIgniter->runController(Object(App\Controllers\Home))
 4 SYSTEMPATH/CodeIgniter.php(351): CodeIgniter\CodeIgniter->handleRequest(null, Object(Config\Cache), false)
 5 FCPATH/index.php(67): CodeIgniter\CodeIgniter->run()
CRITICAL - 2023-01-11 09:51:16 --> Undefined property: App\Controllers\Home::$Test_model
in APPPATH/Controllers/Home.php on line 20.
 1 APPPATH/Controllers/Home.php(20): CodeIgniter\Debug\Exceptions->errorHandler(8, 'Undefined property: App\\Controllers\\Home::$Test_model', 'APPPATH/Controllers/Home.php', 20, [...])
 2 SYSTEMPATH/CodeIgniter.php(927): App\Controllers\Home->test()
 3 SYSTEMPATH/CodeIgniter.php(482): CodeIgniter\CodeIgniter->runController(Object(App\Controllers\Home))
 4 SYSTEMPATH/CodeIgniter.php(351): CodeIgniter\CodeIgniter->handleRequest(null, Object(Config\Cache), false)
 5 FCPATH/index.php(67): CodeIgniter\CodeIgniter->run()
CRITICAL - 2023-01-11 09:51:23 --> Undefined property: App\Controllers\Home::$test_model
in APPPATH/Controllers/Home.php on line 20.
 1 APPPATH/Controllers/Home.php(20): CodeIgniter\Debug\Exceptions->errorHandler(8, 'Undefined property: App\\Controllers\\Home::$test_model', 'APPPATH/Controllers/Home.php', 20, [...])
 2 SYSTEMPATH/CodeIgniter.php(927): App\Controllers\Home->test()
 3 SYSTEMPATH/CodeIgniter.php(482): CodeIgniter\CodeIgniter->runController(Object(App\Controllers\Home))
 4 SYSTEMPATH/CodeIgniter.php(351): CodeIgniter\CodeIgniter->handleRequest(null, Object(Config\Cache), false)
 5 FCPATH/index.php(67): CodeIgniter\CodeIgniter->run()
CRITICAL - 2023-01-11 09:52:31 --> Undefined property: App\Controllers\Home::$test_model
in APPPATH/Controllers/Home.php on line 21.
 1 APPPATH/Controllers/Home.php(21): CodeIgniter\Debug\Exceptions->errorHandler(8, 'Undefined property: App\\Controllers\\Home::$test_model', 'APPPATH/Controllers/Home.php', 21, [...])
 2 SYSTEMPATH/CodeIgniter.php(927): App\Controllers\Home->test()
 3 SYSTEMPATH/CodeIgniter.php(482): CodeIgniter\CodeIgniter->runController(Object(App\Controllers\Home))
 4 SYSTEMPATH/CodeIgniter.php(351): CodeIgniter\CodeIgniter->handleRequest(null, Object(Config\Cache), false)
 5 FCPATH/index.php(67): CodeIgniter\CodeIgniter->run()
CRITICAL - 2023-01-11 09:52:33 --> Call to a member function getFirstEl() on null
in APPPATH/Controllers/Home.php on line 19.
 1 SYSTEMPATH/CodeIgniter.php(927): App\Controllers\Home->test()
 2 SYSTEMPATH/CodeIgniter.php(482): CodeIgniter\CodeIgniter->runController(Object(App\Controllers\Home))
 3 SYSTEMPATH/CodeIgniter.php(351): CodeIgniter\CodeIgniter->handleRequest(null, Object(Config\Cache), false)
 4 FCPATH/index.php(67): CodeIgniter\CodeIgniter->run()
CRITICAL - 2023-01-11 09:52:44 --> Call to a member function getFirstEl() on null
in APPPATH/Controllers/Home.php on line 19.
 1 SYSTEMPATH/CodeIgniter.php(927): App\Controllers\Home->test()
 2 SYSTEMPATH/CodeIgniter.php(482): CodeIgniter\CodeIgniter->runController(Object(App\Controllers\Home))
 3 SYSTEMPATH/CodeIgniter.php(351): CodeIgniter\CodeIgniter->handleRequest(null, Object(Config\Cache), false)
 4 FCPATH/index.php(67): CodeIgniter\CodeIgniter->run()
CRITICAL - 2023-01-11 09:52:48 --> Call to a member function getFirstEl() on null
in APPPATH/Controllers/Home.php on line 18.
 1 SYSTEMPATH/CodeIgniter.php(927): App\Controllers\Home->test()
 2 SYSTEMPATH/CodeIgniter.php(482): CodeIgniter\CodeIgniter->runController(Object(App\Controllers\Home))
 3 SYSTEMPATH/CodeIgniter.php(351): CodeIgniter\CodeIgniter->handleRequest(null, Object(Config\Cache), false)
 4 FCPATH/index.php(67): CodeIgniter\CodeIgniter->run()
CRITICAL - 2023-01-11 09:52:50 --> Undefined property: App\Controllers\Home::$test_model
in APPPATH/Controllers/Home.php on line 20.
 1 APPPATH/Controllers/Home.php(20): CodeIgniter\Debug\Exceptions->errorHandler(8, 'Undefined property: App\\Controllers\\Home::$test_model', 'APPPATH/Controllers/Home.php', 20, [...])
 2 SYSTEMPATH/CodeIgniter.php(927): App\Controllers\Home->test()
 3 SYSTEMPATH/CodeIgniter.php(482): CodeIgniter\CodeIgniter->runController(Object(App\Controllers\Home))
 4 SYSTEMPATH/CodeIgniter.php(351): CodeIgniter\CodeIgniter->handleRequest(null, Object(Config\Cache), false)
 5 FCPATH/index.php(67): CodeIgniter\CodeIgniter->run()
CRITICAL - 2023-01-11 09:58:41 --> Class 'App\Controllers\CI_Controller' not found
in APPPATH/Controllers/Home.php on line 5.
 1 SYSTEMPATH/Autoloader/Autoloader.php(282): include_once()
 2 SYSTEMPATH/Autoloader/Autoloader.php(259): CodeIgniter\Autoloader\Autoloader->includeFile('APPPATH/Controllers/Home.php')
 3 SYSTEMPATH/Autoloader/Autoloader.php(237): CodeIgniter\Autoloader\Autoloader->loadInNamespace('App\\Controllers\\Home')
 4 [internal function]: CodeIgniter\Autoloader\Autoloader->loadClass('App\\Controllers\\Home')
 5 [internal function]: spl_autoload_call('App\\Controllers\\Home')
 6 SYSTEMPATH/CodeIgniter.php(877): class_exists('\\App\\Controllers\\Home', true)
 7 SYSTEMPATH/CodeIgniter.php(469): CodeIgniter\CodeIgniter->startController()
 8 SYSTEMPATH/CodeIgniter.php(351): CodeIgniter\CodeIgniter->handleRequest(null, Object(Config\Cache), false)
 9 FCPATH/index.php(67): CodeIgniter\CodeIgniter->run()
CRITICAL - 2023-01-11 10:03:02 --> Class 'App\Controllers\Controller' not found
in APPPATH/Controllers/Home.php on line 5.
 1 SYSTEMPATH/Autoloader/Autoloader.php(282): include_once()
 2 SYSTEMPATH/Autoloader/Autoloader.php(259): CodeIgniter\Autoloader\Autoloader->includeFile('APPPATH/Controllers/Home.php')
 3 SYSTEMPATH/Autoloader/Autoloader.php(237): CodeIgniter\Autoloader\Autoloader->loadInNamespace('App\\Controllers\\Home')
 4 [internal function]: CodeIgniter\Autoloader\Autoloader->loadClass('App\\Controllers\\Home')
 5 [internal function]: spl_autoload_call('App\\Controllers\\Home')
 6 SYSTEMPATH/CodeIgniter.php(877): class_exists('\\App\\Controllers\\Home', true)
 7 SYSTEMPATH/CodeIgniter.php(469): CodeIgniter\CodeIgniter->startController()
 8 SYSTEMPATH/CodeIgniter.php(351): CodeIgniter\CodeIgniter->handleRequest(null, Object(Config\Cache), false)
 9 FCPATH/index.php(67): CodeIgniter\CodeIgniter->run()
