CRITICAL - 2023-02-06 03:07:43 --> Undefined index: unit
in APPPATH/Models/Search.php on line 257.
 1 APPPATH/Models/Search.php(257): CodeIgniter\Debug\Exceptions->errorHandler(8, 'Undefined index: unit', 'APPPATH/Models/Search.php', 257, [...])
 2 APPPATH/Controllers/Zayavki.php(131): App\Models\Search->getAllUser(Object(CodeIgniter\HTTP\IncomingRequest))
 3 SYSTEMPATH/CodeIgniter.php(927): App\Controllers\Zayavki->ajax()
 4 SYSTEMPATH/CodeIgniter.php(482): CodeIgniter\CodeIgniter->runController(Object(App\Controllers\Zayavki))
 5 SYSTEMPATH/CodeIgniter.php(351): CodeIgniter\CodeIgniter->handleRequest(null, Object(Config\Cache), false)
 6 FCPATH/index.php(67): CodeIgniter\CodeIgniter->run()
CRITICAL - 2023-02-06 03:07:52 --> Undefined index: unit
in APPPATH/Models/Search.php on line 257.
 1 APPPATH/Models/Search.php(257): CodeIgniter\Debug\Exceptions->errorHandler(8, 'Undefined index: unit', 'APPPATH/Models/Search.php', 257, [...])
 2 APPPATH/Controllers/Zayavki.php(131): App\Models\Search->getAllUser(Object(CodeIgniter\HTTP\IncomingRequest))
 3 SYSTEMPATH/CodeIgniter.php(927): App\Controllers\Zayavki->ajax()
 4 SYSTEMPATH/CodeIgniter.php(482): CodeIgniter\CodeIgniter->runController(Object(App\Controllers\Zayavki))
 5 SYSTEMPATH/CodeIgniter.php(351): CodeIgniter\CodeIgniter->handleRequest(null, Object(Config\Cache), false)
 6 FCPATH/index.php(67): CodeIgniter\CodeIgniter->run()
CRITICAL - 2023-02-06 03:09:10 --> Undefined index: unit
in APPPATH/Models/Search.php on line 257.
 1 APPPATH/Models/Search.php(257): CodeIgniter\Debug\Exceptions->errorHandler(8, 'Undefined index: unit', 'APPPATH/Models/Search.php', 257, [...])
 2 APPPATH/Controllers/Zayavki.php(131): App\Models\Search->getAllUser(Object(CodeIgniter\HTTP\IncomingRequest))
 3 SYSTEMPATH/CodeIgniter.php(927): App\Controllers\Zayavki->ajax()
 4 SYSTEMPATH/CodeIgniter.php(482): CodeIgniter\CodeIgniter->runController(Object(App\Controllers\Zayavki))
 5 SYSTEMPATH/CodeIgniter.php(351): CodeIgniter\CodeIgniter->handleRequest(null, Object(Config\Cache), false)
 6 FCPATH/index.php(67): CodeIgniter\CodeIgniter->run()
CRITICAL - 2023-02-06 03:09:37 --> Undefined index: unit
in APPPATH/Models/Search.php on line 257.
 1 APPPATH/Models/Search.php(257): CodeIgniter\Debug\Exceptions->errorHandler(8, 'Undefined index: unit', 'APPPATH/Models/Search.php', 257, [...])
 2 APPPATH/Controllers/Zayavki.php(131): App\Models\Search->getAllUser(Object(CodeIgniter\HTTP\IncomingRequest))
 3 SYSTEMPATH/CodeIgniter.php(927): App\Controllers\Zayavki->ajax()
 4 SYSTEMPATH/CodeIgniter.php(482): CodeIgniter\CodeIgniter->runController(Object(App\Controllers\Zayavki))
 5 SYSTEMPATH/CodeIgniter.php(351): CodeIgniter\CodeIgniter->handleRequest(null, Object(Config\Cache), false)
 6 FCPATH/index.php(67): CodeIgniter\CodeIgniter->run()
CRITICAL - 2023-02-06 03:09:43 --> Undefined index: unit
in APPPATH/Models/Search.php on line 257.
 1 APPPATH/Models/Search.php(257): CodeIgniter\Debug\Exceptions->errorHandler(8, 'Undefined index: unit', 'APPPATH/Models/Search.php', 257, [...])
 2 APPPATH/Controllers/Zayavki.php(131): App\Models\Search->getAllUser(Object(CodeIgniter\HTTP\IncomingRequest))
 3 SYSTEMPATH/CodeIgniter.php(927): App\Controllers\Zayavki->ajax()
 4 SYSTEMPATH/CodeIgniter.php(482): CodeIgniter\CodeIgniter->runController(Object(App\Controllers\Zayavki))
 5 SYSTEMPATH/CodeIgniter.php(351): CodeIgniter\CodeIgniter->handleRequest(null, Object(Config\Cache), false)
 6 FCPATH/index.php(67): CodeIgniter\CodeIgniter->run()
ERROR - 2023-02-06 03:18:59 --> mysqli_sql_exception: Duplicate entry 't' for key 'user.login' in /ext/WWW/konex.com.ua/zayavki/system/Database/MySQLi/Connection.php:292
Stack trace:
#0 /ext/WWW/konex.com.ua/zayavki/system/Database/MySQLi/Connection.php(292): mysqli->query('UPDATE `user` S...', 0)
#1 /ext/WWW/konex.com.ua/zayavki/system/Database/BaseConnection.php(666): CodeIgniter\Database\MySQLi\Connection->execute('UPDATE `user` S...')
#2 /ext/WWW/konex.com.ua/zayavki/system/Database/BaseConnection.php(593): CodeIgniter\Database\BaseConnection->simpleQuery('UPDATE `user` S...')
#3 /ext/WWW/konex.com.ua/zayavki/system/Database/BaseBuilder.php(2079): CodeIgniter\Database\BaseConnection->query('UPDATE `user` S...', Array, false)
#4 /ext/WWW/konex.com.ua/zayavki/app/Models/Search.php(287): CodeIgniter\Database\BaseBuilder->update(Array, Array)
#5 /ext/WWW/konex.com.ua/zayavki/app/Models/Search.php(272): App\Models\Search->editUserDB(Array, '193')
#6 /ext/WWW/konex.com.ua/zayavki/app/Controllers/Zayavki.php(133): App\Models\Search->userEdit(Object(CodeIgniter\HTTP\IncomingRequest))
#7 /ext/WWW/konex.com.ua/zayavki/system/CodeIgniter.php(927): App\Controllers\Zayavki->ajax()
#8 /ext/WWW/konex.com.ua/zayavki/system/CodeIgniter.php(482): CodeIgniter\CodeIgniter->runController(Object(App\Controllers\Zayavki))
#9 /ext/WWW/konex.com.ua/zayavki/system/CodeIgniter.php(351): CodeIgniter\CodeIgniter->handleRequest(NULL, Object(Config\Cache), false)
#10 /ext/WWW/konex.com.ua/zayavki/public/index.php(67): CodeIgniter\CodeIgniter->run()
#11 {main}
CRITICAL - 2023-02-06 03:18:59 --> Duplicate entry 't' for key 'user.login'
in SYSTEMPATH/Database/MySQLi/Connection.php on line 292.
 1 SYSTEMPATH/Database/MySQLi/Connection.php(292): mysqli->query('UPDATE `user` SET `name` = \'test\', `surname` = \'test\', `login` = \'t\', `pass` = \'t\', `area` = \'193\', `rights` = \'3\'
WHERE `id` = \'193\'', 0)
 2 SYSTEMPATH/Database/BaseConnection.php(666): CodeIgniter\Database\MySQLi\Connection->execute('UPDATE `user` SET `name` = \'test\', `surname` = \'test\', `login` = \'t\', `pass` = \'t\', `area` = \'193\', `rights` = \'3\'
WHERE `id` = \'193\'')
 3 SYSTEMPATH/Database/BaseConnection.php(593): CodeIgniter\Database\BaseConnection->simpleQuery('UPDATE `user` SET `name` = \'test\', `surname` = \'test\', `login` = \'t\', `pass` = \'t\', `area` = \'193\', `rights` = \'3\'
WHERE `id` = \'193\'')
 4 SYSTEMPATH/Database/BaseBuilder.php(2079): CodeIgniter\Database\BaseConnection->query('UPDATE `user` SET `name` = :name:, `surname` = :surname:, `login` = :login:, `pass` = :pass:, `area` = :area:, `rights` = :rights:
WHERE `id` = :id:', [...], false)
 5 APPPATH/Models/Search.php(287): CodeIgniter\Database\BaseBuilder->update([...], [...])
 6 APPPATH/Models/Search.php(272): App\Models\Search->editUserDB([...], '193')
 7 APPPATH/Controllers/Zayavki.php(133): App\Models\Search->userEdit(Object(CodeIgniter\HTTP\IncomingRequest))
 8 SYSTEMPATH/CodeIgniter.php(927): App\Controllers\Zayavki->ajax()
 9 SYSTEMPATH/CodeIgniter.php(482): CodeIgniter\CodeIgniter->runController(Object(App\Controllers\Zayavki))
10 SYSTEMPATH/CodeIgniter.php(351): CodeIgniter\CodeIgniter->handleRequest(null, Object(Config\Cache), false)
11 FCPATH/index.php(67): CodeIgniter\CodeIgniter->run()
ERROR - 2023-02-06 03:19:07 --> mysqli_sql_exception: Duplicate entry 't' for key 'user.login' in /ext/WWW/konex.com.ua/zayavki/system/Database/MySQLi/Connection.php:292
Stack trace:
#0 /ext/WWW/konex.com.ua/zayavki/system/Database/MySQLi/Connection.php(292): mysqli->query('UPDATE `user` S...', 0)
#1 /ext/WWW/konex.com.ua/zayavki/system/Database/BaseConnection.php(666): CodeIgniter\Database\MySQLi\Connection->execute('UPDATE `user` S...')
#2 /ext/WWW/konex.com.ua/zayavki/system/Database/BaseConnection.php(593): CodeIgniter\Database\BaseConnection->simpleQuery('UPDATE `user` S...')
#3 /ext/WWW/konex.com.ua/zayavki/system/Database/BaseBuilder.php(2079): CodeIgniter\Database\BaseConnection->query('UPDATE `user` S...', Array, false)
#4 /ext/WWW/konex.com.ua/zayavki/app/Models/Search.php(287): CodeIgniter\Database\BaseBuilder->update(Array, Array)
#5 /ext/WWW/konex.com.ua/zayavki/app/Models/Search.php(272): App\Models\Search->editUserDB(Array, '193')
#6 /ext/WWW/konex.com.ua/zayavki/app/Controllers/Zayavki.php(133): App\Models\Search->userEdit(Object(CodeIgniter\HTTP\IncomingRequest))
#7 /ext/WWW/konex.com.ua/zayavki/system/CodeIgniter.php(927): App\Controllers\Zayavki->ajax()
#8 /ext/WWW/konex.com.ua/zayavki/system/CodeIgniter.php(482): CodeIgniter\CodeIgniter->runController(Object(App\Controllers\Zayavki))
#9 /ext/WWW/konex.com.ua/zayavki/system/CodeIgniter.php(351): CodeIgniter\CodeIgniter->handleRequest(NULL, Object(Config\Cache), false)
#10 /ext/WWW/konex.com.ua/zayavki/public/index.php(67): CodeIgniter\CodeIgniter->run()
#11 {main}
CRITICAL - 2023-02-06 03:19:07 --> Duplicate entry 't' for key 'user.login'
in SYSTEMPATH/Database/MySQLi/Connection.php on line 292.
 1 SYSTEMPATH/Database/MySQLi/Connection.php(292): mysqli->query('UPDATE `user` SET `name` = \'test\', `surname` = \'test\', `login` = \'t\', `pass` = \'t\', `area` = \'193\', `rights` = \'3\'
WHERE `id` = \'193\'', 0)
 2 SYSTEMPATH/Database/BaseConnection.php(666): CodeIgniter\Database\MySQLi\Connection->execute('UPDATE `user` SET `name` = \'test\', `surname` = \'test\', `login` = \'t\', `pass` = \'t\', `area` = \'193\', `rights` = \'3\'
WHERE `id` = \'193\'')
 3 SYSTEMPATH/Database/BaseConnection.php(593): CodeIgniter\Database\BaseConnection->simpleQuery('UPDATE `user` SET `name` = \'test\', `surname` = \'test\', `login` = \'t\', `pass` = \'t\', `area` = \'193\', `rights` = \'3\'
WHERE `id` = \'193\'')
 4 SYSTEMPATH/Database/BaseBuilder.php(2079): CodeIgniter\Database\BaseConnection->query('UPDATE `user` SET `name` = :name:, `surname` = :surname:, `login` = :login:, `pass` = :pass:, `area` = :area:, `rights` = :rights:
WHERE `id` = :id:', [...], false)
 5 APPPATH/Models/Search.php(287): CodeIgniter\Database\BaseBuilder->update([...], [...])
 6 APPPATH/Models/Search.php(272): App\Models\Search->editUserDB([...], '193')
 7 APPPATH/Controllers/Zayavki.php(133): App\Models\Search->userEdit(Object(CodeIgniter\HTTP\IncomingRequest))
 8 SYSTEMPATH/CodeIgniter.php(927): App\Controllers\Zayavki->ajax()
 9 SYSTEMPATH/CodeIgniter.php(482): CodeIgniter\CodeIgniter->runController(Object(App\Controllers\Zayavki))
10 SYSTEMPATH/CodeIgniter.php(351): CodeIgniter\CodeIgniter->handleRequest(null, Object(Config\Cache), false)
11 FCPATH/index.php(67): CodeIgniter\CodeIgniter->run()
ERROR - 2023-02-06 03:19:30 --> mysqli_sql_exception: Duplicate entry 'Ільченко' for key 'user.login' in /ext/WWW/konex.com.ua/zayavki/system/Database/MySQLi/Connection.php:292
Stack trace:
#0 /ext/WWW/konex.com.ua/zayavki/system/Database/MySQLi/Connection.php(292): mysqli->query('UPDATE `user` S...', 0)
#1 /ext/WWW/konex.com.ua/zayavki/system/Database/BaseConnection.php(666): CodeIgniter\Database\MySQLi\Connection->execute('UPDATE `user` S...')
#2 /ext/WWW/konex.com.ua/zayavki/system/Database/BaseConnection.php(593): CodeIgniter\Database\BaseConnection->simpleQuery('UPDATE `user` S...')
#3 /ext/WWW/konex.com.ua/zayavki/system/Database/BaseBuilder.php(2079): CodeIgniter\Database\BaseConnection->query('UPDATE `user` S...', Array, false)
#4 /ext/WWW/konex.com.ua/zayavki/app/Models/Search.php(287): CodeIgniter\Database\BaseBuilder->update(Array, Array)
#5 /ext/WWW/konex.com.ua/zayavki/app/Models/Search.php(272): App\Models\Search->editUserDB(Array, '133')
#6 /ext/WWW/konex.com.ua/zayavki/app/Controllers/Zayavki.php(133): App\Models\Search->userEdit(Object(CodeIgniter\HTTP\IncomingRequest))
#7 /ext/WWW/konex.com.ua/zayavki/system/CodeIgniter.php(927): App\Controllers\Zayavki->ajax()
#8 /ext/WWW/konex.com.ua/zayavki/system/CodeIgniter.php(482): CodeIgniter\CodeIgniter->runController(Object(App\Controllers\Zayavki))
#9 /ext/WWW/konex.com.ua/zayavki/system/CodeIgniter.php(351): CodeIgniter\CodeIgniter->handleRequest(NULL, Object(Config\Cache), false)
#10 /ext/WWW/konex.com.ua/zayavki/public/index.php(67): CodeIgniter\CodeIgniter->run()
#11 {main}
CRITICAL - 2023-02-06 03:19:30 --> Duplicate entry 'Ільченко' for key 'user.login'
in SYSTEMPATH/Database/MySQLi/Connection.php on line 292.
 1 SYSTEMPATH/Database/MySQLi/Connection.php(292): mysqli->query('UPDATE `user` SET `name` = \'Юлія Ігорівна\', `surname` = \'Ільченко\', `login` = \'Ільченко\', `pass` = \'1111\', `area` = \'133\', `rights` = \'1\'
WHERE `id` = \'133\'', 0)
 2 SYSTEMPATH/Database/BaseConnection.php(666): CodeIgniter\Database\MySQLi\Connection->execute('UPDATE `user` SET `name` = \'Юлія Ігорівна\', `surname` = \'Ільченко\', `login` = \'Ільченко\', `pass` = \'1111\', `area` = \'133\', `rights` = \'1\'
WHERE `id` = \'133\'')
 3 SYSTEMPATH/Database/BaseConnection.php(593): CodeIgniter\Database\BaseConnection->simpleQuery('UPDATE `user` SET `name` = \'Юлія Ігорівна\', `surname` = \'Ільченко\', `login` = \'Ільченко\', `pass` = \'1111\', `area` = \'133\', `rights` = \'1\'
WHERE `id` = \'133\'')
 4 SYSTEMPATH/Database/BaseBuilder.php(2079): CodeIgniter\Database\BaseConnection->query('UPDATE `user` SET `name` = :name:, `surname` = :surname:, `login` = :login:, `pass` = :pass:, `area` = :area:, `rights` = :rights:
WHERE `id` = :id:', [...], false)
 5 APPPATH/Models/Search.php(287): CodeIgniter\Database\BaseBuilder->update([...], [...])
 6 APPPATH/Models/Search.php(272): App\Models\Search->editUserDB([...], '133')
 7 APPPATH/Controllers/Zayavki.php(133): App\Models\Search->userEdit(Object(CodeIgniter\HTTP\IncomingRequest))
 8 SYSTEMPATH/CodeIgniter.php(927): App\Controllers\Zayavki->ajax()
 9 SYSTEMPATH/CodeIgniter.php(482): CodeIgniter\CodeIgniter->runController(Object(App\Controllers\Zayavki))
10 SYSTEMPATH/CodeIgniter.php(351): CodeIgniter\CodeIgniter->handleRequest(null, Object(Config\Cache), false)
11 FCPATH/index.php(67): CodeIgniter\CodeIgniter->run()
ERROR - 2023-02-06 03:22:14 --> mysqli_sql_exception: Duplicate entry 't' for key 'user.login' in /ext/WWW/konex.com.ua/zayavki/system/Database/MySQLi/Connection.php:292
Stack trace:
#0 /ext/WWW/konex.com.ua/zayavki/system/Database/MySQLi/Connection.php(292): mysqli->query('UPDATE `user` S...', 0)
#1 /ext/WWW/konex.com.ua/zayavki/system/Database/BaseConnection.php(666): CodeIgniter\Database\MySQLi\Connection->execute('UPDATE `user` S...')
#2 /ext/WWW/konex.com.ua/zayavki/system/Database/BaseConnection.php(593): CodeIgniter\Database\BaseConnection->simpleQuery('UPDATE `user` S...')
#3 /ext/WWW/konex.com.ua/zayavki/system/Database/BaseBuilder.php(2079): CodeIgniter\Database\BaseConnection->query('UPDATE `user` S...', Array, false)
#4 /ext/WWW/konex.com.ua/zayavki/app/Models/Search.php(287): CodeIgniter\Database\BaseBuilder->update(Array, Array)
#5 /ext/WWW/konex.com.ua/zayavki/app/Models/Search.php(272): App\Models\Search->editUserDB(Array, '193')
#6 /ext/WWW/konex.com.ua/zayavki/app/Controllers/Zayavki.php(133): App\Models\Search->userEdit(Object(CodeIgniter\HTTP\IncomingRequest))
#7 /ext/WWW/konex.com.ua/zayavki/system/CodeIgniter.php(927): App\Controllers\Zayavki->ajax()
#8 /ext/WWW/konex.com.ua/zayavki/system/CodeIgniter.php(482): CodeIgniter\CodeIgniter->runController(Object(App\Controllers\Zayavki))
#9 /ext/WWW/konex.com.ua/zayavki/system/CodeIgniter.php(351): CodeIgniter\CodeIgniter->handleRequest(NULL, Object(Config\Cache), false)
#10 /ext/WWW/konex.com.ua/zayavki/public/index.php(67): CodeIgniter\CodeIgniter->run()
#11 {main}
CRITICAL - 2023-02-06 03:22:14 --> Duplicate entry 't' for key 'user.login'
in SYSTEMPATH/Database/MySQLi/Connection.php on line 292.
 1 SYSTEMPATH/Database/MySQLi/Connection.php(292): mysqli->query('UPDATE `user` SET `name` = \'test\', `surname` = \'test\', `login` = \'t\', `pass` = \'t\', `area` = \'193\', `rights` = \'4\'
WHERE `id` = \'193\'', 0)
 2 SYSTEMPATH/Database/BaseConnection.php(666): CodeIgniter\Database\MySQLi\Connection->execute('UPDATE `user` SET `name` = \'test\', `surname` = \'test\', `login` = \'t\', `pass` = \'t\', `area` = \'193\', `rights` = \'4\'
WHERE `id` = \'193\'')
 3 SYSTEMPATH/Database/BaseConnection.php(593): CodeIgniter\Database\BaseConnection->simpleQuery('UPDATE `user` SET `name` = \'test\', `surname` = \'test\', `login` = \'t\', `pass` = \'t\', `area` = \'193\', `rights` = \'4\'
WHERE `id` = \'193\'')
 4 SYSTEMPATH/Database/BaseBuilder.php(2079): CodeIgniter\Database\BaseConnection->query('UPDATE `user` SET `name` = :name:, `surname` = :surname:, `login` = :login:, `pass` = :pass:, `area` = :area:, `rights` = :rights:
WHERE `id` = :id:', [...], false)
 5 APPPATH/Models/Search.php(287): CodeIgniter\Database\BaseBuilder->update([...], [...])
 6 APPPATH/Models/Search.php(272): App\Models\Search->editUserDB([...], '193')
 7 APPPATH/Controllers/Zayavki.php(133): App\Models\Search->userEdit(Object(CodeIgniter\HTTP\IncomingRequest))
 8 SYSTEMPATH/CodeIgniter.php(927): App\Controllers\Zayavki->ajax()
 9 SYSTEMPATH/CodeIgniter.php(482): CodeIgniter\CodeIgniter->runController(Object(App\Controllers\Zayavki))
10 SYSTEMPATH/CodeIgniter.php(351): CodeIgniter\CodeIgniter->handleRequest(null, Object(Config\Cache), false)
11 FCPATH/index.php(67): CodeIgniter\CodeIgniter->run()
ERROR - 2023-02-06 03:23:19 --> mysqli_sql_exception: Duplicate entry 't' for key 'user.login' in /ext/WWW/konex.com.ua/zayavki/system/Database/MySQLi/Connection.php:292
Stack trace:
#0 /ext/WWW/konex.com.ua/zayavki/system/Database/MySQLi/Connection.php(292): mysqli->query('UPDATE `user` S...', 0)
#1 /ext/WWW/konex.com.ua/zayavki/system/Database/BaseConnection.php(666): CodeIgniter\Database\MySQLi\Connection->execute('UPDATE `user` S...')
#2 /ext/WWW/konex.com.ua/zayavki/system/Database/BaseConnection.php(593): CodeIgniter\Database\BaseConnection->simpleQuery('UPDATE `user` S...')
#3 /ext/WWW/konex.com.ua/zayavki/system/Database/BaseBuilder.php(2079): CodeIgniter\Database\BaseConnection->query('UPDATE `user` S...', Array, false)
#4 /ext/WWW/konex.com.ua/zayavki/app/Models/Search.php(287): CodeIgniter\Database\BaseBuilder->update(Array, Array)
#5 /ext/WWW/konex.com.ua/zayavki/app/Models/Search.php(272): App\Models\Search->editUserDB(Array, '193')
#6 /ext/WWW/konex.com.ua/zayavki/app/Controllers/Zayavki.php(133): App\Models\Search->userEdit(Object(CodeIgniter\HTTP\IncomingRequest))
#7 /ext/WWW/konex.com.ua/zayavki/system/CodeIgniter.php(927): App\Controllers\Zayavki->ajax()
#8 /ext/WWW/konex.com.ua/zayavki/system/CodeIgniter.php(482): CodeIgniter\CodeIgniter->runController(Object(App\Controllers\Zayavki))
#9 /ext/WWW/konex.com.ua/zayavki/system/CodeIgniter.php(351): CodeIgniter\CodeIgniter->handleRequest(NULL, Object(Config\Cache), false)
#10 /ext/WWW/konex.com.ua/zayavki/public/index.php(67): CodeIgniter\CodeIgniter->run()
#11 {main}
CRITICAL - 2023-02-06 03:23:19 --> Duplicate entry 't' for key 'user.login'
in SYSTEMPATH/Database/MySQLi/Connection.php on line 292.
 1 SYSTEMPATH/Database/MySQLi/Connection.php(292): mysqli->query('UPDATE `user` SET `name` = \'test\', `surname` = \'test\', `login` = \'t\', `pass` = \'t\', `area` = \'103\', `rights` = \'4\'
WHERE `id` = \'193\'', 0)
 2 SYSTEMPATH/Database/BaseConnection.php(666): CodeIgniter\Database\MySQLi\Connection->execute('UPDATE `user` SET `name` = \'test\', `surname` = \'test\', `login` = \'t\', `pass` = \'t\', `area` = \'103\', `rights` = \'4\'
WHERE `id` = \'193\'')
 3 SYSTEMPATH/Database/BaseConnection.php(593): CodeIgniter\Database\BaseConnection->simpleQuery('UPDATE `user` SET `name` = \'test\', `surname` = \'test\', `login` = \'t\', `pass` = \'t\', `area` = \'103\', `rights` = \'4\'
WHERE `id` = \'193\'')
 4 SYSTEMPATH/Database/BaseBuilder.php(2079): CodeIgniter\Database\BaseConnection->query('UPDATE `user` SET `name` = :name:, `surname` = :surname:, `login` = :login:, `pass` = :pass:, `area` = :area:, `rights` = :rights:
WHERE `id` = :id:', [...], false)
 5 APPPATH/Models/Search.php(287): CodeIgniter\Database\BaseBuilder->update([...], [...])
 6 APPPATH/Models/Search.php(272): App\Models\Search->editUserDB([...], '193')
 7 APPPATH/Controllers/Zayavki.php(133): App\Models\Search->userEdit(Object(CodeIgniter\HTTP\IncomingRequest))
 8 SYSTEMPATH/CodeIgniter.php(927): App\Controllers\Zayavki->ajax()
 9 SYSTEMPATH/CodeIgniter.php(482): CodeIgniter\CodeIgniter->runController(Object(App\Controllers\Zayavki))
10 SYSTEMPATH/CodeIgniter.php(351): CodeIgniter\CodeIgniter->handleRequest(null, Object(Config\Cache), false)
11 FCPATH/index.php(67): CodeIgniter\CodeIgniter->run()
ERROR - 2023-02-06 03:23:49 --> mysqli_sql_exception: Duplicate entry 'test' for key 'user.login' in /ext/WWW/konex.com.ua/zayavki/system/Database/MySQLi/Connection.php:292
Stack trace:
#0 /ext/WWW/konex.com.ua/zayavki/system/Database/MySQLi/Connection.php(292): mysqli->query('UPDATE `user` S...', 0)
#1 /ext/WWW/konex.com.ua/zayavki/system/Database/BaseConnection.php(666): CodeIgniter\Database\MySQLi\Connection->execute('UPDATE `user` S...')
#2 /ext/WWW/konex.com.ua/zayavki/system/Database/BaseConnection.php(593): CodeIgniter\Database\BaseConnection->simpleQuery('UPDATE `user` S...')
#3 /ext/WWW/konex.com.ua/zayavki/system/Database/BaseBuilder.php(2079): CodeIgniter\Database\BaseConnection->query('UPDATE `user` S...', Array, false)
#4 /ext/WWW/konex.com.ua/zayavki/app/Models/Search.php(287): CodeIgniter\Database\BaseBuilder->update(Array, Array)
#5 /ext/WWW/konex.com.ua/zayavki/app/Models/Search.php(272): App\Models\Search->editUserDB(Array, '193')
#6 /ext/WWW/konex.com.ua/zayavki/app/Controllers/Zayavki.php(133): App\Models\Search->userEdit(Object(CodeIgniter\HTTP\IncomingRequest))
#7 /ext/WWW/konex.com.ua/zayavki/system/CodeIgniter.php(927): App\Controllers\Zayavki->ajax()
#8 /ext/WWW/konex.com.ua/zayavki/system/CodeIgniter.php(482): CodeIgniter\CodeIgniter->runController(Object(App\Controllers\Zayavki))
#9 /ext/WWW/konex.com.ua/zayavki/system/CodeIgniter.php(351): CodeIgniter\CodeIgniter->handleRequest(NULL, Object(Config\Cache), false)
#10 /ext/WWW/konex.com.ua/zayavki/public/index.php(67): CodeIgniter\CodeIgniter->run()
#11 {main}
CRITICAL - 2023-02-06 03:23:49 --> Duplicate entry 'test' for key 'user.login'
in SYSTEMPATH/Database/MySQLi/Connection.php on line 292.
 1 SYSTEMPATH/Database/MySQLi/Connection.php(292): mysqli->query('UPDATE `user` SET `name` = \'test\', `surname` = \'test\', `login` = \'test\', `pass` = \'t\', `area` = \'103\', `rights` = \'4\'
WHERE `id` = \'193\'', 0)
 2 SYSTEMPATH/Database/BaseConnection.php(666): CodeIgniter\Database\MySQLi\Connection->execute('UPDATE `user` SET `name` = \'test\', `surname` = \'test\', `login` = \'test\', `pass` = \'t\', `area` = \'103\', `rights` = \'4\'
WHERE `id` = \'193\'')
 3 SYSTEMPATH/Database/BaseConnection.php(593): CodeIgniter\Database\BaseConnection->simpleQuery('UPDATE `user` SET `name` = \'test\', `surname` = \'test\', `login` = \'test\', `pass` = \'t\', `area` = \'103\', `rights` = \'4\'
WHERE `id` = \'193\'')
 4 SYSTEMPATH/Database/BaseBuilder.php(2079): CodeIgniter\Database\BaseConnection->query('UPDATE `user` SET `name` = :name:, `surname` = :surname:, `login` = :login:, `pass` = :pass:, `area` = :area:, `rights` = :rights:
WHERE `id` = :id:', [...], false)
 5 APPPATH/Models/Search.php(287): CodeIgniter\Database\BaseBuilder->update([...], [...])
 6 APPPATH/Models/Search.php(272): App\Models\Search->editUserDB([...], '193')
 7 APPPATH/Controllers/Zayavki.php(133): App\Models\Search->userEdit(Object(CodeIgniter\HTTP\IncomingRequest))
 8 SYSTEMPATH/CodeIgniter.php(927): App\Controllers\Zayavki->ajax()
 9 SYSTEMPATH/CodeIgniter.php(482): CodeIgniter\CodeIgniter->runController(Object(App\Controllers\Zayavki))
10 SYSTEMPATH/CodeIgniter.php(351): CodeIgniter\CodeIgniter->handleRequest(null, Object(Config\Cache), false)
11 FCPATH/index.php(67): CodeIgniter\CodeIgniter->run()
ERROR - 2023-02-06 03:25:05 --> mysqli_sql_exception: Duplicate entry 't' for key 'user.login' in /ext/WWW/konex.com.ua/zayavki/system/Database/MySQLi/Connection.php:292
Stack trace:
#0 /ext/WWW/konex.com.ua/zayavki/system/Database/MySQLi/Connection.php(292): mysqli->query('UPDATE `user` S...', 0)
#1 /ext/WWW/konex.com.ua/zayavki/system/Database/BaseConnection.php(666): CodeIgniter\Database\MySQLi\Connection->execute('UPDATE `user` S...')
#2 /ext/WWW/konex.com.ua/zayavki/system/Database/BaseConnection.php(593): CodeIgniter\Database\BaseConnection->simpleQuery('UPDATE `user` S...')
#3 /ext/WWW/konex.com.ua/zayavki/system/Database/BaseBuilder.php(2079): CodeIgniter\Database\BaseConnection->query('UPDATE `user` S...', Array, false)
#4 /ext/WWW/konex.com.ua/zayavki/app/Models/Search.php(287): CodeIgniter\Database\BaseBuilder->update(Array, Array)
#5 /ext/WWW/konex.com.ua/zayavki/app/Models/Search.php(272): App\Models\Search->editUserDB(Array, '193')
#6 /ext/WWW/konex.com.ua/zayavki/app/Controllers/Zayavki.php(133): App\Models\Search->userEdit(Object(CodeIgniter\HTTP\IncomingRequest))
#7 /ext/WWW/konex.com.ua/zayavki/system/CodeIgniter.php(927): App\Controllers\Zayavki->ajax()
#8 /ext/WWW/konex.com.ua/zayavki/system/CodeIgniter.php(482): CodeIgniter\CodeIgniter->runController(Object(App\Controllers\Zayavki))
#9 /ext/WWW/konex.com.ua/zayavki/system/CodeIgniter.php(351): CodeIgniter\CodeIgniter->handleRequest(NULL, Object(Config\Cache), false)
#10 /ext/WWW/konex.com.ua/zayavki/public/index.php(67): CodeIgniter\CodeIgniter->run()
#11 {main}
CRITICAL - 2023-02-06 03:25:05 --> Duplicate entry 't' for key 'user.login'
in SYSTEMPATH/Database/MySQLi/Connection.php on line 292.
 1 SYSTEMPATH/Database/MySQLi/Connection.php(292): mysqli->query('UPDATE `user` SET `name` = \'test\', `surname` = \'test\', `login` = \'t\', `pass` = \'t\', `area` = \'112\', `rights` = \'1\'
WHERE `id` = \'193\'', 0)
 2 SYSTEMPATH/Database/BaseConnection.php(666): CodeIgniter\Database\MySQLi\Connection->execute('UPDATE `user` SET `name` = \'test\', `surname` = \'test\', `login` = \'t\', `pass` = \'t\', `area` = \'112\', `rights` = \'1\'
WHERE `id` = \'193\'')
 3 SYSTEMPATH/Database/BaseConnection.php(593): CodeIgniter\Database\BaseConnection->simpleQuery('UPDATE `user` SET `name` = \'test\', `surname` = \'test\', `login` = \'t\', `pass` = \'t\', `area` = \'112\', `rights` = \'1\'
WHERE `id` = \'193\'')
 4 SYSTEMPATH/Database/BaseBuilder.php(2079): CodeIgniter\Database\BaseConnection->query('UPDATE `user` SET `name` = :name:, `surname` = :surname:, `login` = :login:, `pass` = :pass:, `area` = :area:, `rights` = :rights:
WHERE `id` = :id:', [...], false)
 5 APPPATH/Models/Search.php(287): CodeIgniter\Database\BaseBuilder->update([...], [...])
 6 APPPATH/Models/Search.php(272): App\Models\Search->editUserDB([...], '193')
 7 APPPATH/Controllers/Zayavki.php(133): App\Models\Search->userEdit(Object(CodeIgniter\HTTP\IncomingRequest))
 8 SYSTEMPATH/CodeIgniter.php(927): App\Controllers\Zayavki->ajax()
 9 SYSTEMPATH/CodeIgniter.php(482): CodeIgniter\CodeIgniter->runController(Object(App\Controllers\Zayavki))
10 SYSTEMPATH/CodeIgniter.php(351): CodeIgniter\CodeIgniter->handleRequest(null, Object(Config\Cache), false)
11 FCPATH/index.php(67): CodeIgniter\CodeIgniter->run()
ERROR - 2023-02-06 03:29:18 --> mysqli_sql_exception: Duplicate entry 'njdos' for key 'user.login' in /ext/WWW/konex.com.ua/zayavki/system/Database/MySQLi/Connection.php:292
Stack trace:
#0 /ext/WWW/konex.com.ua/zayavki/system/Database/MySQLi/Connection.php(292): mysqli->query('UPDATE `user` S...', 0)
#1 /ext/WWW/konex.com.ua/zayavki/system/Database/BaseConnection.php(666): CodeIgniter\Database\MySQLi\Connection->execute('UPDATE `user` S...')
#2 /ext/WWW/konex.com.ua/zayavki/system/Database/BaseConnection.php(593): CodeIgniter\Database\BaseConnection->simpleQuery('UPDATE `user` S...')
#3 /ext/WWW/konex.com.ua/zayavki/system/Database/BaseBuilder.php(2079): CodeIgniter\Database\BaseConnection->query('UPDATE `user` S...', Array, false)
#4 /ext/WWW/konex.com.ua/zayavki/app/Models/Search.php(287): CodeIgniter\Database\BaseBuilder->update(Array, Array)
#5 /ext/WWW/konex.com.ua/zayavki/app/Models/Search.php(272): App\Models\Search->editUserDB(Array, '22')
#6 /ext/WWW/konex.com.ua/zayavki/app/Controllers/Zayavki.php(133): App\Models\Search->userEdit(Object(CodeIgniter\HTTP\IncomingRequest))
#7 /ext/WWW/konex.com.ua/zayavki/system/CodeIgniter.php(927): App\Controllers\Zayavki->ajax()
#8 /ext/WWW/konex.com.ua/zayavki/system/CodeIgniter.php(482): CodeIgniter\CodeIgniter->runController(Object(App\Controllers\Zayavki))
#9 /ext/WWW/konex.com.ua/zayavki/system/CodeIgniter.php(351): CodeIgniter\CodeIgniter->handleRequest(NULL, Object(Config\Cache), false)
#10 /ext/WWW/konex.com.ua/zayavki/public/index.php(67): CodeIgniter\CodeIgniter->run()
#11 {main}
CRITICAL - 2023-02-06 03:29:18 --> Duplicate entry 'njdos' for key 'user.login'
in SYSTEMPATH/Database/MySQLi/Connection.php on line 292.
 1 SYSTEMPATH/Database/MySQLi/Connection.php(292): mysqli->query('UPDATE `user` SET `name` = \'oleh\', `surname` = \'dolinin\', `login` = \'njdos\', `pass` = \'111\', `area` = \'261\', `rights` = \'5\'
WHERE `id` = \'22\'', 0)
 2 SYSTEMPATH/Database/BaseConnection.php(666): CodeIgniter\Database\MySQLi\Connection->execute('UPDATE `user` SET `name` = \'oleh\', `surname` = \'dolinin\', `login` = \'njdos\', `pass` = \'111\', `area` = \'261\', `rights` = \'5\'
WHERE `id` = \'22\'')
 3 SYSTEMPATH/Database/BaseConnection.php(593): CodeIgniter\Database\BaseConnection->simpleQuery('UPDATE `user` SET `name` = \'oleh\', `surname` = \'dolinin\', `login` = \'njdos\', `pass` = \'111\', `area` = \'261\', `rights` = \'5\'
WHERE `id` = \'22\'')
 4 SYSTEMPATH/Database/BaseBuilder.php(2079): CodeIgniter\Database\BaseConnection->query('UPDATE `user` SET `name` = :name:, `surname` = :surname:, `login` = :login:, `pass` = :pass:, `area` = :area:, `rights` = :rights:
WHERE `id` = :id:', [...], false)
 5 APPPATH/Models/Search.php(287): CodeIgniter\Database\BaseBuilder->update([...], [...])
 6 APPPATH/Models/Search.php(272): App\Models\Search->editUserDB([...], '22')
 7 APPPATH/Controllers/Zayavki.php(133): App\Models\Search->userEdit(Object(CodeIgniter\HTTP\IncomingRequest))
 8 SYSTEMPATH/CodeIgniter.php(927): App\Controllers\Zayavki->ajax()
 9 SYSTEMPATH/CodeIgniter.php(482): CodeIgniter\CodeIgniter->runController(Object(App\Controllers\Zayavki))
10 SYSTEMPATH/CodeIgniter.php(351): CodeIgniter\CodeIgniter->handleRequest(null, Object(Config\Cache), false)
11 FCPATH/index.php(67): CodeIgniter\CodeIgniter->run()
ERROR - 2023-02-06 03:30:02 --> mysqli_sql_exception: Duplicate entry 'njdos' for key 'user.login' in /ext/WWW/konex.com.ua/zayavki/system/Database/MySQLi/Connection.php:292
Stack trace:
#0 /ext/WWW/konex.com.ua/zayavki/system/Database/MySQLi/Connection.php(292): mysqli->query('UPDATE `user` S...', 0)
#1 /ext/WWW/konex.com.ua/zayavki/system/Database/BaseConnection.php(666): CodeIgniter\Database\MySQLi\Connection->execute('UPDATE `user` S...')
#2 /ext/WWW/konex.com.ua/zayavki/system/Database/BaseConnection.php(593): CodeIgniter\Database\BaseConnection->simpleQuery('UPDATE `user` S...')
#3 /ext/WWW/konex.com.ua/zayavki/system/Database/BaseBuilder.php(2079): CodeIgniter\Database\BaseConnection->query('UPDATE `user` S...', Array, false)
#4 /ext/WWW/konex.com.ua/zayavki/app/Models/Search.php(287): CodeIgniter\Database\BaseBuilder->update(Array, Array)
#5 /ext/WWW/konex.com.ua/zayavki/app/Models/Search.php(272): App\Models\Search->editUserDB(Array, '22')
#6 /ext/WWW/konex.com.ua/zayavki/app/Controllers/Zayavki.php(133): App\Models\Search->userEdit(Object(CodeIgniter\HTTP\IncomingRequest))
#7 /ext/WWW/konex.com.ua/zayavki/system/CodeIgniter.php(927): App\Controllers\Zayavki->ajax()
#8 /ext/WWW/konex.com.ua/zayavki/system/CodeIgniter.php(482): CodeIgniter\CodeIgniter->runController(Object(App\Controllers\Zayavki))
#9 /ext/WWW/konex.com.ua/zayavki/system/CodeIgniter.php(351): CodeIgniter\CodeIgniter->handleRequest(NULL, Object(Config\Cache), false)
#10 /ext/WWW/konex.com.ua/zayavki/public/index.php(67): CodeIgniter\CodeIgniter->run()
#11 {main}
CRITICAL - 2023-02-06 03:30:02 --> Duplicate entry 'njdos' for key 'user.login'
in SYSTEMPATH/Database/MySQLi/Connection.php on line 292.
 1 SYSTEMPATH/Database/MySQLi/Connection.php(292): mysqli->query('UPDATE `user` SET `name` = \'oleh\', `surname` = \'dolinin\', `login` = \'njdos\', `pass` = \'111\', `area` = \'261\', `rights` = \'1\'
WHERE `id` = \'22\'', 0)
 2 SYSTEMPATH/Database/BaseConnection.php(666): CodeIgniter\Database\MySQLi\Connection->execute('UPDATE `user` SET `name` = \'oleh\', `surname` = \'dolinin\', `login` = \'njdos\', `pass` = \'111\', `area` = \'261\', `rights` = \'1\'
WHERE `id` = \'22\'')
 3 SYSTEMPATH/Database/BaseConnection.php(593): CodeIgniter\Database\BaseConnection->simpleQuery('UPDATE `user` SET `name` = \'oleh\', `surname` = \'dolinin\', `login` = \'njdos\', `pass` = \'111\', `area` = \'261\', `rights` = \'1\'
WHERE `id` = \'22\'')
 4 SYSTEMPATH/Database/BaseBuilder.php(2079): CodeIgniter\Database\BaseConnection->query('UPDATE `user` SET `name` = :name:, `surname` = :surname:, `login` = :login:, `pass` = :pass:, `area` = :area:, `rights` = :rights:
WHERE `id` = :id:', [...], false)
 5 APPPATH/Models/Search.php(287): CodeIgniter\Database\BaseBuilder->update([...], [...])
 6 APPPATH/Models/Search.php(272): App\Models\Search->editUserDB([...], '22')
 7 APPPATH/Controllers/Zayavki.php(133): App\Models\Search->userEdit(Object(CodeIgniter\HTTP\IncomingRequest))
 8 SYSTEMPATH/CodeIgniter.php(927): App\Controllers\Zayavki->ajax()
 9 SYSTEMPATH/CodeIgniter.php(482): CodeIgniter\CodeIgniter->runController(Object(App\Controllers\Zayavki))
10 SYSTEMPATH/CodeIgniter.php(351): CodeIgniter\CodeIgniter->handleRequest(null, Object(Config\Cache), false)
11 FCPATH/index.php(67): CodeIgniter\CodeIgniter->run()
ERROR - 2023-02-06 03:32:08 --> mysqli_sql_exception: Duplicate entry 'Боярский' for key 'user.login' in /ext/WWW/konex.com.ua/zayavki/system/Database/MySQLi/Connection.php:292
Stack trace:
#0 /ext/WWW/konex.com.ua/zayavki/system/Database/MySQLi/Connection.php(292): mysqli->query('UPDATE `user` S...', 0)
#1 /ext/WWW/konex.com.ua/zayavki/system/Database/BaseConnection.php(666): CodeIgniter\Database\MySQLi\Connection->execute('UPDATE `user` S...')
#2 /ext/WWW/konex.com.ua/zayavki/system/Database/BaseConnection.php(593): CodeIgniter\Database\BaseConnection->simpleQuery('UPDATE `user` S...')
#3 /ext/WWW/konex.com.ua/zayavki/system/Database/BaseBuilder.php(2079): CodeIgniter\Database\BaseConnection->query('UPDATE `user` S...', Array, false)
#4 /ext/WWW/konex.com.ua/zayavki/app/Models/Search.php(287): CodeIgniter\Database\BaseBuilder->update(Array, Array)
#5 /ext/WWW/konex.com.ua/zayavki/app/Models/Search.php(272): App\Models\Search->editUserDB(Array, '13')
#6 /ext/WWW/konex.com.ua/zayavki/app/Controllers/Zayavki.php(133): App\Models\Search->userEdit(Object(CodeIgniter\HTTP\IncomingRequest))
#7 /ext/WWW/konex.com.ua/zayavki/system/CodeIgniter.php(927): App\Controllers\Zayavki->ajax()
#8 /ext/WWW/konex.com.ua/zayavki/system/CodeIgniter.php(482): CodeIgniter\CodeIgniter->runController(Object(App\Controllers\Zayavki))
#9 /ext/WWW/konex.com.ua/zayavki/system/CodeIgniter.php(351): CodeIgniter\CodeIgniter->handleRequest(NULL, Object(Config\Cache), false)
#10 /ext/WWW/konex.com.ua/zayavki/public/index.php(67): CodeIgniter\CodeIgniter->run()
#11 {main}
CRITICAL - 2023-02-06 03:32:08 --> Duplicate entry 'Боярский' for key 'user.login'
in SYSTEMPATH/Database/MySQLi/Connection.php on line 292.
 1 SYSTEMPATH/Database/MySQLi/Connection.php(292): mysqli->query('UPDATE `user` SET `name` = \'Юрий Николаевич\', `surname` = \'Боярский\', `login` = \'Боярский\', `pass` = \'1111\', `area` = \'261\', `rights` = \'3\'
WHERE `id` = \'13\'', 0)
 2 SYSTEMPATH/Database/BaseConnection.php(666): CodeIgniter\Database\MySQLi\Connection->execute('UPDATE `user` SET `name` = \'Юрий Николаевич\', `surname` = \'Боярский\', `login` = \'Боярский\', `pass` = \'1111\', `area` = \'261\', `rights` = \'3\'
WHERE `id` = \'13\'')
 3 SYSTEMPATH/Database/BaseConnection.php(593): CodeIgniter\Database\BaseConnection->simpleQuery('UPDATE `user` SET `name` = \'Юрий Николаевич\', `surname` = \'Боярский\', `login` = \'Боярский\', `pass` = \'1111\', `area` = \'261\', `rights` = \'3\'
WHERE `id` = \'13\'')
 4 SYSTEMPATH/Database/BaseBuilder.php(2079): CodeIgniter\Database\BaseConnection->query('UPDATE `user` SET `name` = :name:, `surname` = :surname:, `login` = :login:, `pass` = :pass:, `area` = :area:, `rights` = :rights:
WHERE `id` = :id:', [...], false)
 5 APPPATH/Models/Search.php(287): CodeIgniter\Database\BaseBuilder->update([...], [...])
 6 APPPATH/Models/Search.php(272): App\Models\Search->editUserDB([...], '13')
 7 APPPATH/Controllers/Zayavki.php(133): App\Models\Search->userEdit(Object(CodeIgniter\HTTP\IncomingRequest))
 8 SYSTEMPATH/CodeIgniter.php(927): App\Controllers\Zayavki->ajax()
 9 SYSTEMPATH/CodeIgniter.php(482): CodeIgniter\CodeIgniter->runController(Object(App\Controllers\Zayavki))
10 SYSTEMPATH/CodeIgniter.php(351): CodeIgniter\CodeIgniter->handleRequest(null, Object(Config\Cache), false)
11 FCPATH/index.php(67): CodeIgniter\CodeIgniter->run()
CRITICAL - 2023-02-06 03:51:58 --> Call to undefined function showSet()
in APPPATH/Views/zayavki.php on line 72.
 1 SYSTEMPATH/View/View.php(213): include()
 2 SYSTEMPATH/View/View.php(216): CodeIgniter\View\View->CodeIgniter\View\{closure}()
 3 SYSTEMPATH/Common.php(1134): CodeIgniter\View\View->render('zayavki', [], true)
 4 APPPATH/Controllers/Zayavki.php(96): view('zayavki', [...])
 5 SYSTEMPATH/CodeIgniter.php(927): App\Controllers\Zayavki->zayavki()
 6 SYSTEMPATH/CodeIgniter.php(482): CodeIgniter\CodeIgniter->runController(Object(App\Controllers\Zayavki))
 7 SYSTEMPATH/CodeIgniter.php(351): CodeIgniter\CodeIgniter->handleRequest(null, Object(Config\Cache), false)
 8 FCPATH/index.php(67): CodeIgniter\CodeIgniter->run()
CRITICAL - 2023-02-06 03:52:19 --> syntax error, unexpected '->' (T_OBJECT_OPERATOR)
in APPPATH/Views/zayavki.php on line 72.
 1 SYSTEMPATH/View/View.php(216): CodeIgniter\View\View->CodeIgniter\View\{closure}()
 2 SYSTEMPATH/Common.php(1134): CodeIgniter\View\View->render('zayavki', [], true)
 3 APPPATH/Controllers/Zayavki.php(96): view('zayavki', [...])
 4 SYSTEMPATH/CodeIgniter.php(927): App\Controllers\Zayavki->zayavki()
 5 SYSTEMPATH/CodeIgniter.php(482): CodeIgniter\CodeIgniter->runController(Object(App\Controllers\Zayavki))
 6 SYSTEMPATH/CodeIgniter.php(351): CodeIgniter\CodeIgniter->handleRequest(null, Object(Config\Cache), false)
 7 FCPATH/index.php(67): CodeIgniter\CodeIgniter->run()
