CRITICAL - 2023-07-20 09:18:10 --> Call to undefined method CodeIgniter\HTTP\IncomingRequest::get()
in APPPATH/Models/Update.php on line 18.
 1 APPPATH/Controllers/Meters.php(183): App\Models\Update->addCompanies(Object(CodeIgniter\HTTP\IncomingRequest))
 2 SYSTEMPATH/CodeIgniter.php(927): App\Controllers\Meters->updateDB()
 3 SYSTEMPATH/CodeIgniter.php(482): CodeIgniter\CodeIgniter->runController(Object(App\Controllers\Meters))
 4 SYSTEMPATH/CodeIgniter.php(351): CodeIgniter\CodeIgniter->handleRequest(null, Object(Config\Cache), false)
 5 FCPATH/index.php(67): CodeIgniter\CodeIgniter->run()
CRITICAL - 2023-07-20 09:18:41 --> Call to undefined method CodeIgniter\HTTP\IncomingRequest::get()
in APPPATH/Models/Update.php on line 18.
 1 APPPATH/Controllers/Meters.php(183): App\Models\Update->addCompanies(Object(CodeIgniter\HTTP\IncomingRequest))
 2 SYSTEMPATH/CodeIgniter.php(927): App\Controllers\Meters->updateDB()
 3 SYSTEMPATH/CodeIgniter.php(482): CodeIgniter\CodeIgniter->runController(Object(App\Controllers\Meters))
 4 SYSTEMPATH/CodeIgniter.php(351): CodeIgniter\CodeIgniter->handleRequest(null, Object(Config\Cache), false)
 5 FCPATH/index.php(67): CodeIgniter\CodeIgniter->run()
CRITICAL - 2023-07-20 09:18:54 --> Call to undefined method CodeIgniter\HTTP\IncomingRequest::get()
in APPPATH/Models/Update.php on line 18.
 1 APPPATH/Controllers/Meters.php(183): App\Models\Update->addCompanies(Object(CodeIgniter\HTTP\IncomingRequest))
 2 SYSTEMPATH/CodeIgniter.php(927): App\Controllers\Meters->updateDB()
 3 SYSTEMPATH/CodeIgniter.php(482): CodeIgniter\CodeIgniter->runController(Object(App\Controllers\Meters))
 4 SYSTEMPATH/CodeIgniter.php(351): CodeIgniter\CodeIgniter->handleRequest(null, Object(Config\Cache), false)
 5 FCPATH/index.php(67): CodeIgniter\CodeIgniter->run()
CRITICAL - 2023-07-20 09:22:56 --> Call to undefined method CodeIgniter\HTTP\IncomingRequest::get()
in APPPATH/Models/Update.php on line 18.
 1 APPPATH/Controllers/Meters.php(183): App\Models\Update->addCompanies(Object(CodeIgniter\HTTP\IncomingRequest))
 2 SYSTEMPATH/CodeIgniter.php(927): App\Controllers\Meters->updateDB()
 3 SYSTEMPATH/CodeIgniter.php(482): CodeIgniter\CodeIgniter->runController(Object(App\Controllers\Meters))
 4 SYSTEMPATH/CodeIgniter.php(351): CodeIgniter\CodeIgniter->handleRequest(null, Object(Config\Cache), false)
 5 FCPATH/index.php(67): CodeIgniter\CodeIgniter->run()
CRITICAL - 2023-07-20 09:23:22 --> Call to undefined method CodeIgniter\HTTP\IncomingRequest::get()
in APPPATH/Models/Update.php on line 18.
 1 APPPATH/Controllers/Meters.php(183): App\Models\Update->addCompanies(Object(CodeIgniter\HTTP\IncomingRequest))
 2 SYSTEMPATH/CodeIgniter.php(927): App\Controllers\Meters->updateDB()
 3 SYSTEMPATH/CodeIgniter.php(482): CodeIgniter\CodeIgniter->runController(Object(App\Controllers\Meters))
 4 SYSTEMPATH/CodeIgniter.php(351): CodeIgniter\CodeIgniter->handleRequest(null, Object(Config\Cache), false)
 5 FCPATH/index.php(67): CodeIgniter\CodeIgniter->run()
ERROR - 2023-07-20 09:25:08 --> mysqli_sql_exception: Unknown column 'baseURL' in 'field list' in /ext/WWW/konex.com.ua/meters/system/Database/MySQLi/Connection.php:292
Stack trace:
#0 /ext/WWW/konex.com.ua/meters/system/Database/MySQLi/Connection.php(292): mysqli->query('INSERT INTO `co...', 0)
#1 /ext/WWW/konex.com.ua/meters/system/Database/BaseConnection.php(666): CodeIgniter\Database\MySQLi\Connection->execute('INSERT INTO `co...')
#2 /ext/WWW/konex.com.ua/meters/system/Database/BaseConnection.php(593): CodeIgniter\Database\BaseConnection->simpleQuery('INSERT INTO `co...')
#3 /ext/WWW/konex.com.ua/meters/system/Database/BaseBuilder.php(1916): CodeIgniter\Database\BaseConnection->query('INSERT INTO `co...', Array, false)
#4 /ext/WWW/konex.com.ua/meters/app/Models/Update.php(19): CodeIgniter\Database\BaseBuilder->insert(Object(Config\App))
#5 /ext/WWW/konex.com.ua/meters/app/Controllers/Meters.php(183): App\Models\Update->addCompanies(Object(CodeIgniter\HTTP\IncomingRequest))
#6 /ext/WWW/konex.com.ua/meters/system/CodeIgniter.php(927): App\Controllers\Meters->updateDB()
#7 /ext/WWW/konex.com.ua/meters/system/CodeIgniter.php(482): CodeIgniter\CodeIgniter->runController(Object(App\Controllers\Meters))
#8 /ext/WWW/konex.com.ua/meters/system/CodeIgniter.php(351): CodeIgniter\CodeIgniter->handleRequest(NULL, Object(Config\Cache), false)
#9 /ext/WWW/konex.com.ua/meters/public/index.php(67): CodeIgniter\CodeIgniter->run()
#10 {main}
