CRITICAL - 2023-01-27 03:59:50 --> Cannot use [] for reading
in APPPATH/Models/Search.php on line 108.
 1 [internal function]: CodeIgniter\Debug\Exceptions->shutdownHandler()
CRITICAL - 2023-01-27 04:05:12 --> Undefined variable: mass
in APPPATH/Models/Search.php on line 178.
 1 APPPATH/Models/Search.php(178): CodeIgniter\Debug\Exceptions->errorHandler(8, 'Undefined variable: mass', 'APPPATH/Models/Search.php', 178, [...])
 2 APPPATH/Controllers/Zayavki.php(128): App\Models\Search->getCountersStat(Object(CodeIgniter\HTTP\IncomingRequest))
 3 SYSTEMPATH/CodeIgniter.php(927): App\Controllers\Zayavki->ajax()
 4 SYSTEMPATH/CodeIgniter.php(482): CodeIgniter\CodeIgniter->runController(Object(App\Controllers\Zayavki))
 5 SYSTEMPATH/CodeIgniter.php(351): CodeIgniter\CodeIgniter->handleRequest(null, Object(Config\Cache), false)
 6 FCPATH/index.php(67): CodeIgniter\CodeIgniter->run()
CRITICAL - 2023-01-27 04:05:13 --> Undefined variable: mass
in APPPATH/Models/Search.php on line 178.
 1 APPPATH/Models/Search.php(178): CodeIgniter\Debug\Exceptions->errorHandler(8, 'Undefined variable: mass', 'APPPATH/Models/Search.php', 178, [...])
 2 APPPATH/Controllers/Zayavki.php(128): App\Models\Search->getCountersStat(Object(CodeIgniter\HTTP\IncomingRequest))
 3 SYSTEMPATH/CodeIgniter.php(927): App\Controllers\Zayavki->ajax()
 4 SYSTEMPATH/CodeIgniter.php(482): CodeIgniter\CodeIgniter->runController(Object(App\Controllers\Zayavki))
 5 SYSTEMPATH/CodeIgniter.php(351): CodeIgniter\CodeIgniter->handleRequest(null, Object(Config\Cache), false)
 6 FCPATH/index.php(67): CodeIgniter\CodeIgniter->run()
CRITICAL - 2023-01-27 04:05:15 --> Undefined variable: mass
in APPPATH/Models/Search.php on line 178.
 1 APPPATH/Models/Search.php(178): CodeIgniter\Debug\Exceptions->errorHandler(8, 'Undefined variable: mass', 'APPPATH/Models/Search.php', 178, [...])
 2 APPPATH/Controllers/Zayavki.php(128): App\Models\Search->getCountersStat(Object(CodeIgniter\HTTP\IncomingRequest))
 3 SYSTEMPATH/CodeIgniter.php(927): App\Controllers\Zayavki->ajax()
 4 SYSTEMPATH/CodeIgniter.php(482): CodeIgniter\CodeIgniter->runController(Object(App\Controllers\Zayavki))
 5 SYSTEMPATH/CodeIgniter.php(351): CodeIgniter\CodeIgniter->handleRequest(null, Object(Config\Cache), false)
 6 FCPATH/index.php(67): CodeIgniter\CodeIgniter->run()
CRITICAL - 2023-01-27 04:05:20 --> Undefined variable: mass
in APPPATH/Models/Search.php on line 178.
 1 APPPATH/Models/Search.php(178): CodeIgniter\Debug\Exceptions->errorHandler(8, 'Undefined variable: mass', 'APPPATH/Models/Search.php', 178, [...])
 2 APPPATH/Controllers/Zayavki.php(128): App\Models\Search->getCountersStat(Object(CodeIgniter\HTTP\IncomingRequest))
 3 SYSTEMPATH/CodeIgniter.php(927): App\Controllers\Zayavki->ajax()
 4 SYSTEMPATH/CodeIgniter.php(482): CodeIgniter\CodeIgniter->runController(Object(App\Controllers\Zayavki))
 5 SYSTEMPATH/CodeIgniter.php(351): CodeIgniter\CodeIgniter->handleRequest(null, Object(Config\Cache), false)
 6 FCPATH/index.php(67): CodeIgniter\CodeIgniter->run()
CRITICAL - 2023-01-27 04:05:21 --> Undefined variable: mass
in APPPATH/Models/Search.php on line 178.
 1 APPPATH/Models/Search.php(178): CodeIgniter\Debug\Exceptions->errorHandler(8, 'Undefined variable: mass', 'APPPATH/Models/Search.php', 178, [...])
 2 APPPATH/Controllers/Zayavki.php(128): App\Models\Search->getCountersStat(Object(CodeIgniter\HTTP\IncomingRequest))
 3 SYSTEMPATH/CodeIgniter.php(927): App\Controllers\Zayavki->ajax()
 4 SYSTEMPATH/CodeIgniter.php(482): CodeIgniter\CodeIgniter->runController(Object(App\Controllers\Zayavki))
 5 SYSTEMPATH/CodeIgniter.php(351): CodeIgniter\CodeIgniter->handleRequest(null, Object(Config\Cache), false)
 6 FCPATH/index.php(67): CodeIgniter\CodeIgniter->run()
ERROR - 2023-01-27 05:11:15 --> mysqli_sql_exception: You have an error in your SQL syntax; check the manual that corresponds to your MySQL server version for the right syntax to use near '' at line 1 in /ext/WWW/konex.com.ua/zayavki/system/Database/MySQLi/Connection.php:292
Stack trace:
#0 /ext/WWW/konex.com.ua/zayavki/system/Database/MySQLi/Connection.php(292): mysqli->query('SELECT cId FROM...', 0)
#1 /ext/WWW/konex.com.ua/zayavki/system/Database/BaseConnection.php(666): CodeIgniter\Database\MySQLi\Connection->execute('SELECT cId FROM...')
#2 /ext/WWW/konex.com.ua/zayavki/system/Database/BaseConnection.php(593): CodeIgniter\Database\BaseConnection->simpleQuery('SELECT cId FROM...')
#3 /ext/WWW/konex.com.ua/zayavki/app/Models/Search.php(200): CodeIgniter\Database\BaseConnection->query('SELECT cId FROM...')
#4 /ext/WWW/konex.com.ua/zayavki/app/Models/Search.php(182): App\Models\Search->editPokazDB(NULL, '254')
#5 /ext/WWW/konex.com.ua/zayavki/app/Controllers/Zayavki.php(130): App\Models\Search->editPokaz(Object(CodeIgniter\HTTP\IncomingRequest))
#6 /ext/WWW/konex.com.ua/zayavki/system/CodeIgniter.php(927): App\Controllers\Zayavki->ajax()
#7 /ext/WWW/konex.com.ua/zayavki/system/CodeIgniter.php(482): CodeIgniter\CodeIgniter->runController(Object(App\Controllers\Zayavki))
#8 /ext/WWW/konex.com.ua/zayavki/system/CodeIgniter.php(351): CodeIgniter\CodeIgniter->handleRequest(NULL, Object(Config\Cache), false)
#9 /ext/WWW/konex.com.ua/zayavki/public/index.php(67): CodeIgniter\CodeIgniter->run()
#10 {main}
CRITICAL - 2023-01-27 05:11:15 --> You have an error in your SQL syntax; check the manual that corresponds to your MySQL server version for the right syntax to use near '' at line 1
in SYSTEMPATH/Database/MySQLi/Connection.php on line 292.
 1 SYSTEMPATH/Database/MySQLi/Connection.php(292): mysqli->query('SELECT cId FROM pokaz WHERE id=', 0)
 2 SYSTEMPATH/Database/BaseConnection.php(666): CodeIgniter\Database\MySQLi\Connection->execute('SELECT cId FROM pokaz WHERE id=')
 3 SYSTEMPATH/Database/BaseConnection.php(593): CodeIgniter\Database\BaseConnection->simpleQuery('SELECT cId FROM pokaz WHERE id=')
 4 APPPATH/Models/Search.php(200): CodeIgniter\Database\BaseConnection->query('SELECT cId FROM pokaz WHERE id=')
 5 APPPATH/Models/Search.php(182): App\Models\Search->editPokazDB(null, '254')
 6 APPPATH/Controllers/Zayavki.php(130): App\Models\Search->editPokaz(Object(CodeIgniter\HTTP\IncomingRequest))
 7 SYSTEMPATH/CodeIgniter.php(927): App\Controllers\Zayavki->ajax()
 8 SYSTEMPATH/CodeIgniter.php(482): CodeIgniter\CodeIgniter->runController(Object(App\Controllers\Zayavki))
 9 SYSTEMPATH/CodeIgniter.php(351): CodeIgniter\CodeIgniter->handleRequest(null, Object(Config\Cache), false)
10 FCPATH/index.php(67): CodeIgniter\CodeIgniter->run()
ERROR - 2023-01-27 05:11:17 --> mysqli_sql_exception: You have an error in your SQL syntax; check the manual that corresponds to your MySQL server version for the right syntax to use near '' at line 1 in /ext/WWW/konex.com.ua/zayavki/system/Database/MySQLi/Connection.php:292
Stack trace:
#0 /ext/WWW/konex.com.ua/zayavki/system/Database/MySQLi/Connection.php(292): mysqli->query('SELECT cId FROM...', 0)
#1 /ext/WWW/konex.com.ua/zayavki/system/Database/BaseConnection.php(666): CodeIgniter\Database\MySQLi\Connection->execute('SELECT cId FROM...')
#2 /ext/WWW/konex.com.ua/zayavki/system/Database/BaseConnection.php(593): CodeIgniter\Database\BaseConnection->simpleQuery('SELECT cId FROM...')
#3 /ext/WWW/konex.com.ua/zayavki/app/Models/Search.php(200): CodeIgniter\Database\BaseConnection->query('SELECT cId FROM...')
#4 /ext/WWW/konex.com.ua/zayavki/app/Models/Search.php(182): App\Models\Search->editPokazDB(NULL, '254')
#5 /ext/WWW/konex.com.ua/zayavki/app/Controllers/Zayavki.php(130): App\Models\Search->editPokaz(Object(CodeIgniter\HTTP\IncomingRequest))
#6 /ext/WWW/konex.com.ua/zayavki/system/CodeIgniter.php(927): App\Controllers\Zayavki->ajax()
#7 /ext/WWW/konex.com.ua/zayavki/system/CodeIgniter.php(482): CodeIgniter\CodeIgniter->runController(Object(App\Controllers\Zayavki))
#8 /ext/WWW/konex.com.ua/zayavki/system/CodeIgniter.php(351): CodeIgniter\CodeIgniter->handleRequest(NULL, Object(Config\Cache), false)
#9 /ext/WWW/konex.com.ua/zayavki/public/index.php(67): CodeIgniter\CodeIgniter->run()
#10 {main}
CRITICAL - 2023-01-27 05:11:17 --> You have an error in your SQL syntax; check the manual that corresponds to your MySQL server version for the right syntax to use near '' at line 1
in SYSTEMPATH/Database/MySQLi/Connection.php on line 292.
 1 SYSTEMPATH/Database/MySQLi/Connection.php(292): mysqli->query('SELECT cId FROM pokaz WHERE id=', 0)
 2 SYSTEMPATH/Database/BaseConnection.php(666): CodeIgniter\Database\MySQLi\Connection->execute('SELECT cId FROM pokaz WHERE id=')
 3 SYSTEMPATH/Database/BaseConnection.php(593): CodeIgniter\Database\BaseConnection->simpleQuery('SELECT cId FROM pokaz WHERE id=')
 4 APPPATH/Models/Search.php(200): CodeIgniter\Database\BaseConnection->query('SELECT cId FROM pokaz WHERE id=')
 5 APPPATH/Models/Search.php(182): App\Models\Search->editPokazDB(null, '254')
 6 APPPATH/Controllers/Zayavki.php(130): App\Models\Search->editPokaz(Object(CodeIgniter\HTTP\IncomingRequest))
 7 SYSTEMPATH/CodeIgniter.php(927): App\Controllers\Zayavki->ajax()
 8 SYSTEMPATH/CodeIgniter.php(482): CodeIgniter\CodeIgniter->runController(Object(App\Controllers\Zayavki))
 9 SYSTEMPATH/CodeIgniter.php(351): CodeIgniter\CodeIgniter->handleRequest(null, Object(Config\Cache), false)
10 FCPATH/index.php(67): CodeIgniter\CodeIgniter->run()
ERROR - 2023-01-27 05:11:21 --> mysqli_sql_exception: You have an error in your SQL syntax; check the manual that corresponds to your MySQL server version for the right syntax to use near '' at line 1 in /ext/WWW/konex.com.ua/zayavki/system/Database/MySQLi/Connection.php:292
Stack trace:
#0 /ext/WWW/konex.com.ua/zayavki/system/Database/MySQLi/Connection.php(292): mysqli->query('SELECT cId FROM...', 0)
#1 /ext/WWW/konex.com.ua/zayavki/system/Database/BaseConnection.php(666): CodeIgniter\Database\MySQLi\Connection->execute('SELECT cId FROM...')
#2 /ext/WWW/konex.com.ua/zayavki/system/Database/BaseConnection.php(593): CodeIgniter\Database\BaseConnection->simpleQuery('SELECT cId FROM...')
#3 /ext/WWW/konex.com.ua/zayavki/app/Models/Search.php(200): CodeIgniter\Database\BaseConnection->query('SELECT cId FROM...')
#4 /ext/WWW/konex.com.ua/zayavki/app/Models/Search.php(182): App\Models\Search->editPokazDB(NULL, '2544')
#5 /ext/WWW/konex.com.ua/zayavki/app/Controllers/Zayavki.php(130): App\Models\Search->editPokaz(Object(CodeIgniter\HTTP\IncomingRequest))
#6 /ext/WWW/konex.com.ua/zayavki/system/CodeIgniter.php(927): App\Controllers\Zayavki->ajax()
#7 /ext/WWW/konex.com.ua/zayavki/system/CodeIgniter.php(482): CodeIgniter\CodeIgniter->runController(Object(App\Controllers\Zayavki))
#8 /ext/WWW/konex.com.ua/zayavki/system/CodeIgniter.php(351): CodeIgniter\CodeIgniter->handleRequest(NULL, Object(Config\Cache), false)
#9 /ext/WWW/konex.com.ua/zayavki/public/index.php(67): CodeIgniter\CodeIgniter->run()
#10 {main}
CRITICAL - 2023-01-27 05:11:21 --> You have an error in your SQL syntax; check the manual that corresponds to your MySQL server version for the right syntax to use near '' at line 1
in SYSTEMPATH/Database/MySQLi/Connection.php on line 292.
 1 SYSTEMPATH/Database/MySQLi/Connection.php(292): mysqli->query('SELECT cId FROM pokaz WHERE id=', 0)
 2 SYSTEMPATH/Database/BaseConnection.php(666): CodeIgniter\Database\MySQLi\Connection->execute('SELECT cId FROM pokaz WHERE id=')
 3 SYSTEMPATH/Database/BaseConnection.php(593): CodeIgniter\Database\BaseConnection->simpleQuery('SELECT cId FROM pokaz WHERE id=')
 4 APPPATH/Models/Search.php(200): CodeIgniter\Database\BaseConnection->query('SELECT cId FROM pokaz WHERE id=')
 5 APPPATH/Models/Search.php(182): App\Models\Search->editPokazDB(null, '2544')
 6 APPPATH/Controllers/Zayavki.php(130): App\Models\Search->editPokaz(Object(CodeIgniter\HTTP\IncomingRequest))
 7 SYSTEMPATH/CodeIgniter.php(927): App\Controllers\Zayavki->ajax()
 8 SYSTEMPATH/CodeIgniter.php(482): CodeIgniter\CodeIgniter->runController(Object(App\Controllers\Zayavki))
 9 SYSTEMPATH/CodeIgniter.php(351): CodeIgniter\CodeIgniter->handleRequest(null, Object(Config\Cache), false)
10 FCPATH/index.php(67): CodeIgniter\CodeIgniter->run()
ERROR - 2023-01-27 05:11:32 --> mysqli_sql_exception: You have an error in your SQL syntax; check the manual that corresponds to your MySQL server version for the right syntax to use near '' at line 1 in /ext/WWW/konex.com.ua/zayavki/system/Database/MySQLi/Connection.php:292
Stack trace:
#0 /ext/WWW/konex.com.ua/zayavki/system/Database/MySQLi/Connection.php(292): mysqli->query('SELECT cId FROM...', 0)
#1 /ext/WWW/konex.com.ua/zayavki/system/Database/BaseConnection.php(666): CodeIgniter\Database\MySQLi\Connection->execute('SELECT cId FROM...')
#2 /ext/WWW/konex.com.ua/zayavki/system/Database/BaseConnection.php(593): CodeIgniter\Database\BaseConnection->simpleQuery('SELECT cId FROM...')
#3 /ext/WWW/konex.com.ua/zayavki/app/Models/Search.php(200): CodeIgniter\Database\BaseConnection->query('SELECT cId FROM...')
#4 /ext/WWW/konex.com.ua/zayavki/app/Models/Search.php(182): App\Models\Search->editPokazDB(NULL, '254')
#5 /ext/WWW/konex.com.ua/zayavki/app/Controllers/Zayavki.php(130): App\Models\Search->editPokaz(Object(CodeIgniter\HTTP\IncomingRequest))
#6 /ext/WWW/konex.com.ua/zayavki/system/CodeIgniter.php(927): App\Controllers\Zayavki->ajax()
#7 /ext/WWW/konex.com.ua/zayavki/system/CodeIgniter.php(482): CodeIgniter\CodeIgniter->runController(Object(App\Controllers\Zayavki))
#8 /ext/WWW/konex.com.ua/zayavki/system/CodeIgniter.php(351): CodeIgniter\CodeIgniter->handleRequest(NULL, Object(Config\Cache), false)
#9 /ext/WWW/konex.com.ua/zayavki/public/index.php(67): CodeIgniter\CodeIgniter->run()
#10 {main}
CRITICAL - 2023-01-27 05:11:32 --> You have an error in your SQL syntax; check the manual that corresponds to your MySQL server version for the right syntax to use near '' at line 1
in SYSTEMPATH/Database/MySQLi/Connection.php on line 292.
 1 SYSTEMPATH/Database/MySQLi/Connection.php(292): mysqli->query('SELECT cId FROM pokaz WHERE id=', 0)
 2 SYSTEMPATH/Database/BaseConnection.php(666): CodeIgniter\Database\MySQLi\Connection->execute('SELECT cId FROM pokaz WHERE id=')
 3 SYSTEMPATH/Database/BaseConnection.php(593): CodeIgniter\Database\BaseConnection->simpleQuery('SELECT cId FROM pokaz WHERE id=')
 4 APPPATH/Models/Search.php(200): CodeIgniter\Database\BaseConnection->query('SELECT cId FROM pokaz WHERE id=')
 5 APPPATH/Models/Search.php(182): App\Models\Search->editPokazDB(null, '254')
 6 APPPATH/Controllers/Zayavki.php(130): App\Models\Search->editPokaz(Object(CodeIgniter\HTTP\IncomingRequest))
 7 SYSTEMPATH/CodeIgniter.php(927): App\Controllers\Zayavki->ajax()
 8 SYSTEMPATH/CodeIgniter.php(482): CodeIgniter\CodeIgniter->runController(Object(App\Controllers\Zayavki))
 9 SYSTEMPATH/CodeIgniter.php(351): CodeIgniter\CodeIgniter->handleRequest(null, Object(Config\Cache), false)
10 FCPATH/index.php(67): CodeIgniter\CodeIgniter->run()
ERROR - 2023-01-27 05:14:17 --> mysqli_sql_exception: You have an error in your SQL syntax; check the manual that corresponds to your MySQL server version for the right syntax to use near '' at line 1 in /ext/WWW/konex.com.ua/zayavki/system/Database/MySQLi/Connection.php:292
Stack trace:
#0 /ext/WWW/konex.com.ua/zayavki/system/Database/MySQLi/Connection.php(292): mysqli->query('SELECT cId FROM...', 0)
#1 /ext/WWW/konex.com.ua/zayavki/system/Database/BaseConnection.php(666): CodeIgniter\Database\MySQLi\Connection->execute('SELECT cId FROM...')
#2 /ext/WWW/konex.com.ua/zayavki/system/Database/BaseConnection.php(593): CodeIgniter\Database\BaseConnection->simpleQuery('SELECT cId FROM...')
#3 /ext/WWW/konex.com.ua/zayavki/app/Models/Search.php(200): CodeIgniter\Database\BaseConnection->query('SELECT cId FROM...')
#4 /ext/WWW/konex.com.ua/zayavki/app/Models/Search.php(182): App\Models\Search->editPokazDB(NULL, '456')
#5 /ext/WWW/konex.com.ua/zayavki/app/Controllers/Zayavki.php(130): App\Models\Search->editPokaz(Object(CodeIgniter\HTTP\IncomingRequest))
#6 /ext/WWW/konex.com.ua/zayavki/system/CodeIgniter.php(927): App\Controllers\Zayavki->ajax()
#7 /ext/WWW/konex.com.ua/zayavki/system/CodeIgniter.php(482): CodeIgniter\CodeIgniter->runController(Object(App\Controllers\Zayavki))
#8 /ext/WWW/konex.com.ua/zayavki/system/CodeIgniter.php(351): CodeIgniter\CodeIgniter->handleRequest(NULL, Object(Config\Cache), false)
#9 /ext/WWW/konex.com.ua/zayavki/public/index.php(67): CodeIgniter\CodeIgniter->run()
#10 {main}
CRITICAL - 2023-01-27 05:14:17 --> You have an error in your SQL syntax; check the manual that corresponds to your MySQL server version for the right syntax to use near '' at line 1
in SYSTEMPATH/Database/MySQLi/Connection.php on line 292.
 1 SYSTEMPATH/Database/MySQLi/Connection.php(292): mysqli->query('SELECT cId FROM pokaz WHERE id=', 0)
 2 SYSTEMPATH/Database/BaseConnection.php(666): CodeIgniter\Database\MySQLi\Connection->execute('SELECT cId FROM pokaz WHERE id=')
 3 SYSTEMPATH/Database/BaseConnection.php(593): CodeIgniter\Database\BaseConnection->simpleQuery('SELECT cId FROM pokaz WHERE id=')
 4 APPPATH/Models/Search.php(200): CodeIgniter\Database\BaseConnection->query('SELECT cId FROM pokaz WHERE id=')
 5 APPPATH/Models/Search.php(182): App\Models\Search->editPokazDB(null, '456')
 6 APPPATH/Controllers/Zayavki.php(130): App\Models\Search->editPokaz(Object(CodeIgniter\HTTP\IncomingRequest))
 7 SYSTEMPATH/CodeIgniter.php(927): App\Controllers\Zayavki->ajax()
 8 SYSTEMPATH/CodeIgniter.php(482): CodeIgniter\CodeIgniter->runController(Object(App\Controllers\Zayavki))
 9 SYSTEMPATH/CodeIgniter.php(351): CodeIgniter\CodeIgniter->handleRequest(null, Object(Config\Cache), false)
10 FCPATH/index.php(67): CodeIgniter\CodeIgniter->run()
ERROR - 2023-01-27 05:15:03 --> mysqli_sql_exception: You have an error in your SQL syntax; check the manual that corresponds to your MySQL server version for the right syntax to use near '' at line 1 in /ext/WWW/konex.com.ua/zayavki/system/Database/MySQLi/Connection.php:292
Stack trace:
#0 /ext/WWW/konex.com.ua/zayavki/system/Database/MySQLi/Connection.php(292): mysqli->query('SELECT cId FROM...', 0)
#1 /ext/WWW/konex.com.ua/zayavki/system/Database/BaseConnection.php(666): CodeIgniter\Database\MySQLi\Connection->execute('SELECT cId FROM...')
#2 /ext/WWW/konex.com.ua/zayavki/system/Database/BaseConnection.php(593): CodeIgniter\Database\BaseConnection->simpleQuery('SELECT cId FROM...')
#3 /ext/WWW/konex.com.ua/zayavki/app/Models/Search.php(200): CodeIgniter\Database\BaseConnection->query('SELECT cId FROM...')
#4 /ext/WWW/konex.com.ua/zayavki/app/Models/Search.php(182): App\Models\Search->editPokazDB(NULL, '45956')
#5 /ext/WWW/konex.com.ua/zayavki/app/Controllers/Zayavki.php(130): App\Models\Search->editPokaz(Object(CodeIgniter\HTTP\IncomingRequest))
#6 /ext/WWW/konex.com.ua/zayavki/system/CodeIgniter.php(927): App\Controllers\Zayavki->ajax()
#7 /ext/WWW/konex.com.ua/zayavki/system/CodeIgniter.php(482): CodeIgniter\CodeIgniter->runController(Object(App\Controllers\Zayavki))
#8 /ext/WWW/konex.com.ua/zayavki/system/CodeIgniter.php(351): CodeIgniter\CodeIgniter->handleRequest(NULL, Object(Config\Cache), false)
#9 /ext/WWW/konex.com.ua/zayavki/public/index.php(67): CodeIgniter\CodeIgniter->run()
#10 {main}
CRITICAL - 2023-01-27 05:15:03 --> You have an error in your SQL syntax; check the manual that corresponds to your MySQL server version for the right syntax to use near '' at line 1
in SYSTEMPATH/Database/MySQLi/Connection.php on line 292.
 1 SYSTEMPATH/Database/MySQLi/Connection.php(292): mysqli->query('SELECT cId FROM pokaz WHERE id=', 0)
 2 SYSTEMPATH/Database/BaseConnection.php(666): CodeIgniter\Database\MySQLi\Connection->execute('SELECT cId FROM pokaz WHERE id=')
 3 SYSTEMPATH/Database/BaseConnection.php(593): CodeIgniter\Database\BaseConnection->simpleQuery('SELECT cId FROM pokaz WHERE id=')
 4 APPPATH/Models/Search.php(200): CodeIgniter\Database\BaseConnection->query('SELECT cId FROM pokaz WHERE id=')
 5 APPPATH/Models/Search.php(182): App\Models\Search->editPokazDB(null, '45956')
 6 APPPATH/Controllers/Zayavki.php(130): App\Models\Search->editPokaz(Object(CodeIgniter\HTTP\IncomingRequest))
 7 SYSTEMPATH/CodeIgniter.php(927): App\Controllers\Zayavki->ajax()
 8 SYSTEMPATH/CodeIgniter.php(482): CodeIgniter\CodeIgniter->runController(Object(App\Controllers\Zayavki))
 9 SYSTEMPATH/CodeIgniter.php(351): CodeIgniter\CodeIgniter->handleRequest(null, Object(Config\Cache), false)
10 FCPATH/index.php(67): CodeIgniter\CodeIgniter->run()
ERROR - 2023-01-27 05:17:52 --> mysqli_sql_exception: You have an error in your SQL syntax; check the manual that corresponds to your MySQL server version for the right syntax to use near '' at line 1 in /ext/WWW/konex.com.ua/zayavki/system/Database/MySQLi/Connection.php:292
Stack trace:
#0 /ext/WWW/konex.com.ua/zayavki/system/Database/MySQLi/Connection.php(292): mysqli->query('SELECT cId FROM...', 0)
#1 /ext/WWW/konex.com.ua/zayavki/system/Database/BaseConnection.php(666): CodeIgniter\Database\MySQLi\Connection->execute('SELECT cId FROM...')
#2 /ext/WWW/konex.com.ua/zayavki/system/Database/BaseConnection.php(593): CodeIgniter\Database\BaseConnection->simpleQuery('SELECT cId FROM...')
#3 /ext/WWW/konex.com.ua/zayavki/app/Models/Search.php(200): CodeIgniter\Database\BaseConnection->query('SELECT cId FROM...')
#4 /ext/WWW/konex.com.ua/zayavki/app/Models/Search.php(182): App\Models\Search->editPokazDB(NULL, '45956')
#5 /ext/WWW/konex.com.ua/zayavki/app/Controllers/Zayavki.php(130): App\Models\Search->editPokaz(Object(CodeIgniter\HTTP\IncomingRequest))
#6 /ext/WWW/konex.com.ua/zayavki/system/CodeIgniter.php(927): App\Controllers\Zayavki->ajax()
#7 /ext/WWW/konex.com.ua/zayavki/system/CodeIgniter.php(482): CodeIgniter\CodeIgniter->runController(Object(App\Controllers\Zayavki))
#8 /ext/WWW/konex.com.ua/zayavki/system/CodeIgniter.php(351): CodeIgniter\CodeIgniter->handleRequest(NULL, Object(Config\Cache), false)
#9 /ext/WWW/konex.com.ua/zayavki/public/index.php(67): CodeIgniter\CodeIgniter->run()
#10 {main}
CRITICAL - 2023-01-27 05:17:52 --> You have an error in your SQL syntax; check the manual that corresponds to your MySQL server version for the right syntax to use near '' at line 1
in SYSTEMPATH/Database/MySQLi/Connection.php on line 292.
 1 SYSTEMPATH/Database/MySQLi/Connection.php(292): mysqli->query('SELECT cId FROM pokaz WHERE id=', 0)
 2 SYSTEMPATH/Database/BaseConnection.php(666): CodeIgniter\Database\MySQLi\Connection->execute('SELECT cId FROM pokaz WHERE id=')
 3 SYSTEMPATH/Database/BaseConnection.php(593): CodeIgniter\Database\BaseConnection->simpleQuery('SELECT cId FROM pokaz WHERE id=')
 4 APPPATH/Models/Search.php(200): CodeIgniter\Database\BaseConnection->query('SELECT cId FROM pokaz WHERE id=')
 5 APPPATH/Models/Search.php(182): App\Models\Search->editPokazDB(null, '45956')
 6 APPPATH/Controllers/Zayavki.php(130): App\Models\Search->editPokaz(Object(CodeIgniter\HTTP\IncomingRequest))
 7 SYSTEMPATH/CodeIgniter.php(927): App\Controllers\Zayavki->ajax()
 8 SYSTEMPATH/CodeIgniter.php(482): CodeIgniter\CodeIgniter->runController(Object(App\Controllers\Zayavki))
 9 SYSTEMPATH/CodeIgniter.php(351): CodeIgniter\CodeIgniter->handleRequest(null, Object(Config\Cache), false)
10 FCPATH/index.php(67): CodeIgniter\CodeIgniter->run()
ERROR - 2023-01-27 05:19:31 --> mysqli_sql_exception: You have an error in your SQL syntax; check the manual that corresponds to your MySQL server version for the right syntax to use near 'ORDER BY ts' at line 1 in /ext/WWW/konex.com.ua/zayavki/system/Database/MySQLi/Connection.php:292
Stack trace:
#0 /ext/WWW/konex.com.ua/zayavki/system/Database/MySQLi/Connection.php(292): mysqli->query('SELECT consumed...', 0)
#1 /ext/WWW/konex.com.ua/zayavki/system/Database/BaseConnection.php(666): CodeIgniter\Database\MySQLi\Connection->execute('SELECT consumed...')
#2 /ext/WWW/konex.com.ua/zayavki/system/Database/BaseConnection.php(593): CodeIgniter\Database\BaseConnection->simpleQuery('SELECT consumed...')
#3 /ext/WWW/konex.com.ua/zayavki/app/Models/Search.php(192): CodeIgniter\Database\BaseConnection->query('SELECT consumed...')
#4 /ext/WWW/konex.com.ua/zayavki/app/Models/Search.php(188): App\Models\Search->getPokazByIdAndCounterDB('')
#5 /ext/WWW/konex.com.ua/zayavki/app/Controllers/Zayavki.php(132): App\Models\Search->getPokazByIdAndCounter(Object(CodeIgniter\HTTP\IncomingRequest))
#6 /ext/WWW/konex.com.ua/zayavki/system/CodeIgniter.php(927): App\Controllers\Zayavki->ajax()
#7 /ext/WWW/konex.com.ua/zayavki/system/CodeIgniter.php(482): CodeIgniter\CodeIgniter->runController(Object(App\Controllers\Zayavki))
#8 /ext/WWW/konex.com.ua/zayavki/system/CodeIgniter.php(351): CodeIgniter\CodeIgniter->handleRequest(NULL, Object(Config\Cache), false)
#9 /ext/WWW/konex.com.ua/zayavki/public/index.php(67): CodeIgniter\CodeIgniter->run()
#10 {main}
CRITICAL - 2023-01-27 05:19:31 --> You have an error in your SQL syntax; check the manual that corresponds to your MySQL server version for the right syntax to use near 'ORDER BY ts' at line 1
in SYSTEMPATH/Database/MySQLi/Connection.php on line 292.
 1 SYSTEMPATH/Database/MySQLi/Connection.php(292): mysqli->query('SELECT consumed, id FROM pokaz  WHERE cId= ORDER BY ts', 0)
 2 SYSTEMPATH/Database/BaseConnection.php(666): CodeIgniter\Database\MySQLi\Connection->execute('SELECT consumed, id FROM pokaz  WHERE cId= ORDER BY ts')
 3 SYSTEMPATH/Database/BaseConnection.php(593): CodeIgniter\Database\BaseConnection->simpleQuery('SELECT consumed, id FROM pokaz  WHERE cId= ORDER BY ts')
 4 APPPATH/Models/Search.php(192): CodeIgniter\Database\BaseConnection->query('SELECT consumed, id FROM pokaz  WHERE cId= ORDER BY ts')
 5 APPPATH/Models/Search.php(188): App\Models\Search->getPokazByIdAndCounterDB('ROOTPATH/public')
 6 APPPATH/Controllers/Zayavki.php(132): App\Models\Search->getPokazByIdAndCounter(Object(CodeIgniter\HTTP\IncomingRequest))
 7 SYSTEMPATH/CodeIgniter.php(927): App\Controllers\Zayavki->ajax()
 8 SYSTEMPATH/CodeIgniter.php(482): CodeIgniter\CodeIgniter->runController(Object(App\Controllers\Zayavki))
 9 SYSTEMPATH/CodeIgniter.php(351): CodeIgniter\CodeIgniter->handleRequest(null, Object(Config\Cache), false)
10 FCPATH/index.php(67): CodeIgniter\CodeIgniter->run()
ERROR - 2023-01-27 05:19:51 --> mysqli_sql_exception: You have an error in your SQL syntax; check the manual that corresponds to your MySQL server version for the right syntax to use near 'ORDER BY ts' at line 1 in /ext/WWW/konex.com.ua/zayavki/system/Database/MySQLi/Connection.php:292
Stack trace:
#0 /ext/WWW/konex.com.ua/zayavki/system/Database/MySQLi/Connection.php(292): mysqli->query('SELECT consumed...', 0)
#1 /ext/WWW/konex.com.ua/zayavki/system/Database/BaseConnection.php(666): CodeIgniter\Database\MySQLi\Connection->execute('SELECT consumed...')
#2 /ext/WWW/konex.com.ua/zayavki/system/Database/BaseConnection.php(593): CodeIgniter\Database\BaseConnection->simpleQuery('SELECT consumed...')
#3 /ext/WWW/konex.com.ua/zayavki/app/Models/Search.php(192): CodeIgniter\Database\BaseConnection->query('SELECT consumed...')
#4 /ext/WWW/konex.com.ua/zayavki/app/Models/Search.php(188): App\Models\Search->getPokazByIdAndCounterDB('')
#5 /ext/WWW/konex.com.ua/zayavki/app/Controllers/Zayavki.php(132): App\Models\Search->getPokazByIdAndCounter(Object(CodeIgniter\HTTP\IncomingRequest))
#6 /ext/WWW/konex.com.ua/zayavki/system/CodeIgniter.php(927): App\Controllers\Zayavki->ajax()
#7 /ext/WWW/konex.com.ua/zayavki/system/CodeIgniter.php(482): CodeIgniter\CodeIgniter->runController(Object(App\Controllers\Zayavki))
#8 /ext/WWW/konex.com.ua/zayavki/system/CodeIgniter.php(351): CodeIgniter\CodeIgniter->handleRequest(NULL, Object(Config\Cache), false)
#9 /ext/WWW/konex.com.ua/zayavki/public/index.php(67): CodeIgniter\CodeIgniter->run()
#10 {main}
CRITICAL - 2023-01-27 05:19:51 --> You have an error in your SQL syntax; check the manual that corresponds to your MySQL server version for the right syntax to use near 'ORDER BY ts' at line 1
in SYSTEMPATH/Database/MySQLi/Connection.php on line 292.
 1 SYSTEMPATH/Database/MySQLi/Connection.php(292): mysqli->query('SELECT consumed, id FROM pokaz  WHERE cId= ORDER BY ts', 0)
 2 SYSTEMPATH/Database/BaseConnection.php(666): CodeIgniter\Database\MySQLi\Connection->execute('SELECT consumed, id FROM pokaz  WHERE cId= ORDER BY ts')
 3 SYSTEMPATH/Database/BaseConnection.php(593): CodeIgniter\Database\BaseConnection->simpleQuery('SELECT consumed, id FROM pokaz  WHERE cId= ORDER BY ts')
 4 APPPATH/Models/Search.php(192): CodeIgniter\Database\BaseConnection->query('SELECT consumed, id FROM pokaz  WHERE cId= ORDER BY ts')
 5 APPPATH/Models/Search.php(188): App\Models\Search->getPokazByIdAndCounterDB('ROOTPATH/public')
 6 APPPATH/Controllers/Zayavki.php(132): App\Models\Search->getPokazByIdAndCounter(Object(CodeIgniter\HTTP\IncomingRequest))
 7 SYSTEMPATH/CodeIgniter.php(927): App\Controllers\Zayavki->ajax()
 8 SYSTEMPATH/CodeIgniter.php(482): CodeIgniter\CodeIgniter->runController(Object(App\Controllers\Zayavki))
 9 SYSTEMPATH/CodeIgniter.php(351): CodeIgniter\CodeIgniter->handleRequest(null, Object(Config\Cache), false)
10 FCPATH/index.php(67): CodeIgniter\CodeIgniter->run()
ERROR - 2023-01-27 05:20:42 --> mysqli_sql_exception: You have an error in your SQL syntax; check the manual that corresponds to your MySQL server version for the right syntax to use near '' at line 1 in /ext/WWW/konex.com.ua/zayavki/system/Database/MySQLi/Connection.php:292
Stack trace:
#0 /ext/WWW/konex.com.ua/zayavki/system/Database/MySQLi/Connection.php(292): mysqli->query('SELECT cId FROM...', 0)
#1 /ext/WWW/konex.com.ua/zayavki/system/Database/BaseConnection.php(666): CodeIgniter\Database\MySQLi\Connection->execute('SELECT cId FROM...')
#2 /ext/WWW/konex.com.ua/zayavki/system/Database/BaseConnection.php(593): CodeIgniter\Database\BaseConnection->simpleQuery('SELECT cId FROM...')
#3 /ext/WWW/konex.com.ua/zayavki/app/Models/Search.php(200): CodeIgniter\Database\BaseConnection->query('SELECT cId FROM...')
#4 /ext/WWW/konex.com.ua/zayavki/app/Models/Search.php(182): App\Models\Search->editPokazDB(NULL, '4564789')
#5 /ext/WWW/konex.com.ua/zayavki/app/Controllers/Zayavki.php(130): App\Models\Search->editPokaz(Object(CodeIgniter\HTTP\IncomingRequest))
#6 /ext/WWW/konex.com.ua/zayavki/system/CodeIgniter.php(927): App\Controllers\Zayavki->ajax()
#7 /ext/WWW/konex.com.ua/zayavki/system/CodeIgniter.php(482): CodeIgniter\CodeIgniter->runController(Object(App\Controllers\Zayavki))
#8 /ext/WWW/konex.com.ua/zayavki/system/CodeIgniter.php(351): CodeIgniter\CodeIgniter->handleRequest(NULL, Object(Config\Cache), false)
#9 /ext/WWW/konex.com.ua/zayavki/public/index.php(67): CodeIgniter\CodeIgniter->run()
#10 {main}
CRITICAL - 2023-01-27 05:20:42 --> You have an error in your SQL syntax; check the manual that corresponds to your MySQL server version for the right syntax to use near '' at line 1
in SYSTEMPATH/Database/MySQLi/Connection.php on line 292.
 1 SYSTEMPATH/Database/MySQLi/Connection.php(292): mysqli->query('SELECT cId FROM pokaz WHERE id=', 0)
 2 SYSTEMPATH/Database/BaseConnection.php(666): CodeIgniter\Database\MySQLi\Connection->execute('SELECT cId FROM pokaz WHERE id=')
 3 SYSTEMPATH/Database/BaseConnection.php(593): CodeIgniter\Database\BaseConnection->simpleQuery('SELECT cId FROM pokaz WHERE id=')
 4 APPPATH/Models/Search.php(200): CodeIgniter\Database\BaseConnection->query('SELECT cId FROM pokaz WHERE id=')
 5 APPPATH/Models/Search.php(182): App\Models\Search->editPokazDB(null, '4564789')
 6 APPPATH/Controllers/Zayavki.php(130): App\Models\Search->editPokaz(Object(CodeIgniter\HTTP\IncomingRequest))
 7 SYSTEMPATH/CodeIgniter.php(927): App\Controllers\Zayavki->ajax()
 8 SYSTEMPATH/CodeIgniter.php(482): CodeIgniter\CodeIgniter->runController(Object(App\Controllers\Zayavki))
 9 SYSTEMPATH/CodeIgniter.php(351): CodeIgniter\CodeIgniter->handleRequest(null, Object(Config\Cache), false)
10 FCPATH/index.php(67): CodeIgniter\CodeIgniter->run()
ERROR - 2023-01-27 05:24:24 --> mysqli_sql_exception: You have an error in your SQL syntax; check the manual that corresponds to your MySQL server version for the right syntax to use near '' at line 1 in /ext/WWW/konex.com.ua/zayavki/system/Database/MySQLi/Connection.php:292
Stack trace:
#0 /ext/WWW/konex.com.ua/zayavki/system/Database/MySQLi/Connection.php(292): mysqli->query('SELECT cId FROM...', 0)
#1 /ext/WWW/konex.com.ua/zayavki/system/Database/BaseConnection.php(666): CodeIgniter\Database\MySQLi\Connection->execute('SELECT cId FROM...')
#2 /ext/WWW/konex.com.ua/zayavki/system/Database/BaseConnection.php(593): CodeIgniter\Database\BaseConnection->simpleQuery('SELECT cId FROM...')
#3 /ext/WWW/konex.com.ua/zayavki/app/Models/Search.php(200): CodeIgniter\Database\BaseConnection->query('SELECT cId FROM...')
#4 /ext/WWW/konex.com.ua/zayavki/app/Models/Search.php(182): App\Models\Search->editPokazDB(NULL, '4564568')
#5 /ext/WWW/konex.com.ua/zayavki/app/Controllers/Zayavki.php(130): App\Models\Search->editPokaz(Object(CodeIgniter\HTTP\IncomingRequest))
#6 /ext/WWW/konex.com.ua/zayavki/system/CodeIgniter.php(927): App\Controllers\Zayavki->ajax()
#7 /ext/WWW/konex.com.ua/zayavki/system/CodeIgniter.php(482): CodeIgniter\CodeIgniter->runController(Object(App\Controllers\Zayavki))
#8 /ext/WWW/konex.com.ua/zayavki/system/CodeIgniter.php(351): CodeIgniter\CodeIgniter->handleRequest(NULL, Object(Config\Cache), false)
#9 /ext/WWW/konex.com.ua/zayavki/public/index.php(67): CodeIgniter\CodeIgniter->run()
#10 {main}
CRITICAL - 2023-01-27 05:24:24 --> You have an error in your SQL syntax; check the manual that corresponds to your MySQL server version for the right syntax to use near '' at line 1
in SYSTEMPATH/Database/MySQLi/Connection.php on line 292.
 1 SYSTEMPATH/Database/MySQLi/Connection.php(292): mysqli->query('SELECT cId FROM pokaz WHERE id=', 0)
 2 SYSTEMPATH/Database/BaseConnection.php(666): CodeIgniter\Database\MySQLi\Connection->execute('SELECT cId FROM pokaz WHERE id=')
 3 SYSTEMPATH/Database/BaseConnection.php(593): CodeIgniter\Database\BaseConnection->simpleQuery('SELECT cId FROM pokaz WHERE id=')
 4 APPPATH/Models/Search.php(200): CodeIgniter\Database\BaseConnection->query('SELECT cId FROM pokaz WHERE id=')
 5 APPPATH/Models/Search.php(182): App\Models\Search->editPokazDB(null, '4564568')
 6 APPPATH/Controllers/Zayavki.php(130): App\Models\Search->editPokaz(Object(CodeIgniter\HTTP\IncomingRequest))
 7 SYSTEMPATH/CodeIgniter.php(927): App\Controllers\Zayavki->ajax()
 8 SYSTEMPATH/CodeIgniter.php(482): CodeIgniter\CodeIgniter->runController(Object(App\Controllers\Zayavki))
 9 SYSTEMPATH/CodeIgniter.php(351): CodeIgniter\CodeIgniter->handleRequest(null, Object(Config\Cache), false)
10 FCPATH/index.php(67): CodeIgniter\CodeIgniter->run()
ERROR - 2023-01-27 05:24:25 --> mysqli_sql_exception: You have an error in your SQL syntax; check the manual that corresponds to your MySQL server version for the right syntax to use near '' at line 1 in /ext/WWW/konex.com.ua/zayavki/system/Database/MySQLi/Connection.php:292
Stack trace:
#0 /ext/WWW/konex.com.ua/zayavki/system/Database/MySQLi/Connection.php(292): mysqli->query('SELECT cId FROM...', 0)
#1 /ext/WWW/konex.com.ua/zayavki/system/Database/BaseConnection.php(666): CodeIgniter\Database\MySQLi\Connection->execute('SELECT cId FROM...')
#2 /ext/WWW/konex.com.ua/zayavki/system/Database/BaseConnection.php(593): CodeIgniter\Database\BaseConnection->simpleQuery('SELECT cId FROM...')
#3 /ext/WWW/konex.com.ua/zayavki/app/Models/Search.php(200): CodeIgniter\Database\BaseConnection->query('SELECT cId FROM...')
#4 /ext/WWW/konex.com.ua/zayavki/app/Models/Search.php(182): App\Models\Search->editPokazDB(NULL, '4564568')
#5 /ext/WWW/konex.com.ua/zayavki/app/Controllers/Zayavki.php(130): App\Models\Search->editPokaz(Object(CodeIgniter\HTTP\IncomingRequest))
#6 /ext/WWW/konex.com.ua/zayavki/system/CodeIgniter.php(927): App\Controllers\Zayavki->ajax()
#7 /ext/WWW/konex.com.ua/zayavki/system/CodeIgniter.php(482): CodeIgniter\CodeIgniter->runController(Object(App\Controllers\Zayavki))
#8 /ext/WWW/konex.com.ua/zayavki/system/CodeIgniter.php(351): CodeIgniter\CodeIgniter->handleRequest(NULL, Object(Config\Cache), false)
#9 /ext/WWW/konex.com.ua/zayavki/public/index.php(67): CodeIgniter\CodeIgniter->run()
#10 {main}
CRITICAL - 2023-01-27 05:24:25 --> You have an error in your SQL syntax; check the manual that corresponds to your MySQL server version for the right syntax to use near '' at line 1
in SYSTEMPATH/Database/MySQLi/Connection.php on line 292.
 1 SYSTEMPATH/Database/MySQLi/Connection.php(292): mysqli->query('SELECT cId FROM pokaz WHERE id=', 0)
 2 SYSTEMPATH/Database/BaseConnection.php(666): CodeIgniter\Database\MySQLi\Connection->execute('SELECT cId FROM pokaz WHERE id=')
 3 SYSTEMPATH/Database/BaseConnection.php(593): CodeIgniter\Database\BaseConnection->simpleQuery('SELECT cId FROM pokaz WHERE id=')
 4 APPPATH/Models/Search.php(200): CodeIgniter\Database\BaseConnection->query('SELECT cId FROM pokaz WHERE id=')
 5 APPPATH/Models/Search.php(182): App\Models\Search->editPokazDB(null, '4564568')
 6 APPPATH/Controllers/Zayavki.php(130): App\Models\Search->editPokaz(Object(CodeIgniter\HTTP\IncomingRequest))
 7 SYSTEMPATH/CodeIgniter.php(927): App\Controllers\Zayavki->ajax()
 8 SYSTEMPATH/CodeIgniter.php(482): CodeIgniter\CodeIgniter->runController(Object(App\Controllers\Zayavki))
 9 SYSTEMPATH/CodeIgniter.php(351): CodeIgniter\CodeIgniter->handleRequest(null, Object(Config\Cache), false)
10 FCPATH/index.php(67): CodeIgniter\CodeIgniter->run()
ERROR - 2023-01-27 05:24:30 --> mysqli_sql_exception: You have an error in your SQL syntax; check the manual that corresponds to your MySQL server version for the right syntax to use near '' at line 1 in /ext/WWW/konex.com.ua/zayavki/system/Database/MySQLi/Connection.php:292
Stack trace:
#0 /ext/WWW/konex.com.ua/zayavki/system/Database/MySQLi/Connection.php(292): mysqli->query('SELECT cId FROM...', 0)
#1 /ext/WWW/konex.com.ua/zayavki/system/Database/BaseConnection.php(666): CodeIgniter\Database\MySQLi\Connection->execute('SELECT cId FROM...')
#2 /ext/WWW/konex.com.ua/zayavki/system/Database/BaseConnection.php(593): CodeIgniter\Database\BaseConnection->simpleQuery('SELECT cId FROM...')
#3 /ext/WWW/konex.com.ua/zayavki/app/Models/Search.php(200): CodeIgniter\Database\BaseConnection->query('SELECT cId FROM...')
#4 /ext/WWW/konex.com.ua/zayavki/app/Models/Search.php(182): App\Models\Search->editPokazDB(NULL, '6789')
#5 /ext/WWW/konex.com.ua/zayavki/app/Controllers/Zayavki.php(130): App\Models\Search->editPokaz(Object(CodeIgniter\HTTP\IncomingRequest))
#6 /ext/WWW/konex.com.ua/zayavki/system/CodeIgniter.php(927): App\Controllers\Zayavki->ajax()
#7 /ext/WWW/konex.com.ua/zayavki/system/CodeIgniter.php(482): CodeIgniter\CodeIgniter->runController(Object(App\Controllers\Zayavki))
#8 /ext/WWW/konex.com.ua/zayavki/system/CodeIgniter.php(351): CodeIgniter\CodeIgniter->handleRequest(NULL, Object(Config\Cache), false)
#9 /ext/WWW/konex.com.ua/zayavki/public/index.php(67): CodeIgniter\CodeIgniter->run()
#10 {main}
CRITICAL - 2023-01-27 05:24:30 --> You have an error in your SQL syntax; check the manual that corresponds to your MySQL server version for the right syntax to use near '' at line 1
in SYSTEMPATH/Database/MySQLi/Connection.php on line 292.
 1 SYSTEMPATH/Database/MySQLi/Connection.php(292): mysqli->query('SELECT cId FROM pokaz WHERE id=', 0)
 2 SYSTEMPATH/Database/BaseConnection.php(666): CodeIgniter\Database\MySQLi\Connection->execute('SELECT cId FROM pokaz WHERE id=')
 3 SYSTEMPATH/Database/BaseConnection.php(593): CodeIgniter\Database\BaseConnection->simpleQuery('SELECT cId FROM pokaz WHERE id=')
 4 APPPATH/Models/Search.php(200): CodeIgniter\Database\BaseConnection->query('SELECT cId FROM pokaz WHERE id=')
 5 APPPATH/Models/Search.php(182): App\Models\Search->editPokazDB(null, '6789')
 6 APPPATH/Controllers/Zayavki.php(130): App\Models\Search->editPokaz(Object(CodeIgniter\HTTP\IncomingRequest))
 7 SYSTEMPATH/CodeIgniter.php(927): App\Controllers\Zayavki->ajax()
 8 SYSTEMPATH/CodeIgniter.php(482): CodeIgniter\CodeIgniter->runController(Object(App\Controllers\Zayavki))
 9 SYSTEMPATH/CodeIgniter.php(351): CodeIgniter\CodeIgniter->handleRequest(null, Object(Config\Cache), false)
10 FCPATH/index.php(67): CodeIgniter\CodeIgniter->run()
ERROR - 2023-01-27 05:24:38 --> mysqli_sql_exception: You have an error in your SQL syntax; check the manual that corresponds to your MySQL server version for the right syntax to use near '' at line 1 in /ext/WWW/konex.com.ua/zayavki/system/Database/MySQLi/Connection.php:292
Stack trace:
#0 /ext/WWW/konex.com.ua/zayavki/system/Database/MySQLi/Connection.php(292): mysqli->query('SELECT cId FROM...', 0)
#1 /ext/WWW/konex.com.ua/zayavki/system/Database/BaseConnection.php(666): CodeIgniter\Database\MySQLi\Connection->execute('SELECT cId FROM...')
#2 /ext/WWW/konex.com.ua/zayavki/system/Database/BaseConnection.php(593): CodeIgniter\Database\BaseConnection->simpleQuery('SELECT cId FROM...')
#3 /ext/WWW/konex.com.ua/zayavki/app/Models/Search.php(200): CodeIgniter\Database\BaseConnection->query('SELECT cId FROM...')
#4 /ext/WWW/konex.com.ua/zayavki/app/Models/Search.php(182): App\Models\Search->editPokazDB(NULL, '67890')
#5 /ext/WWW/konex.com.ua/zayavki/app/Controllers/Zayavki.php(130): App\Models\Search->editPokaz(Object(CodeIgniter\HTTP\IncomingRequest))
#6 /ext/WWW/konex.com.ua/zayavki/system/CodeIgniter.php(927): App\Controllers\Zayavki->ajax()
#7 /ext/WWW/konex.com.ua/zayavki/system/CodeIgniter.php(482): CodeIgniter\CodeIgniter->runController(Object(App\Controllers\Zayavki))
#8 /ext/WWW/konex.com.ua/zayavki/system/CodeIgniter.php(351): CodeIgniter\CodeIgniter->handleRequest(NULL, Object(Config\Cache), false)
#9 /ext/WWW/konex.com.ua/zayavki/public/index.php(67): CodeIgniter\CodeIgniter->run()
#10 {main}
CRITICAL - 2023-01-27 05:24:38 --> You have an error in your SQL syntax; check the manual that corresponds to your MySQL server version for the right syntax to use near '' at line 1
in SYSTEMPATH/Database/MySQLi/Connection.php on line 292.
 1 SYSTEMPATH/Database/MySQLi/Connection.php(292): mysqli->query('SELECT cId FROM pokaz WHERE id=', 0)
 2 SYSTEMPATH/Database/BaseConnection.php(666): CodeIgniter\Database\MySQLi\Connection->execute('SELECT cId FROM pokaz WHERE id=')
 3 SYSTEMPATH/Database/BaseConnection.php(593): CodeIgniter\Database\BaseConnection->simpleQuery('SELECT cId FROM pokaz WHERE id=')
 4 APPPATH/Models/Search.php(200): CodeIgniter\Database\BaseConnection->query('SELECT cId FROM pokaz WHERE id=')
 5 APPPATH/Models/Search.php(182): App\Models\Search->editPokazDB(null, '67890')
 6 APPPATH/Controllers/Zayavki.php(130): App\Models\Search->editPokaz(Object(CodeIgniter\HTTP\IncomingRequest))
 7 SYSTEMPATH/CodeIgniter.php(927): App\Controllers\Zayavki->ajax()
 8 SYSTEMPATH/CodeIgniter.php(482): CodeIgniter\CodeIgniter->runController(Object(App\Controllers\Zayavki))
 9 SYSTEMPATH/CodeIgniter.php(351): CodeIgniter\CodeIgniter->handleRequest(null, Object(Config\Cache), false)
10 FCPATH/index.php(67): CodeIgniter\CodeIgniter->run()
ERROR - 2023-01-27 05:24:56 --> mysqli_sql_exception: You have an error in your SQL syntax; check the manual that corresponds to your MySQL server version for the right syntax to use near '' at line 1 in /ext/WWW/konex.com.ua/zayavki/system/Database/MySQLi/Connection.php:292
Stack trace:
#0 /ext/WWW/konex.com.ua/zayavki/system/Database/MySQLi/Connection.php(292): mysqli->query('SELECT cId FROM...', 0)
#1 /ext/WWW/konex.com.ua/zayavki/system/Database/BaseConnection.php(666): CodeIgniter\Database\MySQLi\Connection->execute('SELECT cId FROM...')
#2 /ext/WWW/konex.com.ua/zayavki/system/Database/BaseConnection.php(593): CodeIgniter\Database\BaseConnection->simpleQuery('SELECT cId FROM...')
#3 /ext/WWW/konex.com.ua/zayavki/app/Models/Search.php(200): CodeIgniter\Database\BaseConnection->query('SELECT cId FROM...')
#4 /ext/WWW/konex.com.ua/zayavki/app/Models/Search.php(182): App\Models\Search->editPokazDB(NULL, '678907')
#5 /ext/WWW/konex.com.ua/zayavki/app/Controllers/Zayavki.php(130): App\Models\Search->editPokaz(Object(CodeIgniter\HTTP\IncomingRequest))
#6 /ext/WWW/konex.com.ua/zayavki/system/CodeIgniter.php(927): App\Controllers\Zayavki->ajax()
#7 /ext/WWW/konex.com.ua/zayavki/system/CodeIgniter.php(482): CodeIgniter\CodeIgniter->runController(Object(App\Controllers\Zayavki))
#8 /ext/WWW/konex.com.ua/zayavki/system/CodeIgniter.php(351): CodeIgniter\CodeIgniter->handleRequest(NULL, Object(Config\Cache), false)
#9 /ext/WWW/konex.com.ua/zayavki/public/index.php(67): CodeIgniter\CodeIgniter->run()
#10 {main}
CRITICAL - 2023-01-27 05:24:56 --> You have an error in your SQL syntax; check the manual that corresponds to your MySQL server version for the right syntax to use near '' at line 1
in SYSTEMPATH/Database/MySQLi/Connection.php on line 292.
 1 SYSTEMPATH/Database/MySQLi/Connection.php(292): mysqli->query('SELECT cId FROM pokaz WHERE id=', 0)
 2 SYSTEMPATH/Database/BaseConnection.php(666): CodeIgniter\Database\MySQLi\Connection->execute('SELECT cId FROM pokaz WHERE id=')
 3 SYSTEMPATH/Database/BaseConnection.php(593): CodeIgniter\Database\BaseConnection->simpleQuery('SELECT cId FROM pokaz WHERE id=')
 4 APPPATH/Models/Search.php(200): CodeIgniter\Database\BaseConnection->query('SELECT cId FROM pokaz WHERE id=')
 5 APPPATH/Models/Search.php(182): App\Models\Search->editPokazDB(null, '678907')
 6 APPPATH/Controllers/Zayavki.php(130): App\Models\Search->editPokaz(Object(CodeIgniter\HTTP\IncomingRequest))
 7 SYSTEMPATH/CodeIgniter.php(927): App\Controllers\Zayavki->ajax()
 8 SYSTEMPATH/CodeIgniter.php(482): CodeIgniter\CodeIgniter->runController(Object(App\Controllers\Zayavki))
 9 SYSTEMPATH/CodeIgniter.php(351): CodeIgniter\CodeIgniter->handleRequest(null, Object(Config\Cache), false)
10 FCPATH/index.php(67): CodeIgniter\CodeIgniter->run()
ERROR - 2023-01-27 05:24:58 --> mysqli_sql_exception: You have an error in your SQL syntax; check the manual that corresponds to your MySQL server version for the right syntax to use near '' at line 1 in /ext/WWW/konex.com.ua/zayavki/system/Database/MySQLi/Connection.php:292
Stack trace:
#0 /ext/WWW/konex.com.ua/zayavki/system/Database/MySQLi/Connection.php(292): mysqli->query('SELECT cId FROM...', 0)
#1 /ext/WWW/konex.com.ua/zayavki/system/Database/BaseConnection.php(666): CodeIgniter\Database\MySQLi\Connection->execute('SELECT cId FROM...')
#2 /ext/WWW/konex.com.ua/zayavki/system/Database/BaseConnection.php(593): CodeIgniter\Database\BaseConnection->simpleQuery('SELECT cId FROM...')
#3 /ext/WWW/konex.com.ua/zayavki/app/Models/Search.php(200): CodeIgniter\Database\BaseConnection->query('SELECT cId FROM...')
#4 /ext/WWW/konex.com.ua/zayavki/app/Models/Search.php(182): App\Models\Search->editPokazDB(NULL, '678907')
#5 /ext/WWW/konex.com.ua/zayavki/app/Controllers/Zayavki.php(130): App\Models\Search->editPokaz(Object(CodeIgniter\HTTP\IncomingRequest))
#6 /ext/WWW/konex.com.ua/zayavki/system/CodeIgniter.php(927): App\Controllers\Zayavki->ajax()
#7 /ext/WWW/konex.com.ua/zayavki/system/CodeIgniter.php(482): CodeIgniter\CodeIgniter->runController(Object(App\Controllers\Zayavki))
#8 /ext/WWW/konex.com.ua/zayavki/system/CodeIgniter.php(351): CodeIgniter\CodeIgniter->handleRequest(NULL, Object(Config\Cache), false)
#9 /ext/WWW/konex.com.ua/zayavki/public/index.php(67): CodeIgniter\CodeIgniter->run()
#10 {main}
CRITICAL - 2023-01-27 05:24:58 --> You have an error in your SQL syntax; check the manual that corresponds to your MySQL server version for the right syntax to use near '' at line 1
in SYSTEMPATH/Database/MySQLi/Connection.php on line 292.
 1 SYSTEMPATH/Database/MySQLi/Connection.php(292): mysqli->query('SELECT cId FROM pokaz WHERE id=', 0)
 2 SYSTEMPATH/Database/BaseConnection.php(666): CodeIgniter\Database\MySQLi\Connection->execute('SELECT cId FROM pokaz WHERE id=')
 3 SYSTEMPATH/Database/BaseConnection.php(593): CodeIgniter\Database\BaseConnection->simpleQuery('SELECT cId FROM pokaz WHERE id=')
 4 APPPATH/Models/Search.php(200): CodeIgniter\Database\BaseConnection->query('SELECT cId FROM pokaz WHERE id=')
 5 APPPATH/Models/Search.php(182): App\Models\Search->editPokazDB(null, '678907')
 6 APPPATH/Controllers/Zayavki.php(130): App\Models\Search->editPokaz(Object(CodeIgniter\HTTP\IncomingRequest))
 7 SYSTEMPATH/CodeIgniter.php(927): App\Controllers\Zayavki->ajax()
 8 SYSTEMPATH/CodeIgniter.php(482): CodeIgniter\CodeIgniter->runController(Object(App\Controllers\Zayavki))
 9 SYSTEMPATH/CodeIgniter.php(351): CodeIgniter\CodeIgniter->handleRequest(null, Object(Config\Cache), false)
10 FCPATH/index.php(67): CodeIgniter\CodeIgniter->run()
ERROR - 2023-01-27 05:25:57 --> mysqli_sql_exception: You have an error in your SQL syntax; check the manual that corresponds to your MySQL server version for the right syntax to use near '' at line 1 in /ext/WWW/konex.com.ua/zayavki/system/Database/MySQLi/Connection.php:292
Stack trace:
#0 /ext/WWW/konex.com.ua/zayavki/system/Database/MySQLi/Connection.php(292): mysqli->query('SELECT cId FROM...', 0)
#1 /ext/WWW/konex.com.ua/zayavki/system/Database/BaseConnection.php(666): CodeIgniter\Database\MySQLi\Connection->execute('SELECT cId FROM...')
#2 /ext/WWW/konex.com.ua/zayavki/system/Database/BaseConnection.php(593): CodeIgniter\Database\BaseConnection->simpleQuery('SELECT cId FROM...')
#3 /ext/WWW/konex.com.ua/zayavki/app/Models/Search.php(200): CodeIgniter\Database\BaseConnection->query('SELECT cId FROM...')
#4 /ext/WWW/konex.com.ua/zayavki/app/Models/Search.php(182): App\Models\Search->editPokazDB(NULL, '4564867')
#5 /ext/WWW/konex.com.ua/zayavki/app/Controllers/Zayavki.php(130): App\Models\Search->editPokaz(Object(CodeIgniter\HTTP\IncomingRequest))
#6 /ext/WWW/konex.com.ua/zayavki/system/CodeIgniter.php(927): App\Controllers\Zayavki->ajax()
#7 /ext/WWW/konex.com.ua/zayavki/system/CodeIgniter.php(482): CodeIgniter\CodeIgniter->runController(Object(App\Controllers\Zayavki))
#8 /ext/WWW/konex.com.ua/zayavki/system/CodeIgniter.php(351): CodeIgniter\CodeIgniter->handleRequest(NULL, Object(Config\Cache), false)
#9 /ext/WWW/konex.com.ua/zayavki/public/index.php(67): CodeIgniter\CodeIgniter->run()
#10 {main}
CRITICAL - 2023-01-27 05:25:57 --> You have an error in your SQL syntax; check the manual that corresponds to your MySQL server version for the right syntax to use near '' at line 1
in SYSTEMPATH/Database/MySQLi/Connection.php on line 292.
 1 SYSTEMPATH/Database/MySQLi/Connection.php(292): mysqli->query('SELECT cId FROM pokaz WHERE id=', 0)
 2 SYSTEMPATH/Database/BaseConnection.php(666): CodeIgniter\Database\MySQLi\Connection->execute('SELECT cId FROM pokaz WHERE id=')
 3 SYSTEMPATH/Database/BaseConnection.php(593): CodeIgniter\Database\BaseConnection->simpleQuery('SELECT cId FROM pokaz WHERE id=')
 4 APPPATH/Models/Search.php(200): CodeIgniter\Database\BaseConnection->query('SELECT cId FROM pokaz WHERE id=')
 5 APPPATH/Models/Search.php(182): App\Models\Search->editPokazDB(null, '4564867')
 6 APPPATH/Controllers/Zayavki.php(130): App\Models\Search->editPokaz(Object(CodeIgniter\HTTP\IncomingRequest))
 7 SYSTEMPATH/CodeIgniter.php(927): App\Controllers\Zayavki->ajax()
 8 SYSTEMPATH/CodeIgniter.php(482): CodeIgniter\CodeIgniter->runController(Object(App\Controllers\Zayavki))
 9 SYSTEMPATH/CodeIgniter.php(351): CodeIgniter\CodeIgniter->handleRequest(null, Object(Config\Cache), false)
10 FCPATH/index.php(67): CodeIgniter\CodeIgniter->run()
ERROR - 2023-01-27 05:25:58 --> mysqli_sql_exception: You have an error in your SQL syntax; check the manual that corresponds to your MySQL server version for the right syntax to use near '' at line 1 in /ext/WWW/konex.com.ua/zayavki/system/Database/MySQLi/Connection.php:292
Stack trace:
#0 /ext/WWW/konex.com.ua/zayavki/system/Database/MySQLi/Connection.php(292): mysqli->query('SELECT cId FROM...', 0)
#1 /ext/WWW/konex.com.ua/zayavki/system/Database/BaseConnection.php(666): CodeIgniter\Database\MySQLi\Connection->execute('SELECT cId FROM...')
#2 /ext/WWW/konex.com.ua/zayavki/system/Database/BaseConnection.php(593): CodeIgniter\Database\BaseConnection->simpleQuery('SELECT cId FROM...')
#3 /ext/WWW/konex.com.ua/zayavki/app/Models/Search.php(200): CodeIgniter\Database\BaseConnection->query('SELECT cId FROM...')
#4 /ext/WWW/konex.com.ua/zayavki/app/Models/Search.php(182): App\Models\Search->editPokazDB(NULL, '4564867')
#5 /ext/WWW/konex.com.ua/zayavki/app/Controllers/Zayavki.php(130): App\Models\Search->editPokaz(Object(CodeIgniter\HTTP\IncomingRequest))
#6 /ext/WWW/konex.com.ua/zayavki/system/CodeIgniter.php(927): App\Controllers\Zayavki->ajax()
#7 /ext/WWW/konex.com.ua/zayavki/system/CodeIgniter.php(482): CodeIgniter\CodeIgniter->runController(Object(App\Controllers\Zayavki))
#8 /ext/WWW/konex.com.ua/zayavki/system/CodeIgniter.php(351): CodeIgniter\CodeIgniter->handleRequest(NULL, Object(Config\Cache), false)
#9 /ext/WWW/konex.com.ua/zayavki/public/index.php(67): CodeIgniter\CodeIgniter->run()
#10 {main}
CRITICAL - 2023-01-27 05:25:58 --> You have an error in your SQL syntax; check the manual that corresponds to your MySQL server version for the right syntax to use near '' at line 1
in SYSTEMPATH/Database/MySQLi/Connection.php on line 292.
 1 SYSTEMPATH/Database/MySQLi/Connection.php(292): mysqli->query('SELECT cId FROM pokaz WHERE id=', 0)
 2 SYSTEMPATH/Database/BaseConnection.php(666): CodeIgniter\Database\MySQLi\Connection->execute('SELECT cId FROM pokaz WHERE id=')
 3 SYSTEMPATH/Database/BaseConnection.php(593): CodeIgniter\Database\BaseConnection->simpleQuery('SELECT cId FROM pokaz WHERE id=')
 4 APPPATH/Models/Search.php(200): CodeIgniter\Database\BaseConnection->query('SELECT cId FROM pokaz WHERE id=')
 5 APPPATH/Models/Search.php(182): App\Models\Search->editPokazDB(null, '4564867')
 6 APPPATH/Controllers/Zayavki.php(130): App\Models\Search->editPokaz(Object(CodeIgniter\HTTP\IncomingRequest))
 7 SYSTEMPATH/CodeIgniter.php(927): App\Controllers\Zayavki->ajax()
 8 SYSTEMPATH/CodeIgniter.php(482): CodeIgniter\CodeIgniter->runController(Object(App\Controllers\Zayavki))
 9 SYSTEMPATH/CodeIgniter.php(351): CodeIgniter\CodeIgniter->handleRequest(null, Object(Config\Cache), false)
10 FCPATH/index.php(67): CodeIgniter\CodeIgniter->run()
