CRITICAL - 2023-08-04 02:51:52 --> Invalid argument supplied for foreach()
in APPPATH/Models/Search.php on line 478.
 1 APPPATH/Models/Search.php(478): CodeIgniter\Debug\Exceptions->errorHandler(2, 'Invalid argument supplied for foreach()', 'APPPATH/Models/Search.php', 478, [...])
 2 APPPATH/Controllers/Meters.php(149): App\Models\Search->getReportCounter(Object(CodeIgniter\HTTP\IncomingRequest))
 3 SYSTEMPATH/CodeIgniter.php(927): App\Controllers\Meters->ajax()
 4 SYSTEMPATH/CodeIgniter.php(482): CodeIgniter\CodeIgniter->runController(Object(App\Controllers\Meters))
 5 SYSTEMPATH/CodeIgniter.php(351): CodeIgniter\CodeIgniter->handleRequest(null, Object(Config\Cache), false)
 6 FCPATH/index.php(67): CodeIgniter\CodeIgniter->run()
CRITICAL - 2023-08-04 02:52:20 --> Invalid argument supplied for foreach()
in APPPATH/Models/Search.php on line 478.
 1 APPPATH/Models/Search.php(478): CodeIgniter\Debug\Exceptions->errorHandler(2, 'Invalid argument supplied for foreach()', 'APPPATH/Models/Search.php', 478, [...])
 2 APPPATH/Controllers/Meters.php(149): App\Models\Search->getReportCounter(Object(CodeIgniter\HTTP\IncomingRequest))
 3 SYSTEMPATH/CodeIgniter.php(927): App\Controllers\Meters->ajax()
 4 SYSTEMPATH/CodeIgniter.php(482): CodeIgniter\CodeIgniter->runController(Object(App\Controllers\Meters))
 5 SYSTEMPATH/CodeIgniter.php(351): CodeIgniter\CodeIgniter->handleRequest(null, Object(Config\Cache), false)
 6 FCPATH/index.php(67): CodeIgniter\CodeIgniter->run()
CRITICAL - 2023-08-04 02:53:18 --> Invalid argument supplied for foreach()
in APPPATH/Models/Search.php on line 478.
 1 APPPATH/Models/Search.php(478): CodeIgniter\Debug\Exceptions->errorHandler(2, 'Invalid argument supplied for foreach()', 'APPPATH/Models/Search.php', 478, [...])
 2 APPPATH/Controllers/Meters.php(149): App\Models\Search->getReportCounter(Object(CodeIgniter\HTTP\IncomingRequest))
 3 SYSTEMPATH/CodeIgniter.php(927): App\Controllers\Meters->ajax()
 4 SYSTEMPATH/CodeIgniter.php(482): CodeIgniter\CodeIgniter->runController(Object(App\Controllers\Meters))
 5 SYSTEMPATH/CodeIgniter.php(351): CodeIgniter\CodeIgniter->handleRequest(null, Object(Config\Cache), false)
 6 FCPATH/index.php(67): CodeIgniter\CodeIgniter->run()
CRITICAL - 2023-08-04 02:53:27 --> Invalid argument supplied for foreach()
in APPPATH/Models/Search.php on line 478.
 1 APPPATH/Models/Search.php(478): CodeIgniter\Debug\Exceptions->errorHandler(2, 'Invalid argument supplied for foreach()', 'APPPATH/Models/Search.php', 478, [...])
 2 APPPATH/Controllers/Meters.php(149): App\Models\Search->getReportCounter(Object(CodeIgniter\HTTP\IncomingRequest))
 3 SYSTEMPATH/CodeIgniter.php(927): App\Controllers\Meters->ajax()
 4 SYSTEMPATH/CodeIgniter.php(482): CodeIgniter\CodeIgniter->runController(Object(App\Controllers\Meters))
 5 SYSTEMPATH/CodeIgniter.php(351): CodeIgniter\CodeIgniter->handleRequest(null, Object(Config\Cache), false)
 6 FCPATH/index.php(67): CodeIgniter\CodeIgniter->run()
CRITICAL - 2023-08-04 02:53:28 --> Invalid argument supplied for foreach()
in APPPATH/Models/Search.php on line 478.
 1 APPPATH/Models/Search.php(478): CodeIgniter\Debug\Exceptions->errorHandler(2, 'Invalid argument supplied for foreach()', 'APPPATH/Models/Search.php', 478, [...])
 2 APPPATH/Controllers/Meters.php(149): App\Models\Search->getReportCounter(Object(CodeIgniter\HTTP\IncomingRequest))
 3 SYSTEMPATH/CodeIgniter.php(927): App\Controllers\Meters->ajax()
 4 SYSTEMPATH/CodeIgniter.php(482): CodeIgniter\CodeIgniter->runController(Object(App\Controllers\Meters))
 5 SYSTEMPATH/CodeIgniter.php(351): CodeIgniter\CodeIgniter->handleRequest(null, Object(Config\Cache), false)
 6 FCPATH/index.php(67): CodeIgniter\CodeIgniter->run()
CRITICAL - 2023-08-04 02:55:28 --> Invalid argument supplied for foreach()
in APPPATH/Models/Search.php on line 479.
 1 APPPATH/Models/Search.php(479): CodeIgniter\Debug\Exceptions->errorHandler(2, 'Invalid argument supplied for foreach()', 'APPPATH/Models/Search.php', 479, [...])
 2 APPPATH/Controllers/Meters.php(149): App\Models\Search->getReportCounter(Object(CodeIgniter\HTTP\IncomingRequest))
 3 SYSTEMPATH/CodeIgniter.php(927): App\Controllers\Meters->ajax()
 4 SYSTEMPATH/CodeIgniter.php(482): CodeIgniter\CodeIgniter->runController(Object(App\Controllers\Meters))
 5 SYSTEMPATH/CodeIgniter.php(351): CodeIgniter\CodeIgniter->handleRequest(null, Object(Config\Cache), false)
 6 FCPATH/index.php(67): CodeIgniter\CodeIgniter->run()
CRITICAL - 2023-08-04 02:55:41 --> Invalid argument supplied for foreach()
in APPPATH/Models/Search.php on line 479.
 1 APPPATH/Models/Search.php(479): CodeIgniter\Debug\Exceptions->errorHandler(2, 'Invalid argument supplied for foreach()', 'APPPATH/Models/Search.php', 479, [...])
 2 APPPATH/Controllers/Meters.php(149): App\Models\Search->getReportCounter(Object(CodeIgniter\HTTP\IncomingRequest))
 3 SYSTEMPATH/CodeIgniter.php(927): App\Controllers\Meters->ajax()
 4 SYSTEMPATH/CodeIgniter.php(482): CodeIgniter\CodeIgniter->runController(Object(App\Controllers\Meters))
 5 SYSTEMPATH/CodeIgniter.php(351): CodeIgniter\CodeIgniter->handleRequest(null, Object(Config\Cache), false)
 6 FCPATH/index.php(67): CodeIgniter\CodeIgniter->run()
CRITICAL - 2023-08-04 04:17:16 --> json_decode() expects parameter 1 to be string, object given
in APPPATH/Models/Search.php on line 472.
 1 [internal function]: CodeIgniter\Debug\Exceptions->errorHandler(2, 'json_decode() expects parameter 1 to be string, object given', 'APPPATH/Models/Search.php', 472, [...])
 2 APPPATH/Models/Search.php(472): json_decode(Object(CodeIgniter\HTTP\IncomingRequest))
 3 APPPATH/Controllers/Meters.php(149): App\Models\Search->getReportCounter(Object(CodeIgniter\HTTP\IncomingRequest))
 4 SYSTEMPATH/CodeIgniter.php(927): App\Controllers\Meters->ajax()
 5 SYSTEMPATH/CodeIgniter.php(482): CodeIgniter\CodeIgniter->runController(Object(App\Controllers\Meters))
 6 SYSTEMPATH/CodeIgniter.php(351): CodeIgniter\CodeIgniter->handleRequest(null, Object(Config\Cache), false)
 7 FCPATH/index.php(67): CodeIgniter\CodeIgniter->run()
CRITICAL - 2023-08-04 04:20:53 --> Illegal string offset 'action'
in APPPATH/Models/Search.php on line 472.
 1 APPPATH/Models/Search.php(472): CodeIgniter\Debug\Exceptions->errorHandler(2, 'Illegal string offset \'action\'', 'APPPATH/Models/Search.php', 472, [...])
 2 APPPATH/Controllers/Meters.php(149): App\Models\Search->getReportCounter(Object(CodeIgniter\HTTP\IncomingRequest))
 3 SYSTEMPATH/CodeIgniter.php(927): App\Controllers\Meters->ajax()
 4 SYSTEMPATH/CodeIgniter.php(482): CodeIgniter\CodeIgniter->runController(Object(App\Controllers\Meters))
 5 SYSTEMPATH/CodeIgniter.php(351): CodeIgniter\CodeIgniter->handleRequest(null, Object(Config\Cache), false)
 6 FCPATH/index.php(67): CodeIgniter\CodeIgniter->run()
