CRITICAL - 2023-08-15 10:12:15 --> Cannot use object of type stdClass as array
in APPPATH/Models/Search.php on line 465.
 1 APPPATH/Controllers/Meters.php(148): App\Models\Search->userEdit(Object(CodeIgniter\HTTP\IncomingRequest))
 2 SYSTEMPATH/CodeIgniter.php(927): App\Controllers\Meters->ajax()
 3 SYSTEMPATH/CodeIgniter.php(482): CodeIgniter\CodeIgniter->runController(Object(App\Controllers\Meters))
 4 SYSTEMPATH/CodeIgniter.php(351): CodeIgniter\CodeIgniter->handleRequest(null, Object(Config\Cache), false)
 5 FCPATH/index.php(67): CodeIgniter\CodeIgniter->run()
ERROR - 2023-08-15 10:12:49 --> mysqli_sql_exception: You have an error in your SQL syntax; check the manual that corresponds to your MySQL server version for the right syntax to use near 'FROM user WHERE login='testcccc'' at line 1 in /ext/WWW/konex.com.ua/meters/system/Database/MySQLi/Connection.php:292
Stack trace:
#0 /ext/WWW/konex.com.ua/meters/system/Database/MySQLi/Connection.php(292): mysqli->query('SELECT - FROM u...', 0)
#1 /ext/WWW/konex.com.ua/meters/system/Database/BaseConnection.php(666): CodeIgniter\Database\MySQLi\Connection->execute('SELECT - FROM u...')
#2 /ext/WWW/konex.com.ua/meters/system/Database/BaseConnection.php(593): CodeIgniter\Database\BaseConnection->simpleQuery('SELECT - FROM u...')
#3 /ext/WWW/konex.com.ua/meters/app/Models/Search.php(463): CodeIgniter\Database\BaseConnection->query('SELECT - FROM u...')
#4 /ext/WWW/konex.com.ua/meters/app/Controllers/Meters.php(148): App\Models\Search->userEdit(Object(CodeIgniter\HTTP\IncomingRequest))
#5 /ext/WWW/konex.com.ua/meters/system/CodeIgniter.php(927): App\Controllers\Meters->ajax()
#6 /ext/WWW/konex.com.ua/meters/system/CodeIgniter.php(482): CodeIgniter\CodeIgniter->runController(Object(App\Controllers\Meters))
#7 /ext/WWW/konex.com.ua/meters/system/CodeIgniter.php(351): CodeIgniter\CodeIgniter->handleRequest(NULL, Object(Config\Cache), false)
#8 /ext/WWW/konex.com.ua/meters/public/index.php(67): CodeIgniter\CodeIgniter->run()
#9 {main}
CRITICAL - 2023-08-15 10:12:49 --> Call to a member function getFirstRow() on bool
in APPPATH/Models/Search.php on line 463.
 1 APPPATH/Controllers/Meters.php(148): App\Models\Search->userEdit(Object(CodeIgniter\HTTP\IncomingRequest))
 2 SYSTEMPATH/CodeIgniter.php(927): App\Controllers\Meters->ajax()
 3 SYSTEMPATH/CodeIgniter.php(482): CodeIgniter\CodeIgniter->runController(Object(App\Controllers\Meters))
 4 SYSTEMPATH/CodeIgniter.php(351): CodeIgniter\CodeIgniter->handleRequest(null, Object(Config\Cache), false)
 5 FCPATH/index.php(67): CodeIgniter\CodeIgniter->run()
ERROR - 2023-08-15 10:12:51 --> mysqli_sql_exception: You have an error in your SQL syntax; check the manual that corresponds to your MySQL server version for the right syntax to use near 'FROM user WHERE login='testcccc'' at line 1 in /ext/WWW/konex.com.ua/meters/system/Database/MySQLi/Connection.php:292
Stack trace:
#0 /ext/WWW/konex.com.ua/meters/system/Database/MySQLi/Connection.php(292): mysqli->query('SELECT - FROM u...', 0)
#1 /ext/WWW/konex.com.ua/meters/system/Database/BaseConnection.php(666): CodeIgniter\Database\MySQLi\Connection->execute('SELECT - FROM u...')
#2 /ext/WWW/konex.com.ua/meters/system/Database/BaseConnection.php(593): CodeIgniter\Database\BaseConnection->simpleQuery('SELECT - FROM u...')
#3 /ext/WWW/konex.com.ua/meters/app/Models/Search.php(463): CodeIgniter\Database\BaseConnection->query('SELECT - FROM u...')
#4 /ext/WWW/konex.com.ua/meters/app/Controllers/Meters.php(148): App\Models\Search->userEdit(Object(CodeIgniter\HTTP\IncomingRequest))
#5 /ext/WWW/konex.com.ua/meters/system/CodeIgniter.php(927): App\Controllers\Meters->ajax()
#6 /ext/WWW/konex.com.ua/meters/system/CodeIgniter.php(482): CodeIgniter\CodeIgniter->runController(Object(App\Controllers\Meters))
#7 /ext/WWW/konex.com.ua/meters/system/CodeIgniter.php(351): CodeIgniter\CodeIgniter->handleRequest(NULL, Object(Config\Cache), false)
#8 /ext/WWW/konex.com.ua/meters/public/index.php(67): CodeIgniter\CodeIgniter->run()
#9 {main}
CRITICAL - 2023-08-15 10:12:51 --> Call to a member function getFirstRow() on bool
in APPPATH/Models/Search.php on line 463.
 1 APPPATH/Controllers/Meters.php(148): App\Models\Search->userEdit(Object(CodeIgniter\HTTP\IncomingRequest))
 2 SYSTEMPATH/CodeIgniter.php(927): App\Controllers\Meters->ajax()
 3 SYSTEMPATH/CodeIgniter.php(482): CodeIgniter\CodeIgniter->runController(Object(App\Controllers\Meters))
 4 SYSTEMPATH/CodeIgniter.php(351): CodeIgniter\CodeIgniter->handleRequest(null, Object(Config\Cache), false)
 5 FCPATH/index.php(67): CodeIgniter\CodeIgniter->run()
ERROR - 2023-08-15 10:12:51 --> mysqli_sql_exception: You have an error in your SQL syntax; check the manual that corresponds to your MySQL server version for the right syntax to use near 'FROM user WHERE login='testcccc'' at line 1 in /ext/WWW/konex.com.ua/meters/system/Database/MySQLi/Connection.php:292
Stack trace:
#0 /ext/WWW/konex.com.ua/meters/system/Database/MySQLi/Connection.php(292): mysqli->query('SELECT - FROM u...', 0)
#1 /ext/WWW/konex.com.ua/meters/system/Database/BaseConnection.php(666): CodeIgniter\Database\MySQLi\Connection->execute('SELECT - FROM u...')
#2 /ext/WWW/konex.com.ua/meters/system/Database/BaseConnection.php(593): CodeIgniter\Database\BaseConnection->simpleQuery('SELECT - FROM u...')
#3 /ext/WWW/konex.com.ua/meters/app/Models/Search.php(463): CodeIgniter\Database\BaseConnection->query('SELECT - FROM u...')
#4 /ext/WWW/konex.com.ua/meters/app/Controllers/Meters.php(148): App\Models\Search->userEdit(Object(CodeIgniter\HTTP\IncomingRequest))
#5 /ext/WWW/konex.com.ua/meters/system/CodeIgniter.php(927): App\Controllers\Meters->ajax()
#6 /ext/WWW/konex.com.ua/meters/system/CodeIgniter.php(482): CodeIgniter\CodeIgniter->runController(Object(App\Controllers\Meters))
#7 /ext/WWW/konex.com.ua/meters/system/CodeIgniter.php(351): CodeIgniter\CodeIgniter->handleRequest(NULL, Object(Config\Cache), false)
#8 /ext/WWW/konex.com.ua/meters/public/index.php(67): CodeIgniter\CodeIgniter->run()
#9 {main}
CRITICAL - 2023-08-15 10:12:51 --> Call to a member function getFirstRow() on bool
in APPPATH/Models/Search.php on line 463.
 1 APPPATH/Controllers/Meters.php(148): App\Models\Search->userEdit(Object(CodeIgniter\HTTP\IncomingRequest))
 2 SYSTEMPATH/CodeIgniter.php(927): App\Controllers\Meters->ajax()
 3 SYSTEMPATH/CodeIgniter.php(482): CodeIgniter\CodeIgniter->runController(Object(App\Controllers\Meters))
 4 SYSTEMPATH/CodeIgniter.php(351): CodeIgniter\CodeIgniter->handleRequest(null, Object(Config\Cache), false)
 5 FCPATH/index.php(67): CodeIgniter\CodeIgniter->run()
ERROR - 2023-08-15 10:12:51 --> mysqli_sql_exception: You have an error in your SQL syntax; check the manual that corresponds to your MySQL server version for the right syntax to use near 'FROM user WHERE login='testcccc'' at line 1 in /ext/WWW/konex.com.ua/meters/system/Database/MySQLi/Connection.php:292
Stack trace:
#0 /ext/WWW/konex.com.ua/meters/system/Database/MySQLi/Connection.php(292): mysqli->query('SELECT - FROM u...', 0)
#1 /ext/WWW/konex.com.ua/meters/system/Database/BaseConnection.php(666): CodeIgniter\Database\MySQLi\Connection->execute('SELECT - FROM u...')
#2 /ext/WWW/konex.com.ua/meters/system/Database/BaseConnection.php(593): CodeIgniter\Database\BaseConnection->simpleQuery('SELECT - FROM u...')
#3 /ext/WWW/konex.com.ua/meters/app/Models/Search.php(463): CodeIgniter\Database\BaseConnection->query('SELECT - FROM u...')
#4 /ext/WWW/konex.com.ua/meters/app/Controllers/Meters.php(148): App\Models\Search->userEdit(Object(CodeIgniter\HTTP\IncomingRequest))
#5 /ext/WWW/konex.com.ua/meters/system/CodeIgniter.php(927): App\Controllers\Meters->ajax()
#6 /ext/WWW/konex.com.ua/meters/system/CodeIgniter.php(482): CodeIgniter\CodeIgniter->runController(Object(App\Controllers\Meters))
#7 /ext/WWW/konex.com.ua/meters/system/CodeIgniter.php(351): CodeIgniter\CodeIgniter->handleRequest(NULL, Object(Config\Cache), false)
#8 /ext/WWW/konex.com.ua/meters/public/index.php(67): CodeIgniter\CodeIgniter->run()
#9 {main}
CRITICAL - 2023-08-15 10:12:51 --> Call to a member function getFirstRow() on bool
in APPPATH/Models/Search.php on line 463.
 1 APPPATH/Controllers/Meters.php(148): App\Models\Search->userEdit(Object(CodeIgniter\HTTP\IncomingRequest))
 2 SYSTEMPATH/CodeIgniter.php(927): App\Controllers\Meters->ajax()
 3 SYSTEMPATH/CodeIgniter.php(482): CodeIgniter\CodeIgniter->runController(Object(App\Controllers\Meters))
 4 SYSTEMPATH/CodeIgniter.php(351): CodeIgniter\CodeIgniter->handleRequest(null, Object(Config\Cache), false)
 5 FCPATH/index.php(67): CodeIgniter\CodeIgniter->run()
ERROR - 2023-08-15 10:12:51 --> mysqli_sql_exception: You have an error in your SQL syntax; check the manual that corresponds to your MySQL server version for the right syntax to use near 'FROM user WHERE login='testcccc'' at line 1 in /ext/WWW/konex.com.ua/meters/system/Database/MySQLi/Connection.php:292
Stack trace:
#0 /ext/WWW/konex.com.ua/meters/system/Database/MySQLi/Connection.php(292): mysqli->query('SELECT - FROM u...', 0)
#1 /ext/WWW/konex.com.ua/meters/system/Database/BaseConnection.php(666): CodeIgniter\Database\MySQLi\Connection->execute('SELECT - FROM u...')
#2 /ext/WWW/konex.com.ua/meters/system/Database/BaseConnection.php(593): CodeIgniter\Database\BaseConnection->simpleQuery('SELECT - FROM u...')
#3 /ext/WWW/konex.com.ua/meters/app/Models/Search.php(463): CodeIgniter\Database\BaseConnection->query('SELECT - FROM u...')
#4 /ext/WWW/konex.com.ua/meters/app/Controllers/Meters.php(148): App\Models\Search->userEdit(Object(CodeIgniter\HTTP\IncomingRequest))
#5 /ext/WWW/konex.com.ua/meters/system/CodeIgniter.php(927): App\Controllers\Meters->ajax()
#6 /ext/WWW/konex.com.ua/meters/system/CodeIgniter.php(482): CodeIgniter\CodeIgniter->runController(Object(App\Controllers\Meters))
#7 /ext/WWW/konex.com.ua/meters/system/CodeIgniter.php(351): CodeIgniter\CodeIgniter->handleRequest(NULL, Object(Config\Cache), false)
#8 /ext/WWW/konex.com.ua/meters/public/index.php(67): CodeIgniter\CodeIgniter->run()
#9 {main}
CRITICAL - 2023-08-15 10:12:51 --> Call to a member function getFirstRow() on bool
in APPPATH/Models/Search.php on line 463.
 1 APPPATH/Controllers/Meters.php(148): App\Models\Search->userEdit(Object(CodeIgniter\HTTP\IncomingRequest))
 2 SYSTEMPATH/CodeIgniter.php(927): App\Controllers\Meters->ajax()
 3 SYSTEMPATH/CodeIgniter.php(482): CodeIgniter\CodeIgniter->runController(Object(App\Controllers\Meters))
 4 SYSTEMPATH/CodeIgniter.php(351): CodeIgniter\CodeIgniter->handleRequest(null, Object(Config\Cache), false)
 5 FCPATH/index.php(67): CodeIgniter\CodeIgniter->run()
ERROR - 2023-08-15 10:12:52 --> mysqli_sql_exception: You have an error in your SQL syntax; check the manual that corresponds to your MySQL server version for the right syntax to use near 'FROM user WHERE login='testcccc'' at line 1 in /ext/WWW/konex.com.ua/meters/system/Database/MySQLi/Connection.php:292
Stack trace:
#0 /ext/WWW/konex.com.ua/meters/system/Database/MySQLi/Connection.php(292): mysqli->query('SELECT - FROM u...', 0)
#1 /ext/WWW/konex.com.ua/meters/system/Database/BaseConnection.php(666): CodeIgniter\Database\MySQLi\Connection->execute('SELECT - FROM u...')
#2 /ext/WWW/konex.com.ua/meters/system/Database/BaseConnection.php(593): CodeIgniter\Database\BaseConnection->simpleQuery('SELECT - FROM u...')
#3 /ext/WWW/konex.com.ua/meters/app/Models/Search.php(463): CodeIgniter\Database\BaseConnection->query('SELECT - FROM u...')
#4 /ext/WWW/konex.com.ua/meters/app/Controllers/Meters.php(148): App\Models\Search->userEdit(Object(CodeIgniter\HTTP\IncomingRequest))
#5 /ext/WWW/konex.com.ua/meters/system/CodeIgniter.php(927): App\Controllers\Meters->ajax()
#6 /ext/WWW/konex.com.ua/meters/system/CodeIgniter.php(482): CodeIgniter\CodeIgniter->runController(Object(App\Controllers\Meters))
#7 /ext/WWW/konex.com.ua/meters/system/CodeIgniter.php(351): CodeIgniter\CodeIgniter->handleRequest(NULL, Object(Config\Cache), false)
#8 /ext/WWW/konex.com.ua/meters/public/index.php(67): CodeIgniter\CodeIgniter->run()
#9 {main}
CRITICAL - 2023-08-15 10:12:52 --> Call to a member function getFirstRow() on bool
in APPPATH/Models/Search.php on line 463.
 1 APPPATH/Controllers/Meters.php(148): App\Models\Search->userEdit(Object(CodeIgniter\HTTP\IncomingRequest))
 2 SYSTEMPATH/CodeIgniter.php(927): App\Controllers\Meters->ajax()
 3 SYSTEMPATH/CodeIgniter.php(482): CodeIgniter\CodeIgniter->runController(Object(App\Controllers\Meters))
 4 SYSTEMPATH/CodeIgniter.php(351): CodeIgniter\CodeIgniter->handleRequest(null, Object(Config\Cache), false)
 5 FCPATH/index.php(67): CodeIgniter\CodeIgniter->run()
ERROR - 2023-08-15 10:12:52 --> mysqli_sql_exception: You have an error in your SQL syntax; check the manual that corresponds to your MySQL server version for the right syntax to use near 'FROM user WHERE login='testcccc'' at line 1 in /ext/WWW/konex.com.ua/meters/system/Database/MySQLi/Connection.php:292
Stack trace:
#0 /ext/WWW/konex.com.ua/meters/system/Database/MySQLi/Connection.php(292): mysqli->query('SELECT - FROM u...', 0)
#1 /ext/WWW/konex.com.ua/meters/system/Database/BaseConnection.php(666): CodeIgniter\Database\MySQLi\Connection->execute('SELECT - FROM u...')
#2 /ext/WWW/konex.com.ua/meters/system/Database/BaseConnection.php(593): CodeIgniter\Database\BaseConnection->simpleQuery('SELECT - FROM u...')
#3 /ext/WWW/konex.com.ua/meters/app/Models/Search.php(463): CodeIgniter\Database\BaseConnection->query('SELECT - FROM u...')
#4 /ext/WWW/konex.com.ua/meters/app/Controllers/Meters.php(148): App\Models\Search->userEdit(Object(CodeIgniter\HTTP\IncomingRequest))
#5 /ext/WWW/konex.com.ua/meters/system/CodeIgniter.php(927): App\Controllers\Meters->ajax()
#6 /ext/WWW/konex.com.ua/meters/system/CodeIgniter.php(482): CodeIgniter\CodeIgniter->runController(Object(App\Controllers\Meters))
#7 /ext/WWW/konex.com.ua/meters/system/CodeIgniter.php(351): CodeIgniter\CodeIgniter->handleRequest(NULL, Object(Config\Cache), false)
#8 /ext/WWW/konex.com.ua/meters/public/index.php(67): CodeIgniter\CodeIgniter->run()
#9 {main}
CRITICAL - 2023-08-15 10:12:52 --> Call to a member function getFirstRow() on bool
in APPPATH/Models/Search.php on line 463.
 1 APPPATH/Controllers/Meters.php(148): App\Models\Search->userEdit(Object(CodeIgniter\HTTP\IncomingRequest))
 2 SYSTEMPATH/CodeIgniter.php(927): App\Controllers\Meters->ajax()
 3 SYSTEMPATH/CodeIgniter.php(482): CodeIgniter\CodeIgniter->runController(Object(App\Controllers\Meters))
 4 SYSTEMPATH/CodeIgniter.php(351): CodeIgniter\CodeIgniter->handleRequest(null, Object(Config\Cache), false)
 5 FCPATH/index.php(67): CodeIgniter\CodeIgniter->run()
ERROR - 2023-08-15 10:13:05 --> mysqli_sql_exception: You have an error in your SQL syntax; check the manual that corresponds to your MySQL server version for the right syntax to use near 'FROM user WHERE login='testcccc'' at line 1 in /ext/WWW/konex.com.ua/meters/system/Database/MySQLi/Connection.php:292
Stack trace:
#0 /ext/WWW/konex.com.ua/meters/system/Database/MySQLi/Connection.php(292): mysqli->query('SELECT - FROM u...', 0)
#1 /ext/WWW/konex.com.ua/meters/system/Database/BaseConnection.php(666): CodeIgniter\Database\MySQLi\Connection->execute('SELECT - FROM u...')
#2 /ext/WWW/konex.com.ua/meters/system/Database/BaseConnection.php(593): CodeIgniter\Database\BaseConnection->simpleQuery('SELECT - FROM u...')
#3 /ext/WWW/konex.com.ua/meters/app/Models/Search.php(463): CodeIgniter\Database\BaseConnection->query('SELECT - FROM u...')
#4 /ext/WWW/konex.com.ua/meters/app/Controllers/Meters.php(148): App\Models\Search->userEdit(Object(CodeIgniter\HTTP\IncomingRequest))
#5 /ext/WWW/konex.com.ua/meters/system/CodeIgniter.php(927): App\Controllers\Meters->ajax()
#6 /ext/WWW/konex.com.ua/meters/system/CodeIgniter.php(482): CodeIgniter\CodeIgniter->runController(Object(App\Controllers\Meters))
#7 /ext/WWW/konex.com.ua/meters/system/CodeIgniter.php(351): CodeIgniter\CodeIgniter->handleRequest(NULL, Object(Config\Cache), false)
#8 /ext/WWW/konex.com.ua/meters/public/index.php(67): CodeIgniter\CodeIgniter->run()
#9 {main}
CRITICAL - 2023-08-15 10:13:05 --> Call to a member function getFirstRow() on bool
in APPPATH/Models/Search.php on line 463.
 1 APPPATH/Controllers/Meters.php(148): App\Models\Search->userEdit(Object(CodeIgniter\HTTP\IncomingRequest))
 2 SYSTEMPATH/CodeIgniter.php(927): App\Controllers\Meters->ajax()
 3 SYSTEMPATH/CodeIgniter.php(482): CodeIgniter\CodeIgniter->runController(Object(App\Controllers\Meters))
 4 SYSTEMPATH/CodeIgniter.php(351): CodeIgniter\CodeIgniter->handleRequest(null, Object(Config\Cache), false)
 5 FCPATH/index.php(67): CodeIgniter\CodeIgniter->run()
ERROR - 2023-08-15 10:38:50 --> mysqli_sql_exception: Duplicate entry '321' for key 'user.login' in /ext/WWW/konex.com.ua/meters/system/Database/MySQLi/Connection.php:292
Stack trace:
#0 /ext/WWW/konex.com.ua/meters/system/Database/MySQLi/Connection.php(292): mysqli->query('UPDATE `user` S...', 0)
#1 /ext/WWW/konex.com.ua/meters/system/Database/BaseConnection.php(666): CodeIgniter\Database\MySQLi\Connection->execute('UPDATE `user` S...')
#2 /ext/WWW/konex.com.ua/meters/system/Database/BaseConnection.php(593): CodeIgniter\Database\BaseConnection->simpleQuery('UPDATE `user` S...')
#3 /ext/WWW/konex.com.ua/meters/system/Database/BaseBuilder.php(2079): CodeIgniter\Database\BaseConnection->query('UPDATE `user` S...', Array, false)
#4 /ext/WWW/konex.com.ua/meters/app/Models/Search.php(470): CodeIgniter\Database\BaseBuilder->update(Array, Array)
#5 /ext/WWW/konex.com.ua/meters/app/Controllers/Meters.php(148): App\Models\Search->userEdit(Object(CodeIgniter\HTTP\IncomingRequest))
#6 /ext/WWW/konex.com.ua/meters/system/CodeIgniter.php(927): App\Controllers\Meters->ajax()
#7 /ext/WWW/konex.com.ua/meters/system/CodeIgniter.php(482): CodeIgniter\CodeIgniter->runController(Object(App\Controllers\Meters))
#8 /ext/WWW/konex.com.ua/meters/system/CodeIgniter.php(351): CodeIgniter\CodeIgniter->handleRequest(NULL, Object(Config\Cache), false)
#9 /ext/WWW/konex.com.ua/meters/public/index.php(67): CodeIgniter\CodeIgniter->run()
#10 {main}
