CRITICAL - 2023-01-25 05:57:09 --> syntax error, unexpected 'SELECT' (T_STRING), expecting ')'
in APPPATH/Models/Search.php on line 38.
 1 SYSTEMPATH/Autoloader/Autoloader.php(259): CodeIgniter\Autoloader\Autoloader->includeFile('APPPATH/Models/Search.php')
 2 SYSTEMPATH/Autoloader/Autoloader.php(237): CodeIgniter\Autoloader\Autoloader->loadInNamespace('App\\Models\\Search')
 3 [internal function]: CodeIgniter\Autoloader\Autoloader->loadClass('App\\Models\\Search')
 4 APPPATH/Controllers/Zayavki.php(20): spl_autoload_call('App\\Models\\Search')
 5 SYSTEMPATH/CodeIgniter.php(889): App\Controllers\Zayavki->__construct()
 6 SYSTEMPATH/CodeIgniter.php(473): CodeIgniter\CodeIgniter->createController()
 7 SYSTEMPATH/CodeIgniter.php(351): CodeIgniter\CodeIgniter->handleRequest(null, Object(Config\Cache), false)
 8 FCPATH/index.php(67): CodeIgniter\CodeIgniter->run()
CRITICAL - 2023-01-25 06:06:36 --> Call to undefined method CodeIgniter\Database\MySQLi\Connection::insert()
in APPPATH/Models/Search.php on line 105.
 1 APPPATH/Models/Search.php(79): App\Models\Search->addPokazC('338', null, '2022', '12')
 2 APPPATH/Controllers/Zayavki.php(128): App\Models\Search->addPokaz(Object(CodeIgniter\HTTP\IncomingRequest))
 3 SYSTEMPATH/CodeIgniter.php(927): App\Controllers\Zayavki->ajax()
 4 SYSTEMPATH/CodeIgniter.php(482): CodeIgniter\CodeIgniter->runController(Object(App\Controllers\Zayavki))
 5 SYSTEMPATH/CodeIgniter.php(351): CodeIgniter\CodeIgniter->handleRequest(null, Object(Config\Cache), false)
 6 FCPATH/index.php(67): CodeIgniter\CodeIgniter->run()
ERROR - 2023-01-25 06:10:18 --> mysqli_sql_exception: Column 'index' cannot be null in /ext/WWW/konex.com.ua/zayavki/system/Database/MySQLi/Connection.php:292
Stack trace:
#0 /ext/WWW/konex.com.ua/zayavki/system/Database/MySQLi/Connection.php(292): mysqli->query('INSERT INTO `po...', 0)
#1 /ext/WWW/konex.com.ua/zayavki/system/Database/BaseConnection.php(666): CodeIgniter\Database\MySQLi\Connection->execute('INSERT INTO `po...')
#2 /ext/WWW/konex.com.ua/zayavki/system/Database/BaseConnection.php(593): CodeIgniter\Database\BaseConnection->simpleQuery('INSERT INTO `po...')
#3 /ext/WWW/konex.com.ua/zayavki/system/Database/BaseBuilder.php(1916): CodeIgniter\Database\BaseConnection->query('INSERT INTO `po...', Array, false)
#4 /ext/WWW/konex.com.ua/zayavki/app/Models/Search.php(105): CodeIgniter\Database\BaseBuilder->insert(Array)
#5 /ext/WWW/konex.com.ua/zayavki/app/Models/Search.php(79): App\Models\Search->addPokazC('338', NULL, '2022', '12')
#6 /ext/WWW/konex.com.ua/zayavki/app/Controllers/Zayavki.php(128): App\Models\Search->addPokaz(Object(CodeIgniter\HTTP\IncomingRequest))
#7 /ext/WWW/konex.com.ua/zayavki/system/CodeIgniter.php(927): App\Controllers\Zayavki->ajax()
#8 /ext/WWW/konex.com.ua/zayavki/system/CodeIgniter.php(482): CodeIgniter\CodeIgniter->runController(Object(App\Controllers\Zayavki))
#9 /ext/WWW/konex.com.ua/zayavki/system/CodeIgniter.php(351): CodeIgniter\CodeIgniter->handleRequest(NULL, Object(Config\Cache), false)
#10 /ext/WWW/konex.com.ua/zayavki/public/index.php(67): CodeIgniter\CodeIgniter->run()
#11 {main}
CRITICAL - 2023-01-25 06:10:18 --> Column 'index' cannot be null
in SYSTEMPATH/Database/MySQLi/Connection.php on line 292.
 1 SYSTEMPATH/Database/MySQLi/Connection.php(292): mysqli->query('INSERT INTO `pokaz` (`cid`, `index`, `year`, `month`, `ts`, `consumed`) VALUES (\'338\', NULL, \'2022\', \'12\', \'2022/12/01\', -4094)', 0)
 2 SYSTEMPATH/Database/BaseConnection.php(666): CodeIgniter\Database\MySQLi\Connection->execute('INSERT INTO `pokaz` (`cid`, `index`, `year`, `month`, `ts`, `consumed`) VALUES (\'338\', NULL, \'2022\', \'12\', \'2022/12/01\', -4094)')
 3 SYSTEMPATH/Database/BaseConnection.php(593): CodeIgniter\Database\BaseConnection->simpleQuery('INSERT INTO `pokaz` (`cid`, `index`, `year`, `month`, `ts`, `consumed`) VALUES (\'338\', NULL, \'2022\', \'12\', \'2022/12/01\', -4094)')
 4 SYSTEMPATH/Database/BaseBuilder.php(1916): CodeIgniter\Database\BaseConnection->query('INSERT INTO `pokaz` (`cid`, `index`, `year`, `month`, `ts`, `consumed`) VALUES (:cid:, :index:, :year:, :month:, :ts:, :consumed:)', [...], false)
 5 APPPATH/Models/Search.php(105): CodeIgniter\Database\BaseBuilder->insert([...])
 6 APPPATH/Models/Search.php(79): App\Models\Search->addPokazC('338', null, '2022', '12')
 7 APPPATH/Controllers/Zayavki.php(128): App\Models\Search->addPokaz(Object(CodeIgniter\HTTP\IncomingRequest))
 8 SYSTEMPATH/CodeIgniter.php(927): App\Controllers\Zayavki->ajax()
 9 SYSTEMPATH/CodeIgniter.php(482): CodeIgniter\CodeIgniter->runController(Object(App\Controllers\Zayavki))
10 SYSTEMPATH/CodeIgniter.php(351): CodeIgniter\CodeIgniter->handleRequest(null, Object(Config\Cache), false)
11 FCPATH/index.php(67): CodeIgniter\CodeIgniter->run()
CRITICAL - 2023-01-25 06:17:02 --> Trying to access array offset on value of type null
in APPPATH/Models/Search.php on line 88.
 1 APPPATH/Models/Search.php(88): CodeIgniter\Debug\Exceptions->errorHandler(8, 'Trying to access array offset on value of type null', 'APPPATH/Models/Search.php', 88, [...])
 2 APPPATH/Models/Search.php(78): App\Models\Search->checkPokaz('86', '2022-12-1', '386060')
 3 APPPATH/Controllers/Zayavki.php(128): App\Models\Search->addPokaz(Object(CodeIgniter\HTTP\IncomingRequest))
 4 SYSTEMPATH/CodeIgniter.php(927): App\Controllers\Zayavki->ajax()
 5 SYSTEMPATH/CodeIgniter.php(482): CodeIgniter\CodeIgniter->runController(Object(App\Controllers\Zayavki))
 6 SYSTEMPATH/CodeIgniter.php(351): CodeIgniter\CodeIgniter->handleRequest(null, Object(Config\Cache), false)
 7 FCPATH/index.php(67): CodeIgniter\CodeIgniter->run()
CRITICAL - 2023-01-25 06:17:47 --> Trying to access array offset on value of type null
in APPPATH/Models/Search.php on line 89.
 1 APPPATH/Models/Search.php(89): CodeIgniter\Debug\Exceptions->errorHandler(8, 'Trying to access array offset on value of type null', 'APPPATH/Models/Search.php', 89, [...])
 2 APPPATH/Models/Search.php(78): App\Models\Search->checkPokaz('86', '2022-12-1', '386070')
 3 APPPATH/Controllers/Zayavki.php(128): App\Models\Search->addPokaz(Object(CodeIgniter\HTTP\IncomingRequest))
 4 SYSTEMPATH/CodeIgniter.php(927): App\Controllers\Zayavki->ajax()
 5 SYSTEMPATH/CodeIgniter.php(482): CodeIgniter\CodeIgniter->runController(Object(App\Controllers\Zayavki))
 6 SYSTEMPATH/CodeIgniter.php(351): CodeIgniter\CodeIgniter->handleRequest(null, Object(Config\Cache), false)
 7 FCPATH/index.php(67): CodeIgniter\CodeIgniter->run()
CRITICAL - 2023-01-25 06:28:34 --> Argument 1 passed to CodeIgniter\Model::countAllResults() must be of the type bool, object given, called in /ext/WWW/konex.com.ua/zayavki/app/Models/Search.php on line 88
in SYSTEMPATH/Model.php on line 538.
 1 APPPATH/Models/Search.php(88): CodeIgniter\Model->countAllResults(Object(CodeIgniter\Database\MySQLi\Result))
 2 APPPATH/Models/Search.php(78): App\Models\Search->checkPokaz('86', '2022-12-1', '678678')
 3 APPPATH/Controllers/Zayavki.php(128): App\Models\Search->addPokaz(Object(CodeIgniter\HTTP\IncomingRequest))
 4 SYSTEMPATH/CodeIgniter.php(927): App\Controllers\Zayavki->ajax()
 5 SYSTEMPATH/CodeIgniter.php(482): CodeIgniter\CodeIgniter->runController(Object(App\Controllers\Zayavki))
 6 SYSTEMPATH/CodeIgniter.php(351): CodeIgniter\CodeIgniter->handleRequest(null, Object(Config\Cache), false)
 7 FCPATH/index.php(67): CodeIgniter\CodeIgniter->run()
CRITICAL - 2023-01-25 06:28:58 --> Call to undefined function App\Models\countAllResults()
in APPPATH/Models/Search.php on line 88.
 1 APPPATH/Models/Search.php(78): App\Models\Search->checkPokaz('86', '2022-12-1', '7890709')
 2 APPPATH/Controllers/Zayavki.php(128): App\Models\Search->addPokaz(Object(CodeIgniter\HTTP\IncomingRequest))
 3 SYSTEMPATH/CodeIgniter.php(927): App\Controllers\Zayavki->ajax()
 4 SYSTEMPATH/CodeIgniter.php(482): CodeIgniter\CodeIgniter->runController(Object(App\Controllers\Zayavki))
 5 SYSTEMPATH/CodeIgniter.php(351): CodeIgniter\CodeIgniter->handleRequest(null, Object(Config\Cache), false)
 6 FCPATH/index.php(67): CodeIgniter\CodeIgniter->run()
CRITICAL - 2023-01-25 06:29:32 --> count(): Parameter must be an array or an object that implements Countable
in APPPATH/Models/Search.php on line 88.
 1 [internal function]: CodeIgniter\Debug\Exceptions->errorHandler(2, 'count(): Parameter must be an array or an object that implements Countable', 'APPPATH/Models/Search.php', 88, [...])
 2 APPPATH/Models/Search.php(88): count(Object(CodeIgniter\Database\MySQLi\Result))
 3 APPPATH/Models/Search.php(78): App\Models\Search->checkPokaz('86', '2022-12-1', '345234')
 4 APPPATH/Controllers/Zayavki.php(128): App\Models\Search->addPokaz(Object(CodeIgniter\HTTP\IncomingRequest))
 5 SYSTEMPATH/CodeIgniter.php(927): App\Controllers\Zayavki->ajax()
 6 SYSTEMPATH/CodeIgniter.php(482): CodeIgniter\CodeIgniter->runController(Object(App\Controllers\Zayavki))
 7 SYSTEMPATH/CodeIgniter.php(351): CodeIgniter\CodeIgniter->handleRequest(null, Object(Config\Cache), false)
 8 FCPATH/index.php(67): CodeIgniter\CodeIgniter->run()
CRITICAL - 2023-01-25 06:33:06 --> count(): Parameter must be an array or an object that implements Countable
in APPPATH/Models/Search.php on line 89.
 1 [internal function]: CodeIgniter\Debug\Exceptions->errorHandler(2, 'count(): Parameter must be an array or an object that implements Countable', 'APPPATH/Models/Search.php', 89, [...])
 2 APPPATH/Models/Search.php(89): count(Object(CodeIgniter\Database\MySQLi\Result))
 3 APPPATH/Models/Search.php(78): App\Models\Search->checkPokaz('86', '2022-12-1', '78568')
 4 APPPATH/Controllers/Zayavki.php(128): App\Models\Search->addPokaz(Object(CodeIgniter\HTTP\IncomingRequest))
 5 SYSTEMPATH/CodeIgniter.php(927): App\Controllers\Zayavki->ajax()
 6 SYSTEMPATH/CodeIgniter.php(482): CodeIgniter\CodeIgniter->runController(Object(App\Controllers\Zayavki))
 7 SYSTEMPATH/CodeIgniter.php(351): CodeIgniter\CodeIgniter->handleRequest(null, Object(Config\Cache), false)
 8 FCPATH/index.php(67): CodeIgniter\CodeIgniter->run()
CRITICAL - 2023-01-25 06:35:36 --> Trying to get property 'spokaz' of non-object
in APPPATH/Models/Search.php on line 111.
 1 APPPATH/Models/Search.php(111): CodeIgniter\Debug\Exceptions->errorHandler(8, 'Trying to get property \'spokaz\' of non-object', 'APPPATH/Models/Search.php', 111, [...])
 2 APPPATH/Models/Search.php(80): App\Models\Search->recalculation('86')
 3 APPPATH/Controllers/Zayavki.php(128): App\Models\Search->addPokaz(Object(CodeIgniter\HTTP\IncomingRequest))
 4 SYSTEMPATH/CodeIgniter.php(927): App\Controllers\Zayavki->ajax()
 5 SYSTEMPATH/CodeIgniter.php(482): CodeIgniter\CodeIgniter->runController(Object(App\Controllers\Zayavki))
 6 SYSTEMPATH/CodeIgniter.php(351): CodeIgniter\CodeIgniter->handleRequest(null, Object(Config\Cache), false)
 7 FCPATH/index.php(67): CodeIgniter\CodeIgniter->run()
CRITICAL - 2023-01-25 06:39:17 --> Call to undefined method CodeIgniter\Database\MySQLi\Connection::where()
in APPPATH/Models/Search.php on line 116.
 1 APPPATH/Models/Search.php(80): App\Models\Search->recalculation('86')
 2 APPPATH/Controllers/Zayavki.php(128): App\Models\Search->addPokaz(Object(CodeIgniter\HTTP\IncomingRequest))
 3 SYSTEMPATH/CodeIgniter.php(927): App\Controllers\Zayavki->ajax()
 4 SYSTEMPATH/CodeIgniter.php(482): CodeIgniter\CodeIgniter->runController(Object(App\Controllers\Zayavki))
 5 SYSTEMPATH/CodeIgniter.php(351): CodeIgniter\CodeIgniter->handleRequest(null, Object(Config\Cache), false)
 6 FCPATH/index.php(67): CodeIgniter\CodeIgniter->run()
CRITICAL - 2023-01-25 06:42:16 --> Call to undefined method CodeIgniter\Database\MySQLi\Connection::set()
in APPPATH/Models/Search.php on line 116.
 1 APPPATH/Models/Search.php(80): App\Models\Search->recalculation('86')
 2 APPPATH/Controllers/Zayavki.php(128): App\Models\Search->addPokaz(Object(CodeIgniter\HTTP\IncomingRequest))
 3 SYSTEMPATH/CodeIgniter.php(927): App\Controllers\Zayavki->ajax()
 4 SYSTEMPATH/CodeIgniter.php(482): CodeIgniter\CodeIgniter->runController(Object(App\Controllers\Zayavki))
 5 SYSTEMPATH/CodeIgniter.php(351): CodeIgniter\CodeIgniter->handleRequest(null, Object(Config\Cache), false)
 6 FCPATH/index.php(67): CodeIgniter\CodeIgniter->run()
ERROR - 2023-01-25 07:51:56 --> mysqli_sql_exception: You have an error in your SQL syntax; check the manual that corresponds to your MySQL server version for the right syntax to use near 'index FROM pokaz WHERE year=2022 AND month=12 AND cId=86' at line 1 in /ext/WWW/konex.com.ua/zayavki/system/Database/MySQLi/Connection.php:292
Stack trace:
#0 /ext/WWW/konex.com.ua/zayavki/system/Database/MySQLi/Connection.php(292): mysqli->query('SELECT id, inde...', 0)
#1 /ext/WWW/konex.com.ua/zayavki/system/Database/BaseConnection.php(666): CodeIgniter\Database\MySQLi\Connection->execute('SELECT id, inde...')
#2 /ext/WWW/konex.com.ua/zayavki/system/Database/BaseConnection.php(593): CodeIgniter\Database\BaseConnection->simpleQuery('SELECT id, inde...')
#3 /ext/WWW/konex.com.ua/zayavki/app/Models/Search.php(94): CodeIgniter\Database\BaseConnection->query('SELECT id, inde...')
#4 /ext/WWW/konex.com.ua/zayavki/app/Models/Search.php(79): App\Models\Search->addPokazC('86', '5678568', '2022', '12')
#5 /ext/WWW/konex.com.ua/zayavki/app/Controllers/Zayavki.php(128): App\Models\Search->addPokaz(Object(CodeIgniter\HTTP\IncomingRequest))
#6 /ext/WWW/konex.com.ua/zayavki/system/CodeIgniter.php(927): App\Controllers\Zayavki->ajax()
#7 /ext/WWW/konex.com.ua/zayavki/system/CodeIgniter.php(482): CodeIgniter\CodeIgniter->runController(Object(App\Controllers\Zayavki))
#8 /ext/WWW/konex.com.ua/zayavki/system/CodeIgniter.php(351): CodeIgniter\CodeIgniter->handleRequest(NULL, Object(Config\Cache), false)
#9 /ext/WWW/konex.com.ua/zayavki/public/index.php(67): CodeIgniter\CodeIgniter->run()
#10 {main}
CRITICAL - 2023-01-25 07:51:56 --> You have an error in your SQL syntax; check the manual that corresponds to your MySQL server version for the right syntax to use near 'index FROM pokaz WHERE year=2022 AND month=12 AND cId=86' at line 1
in SYSTEMPATH/Database/MySQLi/Connection.php on line 292.
 1 SYSTEMPATH/Database/MySQLi/Connection.php(292): mysqli->query('SELECT id, index FROM pokaz WHERE year=2022 AND month=12 AND cId=86', 0)
 2 SYSTEMPATH/Database/BaseConnection.php(666): CodeIgniter\Database\MySQLi\Connection->execute('SELECT id, index FROM pokaz WHERE year=2022 AND month=12 AND cId=86')
 3 SYSTEMPATH/Database/BaseConnection.php(593): CodeIgniter\Database\BaseConnection->simpleQuery('SELECT id, index FROM pokaz WHERE year=2022 AND month=12 AND cId=86')
 4 APPPATH/Models/Search.php(94): CodeIgniter\Database\BaseConnection->query('SELECT id, index FROM pokaz WHERE year=2022 AND month=12 AND cId=86')
 5 APPPATH/Models/Search.php(79): App\Models\Search->addPokazC('86', '5678568', '2022', '12')
 6 APPPATH/Controllers/Zayavki.php(128): App\Models\Search->addPokaz(Object(CodeIgniter\HTTP\IncomingRequest))
 7 SYSTEMPATH/CodeIgniter.php(927): App\Controllers\Zayavki->ajax()
 8 SYSTEMPATH/CodeIgniter.php(482): CodeIgniter\CodeIgniter->runController(Object(App\Controllers\Zayavki))
 9 SYSTEMPATH/CodeIgniter.php(351): CodeIgniter\CodeIgniter->handleRequest(null, Object(Config\Cache), false)
10 FCPATH/index.php(67): CodeIgniter\CodeIgniter->run()
