ERROR - 2023-02-07 07:08:00 --> mysqli_sql_exception: Duplicate entry 'test' for key 'user.login' in /ext/WWW/konex.com.ua/zayavki/system/Database/MySQLi/Connection.php:292
Stack trace:
#0 /ext/WWW/konex.com.ua/zayavki/system/Database/MySQLi/Connection.php(292): mysqli->query('INSERT INTO `us...', 0)
#1 /ext/WWW/konex.com.ua/zayavki/system/Database/BaseConnection.php(666): CodeIgniter\Database\MySQLi\Connection->execute('INSERT INTO `us...')
#2 /ext/WWW/konex.com.ua/zayavki/system/Database/BaseConnection.php(593): CodeIgniter\Database\BaseConnection->simpleQuery('INSERT INTO `us...')
#3 /ext/WWW/konex.com.ua/zayavki/system/Database/BaseBuilder.php(1916): CodeIgniter\Database\BaseConnection->query('INSERT INTO `us...', Array, false)
#4 /ext/WWW/konex.com.ua/zayavki/app/Models/Search.php(311): CodeIgniter\Database\BaseBuilder->insert(Array)
#5 /ext/WWW/konex.com.ua/zayavki/app/Models/Search.php(209): App\Models\Search->addUser(Array)
#6 /ext/WWW/konex.com.ua/zayavki/app/Controllers/Zayavki.php(123): App\Models\Search->usADD(Object(CodeIgniter\HTTP\IncomingRequest))
#7 /ext/WWW/konex.com.ua/zayavki/system/CodeIgniter.php(927): App\Controllers\Zayavki->ajax()
#8 /ext/WWW/konex.com.ua/zayavki/system/CodeIgniter.php(482): CodeIgniter\CodeIgniter->runController(Object(App\Controllers\Zayavki))
#9 /ext/WWW/konex.com.ua/zayavki/system/CodeIgniter.php(351): CodeIgniter\CodeIgniter->handleRequest(NULL, Object(Config\Cache), false)
#10 /ext/WWW/konex.com.ua/zayavki/public/index.php(67): CodeIgniter\CodeIgniter->run()
#11 {main}
CRITICAL - 2023-02-07 07:08:00 --> Duplicate entry 'test' for key 'user.login'
in SYSTEMPATH/Database/MySQLi/Connection.php on line 292.
 1 SYSTEMPATH/Database/MySQLi/Connection.php(292): mysqli->query('INSERT INTO `user` (`name`, `surname`, `login`, `pass`, `area`, `rights`) VALUES (\'test\', \'test\', \'test\', \'test\', \'261\', \'5\')', 0)
 2 SYSTEMPATH/Database/BaseConnection.php(666): CodeIgniter\Database\MySQLi\Connection->execute('INSERT INTO `user` (`name`, `surname`, `login`, `pass`, `area`, `rights`) VALUES (\'test\', \'test\', \'test\', \'test\', \'261\', \'5\')')
 3 SYSTEMPATH/Database/BaseConnection.php(593): CodeIgniter\Database\BaseConnection->simpleQuery('INSERT INTO `user` (`name`, `surname`, `login`, `pass`, `area`, `rights`) VALUES (\'test\', \'test\', \'test\', \'test\', \'261\', \'5\')')
 4 SYSTEMPATH/Database/BaseBuilder.php(1916): CodeIgniter\Database\BaseConnection->query('INSERT INTO `user` (`name`, `surname`, `login`, `pass`, `area`, `rights`) VALUES (:name:, :surname:, :login:, :pass:, :area:, :rights:)', [...], false)
 5 APPPATH/Models/Search.php(311): CodeIgniter\Database\BaseBuilder->insert([...])
 6 APPPATH/Models/Search.php(209): App\Models\Search->addUser([...])
 7 APPPATH/Controllers/Zayavki.php(123): App\Models\Search->usADD(Object(CodeIgniter\HTTP\IncomingRequest))
 8 SYSTEMPATH/CodeIgniter.php(927): App\Controllers\Zayavki->ajax()
 9 SYSTEMPATH/CodeIgniter.php(482): CodeIgniter\CodeIgniter->runController(Object(App\Controllers\Zayavki))
10 SYSTEMPATH/CodeIgniter.php(351): CodeIgniter\CodeIgniter->handleRequest(null, Object(Config\Cache), false)
11 FCPATH/index.php(67): CodeIgniter\CodeIgniter->run()
CRITICAL - 2023-02-07 08:46:13 --> Invalid file: zayavki.php
in SYSTEMPATH/Exceptions/FrameworkException.php on line 33.
 1 SYSTEMPATH/View/View.php(201): CodeIgniter\Exceptions\FrameworkException::forInvalidFile('zayavki.php')
 2 SYSTEMPATH/Common.php(1134): CodeIgniter\View\View->render('zayavki', [], true)
 3 APPPATH/Controllers/Meters.php(96): view('zayavki', [...])
 4 SYSTEMPATH/CodeIgniter.php(927): App\Controllers\Meters->zayavki()
 5 SYSTEMPATH/CodeIgniter.php(482): CodeIgniter\CodeIgniter->runController(Object(App\Controllers\Meters))
 6 SYSTEMPATH/CodeIgniter.php(351): CodeIgniter\CodeIgniter->handleRequest(null, Object(Config\Cache), false)
 7 FCPATH/index.php(67): CodeIgniter\CodeIgniter->run()
CRITICAL - 2023-02-07 08:49:01 --> meters is not a valid database connection group.
in SYSTEMPATH/Database/Config.php on line 70.
 1 SYSTEMPATH/Model.php(137): CodeIgniter\Database\Config::connect('meters')
 2 APPPATH/Controllers/Meters.php(18): CodeIgniter\Model->__construct()
 3 SYSTEMPATH/CodeIgniter.php(889): App\Controllers\Meters->__construct()
 4 SYSTEMPATH/CodeIgniter.php(473): CodeIgniter\CodeIgniter->createController()
 5 SYSTEMPATH/CodeIgniter.php(351): CodeIgniter\CodeIgniter->handleRequest(null, Object(Config\Cache), false)
 6 FCPATH/index.php(67): CodeIgniter\CodeIgniter->run()
CRITICAL - 2023-02-07 08:49:30 --> meters is not a valid database connection group.
in SYSTEMPATH/Database/Config.php on line 70.
 1 SYSTEMPATH/Model.php(137): CodeIgniter\Database\Config::connect('meters')
 2 APPPATH/Controllers/Meters.php(18): CodeIgniter\Model->__construct()
 3 SYSTEMPATH/CodeIgniter.php(889): App\Controllers\Meters->__construct()
 4 SYSTEMPATH/CodeIgniter.php(473): CodeIgniter\CodeIgniter->createController()
 5 SYSTEMPATH/CodeIgniter.php(351): CodeIgniter\CodeIgniter->handleRequest(null, Object(Config\Cache), false)
 6 FCPATH/index.php(67): CodeIgniter\CodeIgniter->run()
CRITICAL - 2023-02-07 09:09:50 --> zayavki is not a valid database connection group.
in SYSTEMPATH/Database/Config.php on line 70.
 1 SYSTEMPATH/Model.php(137): CodeIgniter\Database\Config::connect('zayavki')
 2 APPPATH/Controllers/Meters.php(20): CodeIgniter\Model->__construct()
 3 SYSTEMPATH/CodeIgniter.php(889): App\Controllers\Meters->__construct()
 4 SYSTEMPATH/CodeIgniter.php(473): CodeIgniter\CodeIgniter->createController()
 5 SYSTEMPATH/CodeIgniter.php(351): CodeIgniter\CodeIgniter->handleRequest(null, Object(Config\Cache), false)
 6 FCPATH/index.php(67): CodeIgniter\CodeIgniter->run()
CRITICAL - 2023-02-07 09:10:59 --> zayavki is not a valid database connection group.
in SYSTEMPATH/Database/Config.php on line 70.
 1 SYSTEMPATH/Model.php(137): CodeIgniter\Database\Config::connect('zayavki')
 2 APPPATH/Controllers/Meters.php(20): CodeIgniter\Model->__construct()
 3 SYSTEMPATH/CodeIgniter.php(889): App\Controllers\Meters->__construct()
 4 SYSTEMPATH/CodeIgniter.php(473): CodeIgniter\CodeIgniter->createController()
 5 SYSTEMPATH/CodeIgniter.php(351): CodeIgniter\CodeIgniter->handleRequest(null, Object(Config\Cache), false)
 6 FCPATH/index.php(67): CodeIgniter\CodeIgniter->run()
CRITICAL - 2023-02-07 09:11:00 --> zayavki is not a valid database connection group.
in SYSTEMPATH/Database/Config.php on line 70.
 1 SYSTEMPATH/Model.php(137): CodeIgniter\Database\Config::connect('zayavki')
 2 APPPATH/Controllers/Meters.php(20): CodeIgniter\Model->__construct()
 3 SYSTEMPATH/CodeIgniter.php(889): App\Controllers\Meters->__construct()
 4 SYSTEMPATH/CodeIgniter.php(473): CodeIgniter\CodeIgniter->createController()
 5 SYSTEMPATH/CodeIgniter.php(351): CodeIgniter\CodeIgniter->handleRequest(null, Object(Config\Cache), false)
 6 FCPATH/index.php(67): CodeIgniter\CodeIgniter->run()
CRITICAL - 2023-02-07 09:11:31 --> zayavki is not a valid database connection group.
in SYSTEMPATH/Database/Config.php on line 70.
 1 SYSTEMPATH/Model.php(137): CodeIgniter\Database\Config::connect('zayavki')
 2 APPPATH/Controllers/Meters.php(20): CodeIgniter\Model->__construct()
 3 SYSTEMPATH/CodeIgniter.php(889): App\Controllers\Meters->__construct()
 4 SYSTEMPATH/CodeIgniter.php(473): CodeIgniter\CodeIgniter->createController()
 5 SYSTEMPATH/CodeIgniter.php(351): CodeIgniter\CodeIgniter->handleRequest(null, Object(Config\Cache), false)
 6 FCPATH/index.php(67): CodeIgniter\CodeIgniter->run()
