CRITICAL - 2023-03-01 05:57:03 --> Cannot use object of type CodeIgniter\HTTP\IncomingRequest as array
in APPPATH/Models/Telegram.php on line 11.
 1 APPPATH/Controllers/Meters.php(158): App\Models\Telegram->telegram(Object(CodeIgniter\HTTP\IncomingRequest))
 2 SYSTEMPATH/CodeIgniter.php(927): App\Controllers\Meters->telegram()
 3 SYSTEMPATH/CodeIgniter.php(482): CodeIgniter\CodeIgniter->runController(Object(App\Controllers\Meters))
 4 SYSTEMPATH/CodeIgniter.php(351): CodeIgniter\CodeIgniter->handleRequest(null, Object(Config\Cache), false)
 5 FCPATH/index.php(67): CodeIgniter\CodeIgniter->run()
CRITICAL - 2023-03-01 05:57:06 --> Cannot use object of type CodeIgniter\HTTP\IncomingRequest as array
in APPPATH/Models/Telegram.php on line 11.
 1 APPPATH/Controllers/Meters.php(158): App\Models\Telegram->telegram(Object(CodeIgniter\HTTP\IncomingRequest))
 2 SYSTEMPATH/CodeIgniter.php(927): App\Controllers\Meters->telegram()
 3 SYSTEMPATH/CodeIgniter.php(482): CodeIgniter\CodeIgniter->runController(Object(App\Controllers\Meters))
 4 SYSTEMPATH/CodeIgniter.php(351): CodeIgniter\CodeIgniter->handleRequest(null, Object(Config\Cache), false)
 5 FCPATH/index.php(67): CodeIgniter\CodeIgniter->run()
CRITICAL - 2023-03-01 05:57:16 --> Cannot access protected property CodeIgniter\HTTP\IncomingRequest::$body
in APPPATH/Models/Telegram.php on line 11.
 1 APPPATH/Controllers/Meters.php(158): App\Models\Telegram->telegram(Object(CodeIgniter\HTTP\IncomingRequest))
 2 SYSTEMPATH/CodeIgniter.php(927): App\Controllers\Meters->telegram()
 3 SYSTEMPATH/CodeIgniter.php(482): CodeIgniter\CodeIgniter->runController(Object(App\Controllers\Meters))
 4 SYSTEMPATH/CodeIgniter.php(351): CodeIgniter\CodeIgniter->handleRequest(null, Object(Config\Cache), false)
 5 FCPATH/index.php(67): CodeIgniter\CodeIgniter->run()
CRITICAL - 2023-03-01 06:40:28 --> Array to string conversion
in APPPATH/Models/Telegram.php on line 13.
 1 APPPATH/Models/Telegram.php(13): CodeIgniter\Debug\Exceptions->errorHandler(8, 'Array to string conversion', 'APPPATH/Models/Telegram.php', 13, [...])
 2 APPPATH/Controllers/Meters.php(158): App\Models\Telegram->telegram()
 3 SYSTEMPATH/CodeIgniter.php(927): App\Controllers\Meters->telegram()
 4 SYSTEMPATH/CodeIgniter.php(482): CodeIgniter\CodeIgniter->runController(Object(App\Controllers\Meters))
 5 SYSTEMPATH/CodeIgniter.php(351): CodeIgniter\CodeIgniter->handleRequest(null, Object(Config\Cache), false)
 6 FCPATH/index.php(67): CodeIgniter\CodeIgniter->run()
