CRITICAL - 2023-08-09 08:17:12 --> Invalid argument supplied for foreach()
in APPPATH/Models/Search.php on line 473.
 1 APPPATH/Models/Search.php(473): CodeIgniter\Debug\Exceptions->errorHandler(2, 'Invalid argument supplied for foreach()', 'APPPATH/Models/Search.php', 473, [...])
 2 APPPATH/Controllers/Meters.php(149): App\Models\Search->getReportCounter(Object(CodeIgniter\HTTP\IncomingRequest))
 3 SYSTEMPATH/CodeIgniter.php(927): App\Controllers\Meters->ajax()
 4 SYSTEMPATH/CodeIgniter.php(482): CodeIgniter\CodeIgniter->runController(Object(App\Controllers\Meters))
 5 SYSTEMPATH/CodeIgniter.php(351): CodeIgniter\CodeIgniter->handleRequest(null, Object(Config\Cache), false)
 6 FCPATH/index.php(67): CodeIgniter\CodeIgniter->run()
CRITICAL - 2023-08-09 08:17:30 --> Invalid argument supplied for foreach()
in APPPATH/Models/Search.php on line 473.
 1 APPPATH/Models/Search.php(473): CodeIgniter\Debug\Exceptions->errorHandler(2, 'Invalid argument supplied for foreach()', 'APPPATH/Models/Search.php', 473, [...])
 2 APPPATH/Controllers/Meters.php(149): App\Models\Search->getReportCounter(Object(CodeIgniter\HTTP\IncomingRequest))
 3 SYSTEMPATH/CodeIgniter.php(927): App\Controllers\Meters->ajax()
 4 SYSTEMPATH/CodeIgniter.php(482): CodeIgniter\CodeIgniter->runController(Object(App\Controllers\Meters))
 5 SYSTEMPATH/CodeIgniter.php(351): CodeIgniter\CodeIgniter->handleRequest(null, Object(Config\Cache), false)
 6 FCPATH/index.php(67): CodeIgniter\CodeIgniter->run()
CRITICAL - 2023-08-09 09:30:11 --> Call to a member function format() on null
in APPPATH/Models/Excel.php on line 192.
 1 APPPATH/Models/Excel.php(148): App\Models\Excel->setMonthAndCounter(Object(PhpOffice\PhpSpreadsheet\Worksheet\Worksheet), Object(stdClass))
 2 APPPATH/Models/Excel.php(107): App\Models\Excel->createReport(Object(PhpOffice\PhpSpreadsheet\Worksheet\Worksheet), Object(stdClass))
 3 APPPATH/Models/Excel.php(80): App\Models\Excel->createZipFileReports(Object(stdClass))
 4 APPPATH/Models/Search.php(479): App\Models\Excel->createReports([...])
 5 APPPATH/Controllers/Meters.php(149): App\Models\Search->getReportCounter(Object(CodeIgniter\HTTP\IncomingRequest))
 6 SYSTEMPATH/CodeIgniter.php(927): App\Controllers\Meters->ajax()
 7 SYSTEMPATH/CodeIgniter.php(482): CodeIgniter\CodeIgniter->runController(Object(App\Controllers\Meters))
 8 SYSTEMPATH/CodeIgniter.php(351): CodeIgniter\CodeIgniter->handleRequest(null, Object(Config\Cache), false)
 9 FCPATH/index.php(67): CodeIgniter\CodeIgniter->run()
CRITICAL - 2023-08-09 09:30:20 --> Call to a member function format() on null
in APPPATH/Models/Excel.php on line 192.
 1 APPPATH/Models/Excel.php(148): App\Models\Excel->setMonthAndCounter(Object(PhpOffice\PhpSpreadsheet\Worksheet\Worksheet), Object(stdClass))
 2 APPPATH/Models/Excel.php(107): App\Models\Excel->createReport(Object(PhpOffice\PhpSpreadsheet\Worksheet\Worksheet), Object(stdClass))
 3 APPPATH/Models/Excel.php(80): App\Models\Excel->createZipFileReports(Object(stdClass))
 4 APPPATH/Models/Search.php(479): App\Models\Excel->createReports([...])
 5 APPPATH/Controllers/Meters.php(149): App\Models\Search->getReportCounter(Object(CodeIgniter\HTTP\IncomingRequest))
 6 SYSTEMPATH/CodeIgniter.php(927): App\Controllers\Meters->ajax()
 7 SYSTEMPATH/CodeIgniter.php(482): CodeIgniter\CodeIgniter->runController(Object(App\Controllers\Meters))
 8 SYSTEMPATH/CodeIgniter.php(351): CodeIgniter\CodeIgniter->handleRequest(null, Object(Config\Cache), false)
 9 FCPATH/index.php(67): CodeIgniter\CodeIgniter->run()
