ERROR - 2023-03-16 06:59:58 --> mysqli_sql_exception: Unknown column 'denied' in 'where clause' in /ext/WWW/konex.com.ua/zayavki/system/Database/MySQLi/Connection.php:292
Stack trace:
#0 /ext/WWW/konex.com.ua/zayavki/system/Database/MySQLi/Connection.php(292): mysqli->query('SELECT counter....', 0)
#1 /ext/WWW/konex.com.ua/zayavki/system/Database/BaseConnection.php(666): CodeIgniter\Database\MySQLi\Connection->execute('SELECT counter....')
#2 /ext/WWW/konex.com.ua/zayavki/system/Database/BaseConnection.php(593): CodeIgniter\Database\BaseConnection->simpleQuery('SELECT counter....')
#3 /ext/WWW/konex.com.ua/zayavki/app/Models/Search.php(323): CodeIgniter\Database\BaseConnection->query('SELECT counter....')
#4 /ext/WWW/konex.com.ua/zayavki/app/Models/Telegram.php(74): App\Models\Search->findCountersNotFilled('131', 'denied', NULL)
#5 /ext/WWW/konex.com.ua/zayavki/app/Models/Telegram.php(14): App\Models\Telegram->callback(Object(stdClass), Object(stdClass), 971483502)
#6 /ext/WWW/konex.com.ua/zayavki/app/Controllers/Meters.php(158): App\Models\Telegram->telegram(Object(stdClass))
#7 /ext/WWW/konex.com.ua/zayavki/system/CodeIgniter.php(927): App\Controllers\Meters->telegram()
#8 /ext/WWW/konex.com.ua/zayavki/system/CodeIgniter.php(482): CodeIgniter\CodeIgniter->runController(Object(App\Controllers\Meters))
#9 /ext/WWW/konex.com.ua/zayavki/system/CodeIgniter.php(351): CodeIgniter\CodeIgniter->handleRequest(NULL, Object(Config\Cache), false)
#10 /ext/WWW/konex.com.ua/zayavki/public/index.php(67): CodeIgniter\CodeIgniter->run()
#11 {main}
CRITICAL - 2023-03-16 06:59:58 --> Unknown column 'denied' in 'where clause'
in SYSTEMPATH/Database/MySQLi/Connection.php on line 292.
 1 SYSTEMPATH/Database/MySQLi/Connection.php(292): mysqli->query('SELECT counter.id, counter.counterId, counter.counterName, area.unit, area.addr FROM counter JOIN area ON counter.unit = area.id JOIN pokaz ON counter.id = pokaz.cId WHERE counter.id NOT IN 
               (SELECT counter.id FROM counter JOIN pokaz ON counter.id = cId WHERE ts = \'2023-02-01\'  AND counter.unit = 131 AND counter.typeC = denied AND counter.state = true GROUP BY counter.id)
               AND pokaz.ts =  \'2023-01-01\'  AND counter.unit = 131 AND counter.typeC = denied AND counter.state = true
               GROUP BY counter.id', 0)
 2 SYSTEMPATH/Database/BaseConnection.php(666): CodeIgniter\Database\MySQLi\Connection->execute('SELECT counter.id, counter.counterId, counter.counterName, area.unit, area.addr FROM counter JOIN area ON counter.unit = area.id JOIN pokaz ON counter.id = pokaz.cId WHERE counter.id NOT IN 
               (SELECT counter.id FROM counter JOIN pokaz ON counter.id = cId WHERE ts = \'2023-02-01\'  AND counter.unit = 131 AND counter.typeC = denied AND counter.state = true GROUP BY counter.id)
               AND pokaz.ts =  \'2023-01-01\'  AND counter.unit = 131 AND counter.typeC = denied AND counter.state = true
               GROUP BY counter.id')
 3 SYSTEMPATH/Database/BaseConnection.php(593): CodeIgniter\Database\BaseConnection->simpleQuery('SELECT counter.id, counter.counterId, counter.counterName, area.unit, area.addr FROM counter JOIN area ON counter.unit = area.id JOIN pokaz ON counter.id = pokaz.cId WHERE counter.id NOT IN 
               (SELECT counter.id FROM counter JOIN pokaz ON counter.id = cId WHERE ts = \'2023-02-01\'  AND counter.unit = 131 AND counter.typeC = denied AND counter.state = true GROUP BY counter.id)
               AND pokaz.ts =  \'2023-01-01\'  AND counter.unit = 131 AND counter.typeC = denied AND counter.state = true
               GROUP BY counter.id')
 4 APPPATH/Models/Search.php(323): CodeIgniter\Database\BaseConnection->query('SELECT counter.id, counter.counterId, counter.counterName, area.unit, area.addr FROM counter JOIN area ON counter.unit = area.id JOIN pokaz ON counter.id = pokaz.cId WHERE counter.id NOT IN 
               (SELECT counter.id FROM counter JOIN pokaz ON counter.id = cId WHERE ts = \'2023-02-01\'  AND counter.unit = 131 AND counter.typeC = denied AND counter.state = true GROUP BY counter.id)
               AND pokaz.ts =  \'2023-01-01\'  AND counter.unit = 131 AND counter.typeC = denied AND counter.state = true
               GROUP BY counter.id')
 5 APPPATH/Models/Telegram.php(74): App\Models\Search->findCountersNotFilled('131', 'denied', null)
 6 APPPATH/Models/Telegram.php(14): App\Models\Telegram->callback(Object(stdClass), Object(stdClass), 971483502)
 7 APPPATH/Controllers/Meters.php(158): App\Models\Telegram->telegram(Object(stdClass))
 8 SYSTEMPATH/CodeIgniter.php(927): App\Controllers\Meters->telegram()
 9 SYSTEMPATH/CodeIgniter.php(482): CodeIgniter\CodeIgniter->runController(Object(App\Controllers\Meters))
10 SYSTEMPATH/CodeIgniter.php(351): CodeIgniter\CodeIgniter->handleRequest(null, Object(Config\Cache), false)
11 FCPATH/index.php(67): CodeIgniter\CodeIgniter->run()
ERROR - 2023-03-16 07:00:00 --> mysqli_sql_exception: Unknown column 'denied' in 'where clause' in /ext/WWW/konex.com.ua/zayavki/system/Database/MySQLi/Connection.php:292
Stack trace:
#0 /ext/WWW/konex.com.ua/zayavki/system/Database/MySQLi/Connection.php(292): mysqli->query('SELECT counter....', 0)
#1 /ext/WWW/konex.com.ua/zayavki/system/Database/BaseConnection.php(666): CodeIgniter\Database\MySQLi\Connection->execute('SELECT counter....')
#2 /ext/WWW/konex.com.ua/zayavki/system/Database/BaseConnection.php(593): CodeIgniter\Database\BaseConnection->simpleQuery('SELECT counter....')
#3 /ext/WWW/konex.com.ua/zayavki/app/Models/Search.php(323): CodeIgniter\Database\BaseConnection->query('SELECT counter....')
#4 /ext/WWW/konex.com.ua/zayavki/app/Models/Telegram.php(74): App\Models\Search->findCountersNotFilled('131', 'denied', NULL)
#5 /ext/WWW/konex.com.ua/zayavki/app/Models/Telegram.php(14): App\Models\Telegram->callback(Object(stdClass), Object(stdClass), 971483502)
#6 /ext/WWW/konex.com.ua/zayavki/app/Controllers/Meters.php(158): App\Models\Telegram->telegram(Object(stdClass))
#7 /ext/WWW/konex.com.ua/zayavki/system/CodeIgniter.php(927): App\Controllers\Meters->telegram()
#8 /ext/WWW/konex.com.ua/zayavki/system/CodeIgniter.php(482): CodeIgniter\CodeIgniter->runController(Object(App\Controllers\Meters))
#9 /ext/WWW/konex.com.ua/zayavki/system/CodeIgniter.php(351): CodeIgniter\CodeIgniter->handleRequest(NULL, Object(Config\Cache), false)
#10 /ext/WWW/konex.com.ua/zayavki/public/index.php(67): CodeIgniter\CodeIgniter->run()
#11 {main}
CRITICAL - 2023-03-16 07:00:00 --> Unknown column 'denied' in 'where clause'
in SYSTEMPATH/Database/MySQLi/Connection.php on line 292.
 1 SYSTEMPATH/Database/MySQLi/Connection.php(292): mysqli->query('SELECT counter.id, counter.counterId, counter.counterName, area.unit, area.addr FROM counter JOIN area ON counter.unit = area.id JOIN pokaz ON counter.id = pokaz.cId WHERE counter.id NOT IN 
               (SELECT counter.id FROM counter JOIN pokaz ON counter.id = cId WHERE ts = \'2023-02-01\'  AND counter.unit = 131 AND counter.typeC = denied AND counter.state = true GROUP BY counter.id)
               AND pokaz.ts =  \'2023-01-01\'  AND counter.unit = 131 AND counter.typeC = denied AND counter.state = true
               GROUP BY counter.id', 0)
 2 SYSTEMPATH/Database/BaseConnection.php(666): CodeIgniter\Database\MySQLi\Connection->execute('SELECT counter.id, counter.counterId, counter.counterName, area.unit, area.addr FROM counter JOIN area ON counter.unit = area.id JOIN pokaz ON counter.id = pokaz.cId WHERE counter.id NOT IN 
               (SELECT counter.id FROM counter JOIN pokaz ON counter.id = cId WHERE ts = \'2023-02-01\'  AND counter.unit = 131 AND counter.typeC = denied AND counter.state = true GROUP BY counter.id)
               AND pokaz.ts =  \'2023-01-01\'  AND counter.unit = 131 AND counter.typeC = denied AND counter.state = true
               GROUP BY counter.id')
 3 SYSTEMPATH/Database/BaseConnection.php(593): CodeIgniter\Database\BaseConnection->simpleQuery('SELECT counter.id, counter.counterId, counter.counterName, area.unit, area.addr FROM counter JOIN area ON counter.unit = area.id JOIN pokaz ON counter.id = pokaz.cId WHERE counter.id NOT IN 
               (SELECT counter.id FROM counter JOIN pokaz ON counter.id = cId WHERE ts = \'2023-02-01\'  AND counter.unit = 131 AND counter.typeC = denied AND counter.state = true GROUP BY counter.id)
               AND pokaz.ts =  \'2023-01-01\'  AND counter.unit = 131 AND counter.typeC = denied AND counter.state = true
               GROUP BY counter.id')
 4 APPPATH/Models/Search.php(323): CodeIgniter\Database\BaseConnection->query('SELECT counter.id, counter.counterId, counter.counterName, area.unit, area.addr FROM counter JOIN area ON counter.unit = area.id JOIN pokaz ON counter.id = pokaz.cId WHERE counter.id NOT IN 
               (SELECT counter.id FROM counter JOIN pokaz ON counter.id = cId WHERE ts = \'2023-02-01\'  AND counter.unit = 131 AND counter.typeC = denied AND counter.state = true GROUP BY counter.id)
               AND pokaz.ts =  \'2023-01-01\'  AND counter.unit = 131 AND counter.typeC = denied AND counter.state = true
               GROUP BY counter.id')
 5 APPPATH/Models/Telegram.php(74): App\Models\Search->findCountersNotFilled('131', 'denied', null)
 6 APPPATH/Models/Telegram.php(14): App\Models\Telegram->callback(Object(stdClass), Object(stdClass), 971483502)
 7 APPPATH/Controllers/Meters.php(158): App\Models\Telegram->telegram(Object(stdClass))
 8 SYSTEMPATH/CodeIgniter.php(927): App\Controllers\Meters->telegram()
 9 SYSTEMPATH/CodeIgniter.php(482): CodeIgniter\CodeIgniter->runController(Object(App\Controllers\Meters))
10 SYSTEMPATH/CodeIgniter.php(351): CodeIgniter\CodeIgniter->handleRequest(null, Object(Config\Cache), false)
11 FCPATH/index.php(67): CodeIgniter\CodeIgniter->run()
ERROR - 2023-03-16 07:00:03 --> mysqli_sql_exception: Unknown column 'denied' in 'where clause' in /ext/WWW/konex.com.ua/zayavki/system/Database/MySQLi/Connection.php:292
Stack trace:
#0 /ext/WWW/konex.com.ua/zayavki/system/Database/MySQLi/Connection.php(292): mysqli->query('SELECT counter....', 0)
#1 /ext/WWW/konex.com.ua/zayavki/system/Database/BaseConnection.php(666): CodeIgniter\Database\MySQLi\Connection->execute('SELECT counter....')
#2 /ext/WWW/konex.com.ua/zayavki/system/Database/BaseConnection.php(593): CodeIgniter\Database\BaseConnection->simpleQuery('SELECT counter....')
#3 /ext/WWW/konex.com.ua/zayavki/app/Models/Search.php(323): CodeIgniter\Database\BaseConnection->query('SELECT counter....')
#4 /ext/WWW/konex.com.ua/zayavki/app/Models/Telegram.php(74): App\Models\Search->findCountersNotFilled('131', 'denied', NULL)
#5 /ext/WWW/konex.com.ua/zayavki/app/Models/Telegram.php(14): App\Models\Telegram->callback(Object(stdClass), Object(stdClass), 971483502)
#6 /ext/WWW/konex.com.ua/zayavki/app/Controllers/Meters.php(158): App\Models\Telegram->telegram(Object(stdClass))
#7 /ext/WWW/konex.com.ua/zayavki/system/CodeIgniter.php(927): App\Controllers\Meters->telegram()
#8 /ext/WWW/konex.com.ua/zayavki/system/CodeIgniter.php(482): CodeIgniter\CodeIgniter->runController(Object(App\Controllers\Meters))
#9 /ext/WWW/konex.com.ua/zayavki/system/CodeIgniter.php(351): CodeIgniter\CodeIgniter->handleRequest(NULL, Object(Config\Cache), false)
#10 /ext/WWW/konex.com.ua/zayavki/public/index.php(67): CodeIgniter\CodeIgniter->run()
#11 {main}
CRITICAL - 2023-03-16 07:00:03 --> Unknown column 'denied' in 'where clause'
in SYSTEMPATH/Database/MySQLi/Connection.php on line 292.
 1 SYSTEMPATH/Database/MySQLi/Connection.php(292): mysqli->query('SELECT counter.id, counter.counterId, counter.counterName, area.unit, area.addr FROM counter JOIN area ON counter.unit = area.id JOIN pokaz ON counter.id = pokaz.cId WHERE counter.id NOT IN 
               (SELECT counter.id FROM counter JOIN pokaz ON counter.id = cId WHERE ts = \'2023-02-01\'  AND counter.unit = 131 AND counter.typeC = denied AND counter.state = true GROUP BY counter.id)
               AND pokaz.ts =  \'2023-01-01\'  AND counter.unit = 131 AND counter.typeC = denied AND counter.state = true
               GROUP BY counter.id', 0)
 2 SYSTEMPATH/Database/BaseConnection.php(666): CodeIgniter\Database\MySQLi\Connection->execute('SELECT counter.id, counter.counterId, counter.counterName, area.unit, area.addr FROM counter JOIN area ON counter.unit = area.id JOIN pokaz ON counter.id = pokaz.cId WHERE counter.id NOT IN 
               (SELECT counter.id FROM counter JOIN pokaz ON counter.id = cId WHERE ts = \'2023-02-01\'  AND counter.unit = 131 AND counter.typeC = denied AND counter.state = true GROUP BY counter.id)
               AND pokaz.ts =  \'2023-01-01\'  AND counter.unit = 131 AND counter.typeC = denied AND counter.state = true
               GROUP BY counter.id')
 3 SYSTEMPATH/Database/BaseConnection.php(593): CodeIgniter\Database\BaseConnection->simpleQuery('SELECT counter.id, counter.counterId, counter.counterName, area.unit, area.addr FROM counter JOIN area ON counter.unit = area.id JOIN pokaz ON counter.id = pokaz.cId WHERE counter.id NOT IN 
               (SELECT counter.id FROM counter JOIN pokaz ON counter.id = cId WHERE ts = \'2023-02-01\'  AND counter.unit = 131 AND counter.typeC = denied AND counter.state = true GROUP BY counter.id)
               AND pokaz.ts =  \'2023-01-01\'  AND counter.unit = 131 AND counter.typeC = denied AND counter.state = true
               GROUP BY counter.id')
 4 APPPATH/Models/Search.php(323): CodeIgniter\Database\BaseConnection->query('SELECT counter.id, counter.counterId, counter.counterName, area.unit, area.addr FROM counter JOIN area ON counter.unit = area.id JOIN pokaz ON counter.id = pokaz.cId WHERE counter.id NOT IN 
               (SELECT counter.id FROM counter JOIN pokaz ON counter.id = cId WHERE ts = \'2023-02-01\'  AND counter.unit = 131 AND counter.typeC = denied AND counter.state = true GROUP BY counter.id)
               AND pokaz.ts =  \'2023-01-01\'  AND counter.unit = 131 AND counter.typeC = denied AND counter.state = true
               GROUP BY counter.id')
 5 APPPATH/Models/Telegram.php(74): App\Models\Search->findCountersNotFilled('131', 'denied', null)
 6 APPPATH/Models/Telegram.php(14): App\Models\Telegram->callback(Object(stdClass), Object(stdClass), 971483502)
 7 APPPATH/Controllers/Meters.php(158): App\Models\Telegram->telegram(Object(stdClass))
 8 SYSTEMPATH/CodeIgniter.php(927): App\Controllers\Meters->telegram()
 9 SYSTEMPATH/CodeIgniter.php(482): CodeIgniter\CodeIgniter->runController(Object(App\Controllers\Meters))
10 SYSTEMPATH/CodeIgniter.php(351): CodeIgniter\CodeIgniter->handleRequest(null, Object(Config\Cache), false)
11 FCPATH/index.php(67): CodeIgniter\CodeIgniter->run()
ERROR - 2023-03-16 07:00:08 --> mysqli_sql_exception: Unknown column 'denied' in 'where clause' in /ext/WWW/konex.com.ua/zayavki/system/Database/MySQLi/Connection.php:292
Stack trace:
#0 /ext/WWW/konex.com.ua/zayavki/system/Database/MySQLi/Connection.php(292): mysqli->query('SELECT counter....', 0)
#1 /ext/WWW/konex.com.ua/zayavki/system/Database/BaseConnection.php(666): CodeIgniter\Database\MySQLi\Connection->execute('SELECT counter....')
#2 /ext/WWW/konex.com.ua/zayavki/system/Database/BaseConnection.php(593): CodeIgniter\Database\BaseConnection->simpleQuery('SELECT counter....')
#3 /ext/WWW/konex.com.ua/zayavki/app/Models/Search.php(323): CodeIgniter\Database\BaseConnection->query('SELECT counter....')
#4 /ext/WWW/konex.com.ua/zayavki/app/Models/Telegram.php(74): App\Models\Search->findCountersNotFilled('131', 'denied', NULL)
#5 /ext/WWW/konex.com.ua/zayavki/app/Models/Telegram.php(14): App\Models\Telegram->callback(Object(stdClass), Object(stdClass), 971483502)
#6 /ext/WWW/konex.com.ua/zayavki/app/Controllers/Meters.php(158): App\Models\Telegram->telegram(Object(stdClass))
#7 /ext/WWW/konex.com.ua/zayavki/system/CodeIgniter.php(927): App\Controllers\Meters->telegram()
#8 /ext/WWW/konex.com.ua/zayavki/system/CodeIgniter.php(482): CodeIgniter\CodeIgniter->runController(Object(App\Controllers\Meters))
#9 /ext/WWW/konex.com.ua/zayavki/system/CodeIgniter.php(351): CodeIgniter\CodeIgniter->handleRequest(NULL, Object(Config\Cache), false)
#10 /ext/WWW/konex.com.ua/zayavki/public/index.php(67): CodeIgniter\CodeIgniter->run()
#11 {main}
CRITICAL - 2023-03-16 07:00:08 --> Unknown column 'denied' in 'where clause'
in SYSTEMPATH/Database/MySQLi/Connection.php on line 292.
 1 SYSTEMPATH/Database/MySQLi/Connection.php(292): mysqli->query('SELECT counter.id, counter.counterId, counter.counterName, area.unit, area.addr FROM counter JOIN area ON counter.unit = area.id JOIN pokaz ON counter.id = pokaz.cId WHERE counter.id NOT IN 
               (SELECT counter.id FROM counter JOIN pokaz ON counter.id = cId WHERE ts = \'2023-02-01\'  AND counter.unit = 131 AND counter.typeC = denied AND counter.state = true GROUP BY counter.id)
               AND pokaz.ts =  \'2023-01-01\'  AND counter.unit = 131 AND counter.typeC = denied AND counter.state = true
               GROUP BY counter.id', 0)
 2 SYSTEMPATH/Database/BaseConnection.php(666): CodeIgniter\Database\MySQLi\Connection->execute('SELECT counter.id, counter.counterId, counter.counterName, area.unit, area.addr FROM counter JOIN area ON counter.unit = area.id JOIN pokaz ON counter.id = pokaz.cId WHERE counter.id NOT IN 
               (SELECT counter.id FROM counter JOIN pokaz ON counter.id = cId WHERE ts = \'2023-02-01\'  AND counter.unit = 131 AND counter.typeC = denied AND counter.state = true GROUP BY counter.id)
               AND pokaz.ts =  \'2023-01-01\'  AND counter.unit = 131 AND counter.typeC = denied AND counter.state = true
               GROUP BY counter.id')
 3 SYSTEMPATH/Database/BaseConnection.php(593): CodeIgniter\Database\BaseConnection->simpleQuery('SELECT counter.id, counter.counterId, counter.counterName, area.unit, area.addr FROM counter JOIN area ON counter.unit = area.id JOIN pokaz ON counter.id = pokaz.cId WHERE counter.id NOT IN 
               (SELECT counter.id FROM counter JOIN pokaz ON counter.id = cId WHERE ts = \'2023-02-01\'  AND counter.unit = 131 AND counter.typeC = denied AND counter.state = true GROUP BY counter.id)
               AND pokaz.ts =  \'2023-01-01\'  AND counter.unit = 131 AND counter.typeC = denied AND counter.state = true
               GROUP BY counter.id')
 4 APPPATH/Models/Search.php(323): CodeIgniter\Database\BaseConnection->query('SELECT counter.id, counter.counterId, counter.counterName, area.unit, area.addr FROM counter JOIN area ON counter.unit = area.id JOIN pokaz ON counter.id = pokaz.cId WHERE counter.id NOT IN 
               (SELECT counter.id FROM counter JOIN pokaz ON counter.id = cId WHERE ts = \'2023-02-01\'  AND counter.unit = 131 AND counter.typeC = denied AND counter.state = true GROUP BY counter.id)
               AND pokaz.ts =  \'2023-01-01\'  AND counter.unit = 131 AND counter.typeC = denied AND counter.state = true
               GROUP BY counter.id')
 5 APPPATH/Models/Telegram.php(74): App\Models\Search->findCountersNotFilled('131', 'denied', null)
 6 APPPATH/Models/Telegram.php(14): App\Models\Telegram->callback(Object(stdClass), Object(stdClass), 971483502)
 7 APPPATH/Controllers/Meters.php(158): App\Models\Telegram->telegram(Object(stdClass))
 8 SYSTEMPATH/CodeIgniter.php(927): App\Controllers\Meters->telegram()
 9 SYSTEMPATH/CodeIgniter.php(482): CodeIgniter\CodeIgniter->runController(Object(App\Controllers\Meters))
10 SYSTEMPATH/CodeIgniter.php(351): CodeIgniter\CodeIgniter->handleRequest(null, Object(Config\Cache), false)
11 FCPATH/index.php(67): CodeIgniter\CodeIgniter->run()
ERROR - 2023-03-16 07:00:17 --> mysqli_sql_exception: Unknown column 'denied' in 'where clause' in /ext/WWW/konex.com.ua/zayavki/system/Database/MySQLi/Connection.php:292
Stack trace:
#0 /ext/WWW/konex.com.ua/zayavki/system/Database/MySQLi/Connection.php(292): mysqli->query('SELECT counter....', 0)
#1 /ext/WWW/konex.com.ua/zayavki/system/Database/BaseConnection.php(666): CodeIgniter\Database\MySQLi\Connection->execute('SELECT counter....')
#2 /ext/WWW/konex.com.ua/zayavki/system/Database/BaseConnection.php(593): CodeIgniter\Database\BaseConnection->simpleQuery('SELECT counter....')
#3 /ext/WWW/konex.com.ua/zayavki/app/Models/Search.php(323): CodeIgniter\Database\BaseConnection->query('SELECT counter....')
#4 /ext/WWW/konex.com.ua/zayavki/app/Models/Telegram.php(74): App\Models\Search->findCountersNotFilled('131', 'denied', NULL)
#5 /ext/WWW/konex.com.ua/zayavki/app/Models/Telegram.php(14): App\Models\Telegram->callback(Object(stdClass), Object(stdClass), 971483502)
#6 /ext/WWW/konex.com.ua/zayavki/app/Controllers/Meters.php(158): App\Models\Telegram->telegram(Object(stdClass))
#7 /ext/WWW/konex.com.ua/zayavki/system/CodeIgniter.php(927): App\Controllers\Meters->telegram()
#8 /ext/WWW/konex.com.ua/zayavki/system/CodeIgniter.php(482): CodeIgniter\CodeIgniter->runController(Object(App\Controllers\Meters))
#9 /ext/WWW/konex.com.ua/zayavki/system/CodeIgniter.php(351): CodeIgniter\CodeIgniter->handleRequest(NULL, Object(Config\Cache), false)
#10 /ext/WWW/konex.com.ua/zayavki/public/index.php(67): CodeIgniter\CodeIgniter->run()
#11 {main}
CRITICAL - 2023-03-16 07:00:17 --> Unknown column 'denied' in 'where clause'
in SYSTEMPATH/Database/MySQLi/Connection.php on line 292.
 1 SYSTEMPATH/Database/MySQLi/Connection.php(292): mysqli->query('SELECT counter.id, counter.counterId, counter.counterName, area.unit, area.addr FROM counter JOIN area ON counter.unit = area.id JOIN pokaz ON counter.id = pokaz.cId WHERE counter.id NOT IN 
               (SELECT counter.id FROM counter JOIN pokaz ON counter.id = cId WHERE ts = \'2023-02-01\'  AND counter.unit = 131 AND counter.typeC = denied AND counter.state = true GROUP BY counter.id)
               AND pokaz.ts =  \'2023-01-01\'  AND counter.unit = 131 AND counter.typeC = denied AND counter.state = true
               GROUP BY counter.id', 0)
 2 SYSTEMPATH/Database/BaseConnection.php(666): CodeIgniter\Database\MySQLi\Connection->execute('SELECT counter.id, counter.counterId, counter.counterName, area.unit, area.addr FROM counter JOIN area ON counter.unit = area.id JOIN pokaz ON counter.id = pokaz.cId WHERE counter.id NOT IN 
               (SELECT counter.id FROM counter JOIN pokaz ON counter.id = cId WHERE ts = \'2023-02-01\'  AND counter.unit = 131 AND counter.typeC = denied AND counter.state = true GROUP BY counter.id)
               AND pokaz.ts =  \'2023-01-01\'  AND counter.unit = 131 AND counter.typeC = denied AND counter.state = true
               GROUP BY counter.id')
 3 SYSTEMPATH/Database/BaseConnection.php(593): CodeIgniter\Database\BaseConnection->simpleQuery('SELECT counter.id, counter.counterId, counter.counterName, area.unit, area.addr FROM counter JOIN area ON counter.unit = area.id JOIN pokaz ON counter.id = pokaz.cId WHERE counter.id NOT IN 
               (SELECT counter.id FROM counter JOIN pokaz ON counter.id = cId WHERE ts = \'2023-02-01\'  AND counter.unit = 131 AND counter.typeC = denied AND counter.state = true GROUP BY counter.id)
               AND pokaz.ts =  \'2023-01-01\'  AND counter.unit = 131 AND counter.typeC = denied AND counter.state = true
               GROUP BY counter.id')
 4 APPPATH/Models/Search.php(323): CodeIgniter\Database\BaseConnection->query('SELECT counter.id, counter.counterId, counter.counterName, area.unit, area.addr FROM counter JOIN area ON counter.unit = area.id JOIN pokaz ON counter.id = pokaz.cId WHERE counter.id NOT IN 
               (SELECT counter.id FROM counter JOIN pokaz ON counter.id = cId WHERE ts = \'2023-02-01\'  AND counter.unit = 131 AND counter.typeC = denied AND counter.state = true GROUP BY counter.id)
               AND pokaz.ts =  \'2023-01-01\'  AND counter.unit = 131 AND counter.typeC = denied AND counter.state = true
               GROUP BY counter.id')
 5 APPPATH/Models/Telegram.php(74): App\Models\Search->findCountersNotFilled('131', 'denied', null)
 6 APPPATH/Models/Telegram.php(14): App\Models\Telegram->callback(Object(stdClass), Object(stdClass), 971483502)
 7 APPPATH/Controllers/Meters.php(158): App\Models\Telegram->telegram(Object(stdClass))
 8 SYSTEMPATH/CodeIgniter.php(927): App\Controllers\Meters->telegram()
 9 SYSTEMPATH/CodeIgniter.php(482): CodeIgniter\CodeIgniter->runController(Object(App\Controllers\Meters))
10 SYSTEMPATH/CodeIgniter.php(351): CodeIgniter\CodeIgniter->handleRequest(null, Object(Config\Cache), false)
11 FCPATH/index.php(67): CodeIgniter\CodeIgniter->run()
CRITICAL - 2023-03-16 07:00:54 --> Trying to get property 'telegramState' of non-object
in APPPATH/Models/Telegram.php on line 67.
 1 APPPATH/Models/Telegram.php(67): CodeIgniter\Debug\Exceptions->errorHandler(8, 'Trying to get property \'telegramState\' of non-object', 'APPPATH/Models/Telegram.php', 67, [...])
 2 APPPATH/Models/Telegram.php(14): App\Models\Telegram->callback(null, Object(stdClass), 971483502)
 3 APPPATH/Controllers/Meters.php(158): App\Models\Telegram->telegram(Object(stdClass))
 4 SYSTEMPATH/CodeIgniter.php(927): App\Controllers\Meters->telegram()
 5 SYSTEMPATH/CodeIgniter.php(482): CodeIgniter\CodeIgniter->runController(Object(App\Controllers\Meters))
 6 SYSTEMPATH/CodeIgniter.php(351): CodeIgniter\CodeIgniter->handleRequest(null, Object(Config\Cache), false)
 7 FCPATH/index.php(67): CodeIgniter\CodeIgniter->run()
CRITICAL - 2023-03-16 07:00:55 --> Trying to get property 'telegramState' of non-object
in APPPATH/Models/Telegram.php on line 67.
 1 APPPATH/Models/Telegram.php(67): CodeIgniter\Debug\Exceptions->errorHandler(8, 'Trying to get property \'telegramState\' of non-object', 'APPPATH/Models/Telegram.php', 67, [...])
 2 APPPATH/Models/Telegram.php(14): App\Models\Telegram->callback(null, Object(stdClass), 971483502)
 3 APPPATH/Controllers/Meters.php(158): App\Models\Telegram->telegram(Object(stdClass))
 4 SYSTEMPATH/CodeIgniter.php(927): App\Controllers\Meters->telegram()
 5 SYSTEMPATH/CodeIgniter.php(482): CodeIgniter\CodeIgniter->runController(Object(App\Controllers\Meters))
 6 SYSTEMPATH/CodeIgniter.php(351): CodeIgniter\CodeIgniter->handleRequest(null, Object(Config\Cache), false)
 7 FCPATH/index.php(67): CodeIgniter\CodeIgniter->run()
CRITICAL - 2023-03-16 07:00:59 --> Trying to get property 'telegramState' of non-object
in APPPATH/Models/Telegram.php on line 67.
 1 APPPATH/Models/Telegram.php(67): CodeIgniter\Debug\Exceptions->errorHandler(8, 'Trying to get property \'telegramState\' of non-object', 'APPPATH/Models/Telegram.php', 67, [...])
 2 APPPATH/Models/Telegram.php(14): App\Models\Telegram->callback(null, Object(stdClass), 971483502)
 3 APPPATH/Controllers/Meters.php(158): App\Models\Telegram->telegram(Object(stdClass))
 4 SYSTEMPATH/CodeIgniter.php(927): App\Controllers\Meters->telegram()
 5 SYSTEMPATH/CodeIgniter.php(482): CodeIgniter\CodeIgniter->runController(Object(App\Controllers\Meters))
 6 SYSTEMPATH/CodeIgniter.php(351): CodeIgniter\CodeIgniter->handleRequest(null, Object(Config\Cache), false)
 7 FCPATH/index.php(67): CodeIgniter\CodeIgniter->run()
CRITICAL - 2023-03-16 07:01:05 --> Trying to get property 'telegramState' of non-object
in APPPATH/Models/Telegram.php on line 67.
 1 APPPATH/Models/Telegram.php(67): CodeIgniter\Debug\Exceptions->errorHandler(8, 'Trying to get property \'telegramState\' of non-object', 'APPPATH/Models/Telegram.php', 67, [...])
 2 APPPATH/Models/Telegram.php(14): App\Models\Telegram->callback(null, Object(stdClass), 971483502)
 3 APPPATH/Controllers/Meters.php(158): App\Models\Telegram->telegram(Object(stdClass))
 4 SYSTEMPATH/CodeIgniter.php(927): App\Controllers\Meters->telegram()
 5 SYSTEMPATH/CodeIgniter.php(482): CodeIgniter\CodeIgniter->runController(Object(App\Controllers\Meters))
 6 SYSTEMPATH/CodeIgniter.php(351): CodeIgniter\CodeIgniter->handleRequest(null, Object(Config\Cache), false)
 7 FCPATH/index.php(67): CodeIgniter\CodeIgniter->run()
CRITICAL - 2023-03-16 07:01:13 --> Trying to get property 'telegramState' of non-object
in APPPATH/Models/Telegram.php on line 67.
 1 APPPATH/Models/Telegram.php(67): CodeIgniter\Debug\Exceptions->errorHandler(8, 'Trying to get property \'telegramState\' of non-object', 'APPPATH/Models/Telegram.php', 67, [...])
 2 APPPATH/Models/Telegram.php(14): App\Models\Telegram->callback(null, Object(stdClass), 971483502)
 3 APPPATH/Controllers/Meters.php(158): App\Models\Telegram->telegram(Object(stdClass))
 4 SYSTEMPATH/CodeIgniter.php(927): App\Controllers\Meters->telegram()
 5 SYSTEMPATH/CodeIgniter.php(482): CodeIgniter\CodeIgniter->runController(Object(App\Controllers\Meters))
 6 SYSTEMPATH/CodeIgniter.php(351): CodeIgniter\CodeIgniter->handleRequest(null, Object(Config\Cache), false)
 7 FCPATH/index.php(67): CodeIgniter\CodeIgniter->run()
CRITICAL - 2023-03-16 07:14:33 --> Trying to get property 'telegramState' of non-object
in APPPATH/Models/Telegram.php on line 67.
 1 APPPATH/Models/Telegram.php(67): CodeIgniter\Debug\Exceptions->errorHandler(8, 'Trying to get property \'telegramState\' of non-object', 'APPPATH/Models/Telegram.php', 67, [...])
 2 APPPATH/Models/Telegram.php(14): App\Models\Telegram->callback(null, Object(stdClass), 971483502)
 3 APPPATH/Controllers/Meters.php(158): App\Models\Telegram->telegram(Object(stdClass))
 4 SYSTEMPATH/CodeIgniter.php(927): App\Controllers\Meters->telegram()
 5 SYSTEMPATH/CodeIgniter.php(482): CodeIgniter\CodeIgniter->runController(Object(App\Controllers\Meters))
 6 SYSTEMPATH/CodeIgniter.php(351): CodeIgniter\CodeIgniter->handleRequest(null, Object(Config\Cache), false)
 7 FCPATH/index.php(67): CodeIgniter\CodeIgniter->run()
CRITICAL - 2023-03-16 07:14:33 --> Trying to get property 'telegramState' of non-object
in APPPATH/Models/Telegram.php on line 67.
 1 APPPATH/Models/Telegram.php(67): CodeIgniter\Debug\Exceptions->errorHandler(8, 'Trying to get property \'telegramState\' of non-object', 'APPPATH/Models/Telegram.php', 67, [...])
 2 APPPATH/Models/Telegram.php(14): App\Models\Telegram->callback(null, Object(stdClass), 971483502)
 3 APPPATH/Controllers/Meters.php(158): App\Models\Telegram->telegram(Object(stdClass))
 4 SYSTEMPATH/CodeIgniter.php(927): App\Controllers\Meters->telegram()
 5 SYSTEMPATH/CodeIgniter.php(482): CodeIgniter\CodeIgniter->runController(Object(App\Controllers\Meters))
 6 SYSTEMPATH/CodeIgniter.php(351): CodeIgniter\CodeIgniter->handleRequest(null, Object(Config\Cache), false)
 7 FCPATH/index.php(67): CodeIgniter\CodeIgniter->run()
CRITICAL - 2023-03-16 07:14:33 --> Trying to get property 'telegramState' of non-object
in APPPATH/Models/Telegram.php on line 67.
 1 APPPATH/Models/Telegram.php(67): CodeIgniter\Debug\Exceptions->errorHandler(8, 'Trying to get property \'telegramState\' of non-object', 'APPPATH/Models/Telegram.php', 67, [...])
 2 APPPATH/Models/Telegram.php(14): App\Models\Telegram->callback(null, Object(stdClass), 971483502)
 3 APPPATH/Controllers/Meters.php(158): App\Models\Telegram->telegram(Object(stdClass))
 4 SYSTEMPATH/CodeIgniter.php(927): App\Controllers\Meters->telegram()
 5 SYSTEMPATH/CodeIgniter.php(482): CodeIgniter\CodeIgniter->runController(Object(App\Controllers\Meters))
 6 SYSTEMPATH/CodeIgniter.php(351): CodeIgniter\CodeIgniter->handleRequest(null, Object(Config\Cache), false)
 7 FCPATH/index.php(67): CodeIgniter\CodeIgniter->run()
CRITICAL - 2023-03-16 07:14:33 --> Trying to get property 'telegramState' of non-object
in APPPATH/Models/Telegram.php on line 67.
 1 APPPATH/Models/Telegram.php(67): CodeIgniter\Debug\Exceptions->errorHandler(8, 'Trying to get property \'telegramState\' of non-object', 'APPPATH/Models/Telegram.php', 67, [...])
 2 APPPATH/Models/Telegram.php(14): App\Models\Telegram->callback(null, Object(stdClass), 971483502)
 3 APPPATH/Controllers/Meters.php(158): App\Models\Telegram->telegram(Object(stdClass))
 4 SYSTEMPATH/CodeIgniter.php(927): App\Controllers\Meters->telegram()
 5 SYSTEMPATH/CodeIgniter.php(482): CodeIgniter\CodeIgniter->runController(Object(App\Controllers\Meters))
 6 SYSTEMPATH/CodeIgniter.php(351): CodeIgniter\CodeIgniter->handleRequest(null, Object(Config\Cache), false)
 7 FCPATH/index.php(67): CodeIgniter\CodeIgniter->run()
CRITICAL - 2023-03-16 07:14:33 --> Trying to get property 'telegramState' of non-object
in APPPATH/Models/Telegram.php on line 67.
 1 APPPATH/Models/Telegram.php(67): CodeIgniter\Debug\Exceptions->errorHandler(8, 'Trying to get property \'telegramState\' of non-object', 'APPPATH/Models/Telegram.php', 67, [...])
 2 APPPATH/Models/Telegram.php(14): App\Models\Telegram->callback(null, Object(stdClass), 971483502)
 3 APPPATH/Controllers/Meters.php(158): App\Models\Telegram->telegram(Object(stdClass))
 4 SYSTEMPATH/CodeIgniter.php(927): App\Controllers\Meters->telegram()
 5 SYSTEMPATH/CodeIgniter.php(482): CodeIgniter\CodeIgniter->runController(Object(App\Controllers\Meters))
 6 SYSTEMPATH/CodeIgniter.php(351): CodeIgniter\CodeIgniter->handleRequest(null, Object(Config\Cache), false)
 7 FCPATH/index.php(67): CodeIgniter\CodeIgniter->run()
CRITICAL - 2023-03-16 07:14:33 --> Trying to get property 'telegramState' of non-object
in APPPATH/Models/Telegram.php on line 67.
 1 APPPATH/Models/Telegram.php(67): CodeIgniter\Debug\Exceptions->errorHandler(8, 'Trying to get property \'telegramState\' of non-object', 'APPPATH/Models/Telegram.php', 67, [...])
 2 APPPATH/Models/Telegram.php(14): App\Models\Telegram->callback(null, Object(stdClass), 971483502)
 3 APPPATH/Controllers/Meters.php(158): App\Models\Telegram->telegram(Object(stdClass))
 4 SYSTEMPATH/CodeIgniter.php(927): App\Controllers\Meters->telegram()
 5 SYSTEMPATH/CodeIgniter.php(482): CodeIgniter\CodeIgniter->runController(Object(App\Controllers\Meters))
 6 SYSTEMPATH/CodeIgniter.php(351): CodeIgniter\CodeIgniter->handleRequest(null, Object(Config\Cache), false)
 7 FCPATH/index.php(67): CodeIgniter\CodeIgniter->run()
CRITICAL - 2023-03-16 07:14:33 --> Trying to get property 'telegramState' of non-object
in APPPATH/Models/Telegram.php on line 67.
 1 APPPATH/Models/Telegram.php(67): CodeIgniter\Debug\Exceptions->errorHandler(8, 'Trying to get property \'telegramState\' of non-object', 'APPPATH/Models/Telegram.php', 67, [...])
 2 APPPATH/Models/Telegram.php(14): App\Models\Telegram->callback(null, Object(stdClass), 971483502)
 3 APPPATH/Controllers/Meters.php(158): App\Models\Telegram->telegram(Object(stdClass))
 4 SYSTEMPATH/CodeIgniter.php(927): App\Controllers\Meters->telegram()
 5 SYSTEMPATH/CodeIgniter.php(482): CodeIgniter\CodeIgniter->runController(Object(App\Controllers\Meters))
 6 SYSTEMPATH/CodeIgniter.php(351): CodeIgniter\CodeIgniter->handleRequest(null, Object(Config\Cache), false)
 7 FCPATH/index.php(67): CodeIgniter\CodeIgniter->run()
CRITICAL - 2023-03-16 07:14:37 --> Trying to get property 'telegramState' of non-object
in APPPATH/Models/Telegram.php on line 67.
 1 APPPATH/Models/Telegram.php(67): CodeIgniter\Debug\Exceptions->errorHandler(8, 'Trying to get property \'telegramState\' of non-object', 'APPPATH/Models/Telegram.php', 67, [...])
 2 APPPATH/Models/Telegram.php(14): App\Models\Telegram->callback(null, Object(stdClass), 971483502)
 3 APPPATH/Controllers/Meters.php(158): App\Models\Telegram->telegram(Object(stdClass))
 4 SYSTEMPATH/CodeIgniter.php(927): App\Controllers\Meters->telegram()
 5 SYSTEMPATH/CodeIgniter.php(482): CodeIgniter\CodeIgniter->runController(Object(App\Controllers\Meters))
 6 SYSTEMPATH/CodeIgniter.php(351): CodeIgniter\CodeIgniter->handleRequest(null, Object(Config\Cache), false)
 7 FCPATH/index.php(67): CodeIgniter\CodeIgniter->run()
CRITICAL - 2023-03-16 07:14:37 --> Trying to get property 'telegramState' of non-object
in APPPATH/Models/Telegram.php on line 67.
 1 APPPATH/Models/Telegram.php(67): CodeIgniter\Debug\Exceptions->errorHandler(8, 'Trying to get property \'telegramState\' of non-object', 'APPPATH/Models/Telegram.php', 67, [...])
 2 APPPATH/Models/Telegram.php(14): App\Models\Telegram->callback(null, Object(stdClass), 971483502)
 3 APPPATH/Controllers/Meters.php(158): App\Models\Telegram->telegram(Object(stdClass))
 4 SYSTEMPATH/CodeIgniter.php(927): App\Controllers\Meters->telegram()
 5 SYSTEMPATH/CodeIgniter.php(482): CodeIgniter\CodeIgniter->runController(Object(App\Controllers\Meters))
 6 SYSTEMPATH/CodeIgniter.php(351): CodeIgniter\CodeIgniter->handleRequest(null, Object(Config\Cache), false)
 7 FCPATH/index.php(67): CodeIgniter\CodeIgniter->run()
CRITICAL - 2023-03-16 07:14:37 --> Trying to get property 'telegramState' of non-object
in APPPATH/Models/Telegram.php on line 67.
 1 APPPATH/Models/Telegram.php(67): CodeIgniter\Debug\Exceptions->errorHandler(8, 'Trying to get property \'telegramState\' of non-object', 'APPPATH/Models/Telegram.php', 67, [...])
 2 APPPATH/Models/Telegram.php(14): App\Models\Telegram->callback(null, Object(stdClass), 971483502)
 3 APPPATH/Controllers/Meters.php(158): App\Models\Telegram->telegram(Object(stdClass))
 4 SYSTEMPATH/CodeIgniter.php(927): App\Controllers\Meters->telegram()
 5 SYSTEMPATH/CodeIgniter.php(482): CodeIgniter\CodeIgniter->runController(Object(App\Controllers\Meters))
 6 SYSTEMPATH/CodeIgniter.php(351): CodeIgniter\CodeIgniter->handleRequest(null, Object(Config\Cache), false)
 7 FCPATH/index.php(67): CodeIgniter\CodeIgniter->run()
CRITICAL - 2023-03-16 07:14:39 --> Trying to get property 'telegramState' of non-object
in APPPATH/Models/Telegram.php on line 67.
 1 APPPATH/Models/Telegram.php(67): CodeIgniter\Debug\Exceptions->errorHandler(8, 'Trying to get property \'telegramState\' of non-object', 'APPPATH/Models/Telegram.php', 67, [...])
 2 APPPATH/Models/Telegram.php(14): App\Models\Telegram->callback(null, Object(stdClass), 971483502)
 3 APPPATH/Controllers/Meters.php(158): App\Models\Telegram->telegram(Object(stdClass))
 4 SYSTEMPATH/CodeIgniter.php(927): App\Controllers\Meters->telegram()
 5 SYSTEMPATH/CodeIgniter.php(482): CodeIgniter\CodeIgniter->runController(Object(App\Controllers\Meters))
 6 SYSTEMPATH/CodeIgniter.php(351): CodeIgniter\CodeIgniter->handleRequest(null, Object(Config\Cache), false)
 7 FCPATH/index.php(67): CodeIgniter\CodeIgniter->run()
CRITICAL - 2023-03-16 07:14:43 --> Trying to get property 'telegramState' of non-object
in APPPATH/Models/Telegram.php on line 67.
 1 APPPATH/Models/Telegram.php(67): CodeIgniter\Debug\Exceptions->errorHandler(8, 'Trying to get property \'telegramState\' of non-object', 'APPPATH/Models/Telegram.php', 67, [...])
 2 APPPATH/Models/Telegram.php(14): App\Models\Telegram->callback(null, Object(stdClass), 971483502)
 3 APPPATH/Controllers/Meters.php(158): App\Models\Telegram->telegram(Object(stdClass))
 4 SYSTEMPATH/CodeIgniter.php(927): App\Controllers\Meters->telegram()
 5 SYSTEMPATH/CodeIgniter.php(482): CodeIgniter\CodeIgniter->runController(Object(App\Controllers\Meters))
 6 SYSTEMPATH/CodeIgniter.php(351): CodeIgniter\CodeIgniter->handleRequest(null, Object(Config\Cache), false)
 7 FCPATH/index.php(67): CodeIgniter\CodeIgniter->run()
CRITICAL - 2023-03-16 07:14:52 --> Trying to get property 'telegramState' of non-object
in APPPATH/Models/Telegram.php on line 67.
 1 APPPATH/Models/Telegram.php(67): CodeIgniter\Debug\Exceptions->errorHandler(8, 'Trying to get property \'telegramState\' of non-object', 'APPPATH/Models/Telegram.php', 67, [...])
 2 APPPATH/Models/Telegram.php(14): App\Models\Telegram->callback(null, Object(stdClass), 971483502)
 3 APPPATH/Controllers/Meters.php(158): App\Models\Telegram->telegram(Object(stdClass))
 4 SYSTEMPATH/CodeIgniter.php(927): App\Controllers\Meters->telegram()
 5 SYSTEMPATH/CodeIgniter.php(482): CodeIgniter\CodeIgniter->runController(Object(App\Controllers\Meters))
 6 SYSTEMPATH/CodeIgniter.php(351): CodeIgniter\CodeIgniter->handleRequest(null, Object(Config\Cache), false)
 7 FCPATH/index.php(67): CodeIgniter\CodeIgniter->run()
CRITICAL - 2023-03-16 07:15:08 --> Trying to get property 'telegramState' of non-object
in APPPATH/Models/Telegram.php on line 67.
 1 APPPATH/Models/Telegram.php(67): CodeIgniter\Debug\Exceptions->errorHandler(8, 'Trying to get property \'telegramState\' of non-object', 'APPPATH/Models/Telegram.php', 67, [...])
 2 APPPATH/Models/Telegram.php(14): App\Models\Telegram->callback(null, Object(stdClass), 971483502)
 3 APPPATH/Controllers/Meters.php(158): App\Models\Telegram->telegram(Object(stdClass))
 4 SYSTEMPATH/CodeIgniter.php(927): App\Controllers\Meters->telegram()
 5 SYSTEMPATH/CodeIgniter.php(482): CodeIgniter\CodeIgniter->runController(Object(App\Controllers\Meters))
 6 SYSTEMPATH/CodeIgniter.php(351): CodeIgniter\CodeIgniter->handleRequest(null, Object(Config\Cache), false)
 7 FCPATH/index.php(67): CodeIgniter\CodeIgniter->run()
CRITICAL - 2023-03-16 07:15:40 --> Trying to get property 'telegramState' of non-object
in APPPATH/Models/Telegram.php on line 67.
 1 APPPATH/Models/Telegram.php(67): CodeIgniter\Debug\Exceptions->errorHandler(8, 'Trying to get property \'telegramState\' of non-object', 'APPPATH/Models/Telegram.php', 67, [...])
 2 APPPATH/Models/Telegram.php(14): App\Models\Telegram->callback(null, Object(stdClass), 971483502)
 3 APPPATH/Controllers/Meters.php(158): App\Models\Telegram->telegram(Object(stdClass))
 4 SYSTEMPATH/CodeIgniter.php(927): App\Controllers\Meters->telegram()
 5 SYSTEMPATH/CodeIgniter.php(482): CodeIgniter\CodeIgniter->runController(Object(App\Controllers\Meters))
 6 SYSTEMPATH/CodeIgniter.php(351): CodeIgniter\CodeIgniter->handleRequest(null, Object(Config\Cache), false)
 7 FCPATH/index.php(67): CodeIgniter\CodeIgniter->run()
CRITICAL - 2023-03-16 08:08:28 --> Undefined index: error
in APPPATH/Controllers/Meters.php on line 162.
 1 APPPATH/Controllers/Meters.php(162): CodeIgniter\Debug\Exceptions->errorHandler(8, 'Undefined index: error', 'APPPATH/Controllers/Meters.php', 162, [...])
 2 SYSTEMPATH/CodeIgniter.php(927): App\Controllers\Meters->telegram()
 3 SYSTEMPATH/CodeIgniter.php(482): CodeIgniter\CodeIgniter->runController(Object(App\Controllers\Meters))
 4 SYSTEMPATH/CodeIgniter.php(351): CodeIgniter\CodeIgniter->handleRequest(null, Object(Config\Cache), false)
 5 FCPATH/index.php(67): CodeIgniter\CodeIgniter->run()
CRITICAL - 2023-03-16 08:08:28 --> Undefined index: error
in APPPATH/Controllers/Meters.php on line 162.
 1 APPPATH/Controllers/Meters.php(162): CodeIgniter\Debug\Exceptions->errorHandler(8, 'Undefined index: error', 'APPPATH/Controllers/Meters.php', 162, [...])
 2 SYSTEMPATH/CodeIgniter.php(927): App\Controllers\Meters->telegram()
 3 SYSTEMPATH/CodeIgniter.php(482): CodeIgniter\CodeIgniter->runController(Object(App\Controllers\Meters))
 4 SYSTEMPATH/CodeIgniter.php(351): CodeIgniter\CodeIgniter->handleRequest(null, Object(Config\Cache), false)
 5 FCPATH/index.php(67): CodeIgniter\CodeIgniter->run()
CRITICAL - 2023-03-16 08:08:31 --> Undefined index: error
in APPPATH/Controllers/Meters.php on line 162.
 1 APPPATH/Controllers/Meters.php(162): CodeIgniter\Debug\Exceptions->errorHandler(8, 'Undefined index: error', 'APPPATH/Controllers/Meters.php', 162, [...])
 2 SYSTEMPATH/CodeIgniter.php(927): App\Controllers\Meters->telegram()
 3 SYSTEMPATH/CodeIgniter.php(482): CodeIgniter\CodeIgniter->runController(Object(App\Controllers\Meters))
 4 SYSTEMPATH/CodeIgniter.php(351): CodeIgniter\CodeIgniter->handleRequest(null, Object(Config\Cache), false)
 5 FCPATH/index.php(67): CodeIgniter\CodeIgniter->run()
CRITICAL - 2023-03-16 08:08:35 --> Undefined index: error
in APPPATH/Controllers/Meters.php on line 162.
 1 APPPATH/Controllers/Meters.php(162): CodeIgniter\Debug\Exceptions->errorHandler(8, 'Undefined index: error', 'APPPATH/Controllers/Meters.php', 162, [...])
 2 SYSTEMPATH/CodeIgniter.php(927): App\Controllers\Meters->telegram()
 3 SYSTEMPATH/CodeIgniter.php(482): CodeIgniter\CodeIgniter->runController(Object(App\Controllers\Meters))
 4 SYSTEMPATH/CodeIgniter.php(351): CodeIgniter\CodeIgniter->handleRequest(null, Object(Config\Cache), false)
 5 FCPATH/index.php(67): CodeIgniter\CodeIgniter->run()
CRITICAL - 2023-03-16 08:08:44 --> Undefined index: error
in APPPATH/Controllers/Meters.php on line 162.
 1 APPPATH/Controllers/Meters.php(162): CodeIgniter\Debug\Exceptions->errorHandler(8, 'Undefined index: error', 'APPPATH/Controllers/Meters.php', 162, [...])
 2 SYSTEMPATH/CodeIgniter.php(927): App\Controllers\Meters->telegram()
 3 SYSTEMPATH/CodeIgniter.php(482): CodeIgniter\CodeIgniter->runController(Object(App\Controllers\Meters))
 4 SYSTEMPATH/CodeIgniter.php(351): CodeIgniter\CodeIgniter->handleRequest(null, Object(Config\Cache), false)
 5 FCPATH/index.php(67): CodeIgniter\CodeIgniter->run()
CRITICAL - 2023-03-16 08:09:55 --> Undefined index: error
in APPPATH/Controllers/Meters.php on line 162.
 1 APPPATH/Controllers/Meters.php(162): CodeIgniter\Debug\Exceptions->errorHandler(8, 'Undefined index: error', 'APPPATH/Controllers/Meters.php', 162, [...])
 2 SYSTEMPATH/CodeIgniter.php(927): App\Controllers\Meters->telegram()
 3 SYSTEMPATH/CodeIgniter.php(482): CodeIgniter\CodeIgniter->runController(Object(App\Controllers\Meters))
 4 SYSTEMPATH/CodeIgniter.php(351): CodeIgniter\CodeIgniter->handleRequest(null, Object(Config\Cache), false)
 5 FCPATH/index.php(67): CodeIgniter\CodeIgniter->run()
CRITICAL - 2023-03-16 08:09:55 --> Undefined index: error
in APPPATH/Controllers/Meters.php on line 162.
 1 APPPATH/Controllers/Meters.php(162): CodeIgniter\Debug\Exceptions->errorHandler(8, 'Undefined index: error', 'APPPATH/Controllers/Meters.php', 162, [...])
 2 SYSTEMPATH/CodeIgniter.php(927): App\Controllers\Meters->telegram()
 3 SYSTEMPATH/CodeIgniter.php(482): CodeIgniter\CodeIgniter->runController(Object(App\Controllers\Meters))
 4 SYSTEMPATH/CodeIgniter.php(351): CodeIgniter\CodeIgniter->handleRequest(null, Object(Config\Cache), false)
 5 FCPATH/index.php(67): CodeIgniter\CodeIgniter->run()
CRITICAL - 2023-03-16 08:09:58 --> Undefined index: error
in APPPATH/Controllers/Meters.php on line 162.
 1 APPPATH/Controllers/Meters.php(162): CodeIgniter\Debug\Exceptions->errorHandler(8, 'Undefined index: error', 'APPPATH/Controllers/Meters.php', 162, [...])
 2 SYSTEMPATH/CodeIgniter.php(927): App\Controllers\Meters->telegram()
 3 SYSTEMPATH/CodeIgniter.php(482): CodeIgniter\CodeIgniter->runController(Object(App\Controllers\Meters))
 4 SYSTEMPATH/CodeIgniter.php(351): CodeIgniter\CodeIgniter->handleRequest(null, Object(Config\Cache), false)
 5 FCPATH/index.php(67): CodeIgniter\CodeIgniter->run()
CRITICAL - 2023-03-16 08:11:56 --> Undefined index: error
in APPPATH/Controllers/Meters.php on line 162.
 1 APPPATH/Controllers/Meters.php(162): CodeIgniter\Debug\Exceptions->errorHandler(8, 'Undefined index: error', 'APPPATH/Controllers/Meters.php', 162, [...])
 2 SYSTEMPATH/CodeIgniter.php(927): App\Controllers\Meters->telegram()
 3 SYSTEMPATH/CodeIgniter.php(482): CodeIgniter\CodeIgniter->runController(Object(App\Controllers\Meters))
 4 SYSTEMPATH/CodeIgniter.php(351): CodeIgniter\CodeIgniter->handleRequest(null, Object(Config\Cache), false)
 5 FCPATH/index.php(67): CodeIgniter\CodeIgniter->run()
CRITICAL - 2023-03-16 08:11:56 --> Undefined index: error
in APPPATH/Controllers/Meters.php on line 162.
 1 APPPATH/Controllers/Meters.php(162): CodeIgniter\Debug\Exceptions->errorHandler(8, 'Undefined index: error', 'APPPATH/Controllers/Meters.php', 162, [...])
 2 SYSTEMPATH/CodeIgniter.php(927): App\Controllers\Meters->telegram()
 3 SYSTEMPATH/CodeIgniter.php(482): CodeIgniter\CodeIgniter->runController(Object(App\Controllers\Meters))
 4 SYSTEMPATH/CodeIgniter.php(351): CodeIgniter\CodeIgniter->handleRequest(null, Object(Config\Cache), false)
 5 FCPATH/index.php(67): CodeIgniter\CodeIgniter->run()
CRITICAL - 2023-03-16 08:11:59 --> Undefined index: error
in APPPATH/Controllers/Meters.php on line 162.
 1 APPPATH/Controllers/Meters.php(162): CodeIgniter\Debug\Exceptions->errorHandler(8, 'Undefined index: error', 'APPPATH/Controllers/Meters.php', 162, [...])
 2 SYSTEMPATH/CodeIgniter.php(927): App\Controllers\Meters->telegram()
 3 SYSTEMPATH/CodeIgniter.php(482): CodeIgniter\CodeIgniter->runController(Object(App\Controllers\Meters))
 4 SYSTEMPATH/CodeIgniter.php(351): CodeIgniter\CodeIgniter->handleRequest(null, Object(Config\Cache), false)
 5 FCPATH/index.php(67): CodeIgniter\CodeIgniter->run()
CRITICAL - 2023-03-16 08:12:03 --> Undefined index: error
in APPPATH/Controllers/Meters.php on line 162.
 1 APPPATH/Controllers/Meters.php(162): CodeIgniter\Debug\Exceptions->errorHandler(8, 'Undefined index: error', 'APPPATH/Controllers/Meters.php', 162, [...])
 2 SYSTEMPATH/CodeIgniter.php(927): App\Controllers\Meters->telegram()
 3 SYSTEMPATH/CodeIgniter.php(482): CodeIgniter\CodeIgniter->runController(Object(App\Controllers\Meters))
 4 SYSTEMPATH/CodeIgniter.php(351): CodeIgniter\CodeIgniter->handleRequest(null, Object(Config\Cache), false)
 5 FCPATH/index.php(67): CodeIgniter\CodeIgniter->run()
CRITICAL - 2023-03-16 08:41:34 --> Undefined index: error
in APPPATH/Controllers/Meters.php on line 162.
 1 APPPATH/Controllers/Meters.php(162): CodeIgniter\Debug\Exceptions->errorHandler(8, 'Undefined index: error', 'APPPATH/Controllers/Meters.php', 162, [...])
 2 SYSTEMPATH/CodeIgniter.php(927): App\Controllers\Meters->telegram()
 3 SYSTEMPATH/CodeIgniter.php(482): CodeIgniter\CodeIgniter->runController(Object(App\Controllers\Meters))
 4 SYSTEMPATH/CodeIgniter.php(351): CodeIgniter\CodeIgniter->handleRequest(null, Object(Config\Cache), false)
 5 FCPATH/index.php(67): CodeIgniter\CodeIgniter->run()
CRITICAL - 2023-03-16 08:41:34 --> Undefined index: error
in APPPATH/Controllers/Meters.php on line 162.
 1 APPPATH/Controllers/Meters.php(162): CodeIgniter\Debug\Exceptions->errorHandler(8, 'Undefined index: error', 'APPPATH/Controllers/Meters.php', 162, [...])
 2 SYSTEMPATH/CodeIgniter.php(927): App\Controllers\Meters->telegram()
 3 SYSTEMPATH/CodeIgniter.php(482): CodeIgniter\CodeIgniter->runController(Object(App\Controllers\Meters))
 4 SYSTEMPATH/CodeIgniter.php(351): CodeIgniter\CodeIgniter->handleRequest(null, Object(Config\Cache), false)
 5 FCPATH/index.php(67): CodeIgniter\CodeIgniter->run()
CRITICAL - 2023-03-16 08:41:36 --> Undefined index: error
in APPPATH/Controllers/Meters.php on line 162.
 1 APPPATH/Controllers/Meters.php(162): CodeIgniter\Debug\Exceptions->errorHandler(8, 'Undefined index: error', 'APPPATH/Controllers/Meters.php', 162, [...])
 2 SYSTEMPATH/CodeIgniter.php(927): App\Controllers\Meters->telegram()
 3 SYSTEMPATH/CodeIgniter.php(482): CodeIgniter\CodeIgniter->runController(Object(App\Controllers\Meters))
 4 SYSTEMPATH/CodeIgniter.php(351): CodeIgniter\CodeIgniter->handleRequest(null, Object(Config\Cache), false)
 5 FCPATH/index.php(67): CodeIgniter\CodeIgniter->run()
CRITICAL - 2023-03-16 08:41:40 --> Undefined index: error
in APPPATH/Controllers/Meters.php on line 162.
 1 APPPATH/Controllers/Meters.php(162): CodeIgniter\Debug\Exceptions->errorHandler(8, 'Undefined index: error', 'APPPATH/Controllers/Meters.php', 162, [...])
 2 SYSTEMPATH/CodeIgniter.php(927): App\Controllers\Meters->telegram()
 3 SYSTEMPATH/CodeIgniter.php(482): CodeIgniter\CodeIgniter->runController(Object(App\Controllers\Meters))
 4 SYSTEMPATH/CodeIgniter.php(351): CodeIgniter\CodeIgniter->handleRequest(null, Object(Config\Cache), false)
 5 FCPATH/index.php(67): CodeIgniter\CodeIgniter->run()
CRITICAL - 2023-03-16 08:41:48 --> Undefined index: error
in APPPATH/Controllers/Meters.php on line 162.
 1 APPPATH/Controllers/Meters.php(162): CodeIgniter\Debug\Exceptions->errorHandler(8, 'Undefined index: error', 'APPPATH/Controllers/Meters.php', 162, [...])
 2 SYSTEMPATH/CodeIgniter.php(927): App\Controllers\Meters->telegram()
 3 SYSTEMPATH/CodeIgniter.php(482): CodeIgniter\CodeIgniter->runController(Object(App\Controllers\Meters))
 4 SYSTEMPATH/CodeIgniter.php(351): CodeIgniter\CodeIgniter->handleRequest(null, Object(Config\Cache), false)
 5 FCPATH/index.php(67): CodeIgniter\CodeIgniter->run()
CRITICAL - 2023-03-16 08:42:36 --> Undefined index: error
in APPPATH/Controllers/Meters.php on line 162.
 1 APPPATH/Controllers/Meters.php(162): CodeIgniter\Debug\Exceptions->errorHandler(8, 'Undefined index: error', 'APPPATH/Controllers/Meters.php', 162, [...])
 2 SYSTEMPATH/CodeIgniter.php(927): App\Controllers\Meters->telegram()
 3 SYSTEMPATH/CodeIgniter.php(482): CodeIgniter\CodeIgniter->runController(Object(App\Controllers\Meters))
 4 SYSTEMPATH/CodeIgniter.php(351): CodeIgniter\CodeIgniter->handleRequest(null, Object(Config\Cache), false)
 5 FCPATH/index.php(67): CodeIgniter\CodeIgniter->run()
CRITICAL - 2023-03-16 08:43:41 --> Undefined index: error
in APPPATH/Controllers/Meters.php on line 162.
 1 APPPATH/Controllers/Meters.php(162): CodeIgniter\Debug\Exceptions->errorHandler(8, 'Undefined index: error', 'APPPATH/Controllers/Meters.php', 162, [...])
 2 SYSTEMPATH/CodeIgniter.php(927): App\Controllers\Meters->telegram()
 3 SYSTEMPATH/CodeIgniter.php(482): CodeIgniter\CodeIgniter->runController(Object(App\Controllers\Meters))
 4 SYSTEMPATH/CodeIgniter.php(351): CodeIgniter\CodeIgniter->handleRequest(null, Object(Config\Cache), false)
 5 FCPATH/index.php(67): CodeIgniter\CodeIgniter->run()
CRITICAL - 2023-03-16 08:44:41 --> Undefined index: error
in APPPATH/Controllers/Meters.php on line 162.
 1 APPPATH/Controllers/Meters.php(162): CodeIgniter\Debug\Exceptions->errorHandler(8, 'Undefined index: error', 'APPPATH/Controllers/Meters.php', 162, [...])
 2 SYSTEMPATH/CodeIgniter.php(927): App\Controllers\Meters->telegram()
 3 SYSTEMPATH/CodeIgniter.php(482): CodeIgniter\CodeIgniter->runController(Object(App\Controllers\Meters))
 4 SYSTEMPATH/CodeIgniter.php(351): CodeIgniter\CodeIgniter->handleRequest(null, Object(Config\Cache), false)
 5 FCPATH/index.php(67): CodeIgniter\CodeIgniter->run()
CRITICAL - 2023-03-16 08:45:43 --> Undefined index: error
in APPPATH/Controllers/Meters.php on line 162.
 1 APPPATH/Controllers/Meters.php(162): CodeIgniter\Debug\Exceptions->errorHandler(8, 'Undefined index: error', 'APPPATH/Controllers/Meters.php', 162, [...])
 2 SYSTEMPATH/CodeIgniter.php(927): App\Controllers\Meters->telegram()
 3 SYSTEMPATH/CodeIgniter.php(482): CodeIgniter\CodeIgniter->runController(Object(App\Controllers\Meters))
 4 SYSTEMPATH/CodeIgniter.php(351): CodeIgniter\CodeIgniter->handleRequest(null, Object(Config\Cache), false)
 5 FCPATH/index.php(67): CodeIgniter\CodeIgniter->run()
CRITICAL - 2023-03-16 08:47:16 --> Undefined index: error
in APPPATH/Controllers/Meters.php on line 162.
 1 APPPATH/Controllers/Meters.php(162): CodeIgniter\Debug\Exceptions->errorHandler(8, 'Undefined index: error', 'APPPATH/Controllers/Meters.php', 162, [...])
 2 SYSTEMPATH/CodeIgniter.php(927): App\Controllers\Meters->telegram()
 3 SYSTEMPATH/CodeIgniter.php(482): CodeIgniter\CodeIgniter->runController(Object(App\Controllers\Meters))
 4 SYSTEMPATH/CodeIgniter.php(351): CodeIgniter\CodeIgniter->handleRequest(null, Object(Config\Cache), false)
 5 FCPATH/index.php(67): CodeIgniter\CodeIgniter->run()
CRITICAL - 2023-03-16 08:48:54 --> Undefined index: error
in APPPATH/Controllers/Meters.php on line 162.
 1 APPPATH/Controllers/Meters.php(162): CodeIgniter\Debug\Exceptions->errorHandler(8, 'Undefined index: error', 'APPPATH/Controllers/Meters.php', 162, [...])
 2 SYSTEMPATH/CodeIgniter.php(927): App\Controllers\Meters->telegram()
 3 SYSTEMPATH/CodeIgniter.php(482): CodeIgniter\CodeIgniter->runController(Object(App\Controllers\Meters))
 4 SYSTEMPATH/CodeIgniter.php(351): CodeIgniter\CodeIgniter->handleRequest(null, Object(Config\Cache), false)
 5 FCPATH/index.php(67): CodeIgniter\CodeIgniter->run()
CRITICAL - 2023-03-16 08:49:55 --> Undefined index: error
in APPPATH/Controllers/Meters.php on line 162.
 1 APPPATH/Controllers/Meters.php(162): CodeIgniter\Debug\Exceptions->errorHandler(8, 'Undefined index: error', 'APPPATH/Controllers/Meters.php', 162, [...])
 2 SYSTEMPATH/CodeIgniter.php(927): App\Controllers\Meters->telegram()
 3 SYSTEMPATH/CodeIgniter.php(482): CodeIgniter\CodeIgniter->runController(Object(App\Controllers\Meters))
 4 SYSTEMPATH/CodeIgniter.php(351): CodeIgniter\CodeIgniter->handleRequest(null, Object(Config\Cache), false)
 5 FCPATH/index.php(67): CodeIgniter\CodeIgniter->run()
CRITICAL - 2023-03-16 08:51:15 --> Undefined index: error
in APPPATH/Controllers/Meters.php on line 162.
 1 APPPATH/Controllers/Meters.php(162): CodeIgniter\Debug\Exceptions->errorHandler(8, 'Undefined index: error', 'APPPATH/Controllers/Meters.php', 162, [...])
 2 SYSTEMPATH/CodeIgniter.php(927): App\Controllers\Meters->telegram()
 3 SYSTEMPATH/CodeIgniter.php(482): CodeIgniter\CodeIgniter->runController(Object(App\Controllers\Meters))
 4 SYSTEMPATH/CodeIgniter.php(351): CodeIgniter\CodeIgniter->handleRequest(null, Object(Config\Cache), false)
 5 FCPATH/index.php(67): CodeIgniter\CodeIgniter->run()
CRITICAL - 2023-03-16 08:52:50 --> Undefined index: error
in APPPATH/Controllers/Meters.php on line 162.
 1 APPPATH/Controllers/Meters.php(162): CodeIgniter\Debug\Exceptions->errorHandler(8, 'Undefined index: error', 'APPPATH/Controllers/Meters.php', 162, [...])
 2 SYSTEMPATH/CodeIgniter.php(927): App\Controllers\Meters->telegram()
 3 SYSTEMPATH/CodeIgniter.php(482): CodeIgniter\CodeIgniter->runController(Object(App\Controllers\Meters))
 4 SYSTEMPATH/CodeIgniter.php(351): CodeIgniter\CodeIgniter->handleRequest(null, Object(Config\Cache), false)
 5 FCPATH/index.php(67): CodeIgniter\CodeIgniter->run()
CRITICAL - 2023-03-16 08:54:42 --> Undefined index: error
in APPPATH/Controllers/Meters.php on line 162.
 1 APPPATH/Controllers/Meters.php(162): CodeIgniter\Debug\Exceptions->errorHandler(8, 'Undefined index: error', 'APPPATH/Controllers/Meters.php', 162, [...])
 2 SYSTEMPATH/CodeIgniter.php(927): App\Controllers\Meters->telegram()
 3 SYSTEMPATH/CodeIgniter.php(482): CodeIgniter\CodeIgniter->runController(Object(App\Controllers\Meters))
 4 SYSTEMPATH/CodeIgniter.php(351): CodeIgniter\CodeIgniter->handleRequest(null, Object(Config\Cache), false)
 5 FCPATH/index.php(67): CodeIgniter\CodeIgniter->run()
CRITICAL - 2023-03-16 08:55:51 --> Undefined index: error
in APPPATH/Controllers/Meters.php on line 162.
 1 APPPATH/Controllers/Meters.php(162): CodeIgniter\Debug\Exceptions->errorHandler(8, 'Undefined index: error', 'APPPATH/Controllers/Meters.php', 162, [...])
 2 SYSTEMPATH/CodeIgniter.php(927): App\Controllers\Meters->telegram()
 3 SYSTEMPATH/CodeIgniter.php(482): CodeIgniter\CodeIgniter->runController(Object(App\Controllers\Meters))
 4 SYSTEMPATH/CodeIgniter.php(351): CodeIgniter\CodeIgniter->handleRequest(null, Object(Config\Cache), false)
 5 FCPATH/index.php(67): CodeIgniter\CodeIgniter->run()
CRITICAL - 2023-03-16 08:57:34 --> Undefined index: error
in APPPATH/Controllers/Meters.php on line 162.
 1 APPPATH/Controllers/Meters.php(162): CodeIgniter\Debug\Exceptions->errorHandler(8, 'Undefined index: error', 'APPPATH/Controllers/Meters.php', 162, [...])
 2 SYSTEMPATH/CodeIgniter.php(927): App\Controllers\Meters->telegram()
 3 SYSTEMPATH/CodeIgniter.php(482): CodeIgniter\CodeIgniter->runController(Object(App\Controllers\Meters))
 4 SYSTEMPATH/CodeIgniter.php(351): CodeIgniter\CodeIgniter->handleRequest(null, Object(Config\Cache), false)
 5 FCPATH/index.php(67): CodeIgniter\CodeIgniter->run()
CRITICAL - 2023-03-16 08:59:12 --> Undefined index: error
in APPPATH/Controllers/Meters.php on line 162.
 1 APPPATH/Controllers/Meters.php(162): CodeIgniter\Debug\Exceptions->errorHandler(8, 'Undefined index: error', 'APPPATH/Controllers/Meters.php', 162, [...])
 2 SYSTEMPATH/CodeIgniter.php(927): App\Controllers\Meters->telegram()
 3 SYSTEMPATH/CodeIgniter.php(482): CodeIgniter\CodeIgniter->runController(Object(App\Controllers\Meters))
 4 SYSTEMPATH/CodeIgniter.php(351): CodeIgniter\CodeIgniter->handleRequest(null, Object(Config\Cache), false)
 5 FCPATH/index.php(67): CodeIgniter\CodeIgniter->run()
CRITICAL - 2023-03-16 09:01:08 --> Undefined index: error
in APPPATH/Controllers/Meters.php on line 162.
 1 APPPATH/Controllers/Meters.php(162): CodeIgniter\Debug\Exceptions->errorHandler(8, 'Undefined index: error', 'APPPATH/Controllers/Meters.php', 162, [...])
 2 SYSTEMPATH/CodeIgniter.php(927): App\Controllers\Meters->telegram()
 3 SYSTEMPATH/CodeIgniter.php(482): CodeIgniter\CodeIgniter->runController(Object(App\Controllers\Meters))
 4 SYSTEMPATH/CodeIgniter.php(351): CodeIgniter\CodeIgniter->handleRequest(null, Object(Config\Cache), false)
 5 FCPATH/index.php(67): CodeIgniter\CodeIgniter->run()
CRITICAL - 2023-03-16 09:02:40 --> Undefined index: error
in APPPATH/Controllers/Meters.php on line 162.
 1 APPPATH/Controllers/Meters.php(162): CodeIgniter\Debug\Exceptions->errorHandler(8, 'Undefined index: error', 'APPPATH/Controllers/Meters.php', 162, [...])
 2 SYSTEMPATH/CodeIgniter.php(927): App\Controllers\Meters->telegram()
 3 SYSTEMPATH/CodeIgniter.php(482): CodeIgniter\CodeIgniter->runController(Object(App\Controllers\Meters))
 4 SYSTEMPATH/CodeIgniter.php(351): CodeIgniter\CodeIgniter->handleRequest(null, Object(Config\Cache), false)
 5 FCPATH/index.php(67): CodeIgniter\CodeIgniter->run()
CRITICAL - 2023-03-16 09:03:57 --> Undefined index: error
in APPPATH/Controllers/Meters.php on line 162.
 1 APPPATH/Controllers/Meters.php(162): CodeIgniter\Debug\Exceptions->errorHandler(8, 'Undefined index: error', 'APPPATH/Controllers/Meters.php', 162, [...])
 2 SYSTEMPATH/CodeIgniter.php(927): App\Controllers\Meters->telegram()
 3 SYSTEMPATH/CodeIgniter.php(482): CodeIgniter\CodeIgniter->runController(Object(App\Controllers\Meters))
 4 SYSTEMPATH/CodeIgniter.php(351): CodeIgniter\CodeIgniter->handleRequest(null, Object(Config\Cache), false)
 5 FCPATH/index.php(67): CodeIgniter\CodeIgniter->run()
CRITICAL - 2023-03-16 09:05:57 --> Undefined index: error
in APPPATH/Controllers/Meters.php on line 162.
 1 APPPATH/Controllers/Meters.php(162): CodeIgniter\Debug\Exceptions->errorHandler(8, 'Undefined index: error', 'APPPATH/Controllers/Meters.php', 162, [...])
 2 SYSTEMPATH/CodeIgniter.php(927): App\Controllers\Meters->telegram()
 3 SYSTEMPATH/CodeIgniter.php(482): CodeIgniter\CodeIgniter->runController(Object(App\Controllers\Meters))
 4 SYSTEMPATH/CodeIgniter.php(351): CodeIgniter\CodeIgniter->handleRequest(null, Object(Config\Cache), false)
 5 FCPATH/index.php(67): CodeIgniter\CodeIgniter->run()
CRITICAL - 2023-03-16 09:07:11 --> Undefined index: error
in APPPATH/Controllers/Meters.php on line 162.
 1 APPPATH/Controllers/Meters.php(162): CodeIgniter\Debug\Exceptions->errorHandler(8, 'Undefined index: error', 'APPPATH/Controllers/Meters.php', 162, [...])
 2 SYSTEMPATH/CodeIgniter.php(927): App\Controllers\Meters->telegram()
 3 SYSTEMPATH/CodeIgniter.php(482): CodeIgniter\CodeIgniter->runController(Object(App\Controllers\Meters))
 4 SYSTEMPATH/CodeIgniter.php(351): CodeIgniter\CodeIgniter->handleRequest(null, Object(Config\Cache), false)
 5 FCPATH/index.php(67): CodeIgniter\CodeIgniter->run()
CRITICAL - 2023-03-16 09:08:18 --> Undefined index: error
in APPPATH/Controllers/Meters.php on line 162.
 1 APPPATH/Controllers/Meters.php(162): CodeIgniter\Debug\Exceptions->errorHandler(8, 'Undefined index: error', 'APPPATH/Controllers/Meters.php', 162, [...])
 2 SYSTEMPATH/CodeIgniter.php(927): App\Controllers\Meters->telegram()
 3 SYSTEMPATH/CodeIgniter.php(482): CodeIgniter\CodeIgniter->runController(Object(App\Controllers\Meters))
 4 SYSTEMPATH/CodeIgniter.php(351): CodeIgniter\CodeIgniter->handleRequest(null, Object(Config\Cache), false)
 5 FCPATH/index.php(67): CodeIgniter\CodeIgniter->run()
CRITICAL - 2023-03-16 09:09:55 --> Undefined index: error
in APPPATH/Controllers/Meters.php on line 162.
 1 APPPATH/Controllers/Meters.php(162): CodeIgniter\Debug\Exceptions->errorHandler(8, 'Undefined index: error', 'APPPATH/Controllers/Meters.php', 162, [...])
 2 SYSTEMPATH/CodeIgniter.php(927): App\Controllers\Meters->telegram()
 3 SYSTEMPATH/CodeIgniter.php(482): CodeIgniter\CodeIgniter->runController(Object(App\Controllers\Meters))
 4 SYSTEMPATH/CodeIgniter.php(351): CodeIgniter\CodeIgniter->handleRequest(null, Object(Config\Cache), false)
 5 FCPATH/index.php(67): CodeIgniter\CodeIgniter->run()
CRITICAL - 2023-03-16 09:11:43 --> Undefined index: error
in APPPATH/Controllers/Meters.php on line 162.
 1 APPPATH/Controllers/Meters.php(162): CodeIgniter\Debug\Exceptions->errorHandler(8, 'Undefined index: error', 'APPPATH/Controllers/Meters.php', 162, [...])
 2 SYSTEMPATH/CodeIgniter.php(927): App\Controllers\Meters->telegram()
 3 SYSTEMPATH/CodeIgniter.php(482): CodeIgniter\CodeIgniter->runController(Object(App\Controllers\Meters))
 4 SYSTEMPATH/CodeIgniter.php(351): CodeIgniter\CodeIgniter->handleRequest(null, Object(Config\Cache), false)
 5 FCPATH/index.php(67): CodeIgniter\CodeIgniter->run()
