CRITICAL - 2023-03-09 05:59:56 --> Undefined property: stdClass::$callback_query
in APPPATH/Models/Telegram.php on line 11.
 1 APPPATH/Models/Telegram.php(11): CodeIgniter\Debug\Exceptions->errorHandler(8, 'Undefined property: stdClass::$callback_query', 'APPPATH/Models/Telegram.php', 11, [...])
 2 APPPATH/Controllers/Meters.php(158): App\Models\Telegram->telegram(Object(stdClass))
 3 SYSTEMPATH/CodeIgniter.php(927): App\Controllers\Meters->telegram()
 4 SYSTEMPATH/CodeIgniter.php(482): CodeIgniter\CodeIgniter->runController(Object(App\Controllers\Meters))
 5 SYSTEMPATH/CodeIgniter.php(351): CodeIgniter\CodeIgniter->handleRequest(null, Object(Config\Cache), false)
 6 FCPATH/index.php(67): CodeIgniter\CodeIgniter->run()
CRITICAL - 2023-03-09 06:00:04 --> Undefined property: stdClass::$callback_query
in APPPATH/Models/Telegram.php on line 11.
 1 APPPATH/Models/Telegram.php(11): CodeIgniter\Debug\Exceptions->errorHandler(8, 'Undefined property: stdClass::$callback_query', 'APPPATH/Models/Telegram.php', 11, [...])
 2 APPPATH/Controllers/Meters.php(158): App\Models\Telegram->telegram(Object(stdClass))
 3 SYSTEMPATH/CodeIgniter.php(927): App\Controllers\Meters->telegram()
 4 SYSTEMPATH/CodeIgniter.php(482): CodeIgniter\CodeIgniter->runController(Object(App\Controllers\Meters))
 5 SYSTEMPATH/CodeIgniter.php(351): CodeIgniter\CodeIgniter->handleRequest(null, Object(Config\Cache), false)
 6 FCPATH/index.php(67): CodeIgniter\CodeIgniter->run()
CRITICAL - 2023-03-09 06:00:21 --> Trying to get property 'counterPk' of non-object
in APPPATH/Models/Telegram.php on line 46.
 1 APPPATH/Models/Telegram.php(46): CodeIgniter\Debug\Exceptions->errorHandler(8, 'Trying to get property \'counterPk\' of non-object', 'APPPATH/Models/Telegram.php', 46, [...])
 2 APPPATH/Models/Telegram.php(13): App\Models\Telegram->message(Object(stdClass), Object(stdClass), 971483502)
 3 APPPATH/Controllers/Meters.php(158): App\Models\Telegram->telegram(Object(stdClass))
 4 SYSTEMPATH/CodeIgniter.php(927): App\Controllers\Meters->telegram()
 5 SYSTEMPATH/CodeIgniter.php(482): CodeIgniter\CodeIgniter->runController(Object(App\Controllers\Meters))
 6 SYSTEMPATH/CodeIgniter.php(351): CodeIgniter\CodeIgniter->handleRequest(null, Object(Config\Cache), false)
 7 FCPATH/index.php(67): CodeIgniter\CodeIgniter->run()
CRITICAL - 2023-03-09 06:00:26 --> Trying to get property 'counterPk' of non-object
in APPPATH/Models/Telegram.php on line 46.
 1 APPPATH/Models/Telegram.php(46): CodeIgniter\Debug\Exceptions->errorHandler(8, 'Trying to get property \'counterPk\' of non-object', 'APPPATH/Models/Telegram.php', 46, [...])
 2 APPPATH/Models/Telegram.php(13): App\Models\Telegram->message(Object(stdClass), Object(stdClass), 971483502)
 3 APPPATH/Controllers/Meters.php(158): App\Models\Telegram->telegram(Object(stdClass))
 4 SYSTEMPATH/CodeIgniter.php(927): App\Controllers\Meters->telegram()
 5 SYSTEMPATH/CodeIgniter.php(482): CodeIgniter\CodeIgniter->runController(Object(App\Controllers\Meters))
 6 SYSTEMPATH/CodeIgniter.php(351): CodeIgniter\CodeIgniter->handleRequest(null, Object(Config\Cache), false)
 7 FCPATH/index.php(67): CodeIgniter\CodeIgniter->run()
CRITICAL - 2023-03-09 06:00:30 --> Trying to get property 'counterPk' of non-object
in APPPATH/Models/Telegram.php on line 46.
 1 APPPATH/Models/Telegram.php(46): CodeIgniter\Debug\Exceptions->errorHandler(8, 'Trying to get property \'counterPk\' of non-object', 'APPPATH/Models/Telegram.php', 46, [...])
 2 APPPATH/Models/Telegram.php(13): App\Models\Telegram->message(Object(stdClass), Object(stdClass), 971483502)
 3 APPPATH/Controllers/Meters.php(158): App\Models\Telegram->telegram(Object(stdClass))
 4 SYSTEMPATH/CodeIgniter.php(927): App\Controllers\Meters->telegram()
 5 SYSTEMPATH/CodeIgniter.php(482): CodeIgniter\CodeIgniter->runController(Object(App\Controllers\Meters))
 6 SYSTEMPATH/CodeIgniter.php(351): CodeIgniter\CodeIgniter->handleRequest(null, Object(Config\Cache), false)
 7 FCPATH/index.php(67): CodeIgniter\CodeIgniter->run()
ERROR - 2023-03-09 06:13:13 --> mysqli_sql_exception: Unknown column 'electricity' in 'where clause' in /ext/WWW/konex.com.ua/zayavki/system/Database/MySQLi/Connection.php:292
Stack trace:
#0 /ext/WWW/konex.com.ua/zayavki/system/Database/MySQLi/Connection.php(292): mysqli->query('SELECT pokaz.in...', 0)
#1 /ext/WWW/konex.com.ua/zayavki/system/Database/BaseConnection.php(666): CodeIgniter\Database\MySQLi\Connection->execute('SELECT pokaz.in...')
#2 /ext/WWW/konex.com.ua/zayavki/system/Database/BaseConnection.php(593): CodeIgniter\Database\BaseConnection->simpleQuery('SELECT pokaz.in...')
#3 /ext/WWW/konex.com.ua/zayavki/app/Models/Search.php(299): CodeIgniter\Database\BaseConnection->query('SELECT pokaz.in...')
#4 /ext/WWW/konex.com.ua/zayavki/app/Models/Telegram.php(102): App\Models\Search->getLastPokazByCounter('electricity')
#5 /ext/WWW/konex.com.ua/zayavki/app/Models/Telegram.php(13): App\Models\Telegram->callback(Object(stdClass), Object(stdClass), 971483502)
#6 /ext/WWW/konex.com.ua/zayavki/app/Controllers/Meters.php(158): App\Models\Telegram->telegram(Object(stdClass))
#7 /ext/WWW/konex.com.ua/zayavki/system/CodeIgniter.php(927): App\Controllers\Meters->telegram()
#8 /ext/WWW/konex.com.ua/zayavki/system/CodeIgniter.php(482): CodeIgniter\CodeIgniter->runController(Object(App\Controllers\Meters))
#9 /ext/WWW/konex.com.ua/zayavki/system/CodeIgniter.php(351): CodeIgniter\CodeIgniter->handleRequest(NULL, Object(Config\Cache), false)
#10 /ext/WWW/konex.com.ua/zayavki/public/index.php(67): CodeIgniter\CodeIgniter->run()
#11 {main}
CRITICAL - 2023-03-09 06:13:13 --> Unknown column 'electricity' in 'where clause'
in SYSTEMPATH/Database/MySQLi/Connection.php on line 292.
 1 SYSTEMPATH/Database/MySQLi/Connection.php(292): mysqli->query('SELECT pokaz.index FROM pokaz WHERE cId = electricity AND ts < \'2023-02-01\' ORDER BY ts DESC LIMIT 1', 0)
 2 SYSTEMPATH/Database/BaseConnection.php(666): CodeIgniter\Database\MySQLi\Connection->execute('SELECT pokaz.index FROM pokaz WHERE cId = electricity AND ts < \'2023-02-01\' ORDER BY ts DESC LIMIT 1')
 3 SYSTEMPATH/Database/BaseConnection.php(593): CodeIgniter\Database\BaseConnection->simpleQuery('SELECT pokaz.index FROM pokaz WHERE cId = electricity AND ts < \'2023-02-01\' ORDER BY ts DESC LIMIT 1')
 4 APPPATH/Models/Search.php(299): CodeIgniter\Database\BaseConnection->query('SELECT pokaz.index FROM pokaz WHERE cId = electricity AND ts < \'2023-02-01\' ORDER BY ts DESC LIMIT 1')
 5 APPPATH/Models/Telegram.php(102): App\Models\Search->getLastPokazByCounter('electricity')
 6 APPPATH/Models/Telegram.php(13): App\Models\Telegram->callback(Object(stdClass), Object(stdClass), 971483502)
 7 APPPATH/Controllers/Meters.php(158): App\Models\Telegram->telegram(Object(stdClass))
 8 SYSTEMPATH/CodeIgniter.php(927): App\Controllers\Meters->telegram()
 9 SYSTEMPATH/CodeIgniter.php(482): CodeIgniter\CodeIgniter->runController(Object(App\Controllers\Meters))
10 SYSTEMPATH/CodeIgniter.php(351): CodeIgniter\CodeIgniter->handleRequest(null, Object(Config\Cache), false)
11 FCPATH/index.php(67): CodeIgniter\CodeIgniter->run()
CRITICAL - 2023-03-09 06:29:14 --> Trying to get property 'index' of non-object
in APPPATH/Models/Telegram.php on line 102.
 1 APPPATH/Models/Telegram.php(102): CodeIgniter\Debug\Exceptions->errorHandler(8, 'Trying to get property \'index\' of non-object', 'APPPATH/Models/Telegram.php', 102, [...])
 2 APPPATH/Models/Telegram.php(13): App\Models\Telegram->callback(Object(stdClass), Object(stdClass), 971483502)
 3 APPPATH/Controllers/Meters.php(158): App\Models\Telegram->telegram(Object(stdClass))
 4 SYSTEMPATH/CodeIgniter.php(927): App\Controllers\Meters->telegram()
 5 SYSTEMPATH/CodeIgniter.php(482): CodeIgniter\CodeIgniter->runController(Object(App\Controllers\Meters))
 6 SYSTEMPATH/CodeIgniter.php(351): CodeIgniter\CodeIgniter->handleRequest(null, Object(Config\Cache), false)
 7 FCPATH/index.php(67): CodeIgniter\CodeIgniter->run()
CRITICAL - 2023-03-09 06:31:57 --> Trying to get property 'counterPk' of non-object
in APPPATH/Models/Telegram.php on line 46.
 1 APPPATH/Models/Telegram.php(46): CodeIgniter\Debug\Exceptions->errorHandler(8, 'Trying to get property \'counterPk\' of non-object', 'APPPATH/Models/Telegram.php', 46, [...])
 2 APPPATH/Models/Telegram.php(13): App\Models\Telegram->message(Object(stdClass), Object(stdClass), 971483502)
 3 APPPATH/Controllers/Meters.php(158): App\Models\Telegram->telegram(Object(stdClass))
 4 SYSTEMPATH/CodeIgniter.php(927): App\Controllers\Meters->telegram()
 5 SYSTEMPATH/CodeIgniter.php(482): CodeIgniter\CodeIgniter->runController(Object(App\Controllers\Meters))
 6 SYSTEMPATH/CodeIgniter.php(351): CodeIgniter\CodeIgniter->handleRequest(null, Object(Config\Cache), false)
 7 FCPATH/index.php(67): CodeIgniter\CodeIgniter->run()
CRITICAL - 2023-03-09 06:32:23 --> Trying to get property 'index' of non-object
in APPPATH/Models/Telegram.php on line 102.
 1 APPPATH/Models/Telegram.php(102): CodeIgniter\Debug\Exceptions->errorHandler(8, 'Trying to get property \'index\' of non-object', 'APPPATH/Models/Telegram.php', 102, [...])
 2 APPPATH/Models/Telegram.php(13): App\Models\Telegram->callback(Object(stdClass), Object(stdClass), 971483502)
 3 APPPATH/Controllers/Meters.php(158): App\Models\Telegram->telegram(Object(stdClass))
 4 SYSTEMPATH/CodeIgniter.php(927): App\Controllers\Meters->telegram()
 5 SYSTEMPATH/CodeIgniter.php(482): CodeIgniter\CodeIgniter->runController(Object(App\Controllers\Meters))
 6 SYSTEMPATH/CodeIgniter.php(351): CodeIgniter\CodeIgniter->handleRequest(null, Object(Config\Cache), false)
 7 FCPATH/index.php(67): CodeIgniter\CodeIgniter->run()
CRITICAL - 2023-03-09 06:33:31 --> Trying to get property 'index' of non-object
in APPPATH/Models/Telegram.php on line 102.
 1 APPPATH/Models/Telegram.php(102): CodeIgniter\Debug\Exceptions->errorHandler(8, 'Trying to get property \'index\' of non-object', 'APPPATH/Models/Telegram.php', 102, [...])
 2 APPPATH/Models/Telegram.php(13): App\Models\Telegram->callback(Object(stdClass), Object(stdClass), 971483502)
 3 APPPATH/Controllers/Meters.php(158): App\Models\Telegram->telegram(Object(stdClass))
 4 SYSTEMPATH/CodeIgniter.php(927): App\Controllers\Meters->telegram()
 5 SYSTEMPATH/CodeIgniter.php(482): CodeIgniter\CodeIgniter->runController(Object(App\Controllers\Meters))
 6 SYSTEMPATH/CodeIgniter.php(351): CodeIgniter\CodeIgniter->handleRequest(null, Object(Config\Cache), false)
 7 FCPATH/index.php(67): CodeIgniter\CodeIgniter->run()
CRITICAL - 2023-03-09 06:35:36 --> Trying to get property 'index' of non-object
in APPPATH/Models/Telegram.php on line 102.
 1 APPPATH/Models/Telegram.php(102): CodeIgniter\Debug\Exceptions->errorHandler(8, 'Trying to get property \'index\' of non-object', 'APPPATH/Models/Telegram.php', 102, [...])
 2 APPPATH/Models/Telegram.php(13): App\Models\Telegram->callback(Object(stdClass), Object(stdClass), 971483502)
 3 APPPATH/Controllers/Meters.php(158): App\Models\Telegram->telegram(Object(stdClass))
 4 SYSTEMPATH/CodeIgniter.php(927): App\Controllers\Meters->telegram()
 5 SYSTEMPATH/CodeIgniter.php(482): CodeIgniter\CodeIgniter->runController(Object(App\Controllers\Meters))
 6 SYSTEMPATH/CodeIgniter.php(351): CodeIgniter\CodeIgniter->handleRequest(null, Object(Config\Cache), false)
 7 FCPATH/index.php(67): CodeIgniter\CodeIgniter->run()
CRITICAL - 2023-03-09 06:38:04 --> Trying to get property 'index' of non-object
in APPPATH/Models/Telegram.php on line 102.
 1 APPPATH/Models/Telegram.php(102): CodeIgniter\Debug\Exceptions->errorHandler(8, 'Trying to get property \'index\' of non-object', 'APPPATH/Models/Telegram.php', 102, [...])
 2 APPPATH/Models/Telegram.php(13): App\Models\Telegram->callback(Object(stdClass), Object(stdClass), 971483502)
 3 APPPATH/Controllers/Meters.php(158): App\Models\Telegram->telegram(Object(stdClass))
 4 SYSTEMPATH/CodeIgniter.php(927): App\Controllers\Meters->telegram()
 5 SYSTEMPATH/CodeIgniter.php(482): CodeIgniter\CodeIgniter->runController(Object(App\Controllers\Meters))
 6 SYSTEMPATH/CodeIgniter.php(351): CodeIgniter\CodeIgniter->handleRequest(null, Object(Config\Cache), false)
 7 FCPATH/index.php(67): CodeIgniter\CodeIgniter->run()
CRITICAL - 2023-03-09 06:38:23 --> Trying to get property 'index' of non-object
in APPPATH/Models/Telegram.php on line 102.
 1 APPPATH/Models/Telegram.php(102): CodeIgniter\Debug\Exceptions->errorHandler(8, 'Trying to get property \'index\' of non-object', 'APPPATH/Models/Telegram.php', 102, [...])
 2 APPPATH/Models/Telegram.php(13): App\Models\Telegram->callback(Object(stdClass), Object(stdClass), 971483502)
 3 APPPATH/Controllers/Meters.php(158): App\Models\Telegram->telegram(Object(stdClass))
 4 SYSTEMPATH/CodeIgniter.php(927): App\Controllers\Meters->telegram()
 5 SYSTEMPATH/CodeIgniter.php(482): CodeIgniter\CodeIgniter->runController(Object(App\Controllers\Meters))
 6 SYSTEMPATH/CodeIgniter.php(351): CodeIgniter\CodeIgniter->handleRequest(null, Object(Config\Cache), false)
 7 FCPATH/index.php(67): CodeIgniter\CodeIgniter->run()
CRITICAL - 2023-03-09 06:38:43 --> Trying to get property 'index' of non-object
in APPPATH/Models/Telegram.php on line 103.
 1 APPPATH/Models/Telegram.php(103): CodeIgniter\Debug\Exceptions->errorHandler(8, 'Trying to get property \'index\' of non-object', 'APPPATH/Models/Telegram.php', 103, [...])
 2 APPPATH/Models/Telegram.php(13): App\Models\Telegram->callback(Object(stdClass), Object(stdClass), 971483502)
 3 APPPATH/Controllers/Meters.php(158): App\Models\Telegram->telegram(Object(stdClass))
 4 SYSTEMPATH/CodeIgniter.php(927): App\Controllers\Meters->telegram()
 5 SYSTEMPATH/CodeIgniter.php(482): CodeIgniter\CodeIgniter->runController(Object(App\Controllers\Meters))
 6 SYSTEMPATH/CodeIgniter.php(351): CodeIgniter\CodeIgniter->handleRequest(null, Object(Config\Cache), false)
 7 FCPATH/index.php(67): CodeIgniter\CodeIgniter->run()
CRITICAL - 2023-03-09 06:44:31 --> Undefined property: stdClass::$counterPK
in APPPATH/Models/Telegram.php on line 124.
 1 APPPATH/Models/Telegram.php(124): CodeIgniter\Debug\Exceptions->errorHandler(8, 'Undefined property: stdClass::$counterPK', 'APPPATH/Models/Telegram.php', 124, [...])
 2 APPPATH/Models/Telegram.php(13): App\Models\Telegram->callback(Object(stdClass), Object(stdClass), 971483502)
 3 APPPATH/Controllers/Meters.php(158): App\Models\Telegram->telegram(Object(stdClass))
 4 SYSTEMPATH/CodeIgniter.php(927): App\Controllers\Meters->telegram()
 5 SYSTEMPATH/CodeIgniter.php(482): CodeIgniter\CodeIgniter->runController(Object(App\Controllers\Meters))
 6 SYSTEMPATH/CodeIgniter.php(351): CodeIgniter\CodeIgniter->handleRequest(null, Object(Config\Cache), false)
 7 FCPATH/index.php(67): CodeIgniter\CodeIgniter->run()
ERROR - 2023-03-09 06:49:27 --> mysqli_sql_exception: Unknown column 'denied' in 'where clause' in /ext/WWW/konex.com.ua/zayavki/system/Database/MySQLi/Connection.php:292
Stack trace:
#0 /ext/WWW/konex.com.ua/zayavki/system/Database/MySQLi/Connection.php(292): mysqli->query('SELECT pokaz.in...', 0)
#1 /ext/WWW/konex.com.ua/zayavki/system/Database/BaseConnection.php(666): CodeIgniter\Database\MySQLi\Connection->execute('SELECT pokaz.in...')
#2 /ext/WWW/konex.com.ua/zayavki/system/Database/BaseConnection.php(593): CodeIgniter\Database\BaseConnection->simpleQuery('SELECT pokaz.in...')
#3 /ext/WWW/konex.com.ua/zayavki/app/Models/Search.php(299): CodeIgniter\Database\BaseConnection->query('SELECT pokaz.in...')
#4 /ext/WWW/konex.com.ua/zayavki/app/Models/Telegram.php(160): App\Models\Search->getLastPokazByCounter('denied')
#5 /ext/WWW/konex.com.ua/zayavki/app/Models/Telegram.php(117): App\Models\Telegram->chooseCounter(971483502, Object(stdClass))
#6 /ext/WWW/konex.com.ua/zayavki/app/Models/Telegram.php(13): App\Models\Telegram->callback(Object(stdClass), Object(stdClass), 971483502)
#7 /ext/WWW/konex.com.ua/zayavki/app/Controllers/Meters.php(158): App\Models\Telegram->telegram(Object(stdClass))
#8 /ext/WWW/konex.com.ua/zayavki/system/CodeIgniter.php(927): App\Controllers\Meters->telegram()
#9 /ext/WWW/konex.com.ua/zayavki/system/CodeIgniter.php(482): CodeIgniter\CodeIgniter->runController(Object(App\Controllers\Meters))
#10 /ext/WWW/konex.com.ua/zayavki/system/CodeIgniter.php(351): CodeIgniter\CodeIgniter->handleRequest(NULL, Object(Config\Cache), false)
#11 /ext/WWW/konex.com.ua/zayavki/public/index.php(67): CodeIgniter\CodeIgniter->run()
#12 {main}
CRITICAL - 2023-03-09 06:49:27 --> Unknown column 'denied' in 'where clause'
in SYSTEMPATH/Database/MySQLi/Connection.php on line 292.
 1 SYSTEMPATH/Database/MySQLi/Connection.php(292): mysqli->query('SELECT pokaz.index FROM pokaz WHERE cId = denied AND ts < \'2023-02-01\' ORDER BY ts DESC LIMIT 1', 0)
 2 SYSTEMPATH/Database/BaseConnection.php(666): CodeIgniter\Database\MySQLi\Connection->execute('SELECT pokaz.index FROM pokaz WHERE cId = denied AND ts < \'2023-02-01\' ORDER BY ts DESC LIMIT 1')
 3 SYSTEMPATH/Database/BaseConnection.php(593): CodeIgniter\Database\BaseConnection->simpleQuery('SELECT pokaz.index FROM pokaz WHERE cId = denied AND ts < \'2023-02-01\' ORDER BY ts DESC LIMIT 1')
 4 APPPATH/Models/Search.php(299): CodeIgniter\Database\BaseConnection->query('SELECT pokaz.index FROM pokaz WHERE cId = denied AND ts < \'2023-02-01\' ORDER BY ts DESC LIMIT 1')
 5 APPPATH/Models/Telegram.php(160): App\Models\Search->getLastPokazByCounter('denied')
 6 APPPATH/Models/Telegram.php(117): App\Models\Telegram->chooseCounter(971483502, Object(stdClass))
 7 APPPATH/Models/Telegram.php(13): App\Models\Telegram->callback(Object(stdClass), Object(stdClass), 971483502)
 8 APPPATH/Controllers/Meters.php(158): App\Models\Telegram->telegram(Object(stdClass))
 9 SYSTEMPATH/CodeIgniter.php(927): App\Controllers\Meters->telegram()
10 SYSTEMPATH/CodeIgniter.php(482): CodeIgniter\CodeIgniter->runController(Object(App\Controllers\Meters))
11 SYSTEMPATH/CodeIgniter.php(351): CodeIgniter\CodeIgniter->handleRequest(null, Object(Config\Cache), false)
12 FCPATH/index.php(67): CodeIgniter\CodeIgniter->run()
CRITICAL - 2023-03-09 07:18:45 --> Trying to get property 'counterPk' of non-object
in APPPATH/Models/Telegram.php on line 46.
 1 APPPATH/Models/Telegram.php(46): CodeIgniter\Debug\Exceptions->errorHandler(8, 'Trying to get property \'counterPk\' of non-object', 'APPPATH/Models/Telegram.php', 46, [...])
 2 APPPATH/Models/Telegram.php(13): App\Models\Telegram->message(Object(stdClass), Object(stdClass), 971483502)
 3 APPPATH/Controllers/Meters.php(158): App\Models\Telegram->telegram(Object(stdClass))
 4 SYSTEMPATH/CodeIgniter.php(927): App\Controllers\Meters->telegram()
 5 SYSTEMPATH/CodeIgniter.php(482): CodeIgniter\CodeIgniter->runController(Object(App\Controllers\Meters))
 6 SYSTEMPATH/CodeIgniter.php(351): CodeIgniter\CodeIgniter->handleRequest(null, Object(Config\Cache), false)
 7 FCPATH/index.php(67): CodeIgniter\CodeIgniter->run()
CRITICAL - 2023-03-09 07:18:46 --> Trying to get property 'counterPk' of non-object
in APPPATH/Models/Telegram.php on line 46.
 1 APPPATH/Models/Telegram.php(46): CodeIgniter\Debug\Exceptions->errorHandler(8, 'Trying to get property \'counterPk\' of non-object', 'APPPATH/Models/Telegram.php', 46, [...])
 2 APPPATH/Models/Telegram.php(13): App\Models\Telegram->message(Object(stdClass), Object(stdClass), 971483502)
 3 APPPATH/Controllers/Meters.php(158): App\Models\Telegram->telegram(Object(stdClass))
 4 SYSTEMPATH/CodeIgniter.php(927): App\Controllers\Meters->telegram()
 5 SYSTEMPATH/CodeIgniter.php(482): CodeIgniter\CodeIgniter->runController(Object(App\Controllers\Meters))
 6 SYSTEMPATH/CodeIgniter.php(351): CodeIgniter\CodeIgniter->handleRequest(null, Object(Config\Cache), false)
 7 FCPATH/index.php(67): CodeIgniter\CodeIgniter->run()
ERROR - 2023-03-09 07:18:48 --> mysqli_sql_exception: Unknown column 'cold_water' in 'where clause' in /ext/WWW/konex.com.ua/zayavki/system/Database/MySQLi/Connection.php:292
Stack trace:
#0 /ext/WWW/konex.com.ua/zayavki/system/Database/MySQLi/Connection.php(292): mysqli->query('SELECT counter....', 0)
#1 /ext/WWW/konex.com.ua/zayavki/system/Database/BaseConnection.php(666): CodeIgniter\Database\MySQLi\Connection->execute('SELECT counter....')
#2 /ext/WWW/konex.com.ua/zayavki/system/Database/BaseConnection.php(593): CodeIgniter\Database\BaseConnection->simpleQuery('SELECT counter....')
#3 /ext/WWW/konex.com.ua/zayavki/app/Models/Search.php(293): CodeIgniter\Database\BaseConnection->query('SELECT counter....')
#4 /ext/WWW/konex.com.ua/zayavki/app/Models/Telegram.php(72): App\Models\Search->findCountersByArea('131', 'cold_water')
#5 /ext/WWW/konex.com.ua/zayavki/app/Models/Telegram.php(13): App\Models\Telegram->callback(Object(stdClass), Object(stdClass), 971483502)
#6 /ext/WWW/konex.com.ua/zayavki/app/Controllers/Meters.php(158): App\Models\Telegram->telegram(Object(stdClass))
#7 /ext/WWW/konex.com.ua/zayavki/system/CodeIgniter.php(927): App\Controllers\Meters->telegram()
#8 /ext/WWW/konex.com.ua/zayavki/system/CodeIgniter.php(482): CodeIgniter\CodeIgniter->runController(Object(App\Controllers\Meters))
#9 /ext/WWW/konex.com.ua/zayavki/system/CodeIgniter.php(351): CodeIgniter\CodeIgniter->handleRequest(NULL, Object(Config\Cache), false)
#10 /ext/WWW/konex.com.ua/zayavki/public/index.php(67): CodeIgniter\CodeIgniter->run()
#11 {main}
CRITICAL - 2023-03-09 07:18:48 --> Unknown column 'cold_water' in 'where clause'
in SYSTEMPATH/Database/MySQLi/Connection.php on line 292.
 1 SYSTEMPATH/Database/MySQLi/Connection.php(292): mysqli->query('SELECT counter.id, counterId, counterName FROM counter WHERE unit = 131 AND typeC = cold_water 
         AND counter.id NOT IN (SELECT counter.id FROM counter JOIN pokaz ON counter.id = cId WHERE unit = 131 AND typeC = cold_water AND ts =  \'2023-02-01\' GROUP BY counter.id)', 0)
 2 SYSTEMPATH/Database/BaseConnection.php(666): CodeIgniter\Database\MySQLi\Connection->execute('SELECT counter.id, counterId, counterName FROM counter WHERE unit = 131 AND typeC = cold_water 
         AND counter.id NOT IN (SELECT counter.id FROM counter JOIN pokaz ON counter.id = cId WHERE unit = 131 AND typeC = cold_water AND ts =  \'2023-02-01\' GROUP BY counter.id)')
 3 SYSTEMPATH/Database/BaseConnection.php(593): CodeIgniter\Database\BaseConnection->simpleQuery('SELECT counter.id, counterId, counterName FROM counter WHERE unit = 131 AND typeC = cold_water 
         AND counter.id NOT IN (SELECT counter.id FROM counter JOIN pokaz ON counter.id = cId WHERE unit = 131 AND typeC = cold_water AND ts =  \'2023-02-01\' GROUP BY counter.id)')
 4 APPPATH/Models/Search.php(293): CodeIgniter\Database\BaseConnection->query('SELECT counter.id, counterId, counterName FROM counter WHERE unit = 131 AND typeC = cold_water 
         AND counter.id NOT IN (SELECT counter.id FROM counter JOIN pokaz ON counter.id = cId WHERE unit = 131 AND typeC = cold_water AND ts =  \'2023-02-01\' GROUP BY counter.id)')
 5 APPPATH/Models/Telegram.php(72): App\Models\Search->findCountersByArea('131', 'cold_water')
 6 APPPATH/Models/Telegram.php(13): App\Models\Telegram->callback(Object(stdClass), Object(stdClass), 971483502)
 7 APPPATH/Controllers/Meters.php(158): App\Models\Telegram->telegram(Object(stdClass))
 8 SYSTEMPATH/CodeIgniter.php(927): App\Controllers\Meters->telegram()
 9 SYSTEMPATH/CodeIgniter.php(482): CodeIgniter\CodeIgniter->runController(Object(App\Controllers\Meters))
10 SYSTEMPATH/CodeIgniter.php(351): CodeIgniter\CodeIgniter->handleRequest(null, Object(Config\Cache), false)
11 FCPATH/index.php(67): CodeIgniter\CodeIgniter->run()
ERROR - 2023-03-09 07:18:58 --> mysqli_sql_exception: Unknown column 'electricity' in 'where clause' in /ext/WWW/konex.com.ua/zayavki/system/Database/MySQLi/Connection.php:292
Stack trace:
#0 /ext/WWW/konex.com.ua/zayavki/system/Database/MySQLi/Connection.php(292): mysqli->query('SELECT counter....', 0)
#1 /ext/WWW/konex.com.ua/zayavki/system/Database/BaseConnection.php(666): CodeIgniter\Database\MySQLi\Connection->execute('SELECT counter....')
#2 /ext/WWW/konex.com.ua/zayavki/system/Database/BaseConnection.php(593): CodeIgniter\Database\BaseConnection->simpleQuery('SELECT counter....')
#3 /ext/WWW/konex.com.ua/zayavki/app/Models/Search.php(293): CodeIgniter\Database\BaseConnection->query('SELECT counter....')
#4 /ext/WWW/konex.com.ua/zayavki/app/Models/Telegram.php(72): App\Models\Search->findCountersByArea('131', 'electricity')
#5 /ext/WWW/konex.com.ua/zayavki/app/Models/Telegram.php(13): App\Models\Telegram->callback(Object(stdClass), Object(stdClass), 971483502)
#6 /ext/WWW/konex.com.ua/zayavki/app/Controllers/Meters.php(158): App\Models\Telegram->telegram(Object(stdClass))
#7 /ext/WWW/konex.com.ua/zayavki/system/CodeIgniter.php(927): App\Controllers\Meters->telegram()
#8 /ext/WWW/konex.com.ua/zayavki/system/CodeIgniter.php(482): CodeIgniter\CodeIgniter->runController(Object(App\Controllers\Meters))
#9 /ext/WWW/konex.com.ua/zayavki/system/CodeIgniter.php(351): CodeIgniter\CodeIgniter->handleRequest(NULL, Object(Config\Cache), false)
#10 /ext/WWW/konex.com.ua/zayavki/public/index.php(67): CodeIgniter\CodeIgniter->run()
#11 {main}
CRITICAL - 2023-03-09 07:18:58 --> Unknown column 'electricity' in 'where clause'
in SYSTEMPATH/Database/MySQLi/Connection.php on line 292.
 1 SYSTEMPATH/Database/MySQLi/Connection.php(292): mysqli->query('SELECT counter.id, counterId, counterName FROM counter WHERE unit = 131 AND typeC = electricity 
         AND counter.id NOT IN (SELECT counter.id FROM counter JOIN pokaz ON counter.id = cId WHERE unit = 131 AND typeC = electricity AND ts =  \'2023-02-01\' GROUP BY counter.id)', 0)
 2 SYSTEMPATH/Database/BaseConnection.php(666): CodeIgniter\Database\MySQLi\Connection->execute('SELECT counter.id, counterId, counterName FROM counter WHERE unit = 131 AND typeC = electricity 
         AND counter.id NOT IN (SELECT counter.id FROM counter JOIN pokaz ON counter.id = cId WHERE unit = 131 AND typeC = electricity AND ts =  \'2023-02-01\' GROUP BY counter.id)')
 3 SYSTEMPATH/Database/BaseConnection.php(593): CodeIgniter\Database\BaseConnection->simpleQuery('SELECT counter.id, counterId, counterName FROM counter WHERE unit = 131 AND typeC = electricity 
         AND counter.id NOT IN (SELECT counter.id FROM counter JOIN pokaz ON counter.id = cId WHERE unit = 131 AND typeC = electricity AND ts =  \'2023-02-01\' GROUP BY counter.id)')
 4 APPPATH/Models/Search.php(293): CodeIgniter\Database\BaseConnection->query('SELECT counter.id, counterId, counterName FROM counter WHERE unit = 131 AND typeC = electricity 
         AND counter.id NOT IN (SELECT counter.id FROM counter JOIN pokaz ON counter.id = cId WHERE unit = 131 AND typeC = electricity AND ts =  \'2023-02-01\' GROUP BY counter.id)')
 5 APPPATH/Models/Telegram.php(72): App\Models\Search->findCountersByArea('131', 'electricity')
 6 APPPATH/Models/Telegram.php(13): App\Models\Telegram->callback(Object(stdClass), Object(stdClass), 971483502)
 7 APPPATH/Controllers/Meters.php(158): App\Models\Telegram->telegram(Object(stdClass))
 8 SYSTEMPATH/CodeIgniter.php(927): App\Controllers\Meters->telegram()
 9 SYSTEMPATH/CodeIgniter.php(482): CodeIgniter\CodeIgniter->runController(Object(App\Controllers\Meters))
10 SYSTEMPATH/CodeIgniter.php(351): CodeIgniter\CodeIgniter->handleRequest(null, Object(Config\Cache), false)
11 FCPATH/index.php(67): CodeIgniter\CodeIgniter->run()
ERROR - 2023-03-09 07:21:34 --> mysqli_sql_exception: Unknown column 'cold_water' in 'where clause' in /ext/WWW/konex.com.ua/zayavki/system/Database/MySQLi/Connection.php:292
Stack trace:
#0 /ext/WWW/konex.com.ua/zayavki/system/Database/MySQLi/Connection.php(292): mysqli->query('SELECT counter....', 0)
#1 /ext/WWW/konex.com.ua/zayavki/system/Database/BaseConnection.php(666): CodeIgniter\Database\MySQLi\Connection->execute('SELECT counter....')
#2 /ext/WWW/konex.com.ua/zayavki/system/Database/BaseConnection.php(593): CodeIgniter\Database\BaseConnection->simpleQuery('SELECT counter....')
#3 /ext/WWW/konex.com.ua/zayavki/app/Models/Search.php(293): CodeIgniter\Database\BaseConnection->query('SELECT counter....')
#4 /ext/WWW/konex.com.ua/zayavki/app/Models/Telegram.php(72): App\Models\Search->findCountersByArea('131', 'cold_water')
#5 /ext/WWW/konex.com.ua/zayavki/app/Models/Telegram.php(13): App\Models\Telegram->callback(Object(stdClass), Object(stdClass), 971483502)
#6 /ext/WWW/konex.com.ua/zayavki/app/Controllers/Meters.php(158): App\Models\Telegram->telegram(Object(stdClass))
#7 /ext/WWW/konex.com.ua/zayavki/system/CodeIgniter.php(927): App\Controllers\Meters->telegram()
#8 /ext/WWW/konex.com.ua/zayavki/system/CodeIgniter.php(482): CodeIgniter\CodeIgniter->runController(Object(App\Controllers\Meters))
#9 /ext/WWW/konex.com.ua/zayavki/system/CodeIgniter.php(351): CodeIgniter\CodeIgniter->handleRequest(NULL, Object(Config\Cache), false)
#10 /ext/WWW/konex.com.ua/zayavki/public/index.php(67): CodeIgniter\CodeIgniter->run()
#11 {main}
CRITICAL - 2023-03-09 07:21:34 --> Unknown column 'cold_water' in 'where clause'
in SYSTEMPATH/Database/MySQLi/Connection.php on line 292.
 1 SYSTEMPATH/Database/MySQLi/Connection.php(292): mysqli->query('SELECT counter.id, counterId, counterName FROM counter WHERE unit = 131 AND typeC = cold_water 
         AND counter.id NOT IN (SELECT counter.id FROM counter JOIN pokaz ON counter.id = cId WHERE unit = 131 AND typeC = cold_water AND ts =  \'2023-02-01\' GROUP BY counter.id)', 0)
 2 SYSTEMPATH/Database/BaseConnection.php(666): CodeIgniter\Database\MySQLi\Connection->execute('SELECT counter.id, counterId, counterName FROM counter WHERE unit = 131 AND typeC = cold_water 
         AND counter.id NOT IN (SELECT counter.id FROM counter JOIN pokaz ON counter.id = cId WHERE unit = 131 AND typeC = cold_water AND ts =  \'2023-02-01\' GROUP BY counter.id)')
 3 SYSTEMPATH/Database/BaseConnection.php(593): CodeIgniter\Database\BaseConnection->simpleQuery('SELECT counter.id, counterId, counterName FROM counter WHERE unit = 131 AND typeC = cold_water 
         AND counter.id NOT IN (SELECT counter.id FROM counter JOIN pokaz ON counter.id = cId WHERE unit = 131 AND typeC = cold_water AND ts =  \'2023-02-01\' GROUP BY counter.id)')
 4 APPPATH/Models/Search.php(293): CodeIgniter\Database\BaseConnection->query('SELECT counter.id, counterId, counterName FROM counter WHERE unit = 131 AND typeC = cold_water 
         AND counter.id NOT IN (SELECT counter.id FROM counter JOIN pokaz ON counter.id = cId WHERE unit = 131 AND typeC = cold_water AND ts =  \'2023-02-01\' GROUP BY counter.id)')
 5 APPPATH/Models/Telegram.php(72): App\Models\Search->findCountersByArea('131', 'cold_water')
 6 APPPATH/Models/Telegram.php(13): App\Models\Telegram->callback(Object(stdClass), Object(stdClass), 971483502)
 7 APPPATH/Controllers/Meters.php(158): App\Models\Telegram->telegram(Object(stdClass))
 8 SYSTEMPATH/CodeIgniter.php(927): App\Controllers\Meters->telegram()
 9 SYSTEMPATH/CodeIgniter.php(482): CodeIgniter\CodeIgniter->runController(Object(App\Controllers\Meters))
10 SYSTEMPATH/CodeIgniter.php(351): CodeIgniter\CodeIgniter->handleRequest(null, Object(Config\Cache), false)
11 FCPATH/index.php(67): CodeIgniter\CodeIgniter->run()
ERROR - 2023-03-09 07:21:44 --> mysqli_sql_exception: Unknown column 'hot_water' in 'where clause' in /ext/WWW/konex.com.ua/zayavki/system/Database/MySQLi/Connection.php:292
Stack trace:
#0 /ext/WWW/konex.com.ua/zayavki/system/Database/MySQLi/Connection.php(292): mysqli->query('SELECT counter....', 0)
#1 /ext/WWW/konex.com.ua/zayavki/system/Database/BaseConnection.php(666): CodeIgniter\Database\MySQLi\Connection->execute('SELECT counter....')
#2 /ext/WWW/konex.com.ua/zayavki/system/Database/BaseConnection.php(593): CodeIgniter\Database\BaseConnection->simpleQuery('SELECT counter....')
#3 /ext/WWW/konex.com.ua/zayavki/app/Models/Search.php(293): CodeIgniter\Database\BaseConnection->query('SELECT counter....')
#4 /ext/WWW/konex.com.ua/zayavki/app/Models/Telegram.php(72): App\Models\Search->findCountersByArea('131', 'hot_water')
#5 /ext/WWW/konex.com.ua/zayavki/app/Models/Telegram.php(13): App\Models\Telegram->callback(Object(stdClass), Object(stdClass), 971483502)
#6 /ext/WWW/konex.com.ua/zayavki/app/Controllers/Meters.php(158): App\Models\Telegram->telegram(Object(stdClass))
#7 /ext/WWW/konex.com.ua/zayavki/system/CodeIgniter.php(927): App\Controllers\Meters->telegram()
#8 /ext/WWW/konex.com.ua/zayavki/system/CodeIgniter.php(482): CodeIgniter\CodeIgniter->runController(Object(App\Controllers\Meters))
#9 /ext/WWW/konex.com.ua/zayavki/system/CodeIgniter.php(351): CodeIgniter\CodeIgniter->handleRequest(NULL, Object(Config\Cache), false)
#10 /ext/WWW/konex.com.ua/zayavki/public/index.php(67): CodeIgniter\CodeIgniter->run()
#11 {main}
CRITICAL - 2023-03-09 07:21:44 --> Unknown column 'hot_water' in 'where clause'
in SYSTEMPATH/Database/MySQLi/Connection.php on line 292.
 1 SYSTEMPATH/Database/MySQLi/Connection.php(292): mysqli->query('SELECT counter.id, counterId, counterName FROM counter WHERE unit = 131 AND typeC = hot_water 
         AND counter.id NOT IN (SELECT counter.id FROM counter JOIN pokaz ON counter.id = cId WHERE unit = 131 AND typeC = hot_water AND ts =  \'2023-02-01\' GROUP BY counter.id)', 0)
 2 SYSTEMPATH/Database/BaseConnection.php(666): CodeIgniter\Database\MySQLi\Connection->execute('SELECT counter.id, counterId, counterName FROM counter WHERE unit = 131 AND typeC = hot_water 
         AND counter.id NOT IN (SELECT counter.id FROM counter JOIN pokaz ON counter.id = cId WHERE unit = 131 AND typeC = hot_water AND ts =  \'2023-02-01\' GROUP BY counter.id)')
 3 SYSTEMPATH/Database/BaseConnection.php(593): CodeIgniter\Database\BaseConnection->simpleQuery('SELECT counter.id, counterId, counterName FROM counter WHERE unit = 131 AND typeC = hot_water 
         AND counter.id NOT IN (SELECT counter.id FROM counter JOIN pokaz ON counter.id = cId WHERE unit = 131 AND typeC = hot_water AND ts =  \'2023-02-01\' GROUP BY counter.id)')
 4 APPPATH/Models/Search.php(293): CodeIgniter\Database\BaseConnection->query('SELECT counter.id, counterId, counterName FROM counter WHERE unit = 131 AND typeC = hot_water 
         AND counter.id NOT IN (SELECT counter.id FROM counter JOIN pokaz ON counter.id = cId WHERE unit = 131 AND typeC = hot_water AND ts =  \'2023-02-01\' GROUP BY counter.id)')
 5 APPPATH/Models/Telegram.php(72): App\Models\Search->findCountersByArea('131', 'hot_water')
 6 APPPATH/Models/Telegram.php(13): App\Models\Telegram->callback(Object(stdClass), Object(stdClass), 971483502)
 7 APPPATH/Controllers/Meters.php(158): App\Models\Telegram->telegram(Object(stdClass))
 8 SYSTEMPATH/CodeIgniter.php(927): App\Controllers\Meters->telegram()
 9 SYSTEMPATH/CodeIgniter.php(482): CodeIgniter\CodeIgniter->runController(Object(App\Controllers\Meters))
10 SYSTEMPATH/CodeIgniter.php(351): CodeIgniter\CodeIgniter->handleRequest(null, Object(Config\Cache), false)
11 FCPATH/index.php(67): CodeIgniter\CodeIgniter->run()
CRITICAL - 2023-03-09 07:22:58 --> Trying to get property 'counterPk' of non-object
in APPPATH/Models/Telegram.php on line 46.
 1 APPPATH/Models/Telegram.php(46): CodeIgniter\Debug\Exceptions->errorHandler(8, 'Trying to get property \'counterPk\' of non-object', 'APPPATH/Models/Telegram.php', 46, [...])
 2 APPPATH/Models/Telegram.php(13): App\Models\Telegram->message(Object(stdClass), Object(stdClass), 971483502)
 3 APPPATH/Controllers/Meters.php(158): App\Models\Telegram->telegram(Object(stdClass))
 4 SYSTEMPATH/CodeIgniter.php(927): App\Controllers\Meters->telegram()
 5 SYSTEMPATH/CodeIgniter.php(482): CodeIgniter\CodeIgniter->runController(Object(App\Controllers\Meters))
 6 SYSTEMPATH/CodeIgniter.php(351): CodeIgniter\CodeIgniter->handleRequest(null, Object(Config\Cache), false)
 7 FCPATH/index.php(67): CodeIgniter\CodeIgniter->run()
CRITICAL - 2023-03-09 07:36:46 --> Undefined property: stdClass::$counterPK
in APPPATH/Models/Telegram.php on line 153.
 1 APPPATH/Models/Telegram.php(153): CodeIgniter\Debug\Exceptions->errorHandler(8, 'Undefined property: stdClass::$counterPK', 'APPPATH/Models/Telegram.php', 153, [...])
 2 APPPATH/Models/Telegram.php(99): App\Models\Telegram->chooseCounter(Object(stdClass), 971483502, null)
 3 APPPATH/Models/Telegram.php(13): App\Models\Telegram->callback(Object(stdClass), Object(stdClass), 971483502)
 4 APPPATH/Controllers/Meters.php(158): App\Models\Telegram->telegram(Object(stdClass))
 5 SYSTEMPATH/CodeIgniter.php(927): App\Controllers\Meters->telegram()
 6 SYSTEMPATH/CodeIgniter.php(482): CodeIgniter\CodeIgniter->runController(Object(App\Controllers\Meters))
 7 SYSTEMPATH/CodeIgniter.php(351): CodeIgniter\CodeIgniter->handleRequest(null, Object(Config\Cache), false)
 8 FCPATH/index.php(67): CodeIgniter\CodeIgniter->run()
CRITICAL - 2023-03-09 07:37:07 --> Undefined property: stdClass::$counterPK
in APPPATH/Models/Telegram.php on line 153.
 1 APPPATH/Models/Telegram.php(153): CodeIgniter\Debug\Exceptions->errorHandler(8, 'Undefined property: stdClass::$counterPK', 'APPPATH/Models/Telegram.php', 153, [...])
 2 APPPATH/Models/Telegram.php(99): App\Models\Telegram->chooseCounter(Object(stdClass), 971483502, null)
 3 APPPATH/Models/Telegram.php(13): App\Models\Telegram->callback(Object(stdClass), Object(stdClass), 971483502)
 4 APPPATH/Controllers/Meters.php(158): App\Models\Telegram->telegram(Object(stdClass))
 5 SYSTEMPATH/CodeIgniter.php(927): App\Controllers\Meters->telegram()
 6 SYSTEMPATH/CodeIgniter.php(482): CodeIgniter\CodeIgniter->runController(Object(App\Controllers\Meters))
 7 SYSTEMPATH/CodeIgniter.php(351): CodeIgniter\CodeIgniter->handleRequest(null, Object(Config\Cache), false)
 8 FCPATH/index.php(67): CodeIgniter\CodeIgniter->run()
CRITICAL - 2023-03-09 07:49:43 --> Undefined property: stdClass::$callback_query
in APPPATH/Models/Telegram.php on line 11.
 1 APPPATH/Models/Telegram.php(11): CodeIgniter\Debug\Exceptions->errorHandler(8, 'Undefined property: stdClass::$callback_query', 'APPPATH/Models/Telegram.php', 11, [...])
 2 APPPATH/Controllers/Meters.php(158): App\Models\Telegram->telegram(Object(stdClass))
 3 SYSTEMPATH/CodeIgniter.php(927): App\Controllers\Meters->telegram()
 4 SYSTEMPATH/CodeIgniter.php(482): CodeIgniter\CodeIgniter->runController(Object(App\Controllers\Meters))
 5 SYSTEMPATH/CodeIgniter.php(351): CodeIgniter\CodeIgniter->handleRequest(null, Object(Config\Cache), false)
 6 FCPATH/index.php(67): CodeIgniter\CodeIgniter->run()
CRITICAL - 2023-03-09 07:49:48 --> Undefined property: stdClass::$callback_query
in APPPATH/Models/Telegram.php on line 11.
 1 APPPATH/Models/Telegram.php(11): CodeIgniter\Debug\Exceptions->errorHandler(8, 'Undefined property: stdClass::$callback_query', 'APPPATH/Models/Telegram.php', 11, [...])
 2 APPPATH/Controllers/Meters.php(158): App\Models\Telegram->telegram(Object(stdClass))
 3 SYSTEMPATH/CodeIgniter.php(927): App\Controllers\Meters->telegram()
 4 SYSTEMPATH/CodeIgniter.php(482): CodeIgniter\CodeIgniter->runController(Object(App\Controllers\Meters))
 5 SYSTEMPATH/CodeIgniter.php(351): CodeIgniter\CodeIgniter->handleRequest(null, Object(Config\Cache), false)
 6 FCPATH/index.php(67): CodeIgniter\CodeIgniter->run()
CRITICAL - 2023-03-09 07:50:11 --> Trying to get property 'counterPK' of non-object
in APPPATH/Models/Telegram.php on line 41.
 1 APPPATH/Models/Telegram.php(41): CodeIgniter\Debug\Exceptions->errorHandler(8, 'Trying to get property \'counterPK\' of non-object', 'APPPATH/Models/Telegram.php', 41, [...])
 2 APPPATH/Models/Telegram.php(13): App\Models\Telegram->message(Object(stdClass), Object(stdClass), 971483502)
 3 APPPATH/Controllers/Meters.php(158): App\Models\Telegram->telegram(Object(stdClass))
 4 SYSTEMPATH/CodeIgniter.php(927): App\Controllers\Meters->telegram()
 5 SYSTEMPATH/CodeIgniter.php(482): CodeIgniter\CodeIgniter->runController(Object(App\Controllers\Meters))
 6 SYSTEMPATH/CodeIgniter.php(351): CodeIgniter\CodeIgniter->handleRequest(null, Object(Config\Cache), false)
 7 FCPATH/index.php(67): CodeIgniter\CodeIgniter->run()
ERROR - 2023-03-09 07:50:17 --> mysqli_sql_exception: Unknown column 'backLogin' in 'where clause' in /ext/WWW/konex.com.ua/zayavki/system/Database/MySQLi/Connection.php:292
Stack trace:
#0 /ext/WWW/konex.com.ua/zayavki/system/Database/MySQLi/Connection.php(292): mysqli->query('SELECT counter....', 0)
#1 /ext/WWW/konex.com.ua/zayavki/system/Database/BaseConnection.php(666): CodeIgniter\Database\MySQLi\Connection->execute('SELECT counter....')
#2 /ext/WWW/konex.com.ua/zayavki/system/Database/BaseConnection.php(593): CodeIgniter\Database\BaseConnection->simpleQuery('SELECT counter....')
#3 /ext/WWW/konex.com.ua/zayavki/app/Models/Search.php(293): CodeIgniter\Database\BaseConnection->query('SELECT counter....')
#4 /ext/WWW/konex.com.ua/zayavki/app/Models/Telegram.php(66): App\Models\Search->findCountersByArea('131', 'backLogin')
#5 /ext/WWW/konex.com.ua/zayavki/app/Models/Telegram.php(13): App\Models\Telegram->callback(Object(stdClass), Object(stdClass), 971483502)
#6 /ext/WWW/konex.com.ua/zayavki/app/Controllers/Meters.php(158): App\Models\Telegram->telegram(Object(stdClass))
#7 /ext/WWW/konex.com.ua/zayavki/system/CodeIgniter.php(927): App\Controllers\Meters->telegram()
#8 /ext/WWW/konex.com.ua/zayavki/system/CodeIgniter.php(482): CodeIgniter\CodeIgniter->runController(Object(App\Controllers\Meters))
#9 /ext/WWW/konex.com.ua/zayavki/system/CodeIgniter.php(351): CodeIgniter\CodeIgniter->handleRequest(NULL, Object(Config\Cache), false)
#10 /ext/WWW/konex.com.ua/zayavki/public/index.php(67): CodeIgniter\CodeIgniter->run()
#11 {main}
CRITICAL - 2023-03-09 07:50:17 --> Unknown column 'backLogin' in 'where clause'
in SYSTEMPATH/Database/MySQLi/Connection.php on line 292.
 1 SYSTEMPATH/Database/MySQLi/Connection.php(292): mysqli->query('SELECT counter.id, counterId, counterName FROM counter WHERE unit = 131 AND typeC = backLogin 
         AND counter.id NOT IN (SELECT counter.id FROM counter JOIN pokaz ON counter.id = cId WHERE unit = 131 AND typeC = backLogin AND ts =  \'2023-02-01\' GROUP BY counter.id)', 0)
 2 SYSTEMPATH/Database/BaseConnection.php(666): CodeIgniter\Database\MySQLi\Connection->execute('SELECT counter.id, counterId, counterName FROM counter WHERE unit = 131 AND typeC = backLogin 
         AND counter.id NOT IN (SELECT counter.id FROM counter JOIN pokaz ON counter.id = cId WHERE unit = 131 AND typeC = backLogin AND ts =  \'2023-02-01\' GROUP BY counter.id)')
 3 SYSTEMPATH/Database/BaseConnection.php(593): CodeIgniter\Database\BaseConnection->simpleQuery('SELECT counter.id, counterId, counterName FROM counter WHERE unit = 131 AND typeC = backLogin 
         AND counter.id NOT IN (SELECT counter.id FROM counter JOIN pokaz ON counter.id = cId WHERE unit = 131 AND typeC = backLogin AND ts =  \'2023-02-01\' GROUP BY counter.id)')
 4 APPPATH/Models/Search.php(293): CodeIgniter\Database\BaseConnection->query('SELECT counter.id, counterId, counterName FROM counter WHERE unit = 131 AND typeC = backLogin 
         AND counter.id NOT IN (SELECT counter.id FROM counter JOIN pokaz ON counter.id = cId WHERE unit = 131 AND typeC = backLogin AND ts =  \'2023-02-01\' GROUP BY counter.id)')
 5 APPPATH/Models/Telegram.php(66): App\Models\Search->findCountersByArea('131', 'backLogin')
 6 APPPATH/Models/Telegram.php(13): App\Models\Telegram->callback(Object(stdClass), Object(stdClass), 971483502)
 7 APPPATH/Controllers/Meters.php(158): App\Models\Telegram->telegram(Object(stdClass))
 8 SYSTEMPATH/CodeIgniter.php(927): App\Controllers\Meters->telegram()
 9 SYSTEMPATH/CodeIgniter.php(482): CodeIgniter\CodeIgniter->runController(Object(App\Controllers\Meters))
10 SYSTEMPATH/CodeIgniter.php(351): CodeIgniter\CodeIgniter->handleRequest(null, Object(Config\Cache), false)
11 FCPATH/index.php(67): CodeIgniter\CodeIgniter->run()
CRITICAL - 2023-03-09 07:52:51 --> Trying to get property 'counterPK' of non-object
in APPPATH/Models/Telegram.php on line 41.
 1 APPPATH/Models/Telegram.php(41): CodeIgniter\Debug\Exceptions->errorHandler(8, 'Trying to get property \'counterPK\' of non-object', 'APPPATH/Models/Telegram.php', 41, [...])
 2 APPPATH/Models/Telegram.php(13): App\Models\Telegram->message(Object(stdClass), Object(stdClass), 971483502)
 3 APPPATH/Controllers/Meters.php(158): App\Models\Telegram->telegram(Object(stdClass))
 4 SYSTEMPATH/CodeIgniter.php(927): App\Controllers\Meters->telegram()
 5 SYSTEMPATH/CodeIgniter.php(482): CodeIgniter\CodeIgniter->runController(Object(App\Controllers\Meters))
 6 SYSTEMPATH/CodeIgniter.php(351): CodeIgniter\CodeIgniter->handleRequest(null, Object(Config\Cache), false)
 7 FCPATH/index.php(67): CodeIgniter\CodeIgniter->run()
CRITICAL - 2023-03-09 07:55:53 --> You must set the database table to be used with your query.
in SYSTEMPATH/Database/BaseConnection.php on line 845.
 1 SYSTEMPATH/Model.php(587): CodeIgniter\Database\BaseConnection->table(null)
 2 SYSTEMPATH/Model.php(764): CodeIgniter\Model->builder()
 3 APPPATH/Models/Telegram.php(89): CodeIgniter\Model->__call('recalculation', [...])
 4 APPPATH/Models/Telegram.php(13): App\Models\Telegram->callback(Object(stdClass), Object(stdClass), 971483502)
 5 APPPATH/Controllers/Meters.php(158): App\Models\Telegram->telegram(Object(stdClass))
 6 SYSTEMPATH/CodeIgniter.php(927): App\Controllers\Meters->telegram()
 7 SYSTEMPATH/CodeIgniter.php(482): CodeIgniter\CodeIgniter->runController(Object(App\Controllers\Meters))
 8 SYSTEMPATH/CodeIgniter.php(351): CodeIgniter\CodeIgniter->handleRequest(null, Object(Config\Cache), false)
 9 FCPATH/index.php(67): CodeIgniter\CodeIgniter->run()
CRITICAL - 2023-03-09 08:02:37 --> You must set the database table to be used with your query.
in SYSTEMPATH/Database/BaseConnection.php on line 845.
 1 SYSTEMPATH/Model.php(587): CodeIgniter\Database\BaseConnection->table(null)
 2 SYSTEMPATH/Model.php(764): CodeIgniter\Model->builder()
 3 APPPATH/Models/Telegram.php(89): CodeIgniter\Model->__call('recalculation', [...])
 4 APPPATH/Models/Telegram.php(13): App\Models\Telegram->callback(Object(stdClass), Object(stdClass), 971483502)
 5 APPPATH/Controllers/Meters.php(158): App\Models\Telegram->telegram(Object(stdClass))
 6 SYSTEMPATH/CodeIgniter.php(927): App\Controllers\Meters->telegram()
 7 SYSTEMPATH/CodeIgniter.php(482): CodeIgniter\CodeIgniter->runController(Object(App\Controllers\Meters))
 8 SYSTEMPATH/CodeIgniter.php(351): CodeIgniter\CodeIgniter->handleRequest(null, Object(Config\Cache), false)
 9 FCPATH/index.php(67): CodeIgniter\CodeIgniter->run()
CRITICAL - 2023-03-09 08:03:53 --> You must set the database table to be used with your query.
in SYSTEMPATH/Database/BaseConnection.php on line 845.
 1 SYSTEMPATH/Model.php(587): CodeIgniter\Database\BaseConnection->table(null)
 2 SYSTEMPATH/Model.php(764): CodeIgniter\Model->builder()
 3 APPPATH/Models/Telegram.php(89): CodeIgniter\Model->__call('recalculation', [...])
 4 APPPATH/Models/Telegram.php(13): App\Models\Telegram->callback(Object(stdClass), Object(stdClass), 971483502)
 5 APPPATH/Controllers/Meters.php(158): App\Models\Telegram->telegram(Object(stdClass))
 6 SYSTEMPATH/CodeIgniter.php(927): App\Controllers\Meters->telegram()
 7 SYSTEMPATH/CodeIgniter.php(482): CodeIgniter\CodeIgniter->runController(Object(App\Controllers\Meters))
 8 SYSTEMPATH/CodeIgniter.php(351): CodeIgniter\CodeIgniter->handleRequest(null, Object(Config\Cache), false)
 9 FCPATH/index.php(67): CodeIgniter\CodeIgniter->run()
CRITICAL - 2023-03-09 08:38:45 --> Too few arguments to function App\Models\Telegram::menuMess(), 2 passed in /ext/WWW/konex.com.ua/zayavki/app/Models/Telegram.php on line 92 and exactly 3 expected
in APPPATH/Models/Telegram.php on line 154.
 1 APPPATH/Models/Telegram.php(92): App\Models\Telegram->menuMess(971483502, 'Показник лічильникa за 2023-02-01 був <b>доданий раніше</b>')
 2 APPPATH/Models/Telegram.php(13): App\Models\Telegram->callback(Object(stdClass), Object(stdClass), 971483502)
 3 APPPATH/Controllers/Meters.php(158): App\Models\Telegram->telegram(Object(stdClass))
 4 SYSTEMPATH/CodeIgniter.php(927): App\Controllers\Meters->telegram()
 5 SYSTEMPATH/CodeIgniter.php(482): CodeIgniter\CodeIgniter->runController(Object(App\Controllers\Meters))
 6 SYSTEMPATH/CodeIgniter.php(351): CodeIgniter\CodeIgniter->handleRequest(null, Object(Config\Cache), false)
 7 FCPATH/index.php(67): CodeIgniter\CodeIgniter->run()
CRITICAL - 2023-03-09 08:40:28 --> Too few arguments to function App\Models\Telegram::menuMess(), 2 passed in /ext/WWW/konex.com.ua/zayavki/app/Models/Telegram.php on line 93 and exactly 3 expected
in APPPATH/Models/Telegram.php on line 155.
 1 APPPATH/Models/Telegram.php(93): App\Models\Telegram->menuMess(971483502, 'Показник лічильникa за 2023-02-01 був <b>доданий раніше</b>')
 2 APPPATH/Models/Telegram.php(13): App\Models\Telegram->callback(Object(stdClass), Object(stdClass), 971483502)
 3 APPPATH/Controllers/Meters.php(158): App\Models\Telegram->telegram(Object(stdClass))
 4 SYSTEMPATH/CodeIgniter.php(927): App\Controllers\Meters->telegram()
 5 SYSTEMPATH/CodeIgniter.php(482): CodeIgniter\CodeIgniter->runController(Object(App\Controllers\Meters))
 6 SYSTEMPATH/CodeIgniter.php(351): CodeIgniter\CodeIgniter->handleRequest(null, Object(Config\Cache), false)
 7 FCPATH/index.php(67): CodeIgniter\CodeIgniter->run()
CRITICAL - 2023-03-09 08:41:27 --> Undefined property: stdClass::$callback_query
in APPPATH/Models/Telegram.php on line 11.
 1 APPPATH/Models/Telegram.php(11): CodeIgniter\Debug\Exceptions->errorHandler(8, 'Undefined property: stdClass::$callback_query', 'APPPATH/Models/Telegram.php', 11, [...])
 2 APPPATH/Controllers/Meters.php(158): App\Models\Telegram->telegram(Object(stdClass))
 3 SYSTEMPATH/CodeIgniter.php(927): App\Controllers\Meters->telegram()
 4 SYSTEMPATH/CodeIgniter.php(482): CodeIgniter\CodeIgniter->runController(Object(App\Controllers\Meters))
 5 SYSTEMPATH/CodeIgniter.php(351): CodeIgniter\CodeIgniter->handleRequest(null, Object(Config\Cache), false)
 6 FCPATH/index.php(67): CodeIgniter\CodeIgniter->run()
CRITICAL - 2023-03-09 08:41:30 --> Undefined property: stdClass::$callback_query
in APPPATH/Models/Telegram.php on line 11.
 1 APPPATH/Models/Telegram.php(11): CodeIgniter\Debug\Exceptions->errorHandler(8, 'Undefined property: stdClass::$callback_query', 'APPPATH/Models/Telegram.php', 11, [...])
 2 APPPATH/Controllers/Meters.php(158): App\Models\Telegram->telegram(Object(stdClass))
 3 SYSTEMPATH/CodeIgniter.php(927): App\Controllers\Meters->telegram()
 4 SYSTEMPATH/CodeIgniter.php(482): CodeIgniter\CodeIgniter->runController(Object(App\Controllers\Meters))
 5 SYSTEMPATH/CodeIgniter.php(351): CodeIgniter\CodeIgniter->handleRequest(null, Object(Config\Cache), false)
 6 FCPATH/index.php(67): CodeIgniter\CodeIgniter->run()
CRITICAL - 2023-03-09 08:41:36 --> Trying to get property 'counterPK' of non-object
in APPPATH/Models/Telegram.php on line 41.
 1 APPPATH/Models/Telegram.php(41): CodeIgniter\Debug\Exceptions->errorHandler(8, 'Trying to get property \'counterPK\' of non-object', 'APPPATH/Models/Telegram.php', 41, [...])
 2 APPPATH/Models/Telegram.php(13): App\Models\Telegram->message(Object(stdClass), Object(stdClass), 971483502)
 3 APPPATH/Controllers/Meters.php(158): App\Models\Telegram->telegram(Object(stdClass))
 4 SYSTEMPATH/CodeIgniter.php(927): App\Controllers\Meters->telegram()
 5 SYSTEMPATH/CodeIgniter.php(482): CodeIgniter\CodeIgniter->runController(Object(App\Controllers\Meters))
 6 SYSTEMPATH/CodeIgniter.php(351): CodeIgniter\CodeIgniter->handleRequest(null, Object(Config\Cache), false)
 7 FCPATH/index.php(67): CodeIgniter\CodeIgniter->run()
CRITICAL - 2023-03-09 08:42:27 --> Too few arguments to function App\Models\Telegram::menuMess(), 2 passed in /ext/WWW/konex.com.ua/zayavki/app/Models/Telegram.php on line 93 and exactly 3 expected
in APPPATH/Models/Telegram.php on line 155.
 1 APPPATH/Models/Telegram.php(93): App\Models\Telegram->menuMess(971483502, 'Показник лічильникa за 2023-02-01 був <b>доданий раніше</b>')
 2 APPPATH/Models/Telegram.php(13): App\Models\Telegram->callback(Object(stdClass), Object(stdClass), 971483502)
 3 APPPATH/Controllers/Meters.php(158): App\Models\Telegram->telegram(Object(stdClass))
 4 SYSTEMPATH/CodeIgniter.php(927): App\Controllers\Meters->telegram()
 5 SYSTEMPATH/CodeIgniter.php(482): CodeIgniter\CodeIgniter->runController(Object(App\Controllers\Meters))
 6 SYSTEMPATH/CodeIgniter.php(351): CodeIgniter\CodeIgniter->handleRequest(null, Object(Config\Cache), false)
 7 FCPATH/index.php(67): CodeIgniter\CodeIgniter->run()
CRITICAL - 2023-03-09 08:42:46 --> Too few arguments to function App\Models\Telegram::menuMess(), 2 passed in /ext/WWW/konex.com.ua/zayavki/app/Models/Telegram.php on line 93 and exactly 3 expected
in APPPATH/Models/Telegram.php on line 155.
 1 APPPATH/Models/Telegram.php(93): App\Models\Telegram->menuMess(971483502, 'Показник лічильникa за 2023-02-01 був <b>доданий раніше</b>')
 2 APPPATH/Models/Telegram.php(13): App\Models\Telegram->callback(Object(stdClass), Object(stdClass), 971483502)
 3 APPPATH/Controllers/Meters.php(158): App\Models\Telegram->telegram(Object(stdClass))
 4 SYSTEMPATH/CodeIgniter.php(927): App\Controllers\Meters->telegram()
 5 SYSTEMPATH/CodeIgniter.php(482): CodeIgniter\CodeIgniter->runController(Object(App\Controllers\Meters))
 6 SYSTEMPATH/CodeIgniter.php(351): CodeIgniter\CodeIgniter->handleRequest(null, Object(Config\Cache), false)
 7 FCPATH/index.php(67): CodeIgniter\CodeIgniter->run()
CRITICAL - 2023-03-09 08:44:48 --> Too few arguments to function App\Models\Telegram::menuMess(), 2 passed in /ext/WWW/konex.com.ua/zayavki/app/Models/Telegram.php on line 92 and exactly 3 expected
in APPPATH/Models/Telegram.php on line 154.
 1 APPPATH/Models/Telegram.php(92): App\Models\Telegram->menuMess(971483502, 'Показник лічильникa за 2023-02-01 був <b>доданий раніше</b>')
 2 APPPATH/Models/Telegram.php(13): App\Models\Telegram->callback(Object(stdClass), Object(stdClass), 971483502)
 3 APPPATH/Controllers/Meters.php(158): App\Models\Telegram->telegram(Object(stdClass))
 4 SYSTEMPATH/CodeIgniter.php(927): App\Controllers\Meters->telegram()
 5 SYSTEMPATH/CodeIgniter.php(482): CodeIgniter\CodeIgniter->runController(Object(App\Controllers\Meters))
 6 SYSTEMPATH/CodeIgniter.php(351): CodeIgniter\CodeIgniter->handleRequest(null, Object(Config\Cache), false)
 7 FCPATH/index.php(67): CodeIgniter\CodeIgniter->run()
CRITICAL - 2023-03-09 08:45:02 --> Too few arguments to function App\Models\Telegram::menuMess(), 2 passed in /ext/WWW/konex.com.ua/zayavki/app/Models/Telegram.php on line 92 and exactly 3 expected
in APPPATH/Models/Telegram.php on line 154.
 1 APPPATH/Models/Telegram.php(92): App\Models\Telegram->menuMess(971483502, 'Показник лічильникa за 2023-02-01 був <b>доданий раніше</b>')
 2 APPPATH/Models/Telegram.php(13): App\Models\Telegram->callback(Object(stdClass), Object(stdClass), 971483502)
 3 APPPATH/Controllers/Meters.php(158): App\Models\Telegram->telegram(Object(stdClass))
 4 SYSTEMPATH/CodeIgniter.php(927): App\Controllers\Meters->telegram()
 5 SYSTEMPATH/CodeIgniter.php(482): CodeIgniter\CodeIgniter->runController(Object(App\Controllers\Meters))
 6 SYSTEMPATH/CodeIgniter.php(351): CodeIgniter\CodeIgniter->handleRequest(null, Object(Config\Cache), false)
 7 FCPATH/index.php(67): CodeIgniter\CodeIgniter->run()
CRITICAL - 2023-03-09 08:45:09 --> Too few arguments to function App\Models\Telegram::menuMess(), 2 passed in /ext/WWW/konex.com.ua/zayavki/app/Models/Telegram.php on line 92 and exactly 3 expected
in APPPATH/Models/Telegram.php on line 154.
 1 APPPATH/Models/Telegram.php(92): App\Models\Telegram->menuMess(971483502, 'Показник лічильникa за 2023-02-01 був <b>доданий раніше</b>')
 2 APPPATH/Models/Telegram.php(13): App\Models\Telegram->callback(Object(stdClass), Object(stdClass), 971483502)
 3 APPPATH/Controllers/Meters.php(158): App\Models\Telegram->telegram(Object(stdClass))
 4 SYSTEMPATH/CodeIgniter.php(927): App\Controllers\Meters->telegram()
 5 SYSTEMPATH/CodeIgniter.php(482): CodeIgniter\CodeIgniter->runController(Object(App\Controllers\Meters))
 6 SYSTEMPATH/CodeIgniter.php(351): CodeIgniter\CodeIgniter->handleRequest(null, Object(Config\Cache), false)
 7 FCPATH/index.php(67): CodeIgniter\CodeIgniter->run()
CRITICAL - 2023-03-09 08:46:24 --> Too few arguments to function App\Models\Telegram::menuMess(), 2 passed in /ext/WWW/konex.com.ua/zayavki/app/Models/Telegram.php on line 92 and exactly 3 expected
in APPPATH/Models/Telegram.php on line 154.
 1 APPPATH/Models/Telegram.php(92): App\Models\Telegram->menuMess(971483502, 'Показник лічильникa за 2023-02-01 був <b>доданий раніше</b>')
 2 APPPATH/Models/Telegram.php(13): App\Models\Telegram->callback(Object(stdClass), Object(stdClass), 971483502)
 3 APPPATH/Controllers/Meters.php(158): App\Models\Telegram->telegram(Object(stdClass))
 4 SYSTEMPATH/CodeIgniter.php(927): App\Controllers\Meters->telegram()
 5 SYSTEMPATH/CodeIgniter.php(482): CodeIgniter\CodeIgniter->runController(Object(App\Controllers\Meters))
 6 SYSTEMPATH/CodeIgniter.php(351): CodeIgniter\CodeIgniter->handleRequest(null, Object(Config\Cache), false)
 7 FCPATH/index.php(67): CodeIgniter\CodeIgniter->run()
CRITICAL - 2023-03-09 08:48:40 --> Trying to get property 'counterPK' of non-object
in APPPATH/Models/Telegram.php on line 41.
 1 APPPATH/Models/Telegram.php(41): CodeIgniter\Debug\Exceptions->errorHandler(8, 'Trying to get property \'counterPK\' of non-object', 'APPPATH/Models/Telegram.php', 41, [...])
 2 APPPATH/Models/Telegram.php(13): App\Models\Telegram->message(Object(stdClass), Object(stdClass), 971483502)
 3 APPPATH/Controllers/Meters.php(158): App\Models\Telegram->telegram(Object(stdClass))
 4 SYSTEMPATH/CodeIgniter.php(927): App\Controllers\Meters->telegram()
 5 SYSTEMPATH/CodeIgniter.php(482): CodeIgniter\CodeIgniter->runController(Object(App\Controllers\Meters))
 6 SYSTEMPATH/CodeIgniter.php(351): CodeIgniter\CodeIgniter->handleRequest(null, Object(Config\Cache), false)
 7 FCPATH/index.php(67): CodeIgniter\CodeIgniter->run()
CRITICAL - 2023-03-09 08:50:01 --> Too few arguments to function App\Models\Telegram::menuMess(), 2 passed in /ext/WWW/konex.com.ua/zayavki/app/Models/Telegram.php on line 91 and exactly 3 expected
in APPPATH/Models/Telegram.php on line 154.
 1 APPPATH/Models/Telegram.php(91): App\Models\Telegram->menuMess(971483502, 'Показник лічильникa 452 за 02.2023 був <b>успішно додані 👍 </b>
<i>Виберіть тип лічильника</i>')
 2 APPPATH/Models/Telegram.php(13): App\Models\Telegram->callback(Object(stdClass), Object(stdClass), 971483502)
 3 APPPATH/Controllers/Meters.php(158): App\Models\Telegram->telegram(Object(stdClass))
 4 SYSTEMPATH/CodeIgniter.php(927): App\Controllers\Meters->telegram()
 5 SYSTEMPATH/CodeIgniter.php(482): CodeIgniter\CodeIgniter->runController(Object(App\Controllers\Meters))
 6 SYSTEMPATH/CodeIgniter.php(351): CodeIgniter\CodeIgniter->handleRequest(null, Object(Config\Cache), false)
 7 FCPATH/index.php(67): CodeIgniter\CodeIgniter->run()
CRITICAL - 2023-03-09 08:50:08 --> Too few arguments to function App\Models\Telegram::menuMess(), 2 passed in /ext/WWW/konex.com.ua/zayavki/app/Models/Telegram.php on line 92 and exactly 3 expected
in APPPATH/Models/Telegram.php on line 154.
 1 APPPATH/Models/Telegram.php(92): App\Models\Telegram->menuMess(971483502, 'Показник лічильникa за 2023-02-01 був <b>доданий раніше</b>')
 2 APPPATH/Models/Telegram.php(13): App\Models\Telegram->callback(Object(stdClass), Object(stdClass), 971483502)
 3 APPPATH/Controllers/Meters.php(158): App\Models\Telegram->telegram(Object(stdClass))
 4 SYSTEMPATH/CodeIgniter.php(927): App\Controllers\Meters->telegram()
 5 SYSTEMPATH/CodeIgniter.php(482): CodeIgniter\CodeIgniter->runController(Object(App\Controllers\Meters))
 6 SYSTEMPATH/CodeIgniter.php(351): CodeIgniter\CodeIgniter->handleRequest(null, Object(Config\Cache), false)
 7 FCPATH/index.php(67): CodeIgniter\CodeIgniter->run()
CRITICAL - 2023-03-09 08:52:09 --> Too few arguments to function App\Models\Telegram::menuMess(), 2 passed in /ext/WWW/konex.com.ua/zayavki/app/Models/Telegram.php on line 91 and exactly 3 expected
in APPPATH/Models/Telegram.php on line 154.
 1 APPPATH/Models/Telegram.php(91): App\Models\Telegram->menuMess(971483502, 'Показник лічильникa 452 за 02.2023 був <b>успішно додані 👍 </b>
<i>Виберіть тип лічильника</i>')
 2 APPPATH/Models/Telegram.php(13): App\Models\Telegram->callback(Object(stdClass), Object(stdClass), 971483502)
 3 APPPATH/Controllers/Meters.php(158): App\Models\Telegram->telegram(Object(stdClass))
 4 SYSTEMPATH/CodeIgniter.php(927): App\Controllers\Meters->telegram()
 5 SYSTEMPATH/CodeIgniter.php(482): CodeIgniter\CodeIgniter->runController(Object(App\Controllers\Meters))
 6 SYSTEMPATH/CodeIgniter.php(351): CodeIgniter\CodeIgniter->handleRequest(null, Object(Config\Cache), false)
 7 FCPATH/index.php(67): CodeIgniter\CodeIgniter->run()
CRITICAL - 2023-03-09 08:52:22 --> Too few arguments to function App\Models\Telegram::menuMess(), 2 passed in /ext/WWW/konex.com.ua/zayavki/app/Models/Telegram.php on line 91 and exactly 3 expected
in APPPATH/Models/Telegram.php on line 154.
 1 APPPATH/Models/Telegram.php(91): App\Models\Telegram->menuMess(971483502, 'Показник лічильникa 452 за 02.2023 був <b>успішно додані 👍 </b>
<i>Виберіть тип лічильника</i>')
 2 APPPATH/Models/Telegram.php(13): App\Models\Telegram->callback(Object(stdClass), Object(stdClass), 971483502)
 3 APPPATH/Controllers/Meters.php(158): App\Models\Telegram->telegram(Object(stdClass))
 4 SYSTEMPATH/CodeIgniter.php(927): App\Controllers\Meters->telegram()
 5 SYSTEMPATH/CodeIgniter.php(482): CodeIgniter\CodeIgniter->runController(Object(App\Controllers\Meters))
 6 SYSTEMPATH/CodeIgniter.php(351): CodeIgniter\CodeIgniter->handleRequest(null, Object(Config\Cache), false)
 7 FCPATH/index.php(67): CodeIgniter\CodeIgniter->run()
CRITICAL - 2023-03-09 08:53:20 --> Too few arguments to function App\Models\Telegram::menuMess(), 2 passed in /ext/WWW/konex.com.ua/zayavki/app/Models/Telegram.php on line 92 and exactly 3 expected
in APPPATH/Models/Telegram.php on line 155.
 1 APPPATH/Models/Telegram.php(92): App\Models\Telegram->menuMess(971483502, 'Показник лічильникa 452 за 02.2023 був <b>успішно додані 👍 </b>
<i>Виберіть тип лічильника</i>')
 2 APPPATH/Models/Telegram.php(13): App\Models\Telegram->callback(Object(stdClass), Object(stdClass), 971483502)
 3 APPPATH/Controllers/Meters.php(158): App\Models\Telegram->telegram(Object(stdClass))
 4 SYSTEMPATH/CodeIgniter.php(927): App\Controllers\Meters->telegram()
 5 SYSTEMPATH/CodeIgniter.php(482): CodeIgniter\CodeIgniter->runController(Object(App\Controllers\Meters))
 6 SYSTEMPATH/CodeIgniter.php(351): CodeIgniter\CodeIgniter->handleRequest(null, Object(Config\Cache), false)
 7 FCPATH/index.php(67): CodeIgniter\CodeIgniter->run()
CRITICAL - 2023-03-09 09:29:01 --> Too few arguments to function App\Models\Telegram::menuMess(), 2 passed in /ext/WWW/konex.com.ua/zayavki/app/Models/Telegram.php on line 92 and exactly 3 expected
in APPPATH/Models/Telegram.php on line 154.
 1 APPPATH/Models/Telegram.php(92): App\Models\Telegram->menuMess(971483502, 'Показник лічильникa за 2023-02-01 був <b>доданий раніше</b>')
 2 APPPATH/Models/Telegram.php(13): App\Models\Telegram->callback(Object(stdClass), Object(stdClass), 971483502)
 3 APPPATH/Controllers/Meters.php(158): App\Models\Telegram->telegram(Object(stdClass))
 4 SYSTEMPATH/CodeIgniter.php(927): App\Controllers\Meters->telegram()
 5 SYSTEMPATH/CodeIgniter.php(482): CodeIgniter\CodeIgniter->runController(Object(App\Controllers\Meters))
 6 SYSTEMPATH/CodeIgniter.php(351): CodeIgniter\CodeIgniter->handleRequest(null, Object(Config\Cache), false)
 7 FCPATH/index.php(67): CodeIgniter\CodeIgniter->run()
CRITICAL - 2023-03-09 09:31:24 --> Too few arguments to function App\Models\Telegram::menuMess(), 2 passed in /ext/WWW/konex.com.ua/zayavki/app/Models/Telegram.php on line 92 and exactly 3 expected
in APPPATH/Models/Telegram.php on line 154.
 1 APPPATH/Models/Telegram.php(92): App\Models\Telegram->menuMess(971483502, 'Показник лічильникa за 2023-02-01 був <b>доданий раніше</b>')
 2 APPPATH/Models/Telegram.php(13): App\Models\Telegram->callback(Object(stdClass), Object(stdClass), 971483502)
 3 APPPATH/Controllers/Meters.php(158): App\Models\Telegram->telegram(Object(stdClass))
 4 SYSTEMPATH/CodeIgniter.php(927): App\Controllers\Meters->telegram()
 5 SYSTEMPATH/CodeIgniter.php(482): CodeIgniter\CodeIgniter->runController(Object(App\Controllers\Meters))
 6 SYSTEMPATH/CodeIgniter.php(351): CodeIgniter\CodeIgniter->handleRequest(null, Object(Config\Cache), false)
 7 FCPATH/index.php(67): CodeIgniter\CodeIgniter->run()
CRITICAL - 2023-03-09 09:32:14 --> Undefined property: stdClass::$callback_query
in APPPATH/Models/Telegram.php on line 11.
 1 APPPATH/Models/Telegram.php(11): CodeIgniter\Debug\Exceptions->errorHandler(8, 'Undefined property: stdClass::$callback_query', 'APPPATH/Models/Telegram.php', 11, [...])
 2 APPPATH/Controllers/Meters.php(158): App\Models\Telegram->telegram(Object(stdClass))
 3 SYSTEMPATH/CodeIgniter.php(927): App\Controllers\Meters->telegram()
 4 SYSTEMPATH/CodeIgniter.php(482): CodeIgniter\CodeIgniter->runController(Object(App\Controllers\Meters))
 5 SYSTEMPATH/CodeIgniter.php(351): CodeIgniter\CodeIgniter->handleRequest(null, Object(Config\Cache), false)
 6 FCPATH/index.php(67): CodeIgniter\CodeIgniter->run()
CRITICAL - 2023-03-09 09:32:15 --> Undefined property: stdClass::$callback_query
in APPPATH/Models/Telegram.php on line 11.
 1 APPPATH/Models/Telegram.php(11): CodeIgniter\Debug\Exceptions->errorHandler(8, 'Undefined property: stdClass::$callback_query', 'APPPATH/Models/Telegram.php', 11, [...])
 2 APPPATH/Controllers/Meters.php(158): App\Models\Telegram->telegram(Object(stdClass))
 3 SYSTEMPATH/CodeIgniter.php(927): App\Controllers\Meters->telegram()
 4 SYSTEMPATH/CodeIgniter.php(482): CodeIgniter\CodeIgniter->runController(Object(App\Controllers\Meters))
 5 SYSTEMPATH/CodeIgniter.php(351): CodeIgniter\CodeIgniter->handleRequest(null, Object(Config\Cache), false)
 6 FCPATH/index.php(67): CodeIgniter\CodeIgniter->run()
CRITICAL - 2023-03-09 09:32:26 --> Trying to get property 'counterPK' of non-object
in APPPATH/Models/Telegram.php on line 41.
 1 APPPATH/Models/Telegram.php(41): CodeIgniter\Debug\Exceptions->errorHandler(8, 'Trying to get property \'counterPK\' of non-object', 'APPPATH/Models/Telegram.php', 41, [...])
 2 APPPATH/Models/Telegram.php(13): App\Models\Telegram->message(Object(stdClass), Object(stdClass), 971483502)
 3 APPPATH/Controllers/Meters.php(158): App\Models\Telegram->telegram(Object(stdClass))
 4 SYSTEMPATH/CodeIgniter.php(927): App\Controllers\Meters->telegram()
 5 SYSTEMPATH/CodeIgniter.php(482): CodeIgniter\CodeIgniter->runController(Object(App\Controllers\Meters))
 6 SYSTEMPATH/CodeIgniter.php(351): CodeIgniter\CodeIgniter->handleRequest(null, Object(Config\Cache), false)
 7 FCPATH/index.php(67): CodeIgniter\CodeIgniter->run()
CRITICAL - 2023-03-09 09:36:51 --> Undefined property: stdClass::$callback_query
in APPPATH/Models/Telegram.php on line 11.
 1 APPPATH/Models/Telegram.php(11): CodeIgniter\Debug\Exceptions->errorHandler(8, 'Undefined property: stdClass::$callback_query', 'APPPATH/Models/Telegram.php', 11, [...])
 2 APPPATH/Controllers/Meters.php(158): App\Models\Telegram->telegram(Object(stdClass))
 3 SYSTEMPATH/CodeIgniter.php(927): App\Controllers\Meters->telegram()
 4 SYSTEMPATH/CodeIgniter.php(482): CodeIgniter\CodeIgniter->runController(Object(App\Controllers\Meters))
 5 SYSTEMPATH/CodeIgniter.php(351): CodeIgniter\CodeIgniter->handleRequest(null, Object(Config\Cache), false)
 6 FCPATH/index.php(67): CodeIgniter\CodeIgniter->run()
ERROR - 2023-03-09 09:38:13 --> mysqli_sql_exception: Unknown column 'denied' in 'where clause' in /ext/WWW/konex.com.ua/zayavki/system/Database/MySQLi/Connection.php:292
Stack trace:
#0 /ext/WWW/konex.com.ua/zayavki/system/Database/MySQLi/Connection.php(292): mysqli->query('SELECT counter....', 0)
#1 /ext/WWW/konex.com.ua/zayavki/system/Database/BaseConnection.php(666): CodeIgniter\Database\MySQLi\Connection->execute('SELECT counter....')
#2 /ext/WWW/konex.com.ua/zayavki/system/Database/BaseConnection.php(593): CodeIgniter\Database\BaseConnection->simpleQuery('SELECT counter....')
#3 /ext/WWW/konex.com.ua/zayavki/app/Models/Search.php(310): CodeIgniter\Database\BaseConnection->query('SELECT counter....')
#4 /ext/WWW/konex.com.ua/zayavki/app/Models/Telegram.php(137): App\Models\Search->findCounterByChatIdAndPK('131', '8', 'denied')
#5 /ext/WWW/konex.com.ua/zayavki/app/Models/Telegram.php(78): App\Models\Telegram->chooseCounter(Object(stdClass), 971483502, 'denied')
#6 /ext/WWW/konex.com.ua/zayavki/app/Models/Telegram.php(13): App\Models\Telegram->callback(Object(stdClass), Object(stdClass), 971483502)
#7 /ext/WWW/konex.com.ua/zayavki/app/Controllers/Meters.php(158): App\Models\Telegram->telegram(Object(stdClass))
#8 /ext/WWW/konex.com.ua/zayavki/system/CodeIgniter.php(927): App\Controllers\Meters->telegram()
#9 /ext/WWW/konex.com.ua/zayavki/system/CodeIgniter.php(482): CodeIgniter\CodeIgniter->runController(Object(App\Controllers\Meters))
#10 /ext/WWW/konex.com.ua/zayavki/system/CodeIgniter.php(351): CodeIgniter\CodeIgniter->handleRequest(NULL, Object(Config\Cache), false)
#11 /ext/WWW/konex.com.ua/zayavki/public/index.php(67): CodeIgniter\CodeIgniter->run()
#12 {main}
CRITICAL - 2023-03-09 09:38:13 --> Unknown column 'denied' in 'where clause'
in SYSTEMPATH/Database/MySQLi/Connection.php on line 292.
 1 SYSTEMPATH/Database/MySQLi/Connection.php(292): mysqli->query('SELECT counter.id, counterId, counterName FROM counter WHERE unit = 131 AND typeC = 8 AND counter.id = denied
         AND counter.id NOT IN (SELECT counter.id FROM counter JOIN pokaz ON counter.id = cId WHERE unit = 131 AND typeC = 8 AND ts =  \'2023-02-01\' AND counter.id = denied GROUP BY counter.id)', 0)
 2 SYSTEMPATH/Database/BaseConnection.php(666): CodeIgniter\Database\MySQLi\Connection->execute('SELECT counter.id, counterId, counterName FROM counter WHERE unit = 131 AND typeC = 8 AND counter.id = denied
         AND counter.id NOT IN (SELECT counter.id FROM counter JOIN pokaz ON counter.id = cId WHERE unit = 131 AND typeC = 8 AND ts =  \'2023-02-01\' AND counter.id = denied GROUP BY counter.id)')
 3 SYSTEMPATH/Database/BaseConnection.php(593): CodeIgniter\Database\BaseConnection->simpleQuery('SELECT counter.id, counterId, counterName FROM counter WHERE unit = 131 AND typeC = 8 AND counter.id = denied
         AND counter.id NOT IN (SELECT counter.id FROM counter JOIN pokaz ON counter.id = cId WHERE unit = 131 AND typeC = 8 AND ts =  \'2023-02-01\' AND counter.id = denied GROUP BY counter.id)')
 4 APPPATH/Models/Search.php(310): CodeIgniter\Database\BaseConnection->query('SELECT counter.id, counterId, counterName FROM counter WHERE unit = 131 AND typeC = 8 AND counter.id = denied
         AND counter.id NOT IN (SELECT counter.id FROM counter JOIN pokaz ON counter.id = cId WHERE unit = 131 AND typeC = 8 AND ts =  \'2023-02-01\' AND counter.id = denied GROUP BY counter.id)')
 5 APPPATH/Models/Telegram.php(137): App\Models\Search->findCounterByChatIdAndPK('131', '8', 'denied')
 6 APPPATH/Models/Telegram.php(78): App\Models\Telegram->chooseCounter(Object(stdClass), 971483502, 'denied')
 7 APPPATH/Models/Telegram.php(13): App\Models\Telegram->callback(Object(stdClass), Object(stdClass), 971483502)
 8 APPPATH/Controllers/Meters.php(158): App\Models\Telegram->telegram(Object(stdClass))
 9 SYSTEMPATH/CodeIgniter.php(927): App\Controllers\Meters->telegram()
10 SYSTEMPATH/CodeIgniter.php(482): CodeIgniter\CodeIgniter->runController(Object(App\Controllers\Meters))
11 SYSTEMPATH/CodeIgniter.php(351): CodeIgniter\CodeIgniter->handleRequest(null, Object(Config\Cache), false)
12 FCPATH/index.php(67): CodeIgniter\CodeIgniter->run()
ERROR - 2023-03-09 09:38:15 --> mysqli_sql_exception: Unknown column 'confirm' in 'where clause' in /ext/WWW/konex.com.ua/zayavki/system/Database/MySQLi/Connection.php:292
Stack trace:
#0 /ext/WWW/konex.com.ua/zayavki/system/Database/MySQLi/Connection.php(292): mysqli->query('SELECT counter....', 0)
#1 /ext/WWW/konex.com.ua/zayavki/system/Database/BaseConnection.php(666): CodeIgniter\Database\MySQLi\Connection->execute('SELECT counter....')
#2 /ext/WWW/konex.com.ua/zayavki/system/Database/BaseConnection.php(593): CodeIgniter\Database\BaseConnection->simpleQuery('SELECT counter....')
#3 /ext/WWW/konex.com.ua/zayavki/app/Models/Search.php(310): CodeIgniter\Database\BaseConnection->query('SELECT counter....')
#4 /ext/WWW/konex.com.ua/zayavki/app/Models/Telegram.php(137): App\Models\Search->findCounterByChatIdAndPK('131', '8', 'confirm')
#5 /ext/WWW/konex.com.ua/zayavki/app/Models/Telegram.php(78): App\Models\Telegram->chooseCounter(Object(stdClass), 971483502, 'confirm')
#6 /ext/WWW/konex.com.ua/zayavki/app/Models/Telegram.php(13): App\Models\Telegram->callback(Object(stdClass), Object(stdClass), 971483502)
#7 /ext/WWW/konex.com.ua/zayavki/app/Controllers/Meters.php(158): App\Models\Telegram->telegram(Object(stdClass))
#8 /ext/WWW/konex.com.ua/zayavki/system/CodeIgniter.php(927): App\Controllers\Meters->telegram()
#9 /ext/WWW/konex.com.ua/zayavki/system/CodeIgniter.php(482): CodeIgniter\CodeIgniter->runController(Object(App\Controllers\Meters))
#10 /ext/WWW/konex.com.ua/zayavki/system/CodeIgniter.php(351): CodeIgniter\CodeIgniter->handleRequest(NULL, Object(Config\Cache), false)
#11 /ext/WWW/konex.com.ua/zayavki/public/index.php(67): CodeIgniter\CodeIgniter->run()
#12 {main}
CRITICAL - 2023-03-09 09:38:15 --> Unknown column 'confirm' in 'where clause'
in SYSTEMPATH/Database/MySQLi/Connection.php on line 292.
 1 SYSTEMPATH/Database/MySQLi/Connection.php(292): mysqli->query('SELECT counter.id, counterId, counterName FROM counter WHERE unit = 131 AND typeC = 8 AND counter.id = confirm
         AND counter.id NOT IN (SELECT counter.id FROM counter JOIN pokaz ON counter.id = cId WHERE unit = 131 AND typeC = 8 AND ts =  \'2023-02-01\' AND counter.id = confirm GROUP BY counter.id)', 0)
 2 SYSTEMPATH/Database/BaseConnection.php(666): CodeIgniter\Database\MySQLi\Connection->execute('SELECT counter.id, counterId, counterName FROM counter WHERE unit = 131 AND typeC = 8 AND counter.id = confirm
         AND counter.id NOT IN (SELECT counter.id FROM counter JOIN pokaz ON counter.id = cId WHERE unit = 131 AND typeC = 8 AND ts =  \'2023-02-01\' AND counter.id = confirm GROUP BY counter.id)')
 3 SYSTEMPATH/Database/BaseConnection.php(593): CodeIgniter\Database\BaseConnection->simpleQuery('SELECT counter.id, counterId, counterName FROM counter WHERE unit = 131 AND typeC = 8 AND counter.id = confirm
         AND counter.id NOT IN (SELECT counter.id FROM counter JOIN pokaz ON counter.id = cId WHERE unit = 131 AND typeC = 8 AND ts =  \'2023-02-01\' AND counter.id = confirm GROUP BY counter.id)')
 4 APPPATH/Models/Search.php(310): CodeIgniter\Database\BaseConnection->query('SELECT counter.id, counterId, counterName FROM counter WHERE unit = 131 AND typeC = 8 AND counter.id = confirm
         AND counter.id NOT IN (SELECT counter.id FROM counter JOIN pokaz ON counter.id = cId WHERE unit = 131 AND typeC = 8 AND ts =  \'2023-02-01\' AND counter.id = confirm GROUP BY counter.id)')
 5 APPPATH/Models/Telegram.php(137): App\Models\Search->findCounterByChatIdAndPK('131', '8', 'confirm')
 6 APPPATH/Models/Telegram.php(78): App\Models\Telegram->chooseCounter(Object(stdClass), 971483502, 'confirm')
 7 APPPATH/Models/Telegram.php(13): App\Models\Telegram->callback(Object(stdClass), Object(stdClass), 971483502)
 8 APPPATH/Controllers/Meters.php(158): App\Models\Telegram->telegram(Object(stdClass))
 9 SYSTEMPATH/CodeIgniter.php(927): App\Controllers\Meters->telegram()
10 SYSTEMPATH/CodeIgniter.php(482): CodeIgniter\CodeIgniter->runController(Object(App\Controllers\Meters))
11 SYSTEMPATH/CodeIgniter.php(351): CodeIgniter\CodeIgniter->handleRequest(null, Object(Config\Cache), false)
12 FCPATH/index.php(67): CodeIgniter\CodeIgniter->run()
CRITICAL - 2023-03-09 09:46:44 --> Undefined property: stdClass::$callback_query
in APPPATH/Models/Telegram.php on line 11.
 1 APPPATH/Models/Telegram.php(11): CodeIgniter\Debug\Exceptions->errorHandler(8, 'Undefined property: stdClass::$callback_query', 'APPPATH/Models/Telegram.php', 11, [...])
 2 APPPATH/Controllers/Meters.php(158): App\Models\Telegram->telegram(Object(stdClass))
 3 SYSTEMPATH/CodeIgniter.php(927): App\Controllers\Meters->telegram()
 4 SYSTEMPATH/CodeIgniter.php(482): CodeIgniter\CodeIgniter->runController(Object(App\Controllers\Meters))
 5 SYSTEMPATH/CodeIgniter.php(351): CodeIgniter\CodeIgniter->handleRequest(null, Object(Config\Cache), false)
 6 FCPATH/index.php(67): CodeIgniter\CodeIgniter->run()
CRITICAL - 2023-03-09 09:46:48 --> Undefined property: stdClass::$callback_query
in APPPATH/Models/Telegram.php on line 11.
 1 APPPATH/Models/Telegram.php(11): CodeIgniter\Debug\Exceptions->errorHandler(8, 'Undefined property: stdClass::$callback_query', 'APPPATH/Models/Telegram.php', 11, [...])
 2 APPPATH/Controllers/Meters.php(158): App\Models\Telegram->telegram(Object(stdClass))
 3 SYSTEMPATH/CodeIgniter.php(927): App\Controllers\Meters->telegram()
 4 SYSTEMPATH/CodeIgniter.php(482): CodeIgniter\CodeIgniter->runController(Object(App\Controllers\Meters))
 5 SYSTEMPATH/CodeIgniter.php(351): CodeIgniter\CodeIgniter->handleRequest(null, Object(Config\Cache), false)
 6 FCPATH/index.php(67): CodeIgniter\CodeIgniter->run()
CRITICAL - 2023-03-09 09:47:34 --> Trying to get property 'counterPK' of non-object
in APPPATH/Models/Telegram.php on line 41.
 1 APPPATH/Models/Telegram.php(41): CodeIgniter\Debug\Exceptions->errorHandler(8, 'Trying to get property \'counterPK\' of non-object', 'APPPATH/Models/Telegram.php', 41, [...])
 2 APPPATH/Models/Telegram.php(13): App\Models\Telegram->message(Object(stdClass), Object(stdClass), 971483502)
 3 APPPATH/Controllers/Meters.php(158): App\Models\Telegram->telegram(Object(stdClass))
 4 SYSTEMPATH/CodeIgniter.php(927): App\Controllers\Meters->telegram()
 5 SYSTEMPATH/CodeIgniter.php(482): CodeIgniter\CodeIgniter->runController(Object(App\Controllers\Meters))
 6 SYSTEMPATH/CodeIgniter.php(351): CodeIgniter\CodeIgniter->handleRequest(null, Object(Config\Cache), false)
 7 FCPATH/index.php(67): CodeIgniter\CodeIgniter->run()
CRITICAL - 2023-03-09 09:47:40 --> Trying to get property 'counterPK' of non-object
in APPPATH/Models/Telegram.php on line 41.
 1 APPPATH/Models/Telegram.php(41): CodeIgniter\Debug\Exceptions->errorHandler(8, 'Trying to get property \'counterPK\' of non-object', 'APPPATH/Models/Telegram.php', 41, [...])
 2 APPPATH/Models/Telegram.php(13): App\Models\Telegram->message(Object(stdClass), Object(stdClass), 971483502)
 3 APPPATH/Controllers/Meters.php(158): App\Models\Telegram->telegram(Object(stdClass))
 4 SYSTEMPATH/CodeIgniter.php(927): App\Controllers\Meters->telegram()
 5 SYSTEMPATH/CodeIgniter.php(482): CodeIgniter\CodeIgniter->runController(Object(App\Controllers\Meters))
 6 SYSTEMPATH/CodeIgniter.php(351): CodeIgniter\CodeIgniter->handleRequest(null, Object(Config\Cache), false)
 7 FCPATH/index.php(67): CodeIgniter\CodeIgniter->run()
ERROR - 2023-03-09 09:53:20 --> mysqli_sql_exception: Unknown column 'backMenu' in 'where clause' in /ext/WWW/konex.com.ua/zayavki/system/Database/MySQLi/Connection.php:292
Stack trace:
#0 /ext/WWW/konex.com.ua/zayavki/system/Database/MySQLi/Connection.php(292): mysqli->query('SELECT counter....', 0)
#1 /ext/WWW/konex.com.ua/zayavki/system/Database/BaseConnection.php(666): CodeIgniter\Database\MySQLi\Connection->execute('SELECT counter....')
#2 /ext/WWW/konex.com.ua/zayavki/system/Database/BaseConnection.php(593): CodeIgniter\Database\BaseConnection->simpleQuery('SELECT counter....')
#3 /ext/WWW/konex.com.ua/zayavki/app/Models/Search.php(310): CodeIgniter\Database\BaseConnection->query('SELECT counter....')
#4 /ext/WWW/konex.com.ua/zayavki/app/Models/Telegram.php(137): App\Models\Search->findCounterByChatIdAndPK('131', '8', 'backMenu')
#5 /ext/WWW/konex.com.ua/zayavki/app/Models/Telegram.php(78): App\Models\Telegram->chooseCounter(Object(stdClass), 971483502, 'backMenu')
#6 /ext/WWW/konex.com.ua/zayavki/app/Models/Telegram.php(13): App\Models\Telegram->callback(Object(stdClass), Object(stdClass), 971483502)
#7 /ext/WWW/konex.com.ua/zayavki/app/Controllers/Meters.php(158): App\Models\Telegram->telegram(Object(stdClass))
#8 /ext/WWW/konex.com.ua/zayavki/system/CodeIgniter.php(927): App\Controllers\Meters->telegram()
#9 /ext/WWW/konex.com.ua/zayavki/system/CodeIgniter.php(482): CodeIgniter\CodeIgniter->runController(Object(App\Controllers\Meters))
#10 /ext/WWW/konex.com.ua/zayavki/system/CodeIgniter.php(351): CodeIgniter\CodeIgniter->handleRequest(NULL, Object(Config\Cache), false)
#11 /ext/WWW/konex.com.ua/zayavki/public/index.php(67): CodeIgniter\CodeIgniter->run()
#12 {main}
CRITICAL - 2023-03-09 09:53:20 --> Unknown column 'backMenu' in 'where clause'
in SYSTEMPATH/Database/MySQLi/Connection.php on line 292.
 1 SYSTEMPATH/Database/MySQLi/Connection.php(292): mysqli->query('SELECT counter.id, counterId, counterName FROM counter WHERE unit = 131 AND typeC = 8 AND counter.id = backMenu
         AND counter.id NOT IN (SELECT counter.id FROM counter JOIN pokaz ON counter.id = cId WHERE unit = 131 AND typeC = 8 AND ts =  \'2023-02-01\' AND counter.id = backMenu GROUP BY counter.id)', 0)
 2 SYSTEMPATH/Database/BaseConnection.php(666): CodeIgniter\Database\MySQLi\Connection->execute('SELECT counter.id, counterId, counterName FROM counter WHERE unit = 131 AND typeC = 8 AND counter.id = backMenu
         AND counter.id NOT IN (SELECT counter.id FROM counter JOIN pokaz ON counter.id = cId WHERE unit = 131 AND typeC = 8 AND ts =  \'2023-02-01\' AND counter.id = backMenu GROUP BY counter.id)')
 3 SYSTEMPATH/Database/BaseConnection.php(593): CodeIgniter\Database\BaseConnection->simpleQuery('SELECT counter.id, counterId, counterName FROM counter WHERE unit = 131 AND typeC = 8 AND counter.id = backMenu
         AND counter.id NOT IN (SELECT counter.id FROM counter JOIN pokaz ON counter.id = cId WHERE unit = 131 AND typeC = 8 AND ts =  \'2023-02-01\' AND counter.id = backMenu GROUP BY counter.id)')
 4 APPPATH/Models/Search.php(310): CodeIgniter\Database\BaseConnection->query('SELECT counter.id, counterId, counterName FROM counter WHERE unit = 131 AND typeC = 8 AND counter.id = backMenu
         AND counter.id NOT IN (SELECT counter.id FROM counter JOIN pokaz ON counter.id = cId WHERE unit = 131 AND typeC = 8 AND ts =  \'2023-02-01\' AND counter.id = backMenu GROUP BY counter.id)')
 5 APPPATH/Models/Telegram.php(137): App\Models\Search->findCounterByChatIdAndPK('131', '8', 'backMenu')
 6 APPPATH/Models/Telegram.php(78): App\Models\Telegram->chooseCounter(Object(stdClass), 971483502, 'backMenu')
 7 APPPATH/Models/Telegram.php(13): App\Models\Telegram->callback(Object(stdClass), Object(stdClass), 971483502)
 8 APPPATH/Controllers/Meters.php(158): App\Models\Telegram->telegram(Object(stdClass))
 9 SYSTEMPATH/CodeIgniter.php(927): App\Controllers\Meters->telegram()
10 SYSTEMPATH/CodeIgniter.php(482): CodeIgniter\CodeIgniter->runController(Object(App\Controllers\Meters))
11 SYSTEMPATH/CodeIgniter.php(351): CodeIgniter\CodeIgniter->handleRequest(null, Object(Config\Cache), false)
12 FCPATH/index.php(67): CodeIgniter\CodeIgniter->run()
CRITICAL - 2023-03-09 09:53:31 --> Trying to get property 'spokaz' of non-object
in APPPATH/Models/Telegram.php on line 145.
 1 APPPATH/Models/Telegram.php(145): CodeIgniter\Debug\Exceptions->errorHandler(8, 'Trying to get property \'spokaz\' of non-object', 'APPPATH/Models/Telegram.php', 145, [...])
 2 APPPATH/Models/Telegram.php(137): App\Models\Telegram->addPokazMess(971483502, Object(stdClass), '356', Object(App\Models\User), Object(App\Models\Search))
 3 APPPATH/Models/Telegram.php(78): App\Models\Telegram->chooseCounter(Object(stdClass), 971483502, '356')
 4 APPPATH/Models/Telegram.php(13): App\Models\Telegram->callback(Object(stdClass), Object(stdClass), 971483502)
 5 APPPATH/Controllers/Meters.php(158): App\Models\Telegram->telegram(Object(stdClass))
 6 SYSTEMPATH/CodeIgniter.php(927): App\Controllers\Meters->telegram()
 7 SYSTEMPATH/CodeIgniter.php(482): CodeIgniter\CodeIgniter->runController(Object(App\Controllers\Meters))
 8 SYSTEMPATH/CodeIgniter.php(351): CodeIgniter\CodeIgniter->handleRequest(null, Object(Config\Cache), false)
 9 FCPATH/index.php(67): CodeIgniter\CodeIgniter->run()
ERROR - 2023-03-09 09:54:35 --> mysqli_sql_exception: Unknown column 'confirm' in 'where clause' in /ext/WWW/konex.com.ua/zayavki/system/Database/MySQLi/Connection.php:292
Stack trace:
#0 /ext/WWW/konex.com.ua/zayavki/system/Database/MySQLi/Connection.php(292): mysqli->query('SELECT counter....', 0)
#1 /ext/WWW/konex.com.ua/zayavki/system/Database/BaseConnection.php(666): CodeIgniter\Database\MySQLi\Connection->execute('SELECT counter....')
#2 /ext/WWW/konex.com.ua/zayavki/system/Database/BaseConnection.php(593): CodeIgniter\Database\BaseConnection->simpleQuery('SELECT counter....')
#3 /ext/WWW/konex.com.ua/zayavki/app/Models/Search.php(310): CodeIgniter\Database\BaseConnection->query('SELECT counter....')
#4 /ext/WWW/konex.com.ua/zayavki/app/Models/Telegram.php(137): App\Models\Search->findCounterByChatIdAndPK('131', '8', 'confirm')
#5 /ext/WWW/konex.com.ua/zayavki/app/Models/Telegram.php(78): App\Models\Telegram->chooseCounter(Object(stdClass), 971483502, 'confirm')
#6 /ext/WWW/konex.com.ua/zayavki/app/Models/Telegram.php(13): App\Models\Telegram->callback(Object(stdClass), Object(stdClass), 971483502)
#7 /ext/WWW/konex.com.ua/zayavki/app/Controllers/Meters.php(158): App\Models\Telegram->telegram(Object(stdClass))
#8 /ext/WWW/konex.com.ua/zayavki/system/CodeIgniter.php(927): App\Controllers\Meters->telegram()
#9 /ext/WWW/konex.com.ua/zayavki/system/CodeIgniter.php(482): CodeIgniter\CodeIgniter->runController(Object(App\Controllers\Meters))
#10 /ext/WWW/konex.com.ua/zayavki/system/CodeIgniter.php(351): CodeIgniter\CodeIgniter->handleRequest(NULL, Object(Config\Cache), false)
#11 /ext/WWW/konex.com.ua/zayavki/public/index.php(67): CodeIgniter\CodeIgniter->run()
#12 {main}
CRITICAL - 2023-03-09 09:54:35 --> Unknown column 'confirm' in 'where clause'
in SYSTEMPATH/Database/MySQLi/Connection.php on line 292.
 1 SYSTEMPATH/Database/MySQLi/Connection.php(292): mysqli->query('SELECT counter.id, counterId, counterName FROM counter WHERE unit = 131 AND typeC = 8 AND counter.id = confirm
         AND counter.id NOT IN (SELECT counter.id FROM counter JOIN pokaz ON counter.id = cId WHERE unit = 131 AND typeC = 8 AND ts =  \'2023-02-01\' AND counter.id = confirm GROUP BY counter.id)', 0)
 2 SYSTEMPATH/Database/BaseConnection.php(666): CodeIgniter\Database\MySQLi\Connection->execute('SELECT counter.id, counterId, counterName FROM counter WHERE unit = 131 AND typeC = 8 AND counter.id = confirm
         AND counter.id NOT IN (SELECT counter.id FROM counter JOIN pokaz ON counter.id = cId WHERE unit = 131 AND typeC = 8 AND ts =  \'2023-02-01\' AND counter.id = confirm GROUP BY counter.id)')
 3 SYSTEMPATH/Database/BaseConnection.php(593): CodeIgniter\Database\BaseConnection->simpleQuery('SELECT counter.id, counterId, counterName FROM counter WHERE unit = 131 AND typeC = 8 AND counter.id = confirm
         AND counter.id NOT IN (SELECT counter.id FROM counter JOIN pokaz ON counter.id = cId WHERE unit = 131 AND typeC = 8 AND ts =  \'2023-02-01\' AND counter.id = confirm GROUP BY counter.id)')
 4 APPPATH/Models/Search.php(310): CodeIgniter\Database\BaseConnection->query('SELECT counter.id, counterId, counterName FROM counter WHERE unit = 131 AND typeC = 8 AND counter.id = confirm
         AND counter.id NOT IN (SELECT counter.id FROM counter JOIN pokaz ON counter.id = cId WHERE unit = 131 AND typeC = 8 AND ts =  \'2023-02-01\' AND counter.id = confirm GROUP BY counter.id)')
 5 APPPATH/Models/Telegram.php(137): App\Models\Search->findCounterByChatIdAndPK('131', '8', 'confirm')
 6 APPPATH/Models/Telegram.php(78): App\Models\Telegram->chooseCounter(Object(stdClass), 971483502, 'confirm')
 7 APPPATH/Models/Telegram.php(13): App\Models\Telegram->callback(Object(stdClass), Object(stdClass), 971483502)
 8 APPPATH/Controllers/Meters.php(158): App\Models\Telegram->telegram(Object(stdClass))
 9 SYSTEMPATH/CodeIgniter.php(927): App\Controllers\Meters->telegram()
10 SYSTEMPATH/CodeIgniter.php(482): CodeIgniter\CodeIgniter->runController(Object(App\Controllers\Meters))
11 SYSTEMPATH/CodeIgniter.php(351): CodeIgniter\CodeIgniter->handleRequest(null, Object(Config\Cache), false)
12 FCPATH/index.php(67): CodeIgniter\CodeIgniter->run()
CRITICAL - 2023-03-09 09:55:06 --> Trying to get property 'spokaz' of non-object
in APPPATH/Models/Telegram.php on line 145.
 1 APPPATH/Models/Telegram.php(145): CodeIgniter\Debug\Exceptions->errorHandler(8, 'Trying to get property \'spokaz\' of non-object', 'APPPATH/Models/Telegram.php', 145, [...])
 2 APPPATH/Models/Telegram.php(137): App\Models\Telegram->addPokazMess(971483502, Object(stdClass), '356', Object(App\Models\User), Object(App\Models\Search))
 3 APPPATH/Models/Telegram.php(78): App\Models\Telegram->chooseCounter(Object(stdClass), 971483502, '356')
 4 APPPATH/Models/Telegram.php(13): App\Models\Telegram->callback(Object(stdClass), Object(stdClass), 971483502)
 5 APPPATH/Controllers/Meters.php(158): App\Models\Telegram->telegram(Object(stdClass))
 6 SYSTEMPATH/CodeIgniter.php(927): App\Controllers\Meters->telegram()
 7 SYSTEMPATH/CodeIgniter.php(482): CodeIgniter\CodeIgniter->runController(Object(App\Controllers\Meters))
 8 SYSTEMPATH/CodeIgniter.php(351): CodeIgniter\CodeIgniter->handleRequest(null, Object(Config\Cache), false)
 9 FCPATH/index.php(67): CodeIgniter\CodeIgniter->run()
CRITICAL - 2023-03-09 09:55:24 --> Trying to get property 'spokaz' of non-object
in APPPATH/Models/Telegram.php on line 145.
 1 APPPATH/Models/Telegram.php(145): CodeIgniter\Debug\Exceptions->errorHandler(8, 'Trying to get property \'spokaz\' of non-object', 'APPPATH/Models/Telegram.php', 145, [...])
 2 APPPATH/Models/Telegram.php(137): App\Models\Telegram->addPokazMess(971483502, Object(stdClass), '356', Object(App\Models\User), Object(App\Models\Search))
 3 APPPATH/Models/Telegram.php(78): App\Models\Telegram->chooseCounter(Object(stdClass), 971483502, '356')
 4 APPPATH/Models/Telegram.php(13): App\Models\Telegram->callback(Object(stdClass), Object(stdClass), 971483502)
 5 APPPATH/Controllers/Meters.php(158): App\Models\Telegram->telegram(Object(stdClass))
 6 SYSTEMPATH/CodeIgniter.php(927): App\Controllers\Meters->telegram()
 7 SYSTEMPATH/CodeIgniter.php(482): CodeIgniter\CodeIgniter->runController(Object(App\Controllers\Meters))
 8 SYSTEMPATH/CodeIgniter.php(351): CodeIgniter\CodeIgniter->handleRequest(null, Object(Config\Cache), false)
 9 FCPATH/index.php(67): CodeIgniter\CodeIgniter->run()
CRITICAL - 2023-03-09 09:56:34 --> Trying to get property 'spokaz' of non-object
in APPPATH/Models/Telegram.php on line 145.
 1 APPPATH/Models/Telegram.php(145): CodeIgniter\Debug\Exceptions->errorHandler(8, 'Trying to get property \'spokaz\' of non-object', 'APPPATH/Models/Telegram.php', 145, [...])
 2 APPPATH/Models/Telegram.php(137): App\Models\Telegram->addPokazMess(971483502, Object(stdClass), '356', Object(App\Models\User), Object(App\Models\Search))
 3 APPPATH/Models/Telegram.php(78): App\Models\Telegram->chooseCounter(Object(stdClass), 971483502, '356')
 4 APPPATH/Models/Telegram.php(13): App\Models\Telegram->callback(Object(stdClass), Object(stdClass), 971483502)
 5 APPPATH/Controllers/Meters.php(158): App\Models\Telegram->telegram(Object(stdClass))
 6 SYSTEMPATH/CodeIgniter.php(927): App\Controllers\Meters->telegram()
 7 SYSTEMPATH/CodeIgniter.php(482): CodeIgniter\CodeIgniter->runController(Object(App\Controllers\Meters))
 8 SYSTEMPATH/CodeIgniter.php(351): CodeIgniter\CodeIgniter->handleRequest(null, Object(Config\Cache), false)
 9 FCPATH/index.php(67): CodeIgniter\CodeIgniter->run()
CRITICAL - 2023-03-09 09:56:50 --> Undefined index: spokaz
in APPPATH/Models/Telegram.php on line 145.
 1 APPPATH/Models/Telegram.php(145): CodeIgniter\Debug\Exceptions->errorHandler(8, 'Undefined index: spokaz', 'APPPATH/Models/Telegram.php', 145, [...])
 2 APPPATH/Models/Telegram.php(137): App\Models\Telegram->addPokazMess(971483502, Object(stdClass), '356', Object(App\Models\User), Object(App\Models\Search))
 3 APPPATH/Models/Telegram.php(78): App\Models\Telegram->chooseCounter(Object(stdClass), 971483502, '356')
 4 APPPATH/Models/Telegram.php(13): App\Models\Telegram->callback(Object(stdClass), Object(stdClass), 971483502)
 5 APPPATH/Controllers/Meters.php(158): App\Models\Telegram->telegram(Object(stdClass))
 6 SYSTEMPATH/CodeIgniter.php(927): App\Controllers\Meters->telegram()
 7 SYSTEMPATH/CodeIgniter.php(482): CodeIgniter\CodeIgniter->runController(Object(App\Controllers\Meters))
 8 SYSTEMPATH/CodeIgniter.php(351): CodeIgniter\CodeIgniter->handleRequest(null, Object(Config\Cache), false)
 9 FCPATH/index.php(67): CodeIgniter\CodeIgniter->run()
CRITICAL - 2023-03-09 09:57:06 --> Undefined offset: 0
in APPPATH/Models/Telegram.php on line 145.
 1 APPPATH/Models/Telegram.php(145): CodeIgniter\Debug\Exceptions->errorHandler(8, 'Undefined offset: 0', 'APPPATH/Models/Telegram.php', 145, [...])
 2 APPPATH/Models/Telegram.php(137): App\Models\Telegram->addPokazMess(971483502, Object(stdClass), '356', Object(App\Models\User), Object(App\Models\Search))
 3 APPPATH/Models/Telegram.php(78): App\Models\Telegram->chooseCounter(Object(stdClass), 971483502, '356')
 4 APPPATH/Models/Telegram.php(13): App\Models\Telegram->callback(Object(stdClass), Object(stdClass), 971483502)
 5 APPPATH/Controllers/Meters.php(158): App\Models\Telegram->telegram(Object(stdClass))
 6 SYSTEMPATH/CodeIgniter.php(927): App\Controllers\Meters->telegram()
 7 SYSTEMPATH/CodeIgniter.php(482): CodeIgniter\CodeIgniter->runController(Object(App\Controllers\Meters))
 8 SYSTEMPATH/CodeIgniter.php(351): CodeIgniter\CodeIgniter->handleRequest(null, Object(Config\Cache), false)
 9 FCPATH/index.php(67): CodeIgniter\CodeIgniter->run()
CRITICAL - 2023-03-09 10:00:58 --> Trying to get property 'spokaz' of non-object
in APPPATH/Models/Telegram.php on line 145.
 1 APPPATH/Models/Telegram.php(145): CodeIgniter\Debug\Exceptions->errorHandler(8, 'Trying to get property \'spokaz\' of non-object', 'APPPATH/Models/Telegram.php', 145, [...])
 2 APPPATH/Models/Telegram.php(137): App\Models\Telegram->addPokazMess(971483502, Object(stdClass), '356', Object(App\Models\User), Object(App\Models\Search))
 3 APPPATH/Models/Telegram.php(78): App\Models\Telegram->chooseCounter(Object(stdClass), 971483502, '356')
 4 APPPATH/Models/Telegram.php(13): App\Models\Telegram->callback(Object(stdClass), Object(stdClass), 971483502)
 5 APPPATH/Controllers/Meters.php(158): App\Models\Telegram->telegram(Object(stdClass))
 6 SYSTEMPATH/CodeIgniter.php(927): App\Controllers\Meters->telegram()
 7 SYSTEMPATH/CodeIgniter.php(482): CodeIgniter\CodeIgniter->runController(Object(App\Controllers\Meters))
 8 SYSTEMPATH/CodeIgniter.php(351): CodeIgniter\CodeIgniter->handleRequest(null, Object(Config\Cache), false)
 9 FCPATH/index.php(67): CodeIgniter\CodeIgniter->run()
CRITICAL - 2023-03-09 10:01:32 --> Trying to get property 'spokaz' of non-object
in APPPATH/Models/Telegram.php on line 146.
 1 APPPATH/Models/Telegram.php(146): CodeIgniter\Debug\Exceptions->errorHandler(8, 'Trying to get property \'spokaz\' of non-object', 'APPPATH/Models/Telegram.php', 146, [...])
 2 APPPATH/Models/Telegram.php(137): App\Models\Telegram->addPokazMess(971483502, Object(stdClass), '356', Object(App\Models\User), Object(App\Models\Search))
 3 APPPATH/Models/Telegram.php(78): App\Models\Telegram->chooseCounter(Object(stdClass), 971483502, '356')
 4 APPPATH/Models/Telegram.php(13): App\Models\Telegram->callback(Object(stdClass), Object(stdClass), 971483502)
 5 APPPATH/Controllers/Meters.php(158): App\Models\Telegram->telegram(Object(stdClass))
 6 SYSTEMPATH/CodeIgniter.php(927): App\Controllers\Meters->telegram()
 7 SYSTEMPATH/CodeIgniter.php(482): CodeIgniter\CodeIgniter->runController(Object(App\Controllers\Meters))
 8 SYSTEMPATH/CodeIgniter.php(351): CodeIgniter\CodeIgniter->handleRequest(null, Object(Config\Cache), false)
 9 FCPATH/index.php(67): CodeIgniter\CodeIgniter->run()
CRITICAL - 2023-03-09 10:01:52 --> Undefined variable: pokaz
in APPPATH/Models/Telegram.php on line 145.
 1 APPPATH/Models/Telegram.php(145): CodeIgniter\Debug\Exceptions->errorHandler(8, 'Undefined variable: pokaz', 'APPPATH/Models/Telegram.php', 145, [...])
 2 APPPATH/Models/Telegram.php(137): App\Models\Telegram->addPokazMess(971483502, Object(stdClass), '356', Object(App\Models\User), Object(App\Models\Search))
 3 APPPATH/Models/Telegram.php(78): App\Models\Telegram->chooseCounter(Object(stdClass), 971483502, '356')
 4 APPPATH/Models/Telegram.php(13): App\Models\Telegram->callback(Object(stdClass), Object(stdClass), 971483502)
 5 APPPATH/Controllers/Meters.php(158): App\Models\Telegram->telegram(Object(stdClass))
 6 SYSTEMPATH/CodeIgniter.php(927): App\Controllers\Meters->telegram()
 7 SYSTEMPATH/CodeIgniter.php(482): CodeIgniter\CodeIgniter->runController(Object(App\Controllers\Meters))
 8 SYSTEMPATH/CodeIgniter.php(351): CodeIgniter\CodeIgniter->handleRequest(null, Object(Config\Cache), false)
 9 FCPATH/index.php(67): CodeIgniter\CodeIgniter->run()
CRITICAL - 2023-03-09 10:03:25 --> Undefined variable: pokaz
in APPPATH/Models/Telegram.php on line 145.
 1 APPPATH/Models/Telegram.php(145): CodeIgniter\Debug\Exceptions->errorHandler(8, 'Undefined variable: pokaz', 'APPPATH/Models/Telegram.php', 145, [...])
 2 APPPATH/Models/Telegram.php(137): App\Models\Telegram->addPokazMess(971483502, Object(stdClass), '356', Object(App\Models\User), Object(App\Models\Search))
 3 APPPATH/Models/Telegram.php(78): App\Models\Telegram->chooseCounter(Object(stdClass), 971483502, '356')
 4 APPPATH/Models/Telegram.php(13): App\Models\Telegram->callback(Object(stdClass), Object(stdClass), 971483502)
 5 APPPATH/Controllers/Meters.php(158): App\Models\Telegram->telegram(Object(stdClass))
 6 SYSTEMPATH/CodeIgniter.php(927): App\Controllers\Meters->telegram()
 7 SYSTEMPATH/CodeIgniter.php(482): CodeIgniter\CodeIgniter->runController(Object(App\Controllers\Meters))
 8 SYSTEMPATH/CodeIgniter.php(351): CodeIgniter\CodeIgniter->handleRequest(null, Object(Config\Cache), false)
 9 FCPATH/index.php(67): CodeIgniter\CodeIgniter->run()
CRITICAL - 2023-03-09 10:03:59 --> Trying to get property 'spokaz' of non-object
in APPPATH/Models/Telegram.php on line 146.
 1 APPPATH/Models/Telegram.php(146): CodeIgniter\Debug\Exceptions->errorHandler(8, 'Trying to get property \'spokaz\' of non-object', 'APPPATH/Models/Telegram.php', 146, [...])
 2 APPPATH/Models/Telegram.php(137): App\Models\Telegram->addPokazMess(971483502, Object(stdClass), '356', Object(App\Models\User), Object(App\Models\Search))
 3 APPPATH/Models/Telegram.php(78): App\Models\Telegram->chooseCounter(Object(stdClass), 971483502, '356')
 4 APPPATH/Models/Telegram.php(13): App\Models\Telegram->callback(Object(stdClass), Object(stdClass), 971483502)
 5 APPPATH/Controllers/Meters.php(158): App\Models\Telegram->telegram(Object(stdClass))
 6 SYSTEMPATH/CodeIgniter.php(927): App\Controllers\Meters->telegram()
 7 SYSTEMPATH/CodeIgniter.php(482): CodeIgniter\CodeIgniter->runController(Object(App\Controllers\Meters))
 8 SYSTEMPATH/CodeIgniter.php(351): CodeIgniter\CodeIgniter->handleRequest(null, Object(Config\Cache), false)
 9 FCPATH/index.php(67): CodeIgniter\CodeIgniter->run()
