CRITICAL - 2023-01-30 06:17:44 --> Trying to get property 'unit' of non-object
in APPPATH/Views/zayavki.php on line 25.
 1 APPPATH/Views/zayavki.php(25): CodeIgniter\Debug\Exceptions->errorHandler(8, 'Trying to get property \'unit\' of non-object', 'APPPATH/Views/zayavki.php', 25, [...])
 2 SYSTEMPATH/View/View.php(213): include('APPPATH/Views/zayavki.php')
 3 SYSTEMPATH/View/View.php(216): CodeIgniter\View\View->CodeIgniter\View\{closure}()
 4 SYSTEMPATH/Common.php(1134): CodeIgniter\View\View->render('zayavki', [], true)
 5 APPPATH/Controllers/Zayavki.php(110): view('zayavki', [...])
 6 SYSTEMPATH/CodeIgniter.php(927): App\Controllers\Zayavki->zayavki()
 7 SYSTEMPATH/CodeIgniter.php(482): CodeIgniter\CodeIgniter->runController(Object(App\Controllers\Zayavki))
 8 SYSTEMPATH/CodeIgniter.php(351): CodeIgniter\CodeIgniter->handleRequest(null, Object(Config\Cache), false)
 9 FCPATH/index.php(67): CodeIgniter\CodeIgniter->run()
CRITICAL - 2023-01-30 06:18:25 --> Trying to get property 'unit' of non-object
in APPPATH/Views/zayavki.php on line 25.
 1 APPPATH/Views/zayavki.php(25): CodeIgniter\Debug\Exceptions->errorHandler(8, 'Trying to get property \'unit\' of non-object', 'APPPATH/Views/zayavki.php', 25, [...])
 2 SYSTEMPATH/View/View.php(213): include('APPPATH/Views/zayavki.php')
 3 SYSTEMPATH/View/View.php(216): CodeIgniter\View\View->CodeIgniter\View\{closure}()
 4 SYSTEMPATH/Common.php(1134): CodeIgniter\View\View->render('zayavki', [], true)
 5 APPPATH/Controllers/Zayavki.php(110): view('zayavki', [...])
 6 SYSTEMPATH/CodeIgniter.php(927): App\Controllers\Zayavki->zayavki()
 7 SYSTEMPATH/CodeIgniter.php(482): CodeIgniter\CodeIgniter->runController(Object(App\Controllers\Zayavki))
 8 SYSTEMPATH/CodeIgniter.php(351): CodeIgniter\CodeIgniter->handleRequest(null, Object(Config\Cache), false)
 9 FCPATH/index.php(67): CodeIgniter\CodeIgniter->run()
CRITICAL - 2023-01-30 06:18:38 --> Trying to get property 'unit' of non-object
in APPPATH/Views/zayavki.php on line 25.
 1 APPPATH/Views/zayavki.php(25): CodeIgniter\Debug\Exceptions->errorHandler(8, 'Trying to get property \'unit\' of non-object', 'APPPATH/Views/zayavki.php', 25, [...])
 2 SYSTEMPATH/View/View.php(213): include('APPPATH/Views/zayavki.php')
 3 SYSTEMPATH/View/View.php(216): CodeIgniter\View\View->CodeIgniter\View\{closure}()
 4 SYSTEMPATH/Common.php(1134): CodeIgniter\View\View->render('zayavki', [], true)
 5 APPPATH/Controllers/Zayavki.php(110): view('zayavki', [...])
 6 SYSTEMPATH/CodeIgniter.php(927): App\Controllers\Zayavki->zayavki()
 7 SYSTEMPATH/CodeIgniter.php(482): CodeIgniter\CodeIgniter->runController(Object(App\Controllers\Zayavki))
 8 SYSTEMPATH/CodeIgniter.php(351): CodeIgniter\CodeIgniter->handleRequest(null, Object(Config\Cache), false)
 9 FCPATH/index.php(67): CodeIgniter\CodeIgniter->run()
CRITICAL - 2023-01-30 06:18:39 --> Trying to get property 'unit' of non-object
in APPPATH/Views/zayavki.php on line 25.
 1 APPPATH/Views/zayavki.php(25): CodeIgniter\Debug\Exceptions->errorHandler(8, 'Trying to get property \'unit\' of non-object', 'APPPATH/Views/zayavki.php', 25, [...])
 2 SYSTEMPATH/View/View.php(213): include('APPPATH/Views/zayavki.php')
 3 SYSTEMPATH/View/View.php(216): CodeIgniter\View\View->CodeIgniter\View\{closure}()
 4 SYSTEMPATH/Common.php(1134): CodeIgniter\View\View->render('zayavki', [], true)
 5 APPPATH/Controllers/Zayavki.php(110): view('zayavki', [...])
 6 SYSTEMPATH/CodeIgniter.php(927): App\Controllers\Zayavki->zayavki()
 7 SYSTEMPATH/CodeIgniter.php(482): CodeIgniter\CodeIgniter->runController(Object(App\Controllers\Zayavki))
 8 SYSTEMPATH/CodeIgniter.php(351): CodeIgniter\CodeIgniter->handleRequest(null, Object(Config\Cache), false)
 9 FCPATH/index.php(67): CodeIgniter\CodeIgniter->run()
CRITICAL - 2023-01-30 06:18:40 --> Trying to get property 'unit' of non-object
in APPPATH/Views/zayavki.php on line 25.
 1 APPPATH/Views/zayavki.php(25): CodeIgniter\Debug\Exceptions->errorHandler(8, 'Trying to get property \'unit\' of non-object', 'APPPATH/Views/zayavki.php', 25, [...])
 2 SYSTEMPATH/View/View.php(213): include('APPPATH/Views/zayavki.php')
 3 SYSTEMPATH/View/View.php(216): CodeIgniter\View\View->CodeIgniter\View\{closure}()
 4 SYSTEMPATH/Common.php(1134): CodeIgniter\View\View->render('zayavki', [], true)
 5 APPPATH/Controllers/Zayavki.php(110): view('zayavki', [...])
 6 SYSTEMPATH/CodeIgniter.php(927): App\Controllers\Zayavki->zayavki()
 7 SYSTEMPATH/CodeIgniter.php(482): CodeIgniter\CodeIgniter->runController(Object(App\Controllers\Zayavki))
 8 SYSTEMPATH/CodeIgniter.php(351): CodeIgniter\CodeIgniter->handleRequest(null, Object(Config\Cache), false)
 9 FCPATH/index.php(67): CodeIgniter\CodeIgniter->run()
CRITICAL - 2023-01-30 08:55:06 --> Call to a member function setHeading() on null
in APPPATH/Models/Search.php on line 252.
 1 APPPATH/Controllers/Zayavki.php(145): App\Models\Search->getAllUser(Object(CodeIgniter\HTTP\IncomingRequest))
 2 SYSTEMPATH/CodeIgniter.php(927): App\Controllers\Zayavki->ajax()
 3 SYSTEMPATH/CodeIgniter.php(482): CodeIgniter\CodeIgniter->runController(Object(App\Controllers\Zayavki))
 4 SYSTEMPATH/CodeIgniter.php(351): CodeIgniter\CodeIgniter->handleRequest(null, Object(Config\Cache), false)
 5 FCPATH/index.php(67): CodeIgniter\CodeIgniter->run()
CRITICAL - 2023-01-30 09:09:45 --> You must set the database table to be used with your query.
in SYSTEMPATH/Database/BaseConnection.php on line 845.
 1 SYSTEMPATH/Model.php(587): CodeIgniter\Database\BaseConnection->table(null)
 2 SYSTEMPATH/Model.php(735): CodeIgniter\Model->builder()
 3 APPPATH/Models/Search.php(270): CodeIgniter\Model->__get('user_model')
 4 APPPATH/Controllers/Zayavki.php(147): App\Models\Search->userEdit(Object(CodeIgniter\HTTP\IncomingRequest))
 5 SYSTEMPATH/CodeIgniter.php(927): App\Controllers\Zayavki->ajax()
 6 SYSTEMPATH/CodeIgniter.php(482): CodeIgniter\CodeIgniter->runController(Object(App\Controllers\Zayavki))
 7 SYSTEMPATH/CodeIgniter.php(351): CodeIgniter\CodeIgniter->handleRequest(null, Object(Config\Cache), false)
 8 FCPATH/index.php(67): CodeIgniter\CodeIgniter->run()
CRITICAL - 2023-01-30 09:18:18 --> You must set the database table to be used with your query.
in SYSTEMPATH/Database/BaseConnection.php on line 845.
 1 SYSTEMPATH/Model.php(587): CodeIgniter\Database\BaseConnection->table(null)
 2 SYSTEMPATH/Model.php(764): CodeIgniter\Model->builder()
 3 APPPATH/Models/Search.php(272): CodeIgniter\Model->__call('editUserDB', [...])
 4 APPPATH/Controllers/Zayavki.php(147): App\Models\Search->userEdit(Object(CodeIgniter\HTTP\IncomingRequest))
 5 SYSTEMPATH/CodeIgniter.php(927): App\Controllers\Zayavki->ajax()
 6 SYSTEMPATH/CodeIgniter.php(482): CodeIgniter\CodeIgniter->runController(Object(App\Controllers\Zayavki))
 7 SYSTEMPATH/CodeIgniter.php(351): CodeIgniter\CodeIgniter->handleRequest(null, Object(Config\Cache), false)
 8 FCPATH/index.php(67): CodeIgniter\CodeIgniter->run()
CRITICAL - 2023-01-30 09:18:24 --> You must set the database table to be used with your query.
in SYSTEMPATH/Database/BaseConnection.php on line 845.
 1 SYSTEMPATH/Model.php(587): CodeIgniter\Database\BaseConnection->table(null)
 2 SYSTEMPATH/Model.php(764): CodeIgniter\Model->builder()
 3 APPPATH/Models/Search.php(272): CodeIgniter\Model->__call('editUserDB', [...])
 4 APPPATH/Controllers/Zayavki.php(147): App\Models\Search->userEdit(Object(CodeIgniter\HTTP\IncomingRequest))
 5 SYSTEMPATH/CodeIgniter.php(927): App\Controllers\Zayavki->ajax()
 6 SYSTEMPATH/CodeIgniter.php(482): CodeIgniter\CodeIgniter->runController(Object(App\Controllers\Zayavki))
 7 SYSTEMPATH/CodeIgniter.php(351): CodeIgniter\CodeIgniter->handleRequest(null, Object(Config\Cache), false)
 8 FCPATH/index.php(67): CodeIgniter\CodeIgniter->run()
