CRITICAL - 2023-02-02 01:45:39 --> Trying to get property 'unit' of non-object
in APPPATH/Views/zayavki.php on line 30.
 1 APPPATH/Views/zayavki.php(30): CodeIgniter\Debug\Exceptions->errorHandler(8, 'Trying to get property \'unit\' of non-object', 'APPPATH/Views/zayavki.php', 30, [...])
 2 SYSTEMPATH/View/View.php(213): include('APPPATH/Views/zayavki.php')
 3 SYSTEMPATH/View/View.php(216): CodeIgniter\View\View->CodeIgniter\View\{closure}()
 4 SYSTEMPATH/Common.php(1134): CodeIgniter\View\View->render('zayavki', [], true)
 5 APPPATH/Controllers/Zayavki.php(96): view('zayavki', [...])
 6 SYSTEMPATH/CodeIgniter.php(927): App\Controllers\Zayavki->zayavki()
 7 SYSTEMPATH/CodeIgniter.php(482): CodeIgniter\CodeIgniter->runController(Object(App\Controllers\Zayavki))
 8 SYSTEMPATH/CodeIgniter.php(351): CodeIgniter\CodeIgniter->handleRequest(null, Object(Config\Cache), false)
 9 FCPATH/index.php(67): CodeIgniter\CodeIgniter->run()
CRITICAL - 2023-02-02 01:45:51 --> Trying to get property 'unit' of non-object
in APPPATH/Views/zayavki.php on line 30.
 1 APPPATH/Views/zayavki.php(30): CodeIgniter\Debug\Exceptions->errorHandler(8, 'Trying to get property \'unit\' of non-object', 'APPPATH/Views/zayavki.php', 30, [...])
 2 SYSTEMPATH/View/View.php(213): include('APPPATH/Views/zayavki.php')
 3 SYSTEMPATH/View/View.php(216): CodeIgniter\View\View->CodeIgniter\View\{closure}()
 4 SYSTEMPATH/Common.php(1134): CodeIgniter\View\View->render('zayavki', [], true)
 5 APPPATH/Controllers/Zayavki.php(96): view('zayavki', [...])
 6 SYSTEMPATH/CodeIgniter.php(927): App\Controllers\Zayavki->zayavki()
 7 SYSTEMPATH/CodeIgniter.php(482): CodeIgniter\CodeIgniter->runController(Object(App\Controllers\Zayavki))
 8 SYSTEMPATH/CodeIgniter.php(351): CodeIgniter\CodeIgniter->handleRequest(null, Object(Config\Cache), false)
 9 FCPATH/index.php(67): CodeIgniter\CodeIgniter->run()
CRITICAL - 2023-02-02 01:45:58 --> Trying to get property 'unit' of non-object
in APPPATH/Views/zayavki.php on line 30.
 1 APPPATH/Views/zayavki.php(30): CodeIgniter\Debug\Exceptions->errorHandler(8, 'Trying to get property \'unit\' of non-object', 'APPPATH/Views/zayavki.php', 30, [...])
 2 SYSTEMPATH/View/View.php(213): include('APPPATH/Views/zayavki.php')
 3 SYSTEMPATH/View/View.php(216): CodeIgniter\View\View->CodeIgniter\View\{closure}()
 4 SYSTEMPATH/Common.php(1134): CodeIgniter\View\View->render('zayavki', [], true)
 5 APPPATH/Controllers/Zayavki.php(96): view('zayavki', [...])
 6 SYSTEMPATH/CodeIgniter.php(927): App\Controllers\Zayavki->zayavki()
 7 SYSTEMPATH/CodeIgniter.php(482): CodeIgniter\CodeIgniter->runController(Object(App\Controllers\Zayavki))
 8 SYSTEMPATH/CodeIgniter.php(351): CodeIgniter\CodeIgniter->handleRequest(null, Object(Config\Cache), false)
 9 FCPATH/index.php(67): CodeIgniter\CodeIgniter->run()
CRITICAL - 2023-02-02 01:47:15 --> Trying to get property 'unit' of non-object
in APPPATH/Views/zayavki.php on line 30.
 1 APPPATH/Views/zayavki.php(30): CodeIgniter\Debug\Exceptions->errorHandler(8, 'Trying to get property \'unit\' of non-object', 'APPPATH/Views/zayavki.php', 30, [...])
 2 SYSTEMPATH/View/View.php(213): include('APPPATH/Views/zayavki.php')
 3 SYSTEMPATH/View/View.php(216): CodeIgniter\View\View->CodeIgniter\View\{closure}()
 4 SYSTEMPATH/Common.php(1134): CodeIgniter\View\View->render('zayavki', [], true)
 5 APPPATH/Controllers/Zayavki.php(96): view('zayavki', [...])
 6 SYSTEMPATH/CodeIgniter.php(927): App\Controllers\Zayavki->zayavki()
 7 SYSTEMPATH/CodeIgniter.php(482): CodeIgniter\CodeIgniter->runController(Object(App\Controllers\Zayavki))
 8 SYSTEMPATH/CodeIgniter.php(351): CodeIgniter\CodeIgniter->handleRequest(null, Object(Config\Cache), false)
 9 FCPATH/index.php(67): CodeIgniter\CodeIgniter->run()
CRITICAL - 2023-02-02 01:47:51 --> Trying to get property 'unit' of non-object
in APPPATH/Views/zayavki.php on line 30.
 1 APPPATH/Views/zayavki.php(30): CodeIgniter\Debug\Exceptions->errorHandler(8, 'Trying to get property \'unit\' of non-object', 'APPPATH/Views/zayavki.php', 30, [...])
 2 SYSTEMPATH/View/View.php(213): include('APPPATH/Views/zayavki.php')
 3 SYSTEMPATH/View/View.php(216): CodeIgniter\View\View->CodeIgniter\View\{closure}()
 4 SYSTEMPATH/Common.php(1134): CodeIgniter\View\View->render('zayavki', [], true)
 5 APPPATH/Controllers/Zayavki.php(96): view('zayavki', [...])
 6 SYSTEMPATH/CodeIgniter.php(927): App\Controllers\Zayavki->zayavki()
 7 SYSTEMPATH/CodeIgniter.php(482): CodeIgniter\CodeIgniter->runController(Object(App\Controllers\Zayavki))
 8 SYSTEMPATH/CodeIgniter.php(351): CodeIgniter\CodeIgniter->handleRequest(null, Object(Config\Cache), false)
 9 FCPATH/index.php(67): CodeIgniter\CodeIgniter->run()
CRITICAL - 2023-02-02 01:47:58 --> Trying to get property 'unit' of non-object
in APPPATH/Views/zayavki.php on line 30.
 1 APPPATH/Views/zayavki.php(30): CodeIgniter\Debug\Exceptions->errorHandler(8, 'Trying to get property \'unit\' of non-object', 'APPPATH/Views/zayavki.php', 30, [...])
 2 SYSTEMPATH/View/View.php(213): include('APPPATH/Views/zayavki.php')
 3 SYSTEMPATH/View/View.php(216): CodeIgniter\View\View->CodeIgniter\View\{closure}()
 4 SYSTEMPATH/Common.php(1134): CodeIgniter\View\View->render('zayavki', [], true)
 5 APPPATH/Controllers/Zayavki.php(96): view('zayavki', [...])
 6 SYSTEMPATH/CodeIgniter.php(927): App\Controllers\Zayavki->zayavki()
 7 SYSTEMPATH/CodeIgniter.php(482): CodeIgniter\CodeIgniter->runController(Object(App\Controllers\Zayavki))
 8 SYSTEMPATH/CodeIgniter.php(351): CodeIgniter\CodeIgniter->handleRequest(null, Object(Config\Cache), false)
 9 FCPATH/index.php(67): CodeIgniter\CodeIgniter->run()
CRITICAL - 2023-02-02 01:48:26 --> Trying to get property 'unit' of non-object
in APPPATH/Views/zayavki.php on line 30.
 1 APPPATH/Views/zayavki.php(30): CodeIgniter\Debug\Exceptions->errorHandler(8, 'Trying to get property \'unit\' of non-object', 'APPPATH/Views/zayavki.php', 30, [...])
 2 SYSTEMPATH/View/View.php(213): include('APPPATH/Views/zayavki.php')
 3 SYSTEMPATH/View/View.php(216): CodeIgniter\View\View->CodeIgniter\View\{closure}()
 4 SYSTEMPATH/Common.php(1134): CodeIgniter\View\View->render('zayavki', [], true)
 5 APPPATH/Controllers/Zayavki.php(96): view('zayavki', [...])
 6 SYSTEMPATH/CodeIgniter.php(927): App\Controllers\Zayavki->zayavki()
 7 SYSTEMPATH/CodeIgniter.php(482): CodeIgniter\CodeIgniter->runController(Object(App\Controllers\Zayavki))
 8 SYSTEMPATH/CodeIgniter.php(351): CodeIgniter\CodeIgniter->handleRequest(null, Object(Config\Cache), false)
 9 FCPATH/index.php(67): CodeIgniter\CodeIgniter->run()
ERROR - 2023-02-02 02:35:14 --> mysqli_sql_exception: Duplicate entry 'test' for key 'user.login' in /ext/WWW/konex.com.ua/zayavki/system/Database/MySQLi/Connection.php:292
Stack trace:
#0 /ext/WWW/konex.com.ua/zayavki/system/Database/MySQLi/Connection.php(292): mysqli->query('INSERT INTO `us...', 0)
#1 /ext/WWW/konex.com.ua/zayavki/system/Database/BaseConnection.php(666): CodeIgniter\Database\MySQLi\Connection->execute('INSERT INTO `us...')
#2 /ext/WWW/konex.com.ua/zayavki/system/Database/BaseConnection.php(593): CodeIgniter\Database\BaseConnection->simpleQuery('INSERT INTO `us...')
#3 /ext/WWW/konex.com.ua/zayavki/system/Database/BaseBuilder.php(1916): CodeIgniter\Database\BaseConnection->query('INSERT INTO `us...', Array, false)
#4 /ext/WWW/konex.com.ua/zayavki/app/Models/Search.php(311): CodeIgniter\Database\BaseBuilder->insert(Array)
#5 /ext/WWW/konex.com.ua/zayavki/app/Models/Search.php(209): App\Models\Search->addUser(Array)
#6 /ext/WWW/konex.com.ua/zayavki/app/Controllers/Zayavki.php(123): App\Models\Search->usADD(Object(CodeIgniter\HTTP\IncomingRequest))
#7 /ext/WWW/konex.com.ua/zayavki/system/CodeIgniter.php(927): App\Controllers\Zayavki->ajax()
#8 /ext/WWW/konex.com.ua/zayavki/system/CodeIgniter.php(482): CodeIgniter\CodeIgniter->runController(Object(App\Controllers\Zayavki))
#9 /ext/WWW/konex.com.ua/zayavki/system/CodeIgniter.php(351): CodeIgniter\CodeIgniter->handleRequest(NULL, Object(Config\Cache), false)
#10 /ext/WWW/konex.com.ua/zayavki/public/index.php(67): CodeIgniter\CodeIgniter->run()
#11 {main}
CRITICAL - 2023-02-02 02:35:14 --> Duplicate entry 'test' for key 'user.login'
in SYSTEMPATH/Database/MySQLi/Connection.php on line 292.
 1 SYSTEMPATH/Database/MySQLi/Connection.php(292): mysqli->query('INSERT INTO `user` (`name`, `surname`, `login`, `pass`, `area`, `rights`) VALUES (\'test\', \'test\', \'test\', \'test\', \'18\', \'4\')', 0)
 2 SYSTEMPATH/Database/BaseConnection.php(666): CodeIgniter\Database\MySQLi\Connection->execute('INSERT INTO `user` (`name`, `surname`, `login`, `pass`, `area`, `rights`) VALUES (\'test\', \'test\', \'test\', \'test\', \'18\', \'4\')')
 3 SYSTEMPATH/Database/BaseConnection.php(593): CodeIgniter\Database\BaseConnection->simpleQuery('INSERT INTO `user` (`name`, `surname`, `login`, `pass`, `area`, `rights`) VALUES (\'test\', \'test\', \'test\', \'test\', \'18\', \'4\')')
 4 SYSTEMPATH/Database/BaseBuilder.php(1916): CodeIgniter\Database\BaseConnection->query('INSERT INTO `user` (`name`, `surname`, `login`, `pass`, `area`, `rights`) VALUES (:name:, :surname:, :login:, :pass:, :area:, :rights:)', [...], false)
 5 APPPATH/Models/Search.php(311): CodeIgniter\Database\BaseBuilder->insert([...])
 6 APPPATH/Models/Search.php(209): App\Models\Search->addUser([...])
 7 APPPATH/Controllers/Zayavki.php(123): App\Models\Search->usADD(Object(CodeIgniter\HTTP\IncomingRequest))
 8 SYSTEMPATH/CodeIgniter.php(927): App\Controllers\Zayavki->ajax()
 9 SYSTEMPATH/CodeIgniter.php(482): CodeIgniter\CodeIgniter->runController(Object(App\Controllers\Zayavki))
10 SYSTEMPATH/CodeIgniter.php(351): CodeIgniter\CodeIgniter->handleRequest(null, Object(Config\Cache), false)
11 FCPATH/index.php(67): CodeIgniter\CodeIgniter->run()
ERROR - 2023-02-02 02:37:12 --> mysqli_sql_exception: Duplicate entry 'test' for key 'user.login' in /ext/WWW/konex.com.ua/zayavki/system/Database/MySQLi/Connection.php:292
Stack trace:
#0 /ext/WWW/konex.com.ua/zayavki/system/Database/MySQLi/Connection.php(292): mysqli->query('INSERT INTO `us...', 0)
#1 /ext/WWW/konex.com.ua/zayavki/system/Database/BaseConnection.php(666): CodeIgniter\Database\MySQLi\Connection->execute('INSERT INTO `us...')
#2 /ext/WWW/konex.com.ua/zayavki/system/Database/BaseConnection.php(593): CodeIgniter\Database\BaseConnection->simpleQuery('INSERT INTO `us...')
#3 /ext/WWW/konex.com.ua/zayavki/system/Database/BaseBuilder.php(1916): CodeIgniter\Database\BaseConnection->query('INSERT INTO `us...', Array, false)
#4 /ext/WWW/konex.com.ua/zayavki/app/Models/Search.php(311): CodeIgniter\Database\BaseBuilder->insert(Array)
#5 /ext/WWW/konex.com.ua/zayavki/app/Models/Search.php(209): App\Models\Search->addUser(Array)
#6 /ext/WWW/konex.com.ua/zayavki/app/Controllers/Zayavki.php(123): App\Models\Search->usADD(Object(CodeIgniter\HTTP\IncomingRequest))
#7 /ext/WWW/konex.com.ua/zayavki/system/CodeIgniter.php(927): App\Controllers\Zayavki->ajax()
#8 /ext/WWW/konex.com.ua/zayavki/system/CodeIgniter.php(482): CodeIgniter\CodeIgniter->runController(Object(App\Controllers\Zayavki))
#9 /ext/WWW/konex.com.ua/zayavki/system/CodeIgniter.php(351): CodeIgniter\CodeIgniter->handleRequest(NULL, Object(Config\Cache), false)
#10 /ext/WWW/konex.com.ua/zayavki/public/index.php(67): CodeIgniter\CodeIgniter->run()
#11 {main}
CRITICAL - 2023-02-02 02:37:12 --> Duplicate entry 'test' for key 'user.login'
in SYSTEMPATH/Database/MySQLi/Connection.php on line 292.
 1 SYSTEMPATH/Database/MySQLi/Connection.php(292): mysqli->query('INSERT INTO `user` (`name`, `surname`, `login`, `pass`, `area`, `rights`) VALUES (\'test\', \'test\', \'test\', \'test\', \'18\', \'2\')', 0)
 2 SYSTEMPATH/Database/BaseConnection.php(666): CodeIgniter\Database\MySQLi\Connection->execute('INSERT INTO `user` (`name`, `surname`, `login`, `pass`, `area`, `rights`) VALUES (\'test\', \'test\', \'test\', \'test\', \'18\', \'2\')')
 3 SYSTEMPATH/Database/BaseConnection.php(593): CodeIgniter\Database\BaseConnection->simpleQuery('INSERT INTO `user` (`name`, `surname`, `login`, `pass`, `area`, `rights`) VALUES (\'test\', \'test\', \'test\', \'test\', \'18\', \'2\')')
 4 SYSTEMPATH/Database/BaseBuilder.php(1916): CodeIgniter\Database\BaseConnection->query('INSERT INTO `user` (`name`, `surname`, `login`, `pass`, `area`, `rights`) VALUES (:name:, :surname:, :login:, :pass:, :area:, :rights:)', [...], false)
 5 APPPATH/Models/Search.php(311): CodeIgniter\Database\BaseBuilder->insert([...])
 6 APPPATH/Models/Search.php(209): App\Models\Search->addUser([...])
 7 APPPATH/Controllers/Zayavki.php(123): App\Models\Search->usADD(Object(CodeIgniter\HTTP\IncomingRequest))
 8 SYSTEMPATH/CodeIgniter.php(927): App\Controllers\Zayavki->ajax()
 9 SYSTEMPATH/CodeIgniter.php(482): CodeIgniter\CodeIgniter->runController(Object(App\Controllers\Zayavki))
10 SYSTEMPATH/CodeIgniter.php(351): CodeIgniter\CodeIgniter->handleRequest(null, Object(Config\Cache), false)
11 FCPATH/index.php(67): CodeIgniter\CodeIgniter->run()
ERROR - 2023-02-02 02:44:25 --> mysqli_sql_exception: Duplicate entry 'test' for key 'user.login' in /ext/WWW/konex.com.ua/zayavki/system/Database/MySQLi/Connection.php:292
Stack trace:
#0 /ext/WWW/konex.com.ua/zayavki/system/Database/MySQLi/Connection.php(292): mysqli->query('INSERT INTO `us...', 0)
#1 /ext/WWW/konex.com.ua/zayavki/system/Database/BaseConnection.php(666): CodeIgniter\Database\MySQLi\Connection->execute('INSERT INTO `us...')
#2 /ext/WWW/konex.com.ua/zayavki/system/Database/BaseConnection.php(593): CodeIgniter\Database\BaseConnection->simpleQuery('INSERT INTO `us...')
#3 /ext/WWW/konex.com.ua/zayavki/system/Database/BaseBuilder.php(1916): CodeIgniter\Database\BaseConnection->query('INSERT INTO `us...', Array, false)
#4 /ext/WWW/konex.com.ua/zayavki/app/Models/Search.php(311): CodeIgniter\Database\BaseBuilder->insert(Array)
#5 /ext/WWW/konex.com.ua/zayavki/app/Models/Search.php(209): App\Models\Search->addUser(Array)
#6 /ext/WWW/konex.com.ua/zayavki/app/Controllers/Zayavki.php(123): App\Models\Search->usADD(Object(CodeIgniter\HTTP\IncomingRequest))
#7 /ext/WWW/konex.com.ua/zayavki/system/CodeIgniter.php(927): App\Controllers\Zayavki->ajax()
#8 /ext/WWW/konex.com.ua/zayavki/system/CodeIgniter.php(482): CodeIgniter\CodeIgniter->runController(Object(App\Controllers\Zayavki))
#9 /ext/WWW/konex.com.ua/zayavki/system/CodeIgniter.php(351): CodeIgniter\CodeIgniter->handleRequest(NULL, Object(Config\Cache), false)
#10 /ext/WWW/konex.com.ua/zayavki/public/index.php(67): CodeIgniter\CodeIgniter->run()
#11 {main}
CRITICAL - 2023-02-02 02:44:25 --> Duplicate entry 'test' for key 'user.login'
in SYSTEMPATH/Database/MySQLi/Connection.php on line 292.
 1 SYSTEMPATH/Database/MySQLi/Connection.php(292): mysqli->query('INSERT INTO `user` (`name`, `surname`, `login`, `pass`, `area`, `rights`) VALUES (\'test\', \'test\', \'test\', \'test\', \'15\', \'1\')', 0)
 2 SYSTEMPATH/Database/BaseConnection.php(666): CodeIgniter\Database\MySQLi\Connection->execute('INSERT INTO `user` (`name`, `surname`, `login`, `pass`, `area`, `rights`) VALUES (\'test\', \'test\', \'test\', \'test\', \'15\', \'1\')')
 3 SYSTEMPATH/Database/BaseConnection.php(593): CodeIgniter\Database\BaseConnection->simpleQuery('INSERT INTO `user` (`name`, `surname`, `login`, `pass`, `area`, `rights`) VALUES (\'test\', \'test\', \'test\', \'test\', \'15\', \'1\')')
 4 SYSTEMPATH/Database/BaseBuilder.php(1916): CodeIgniter\Database\BaseConnection->query('INSERT INTO `user` (`name`, `surname`, `login`, `pass`, `area`, `rights`) VALUES (:name:, :surname:, :login:, :pass:, :area:, :rights:)', [...], false)
 5 APPPATH/Models/Search.php(311): CodeIgniter\Database\BaseBuilder->insert([...])
 6 APPPATH/Models/Search.php(209): App\Models\Search->addUser([...])
 7 APPPATH/Controllers/Zayavki.php(123): App\Models\Search->usADD(Object(CodeIgniter\HTTP\IncomingRequest))
 8 SYSTEMPATH/CodeIgniter.php(927): App\Controllers\Zayavki->ajax()
 9 SYSTEMPATH/CodeIgniter.php(482): CodeIgniter\CodeIgniter->runController(Object(App\Controllers\Zayavki))
10 SYSTEMPATH/CodeIgniter.php(351): CodeIgniter\CodeIgniter->handleRequest(null, Object(Config\Cache), false)
11 FCPATH/index.php(67): CodeIgniter\CodeIgniter->run()
ERROR - 2023-02-02 04:01:42 --> mysqli_sql_exception: Unknown column 'a.if' in 'where clause' in /ext/WWW/konex.com.ua/zayavki/system/Database/MySQLi/Connection.php:292
Stack trace:
#0 /ext/WWW/konex.com.ua/zayavki/system/Database/MySQLi/Connection.php(292): mysqli->query('SELECT c.id, c....', 0)
#1 /ext/WWW/konex.com.ua/zayavki/system/Database/BaseConnection.php(666): CodeIgniter\Database\MySQLi\Connection->execute('SELECT c.id, c....')
#2 /ext/WWW/konex.com.ua/zayavki/system/Database/BaseConnection.php(593): CodeIgniter\Database\BaseConnection->simpleQuery('SELECT c.id, c....')
#3 /ext/WWW/konex.com.ua/zayavki/app/Models/Search.php(342): CodeIgniter\Database\BaseConnection->query('SELECT c.id, c....')
#4 /ext/WWW/konex.com.ua/zayavki/app/Models/Search.php(107): App\Models\Search->getCountersStatDB('110', '', '')
#5 /ext/WWW/konex.com.ua/zayavki/app/Controllers/Zayavki.php(115): App\Models\Search->getCountersStat(Object(CodeIgniter\HTTP\IncomingRequest))
#6 /ext/WWW/konex.com.ua/zayavki/system/CodeIgniter.php(927): App\Controllers\Zayavki->ajax()
#7 /ext/WWW/konex.com.ua/zayavki/system/CodeIgniter.php(482): CodeIgniter\CodeIgniter->runController(Object(App\Controllers\Zayavki))
#8 /ext/WWW/konex.com.ua/zayavki/system/CodeIgniter.php(351): CodeIgniter\CodeIgniter->handleRequest(NULL, Object(Config\Cache), false)
#9 /ext/WWW/konex.com.ua/zayavki/public/index.php(67): CodeIgniter\CodeIgniter->run()
#10 {main}
CRITICAL - 2023-02-02 04:01:42 --> Unknown column 'a.if' in 'where clause'
in SYSTEMPATH/Database/MySQLi/Connection.php on line 292.
 1 SYSTEMPATH/Database/MySQLi/Connection.php(292): mysqli->query('SELECT c.id, c.counterId AS ci, c.counterName AS cn, a.addr, a.unit, ct.Name, p.consumed, p.index, p.month, p.index, p.year 
                                      FROM counter AS c 
                                      JOIN area AS a ON a.id=c.unit 
                                      JOIN conterType AS ct ON ct.id=c.typeC 
                                      JOIN pokaz AS p ON p.cId=c.id 
                                       WHERE a.if=\'110\' 
                                      ORDER BY a.unit, p.year, c.id, p.month', 0)
 2 SYSTEMPATH/Database/BaseConnection.php(666): CodeIgniter\Database\MySQLi\Connection->execute('SELECT c.id, c.counterId AS ci, c.counterName AS cn, a.addr, a.unit, ct.Name, p.consumed, p.index, p.month, p.index, p.year 
                                      FROM counter AS c 
                                      JOIN area AS a ON a.id=c.unit 
                                      JOIN conterType AS ct ON ct.id=c.typeC 
                                      JOIN pokaz AS p ON p.cId=c.id 
                                       WHERE a.if=\'110\' 
                                      ORDER BY a.unit, p.year, c.id, p.month')
 3 SYSTEMPATH/Database/BaseConnection.php(593): CodeIgniter\Database\BaseConnection->simpleQuery('SELECT c.id, c.counterId AS ci, c.counterName AS cn, a.addr, a.unit, ct.Name, p.consumed, p.index, p.month, p.index, p.year 
                                      FROM counter AS c 
                                      JOIN area AS a ON a.id=c.unit 
                                      JOIN conterType AS ct ON ct.id=c.typeC 
                                      JOIN pokaz AS p ON p.cId=c.id 
                                       WHERE a.if=\'110\' 
                                      ORDER BY a.unit, p.year, c.id, p.month')
 4 APPPATH/Models/Search.php(342): CodeIgniter\Database\BaseConnection->query('SELECT c.id, c.counterId AS ci, c.counterName AS cn, a.addr, a.unit, ct.Name, p.consumed, p.index, p.month, p.index, p.year 
                                      FROM counter AS c 
                                      JOIN area AS a ON a.id=c.unit 
                                      JOIN conterType AS ct ON ct.id=c.typeC 
                                      JOIN pokaz AS p ON p.cId=c.id 
                                       WHERE a.if=\'110\' 
                                      ORDER BY a.unit, p.year, c.id, p.month')
 5 APPPATH/Models/Search.php(107): App\Models\Search->getCountersStatDB('110', 'ROOTPATH/public', 'ROOTPATH/public')
 6 APPPATH/Controllers/Zayavki.php(115): App\Models\Search->getCountersStat(Object(CodeIgniter\HTTP\IncomingRequest))
 7 SYSTEMPATH/CodeIgniter.php(927): App\Controllers\Zayavki->ajax()
 8 SYSTEMPATH/CodeIgniter.php(482): CodeIgniter\CodeIgniter->runController(Object(App\Controllers\Zayavki))
 9 SYSTEMPATH/CodeIgniter.php(351): CodeIgniter\CodeIgniter->handleRequest(null, Object(Config\Cache), false)
10 FCPATH/index.php(67): CodeIgniter\CodeIgniter->run()
ERROR - 2023-02-02 04:01:50 --> mysqli_sql_exception: Unknown column 'a.if' in 'where clause' in /ext/WWW/konex.com.ua/zayavki/system/Database/MySQLi/Connection.php:292
Stack trace:
#0 /ext/WWW/konex.com.ua/zayavki/system/Database/MySQLi/Connection.php(292): mysqli->query('SELECT c.id, c....', 0)
#1 /ext/WWW/konex.com.ua/zayavki/system/Database/BaseConnection.php(666): CodeIgniter\Database\MySQLi\Connection->execute('SELECT c.id, c....')
#2 /ext/WWW/konex.com.ua/zayavki/system/Database/BaseConnection.php(593): CodeIgniter\Database\BaseConnection->simpleQuery('SELECT c.id, c....')
#3 /ext/WWW/konex.com.ua/zayavki/app/Models/Search.php(342): CodeIgniter\Database\BaseConnection->query('SELECT c.id, c....')
#4 /ext/WWW/konex.com.ua/zayavki/app/Models/Search.php(107): App\Models\Search->getCountersStatDB('110', '', '2023')
#5 /ext/WWW/konex.com.ua/zayavki/app/Controllers/Zayavki.php(115): App\Models\Search->getCountersStat(Object(CodeIgniter\HTTP\IncomingRequest))
#6 /ext/WWW/konex.com.ua/zayavki/system/CodeIgniter.php(927): App\Controllers\Zayavki->ajax()
#7 /ext/WWW/konex.com.ua/zayavki/system/CodeIgniter.php(482): CodeIgniter\CodeIgniter->runController(Object(App\Controllers\Zayavki))
#8 /ext/WWW/konex.com.ua/zayavki/system/CodeIgniter.php(351): CodeIgniter\CodeIgniter->handleRequest(NULL, Object(Config\Cache), false)
#9 /ext/WWW/konex.com.ua/zayavki/public/index.php(67): CodeIgniter\CodeIgniter->run()
#10 {main}
CRITICAL - 2023-02-02 04:01:50 --> Unknown column 'a.if' in 'where clause'
in SYSTEMPATH/Database/MySQLi/Connection.php on line 292.
 1 SYSTEMPATH/Database/MySQLi/Connection.php(292): mysqli->query('SELECT c.id, c.counterId AS ci, c.counterName AS cn, a.addr, a.unit, ct.Name, p.consumed, p.index, p.month, p.index, p.year 
                                      FROM counter AS c 
                                      JOIN area AS a ON a.id=c.unit 
                                      JOIN conterType AS ct ON ct.id=c.typeC 
                                      JOIN pokaz AS p ON p.cId=c.id 
                                       WHERE a.if=\'110\' AND p.year=\'2023\' 
                                      ORDER BY a.unit, p.year, c.id, p.month', 0)
 2 SYSTEMPATH/Database/BaseConnection.php(666): CodeIgniter\Database\MySQLi\Connection->execute('SELECT c.id, c.counterId AS ci, c.counterName AS cn, a.addr, a.unit, ct.Name, p.consumed, p.index, p.month, p.index, p.year 
                                      FROM counter AS c 
                                      JOIN area AS a ON a.id=c.unit 
                                      JOIN conterType AS ct ON ct.id=c.typeC 
                                      JOIN pokaz AS p ON p.cId=c.id 
                                       WHERE a.if=\'110\' AND p.year=\'2023\' 
                                      ORDER BY a.unit, p.year, c.id, p.month')
 3 SYSTEMPATH/Database/BaseConnection.php(593): CodeIgniter\Database\BaseConnection->simpleQuery('SELECT c.id, c.counterId AS ci, c.counterName AS cn, a.addr, a.unit, ct.Name, p.consumed, p.index, p.month, p.index, p.year 
                                      FROM counter AS c 
                                      JOIN area AS a ON a.id=c.unit 
                                      JOIN conterType AS ct ON ct.id=c.typeC 
                                      JOIN pokaz AS p ON p.cId=c.id 
                                       WHERE a.if=\'110\' AND p.year=\'2023\' 
                                      ORDER BY a.unit, p.year, c.id, p.month')
 4 APPPATH/Models/Search.php(342): CodeIgniter\Database\BaseConnection->query('SELECT c.id, c.counterId AS ci, c.counterName AS cn, a.addr, a.unit, ct.Name, p.consumed, p.index, p.month, p.index, p.year 
                                      FROM counter AS c 
                                      JOIN area AS a ON a.id=c.unit 
                                      JOIN conterType AS ct ON ct.id=c.typeC 
                                      JOIN pokaz AS p ON p.cId=c.id 
                                       WHERE a.if=\'110\' AND p.year=\'2023\' 
                                      ORDER BY a.unit, p.year, c.id, p.month')
 5 APPPATH/Models/Search.php(107): App\Models\Search->getCountersStatDB('110', 'ROOTPATH/public', '2023')
 6 APPPATH/Controllers/Zayavki.php(115): App\Models\Search->getCountersStat(Object(CodeIgniter\HTTP\IncomingRequest))
 7 SYSTEMPATH/CodeIgniter.php(927): App\Controllers\Zayavki->ajax()
 8 SYSTEMPATH/CodeIgniter.php(482): CodeIgniter\CodeIgniter->runController(Object(App\Controllers\Zayavki))
 9 SYSTEMPATH/CodeIgniter.php(351): CodeIgniter\CodeIgniter->handleRequest(null, Object(Config\Cache), false)
10 FCPATH/index.php(67): CodeIgniter\CodeIgniter->run()
ERROR - 2023-02-02 04:02:09 --> mysqli_sql_exception: Unknown column 'a.if' in 'where clause' in /ext/WWW/konex.com.ua/zayavki/system/Database/MySQLi/Connection.php:292
Stack trace:
#0 /ext/WWW/konex.com.ua/zayavki/system/Database/MySQLi/Connection.php(292): mysqli->query('SELECT c.id, c....', 0)
#1 /ext/WWW/konex.com.ua/zayavki/system/Database/BaseConnection.php(666): CodeIgniter\Database\MySQLi\Connection->execute('SELECT c.id, c....')
#2 /ext/WWW/konex.com.ua/zayavki/system/Database/BaseConnection.php(593): CodeIgniter\Database\BaseConnection->simpleQuery('SELECT c.id, c....')
#3 /ext/WWW/konex.com.ua/zayavki/app/Models/Search.php(342): CodeIgniter\Database\BaseConnection->query('SELECT c.id, c....')
#4 /ext/WWW/konex.com.ua/zayavki/app/Models/Search.php(107): App\Models\Search->getCountersStatDB('110', '', '2023')
#5 /ext/WWW/konex.com.ua/zayavki/app/Controllers/Zayavki.php(115): App\Models\Search->getCountersStat(Object(CodeIgniter\HTTP\IncomingRequest))
#6 /ext/WWW/konex.com.ua/zayavki/system/CodeIgniter.php(927): App\Controllers\Zayavki->ajax()
#7 /ext/WWW/konex.com.ua/zayavki/system/CodeIgniter.php(482): CodeIgniter\CodeIgniter->runController(Object(App\Controllers\Zayavki))
#8 /ext/WWW/konex.com.ua/zayavki/system/CodeIgniter.php(351): CodeIgniter\CodeIgniter->handleRequest(NULL, Object(Config\Cache), false)
#9 /ext/WWW/konex.com.ua/zayavki/public/index.php(67): CodeIgniter\CodeIgniter->run()
#10 {main}
CRITICAL - 2023-02-02 04:02:09 --> Unknown column 'a.if' in 'where clause'
in SYSTEMPATH/Database/MySQLi/Connection.php on line 292.
 1 SYSTEMPATH/Database/MySQLi/Connection.php(292): mysqli->query('SELECT c.id, c.counterId AS ci, c.counterName AS cn, a.addr, a.unit, ct.Name, p.consumed, p.index, p.month, p.index, p.year 
                                      FROM counter AS c 
                                      JOIN area AS a ON a.id=c.unit 
                                      JOIN conterType AS ct ON ct.id=c.typeC 
                                      JOIN pokaz AS p ON p.cId=c.id 
                                       WHERE a.if=\'110\' AND p.year=\'2023\' 
                                      ORDER BY a.unit, p.year, c.id, p.month', 0)
 2 SYSTEMPATH/Database/BaseConnection.php(666): CodeIgniter\Database\MySQLi\Connection->execute('SELECT c.id, c.counterId AS ci, c.counterName AS cn, a.addr, a.unit, ct.Name, p.consumed, p.index, p.month, p.index, p.year 
                                      FROM counter AS c 
                                      JOIN area AS a ON a.id=c.unit 
                                      JOIN conterType AS ct ON ct.id=c.typeC 
                                      JOIN pokaz AS p ON p.cId=c.id 
                                       WHERE a.if=\'110\' AND p.year=\'2023\' 
                                      ORDER BY a.unit, p.year, c.id, p.month')
 3 SYSTEMPATH/Database/BaseConnection.php(593): CodeIgniter\Database\BaseConnection->simpleQuery('SELECT c.id, c.counterId AS ci, c.counterName AS cn, a.addr, a.unit, ct.Name, p.consumed, p.index, p.month, p.index, p.year 
                                      FROM counter AS c 
                                      JOIN area AS a ON a.id=c.unit 
                                      JOIN conterType AS ct ON ct.id=c.typeC 
                                      JOIN pokaz AS p ON p.cId=c.id 
                                       WHERE a.if=\'110\' AND p.year=\'2023\' 
                                      ORDER BY a.unit, p.year, c.id, p.month')
 4 APPPATH/Models/Search.php(342): CodeIgniter\Database\BaseConnection->query('SELECT c.id, c.counterId AS ci, c.counterName AS cn, a.addr, a.unit, ct.Name, p.consumed, p.index, p.month, p.index, p.year 
                                      FROM counter AS c 
                                      JOIN area AS a ON a.id=c.unit 
                                      JOIN conterType AS ct ON ct.id=c.typeC 
                                      JOIN pokaz AS p ON p.cId=c.id 
                                       WHERE a.if=\'110\' AND p.year=\'2023\' 
                                      ORDER BY a.unit, p.year, c.id, p.month')
 5 APPPATH/Models/Search.php(107): App\Models\Search->getCountersStatDB('110', 'ROOTPATH/public', '2023')
 6 APPPATH/Controllers/Zayavki.php(115): App\Models\Search->getCountersStat(Object(CodeIgniter\HTTP\IncomingRequest))
 7 SYSTEMPATH/CodeIgniter.php(927): App\Controllers\Zayavki->ajax()
 8 SYSTEMPATH/CodeIgniter.php(482): CodeIgniter\CodeIgniter->runController(Object(App\Controllers\Zayavki))
 9 SYSTEMPATH/CodeIgniter.php(351): CodeIgniter\CodeIgniter->handleRequest(null, Object(Config\Cache), false)
10 FCPATH/index.php(67): CodeIgniter\CodeIgniter->run()
ERROR - 2023-02-02 04:02:56 --> mysqli_sql_exception: Unknown column 'a.if' in 'where clause' in /ext/WWW/konex.com.ua/zayavki/system/Database/MySQLi/Connection.php:292
Stack trace:
#0 /ext/WWW/konex.com.ua/zayavki/system/Database/MySQLi/Connection.php(292): mysqli->query('SELECT c.id, c....', 0)
#1 /ext/WWW/konex.com.ua/zayavki/system/Database/BaseConnection.php(666): CodeIgniter\Database\MySQLi\Connection->execute('SELECT c.id, c....')
#2 /ext/WWW/konex.com.ua/zayavki/system/Database/BaseConnection.php(593): CodeIgniter\Database\BaseConnection->simpleQuery('SELECT c.id, c....')
#3 /ext/WWW/konex.com.ua/zayavki/app/Models/Search.php(342): CodeIgniter\Database\BaseConnection->query('SELECT c.id, c....')
#4 /ext/WWW/konex.com.ua/zayavki/app/Models/Search.php(107): App\Models\Search->getCountersStatDB('110', '', '2023')
#5 /ext/WWW/konex.com.ua/zayavki/app/Controllers/Zayavki.php(115): App\Models\Search->getCountersStat(Object(CodeIgniter\HTTP\IncomingRequest))
#6 /ext/WWW/konex.com.ua/zayavki/system/CodeIgniter.php(927): App\Controllers\Zayavki->ajax()
#7 /ext/WWW/konex.com.ua/zayavki/system/CodeIgniter.php(482): CodeIgniter\CodeIgniter->runController(Object(App\Controllers\Zayavki))
#8 /ext/WWW/konex.com.ua/zayavki/system/CodeIgniter.php(351): CodeIgniter\CodeIgniter->handleRequest(NULL, Object(Config\Cache), false)
#9 /ext/WWW/konex.com.ua/zayavki/public/index.php(67): CodeIgniter\CodeIgniter->run()
#10 {main}
CRITICAL - 2023-02-02 04:02:56 --> Unknown column 'a.if' in 'where clause'
in SYSTEMPATH/Database/MySQLi/Connection.php on line 292.
 1 SYSTEMPATH/Database/MySQLi/Connection.php(292): mysqli->query('SELECT c.id, c.counterId AS ci, c.counterName AS cn, a.addr, a.unit, ct.Name, p.consumed, p.index, p.month, p.index, p.year 
                                      FROM counter AS c 
                                      JOIN area AS a ON a.id=c.unit 
                                      JOIN conterType AS ct ON ct.id=c.typeC 
                                      JOIN pokaz AS p ON p.cId=c.id 
                                       WHERE a.if=\'110\' AND p.year=\'2023\' 
                                      ORDER BY a.unit, p.year, c.id, p.month', 0)
 2 SYSTEMPATH/Database/BaseConnection.php(666): CodeIgniter\Database\MySQLi\Connection->execute('SELECT c.id, c.counterId AS ci, c.counterName AS cn, a.addr, a.unit, ct.Name, p.consumed, p.index, p.month, p.index, p.year 
                                      FROM counter AS c 
                                      JOIN area AS a ON a.id=c.unit 
                                      JOIN conterType AS ct ON ct.id=c.typeC 
                                      JOIN pokaz AS p ON p.cId=c.id 
                                       WHERE a.if=\'110\' AND p.year=\'2023\' 
                                      ORDER BY a.unit, p.year, c.id, p.month')
 3 SYSTEMPATH/Database/BaseConnection.php(593): CodeIgniter\Database\BaseConnection->simpleQuery('SELECT c.id, c.counterId AS ci, c.counterName AS cn, a.addr, a.unit, ct.Name, p.consumed, p.index, p.month, p.index, p.year 
                                      FROM counter AS c 
                                      JOIN area AS a ON a.id=c.unit 
                                      JOIN conterType AS ct ON ct.id=c.typeC 
                                      JOIN pokaz AS p ON p.cId=c.id 
                                       WHERE a.if=\'110\' AND p.year=\'2023\' 
                                      ORDER BY a.unit, p.year, c.id, p.month')
 4 APPPATH/Models/Search.php(342): CodeIgniter\Database\BaseConnection->query('SELECT c.id, c.counterId AS ci, c.counterName AS cn, a.addr, a.unit, ct.Name, p.consumed, p.index, p.month, p.index, p.year 
                                      FROM counter AS c 
                                      JOIN area AS a ON a.id=c.unit 
                                      JOIN conterType AS ct ON ct.id=c.typeC 
                                      JOIN pokaz AS p ON p.cId=c.id 
                                       WHERE a.if=\'110\' AND p.year=\'2023\' 
                                      ORDER BY a.unit, p.year, c.id, p.month')
 5 APPPATH/Models/Search.php(107): App\Models\Search->getCountersStatDB('110', 'ROOTPATH/public', '2023')
 6 APPPATH/Controllers/Zayavki.php(115): App\Models\Search->getCountersStat(Object(CodeIgniter\HTTP\IncomingRequest))
 7 SYSTEMPATH/CodeIgniter.php(927): App\Controllers\Zayavki->ajax()
 8 SYSTEMPATH/CodeIgniter.php(482): CodeIgniter\CodeIgniter->runController(Object(App\Controllers\Zayavki))
 9 SYSTEMPATH/CodeIgniter.php(351): CodeIgniter\CodeIgniter->handleRequest(null, Object(Config\Cache), false)
10 FCPATH/index.php(67): CodeIgniter\CodeIgniter->run()
CRITICAL - 2023-02-02 07:28:52 --> Trying to get property 'unit' of non-object
in APPPATH/Views/zayavki.php on line 30.
 1 APPPATH/Views/zayavki.php(30): CodeIgniter\Debug\Exceptions->errorHandler(8, 'Trying to get property \'unit\' of non-object', 'APPPATH/Views/zayavki.php', 30, [...])
 2 SYSTEMPATH/View/View.php(213): include('APPPATH/Views/zayavki.php')
 3 SYSTEMPATH/View/View.php(216): CodeIgniter\View\View->CodeIgniter\View\{closure}()
 4 SYSTEMPATH/Common.php(1134): CodeIgniter\View\View->render('zayavki', [], true)
 5 APPPATH/Controllers/Zayavki.php(96): view('zayavki', [...])
 6 SYSTEMPATH/CodeIgniter.php(927): App\Controllers\Zayavki->zayavki()
 7 SYSTEMPATH/CodeIgniter.php(482): CodeIgniter\CodeIgniter->runController(Object(App\Controllers\Zayavki))
 8 SYSTEMPATH/CodeIgniter.php(351): CodeIgniter\CodeIgniter->handleRequest(null, Object(Config\Cache), false)
 9 FCPATH/index.php(67): CodeIgniter\CodeIgniter->run()
