CRITICAL - 2023-08-14 07:07:48 --> Cannot use object of type stdClass as array
in APPPATH/Models/Update.php on line 76.
 1 APPPATH/Controllers/Meters.php(186): App\Models\Update->addCompaniesTradePoints([...])
 2 SYSTEMPATH/CodeIgniter.php(927): App\Controllers\Meters->updateDB()
 3 SYSTEMPATH/CodeIgniter.php(482): CodeIgniter\CodeIgniter->runController(Object(App\Controllers\Meters))
 4 SYSTEMPATH/CodeIgniter.php(351): CodeIgniter\CodeIgniter->handleRequest(null, Object(Config\Cache), false)
 5 FCPATH/index.php(67): CodeIgniter\CodeIgniter->run()
CRITICAL - 2023-08-14 07:08:40 --> Cannot use object of type stdClass as array
in APPPATH/Models/Update.php on line 76.
 1 APPPATH/Controllers/Meters.php(186): App\Models\Update->addCompaniesTradePoints([...])
 2 SYSTEMPATH/CodeIgniter.php(927): App\Controllers\Meters->updateDB()
 3 SYSTEMPATH/CodeIgniter.php(482): CodeIgniter\CodeIgniter->runController(Object(App\Controllers\Meters))
 4 SYSTEMPATH/CodeIgniter.php(351): CodeIgniter\CodeIgniter->handleRequest(null, Object(Config\Cache), false)
 5 FCPATH/index.php(67): CodeIgniter\CodeIgniter->run()
CRITICAL - 2023-08-14 07:08:53 --> Cannot use object of type stdClass as array
in APPPATH/Models/Update.php on line 75.
 1 APPPATH/Controllers/Meters.php(186): App\Models\Update->addCompaniesTradePoints([...])
 2 SYSTEMPATH/CodeIgniter.php(927): App\Controllers\Meters->updateDB()
 3 SYSTEMPATH/CodeIgniter.php(482): CodeIgniter\CodeIgniter->runController(Object(App\Controllers\Meters))
 4 SYSTEMPATH/CodeIgniter.php(351): CodeIgniter\CodeIgniter->handleRequest(null, Object(Config\Cache), false)
 5 FCPATH/index.php(67): CodeIgniter\CodeIgniter->run()
CRITICAL - 2023-08-14 09:04:01 --> Illegal string offset 'company_1s_code'
in APPPATH/Models/Search.php on line 362.
 1 APPPATH/Models/Search.php(362): CodeIgniter\Debug\Exceptions->errorHandler(2, 'Illegal string offset \'company_1s_code\'', 'APPPATH/Models/Search.php', 362, [...])
 2 APPPATH/Controllers/Meters.php(141): App\Models\Search->getAllUnit()
 3 SYSTEMPATH/CodeIgniter.php(927): App\Controllers\Meters->ajax()
 4 SYSTEMPATH/CodeIgniter.php(482): CodeIgniter\CodeIgniter->runController(Object(App\Controllers\Meters))
 5 SYSTEMPATH/CodeIgniter.php(351): CodeIgniter\CodeIgniter->handleRequest(null, Object(Config\Cache), false)
 6 FCPATH/index.php(67): CodeIgniter\CodeIgniter->run()
CRITICAL - 2023-08-14 09:04:06 --> Illegal string offset 'company_1s_code'
in APPPATH/Models/Search.php on line 362.
 1 APPPATH/Models/Search.php(362): CodeIgniter\Debug\Exceptions->errorHandler(2, 'Illegal string offset \'company_1s_code\'', 'APPPATH/Models/Search.php', 362, [...])
 2 APPPATH/Controllers/Meters.php(141): App\Models\Search->getAllUnit()
 3 SYSTEMPATH/CodeIgniter.php(927): App\Controllers\Meters->ajax()
 4 SYSTEMPATH/CodeIgniter.php(482): CodeIgniter\CodeIgniter->runController(Object(App\Controllers\Meters))
 5 SYSTEMPATH/CodeIgniter.php(351): CodeIgniter\CodeIgniter->handleRequest(null, Object(Config\Cache), false)
 6 FCPATH/index.php(67): CodeIgniter\CodeIgniter->run()
CRITICAL - 2023-08-14 09:04:15 --> Illegal string offset 'company_1s_code'
in APPPATH/Models/Search.php on line 362.
 1 APPPATH/Models/Search.php(362): CodeIgniter\Debug\Exceptions->errorHandler(2, 'Illegal string offset \'company_1s_code\'', 'APPPATH/Models/Search.php', 362, [...])
 2 APPPATH/Controllers/Meters.php(141): App\Models\Search->getAllUnit()
 3 SYSTEMPATH/CodeIgniter.php(927): App\Controllers\Meters->ajax()
 4 SYSTEMPATH/CodeIgniter.php(482): CodeIgniter\CodeIgniter->runController(Object(App\Controllers\Meters))
 5 SYSTEMPATH/CodeIgniter.php(351): CodeIgniter\CodeIgniter->handleRequest(null, Object(Config\Cache), false)
 6 FCPATH/index.php(67): CodeIgniter\CodeIgniter->run()
CRITICAL - 2023-08-14 09:04:33 --> syntax error, unexpected 'else' (T_ELSE)
in APPPATH/Models/Search.php on line 364.
 1 SYSTEMPATH/Autoloader/Autoloader.php(259): CodeIgniter\Autoloader\Autoloader->includeFile('APPPATH/Models/Search.php')
 2 SYSTEMPATH/Autoloader/Autoloader.php(237): CodeIgniter\Autoloader\Autoloader->loadInNamespace('App\\Models\\Search')
 3 [internal function]: CodeIgniter\Autoloader\Autoloader->loadClass('App\\Models\\Search')
 4 APPPATH/Controllers/Meters.php(24): spl_autoload_call('App\\Models\\Search')
 5 SYSTEMPATH/CodeIgniter.php(889): App\Controllers\Meters->__construct()
 6 SYSTEMPATH/CodeIgniter.php(473): CodeIgniter\CodeIgniter->createController()
 7 SYSTEMPATH/CodeIgniter.php(351): CodeIgniter\CodeIgniter->handleRequest(null, Object(Config\Cache), false)
 8 FCPATH/index.php(67): CodeIgniter\CodeIgniter->run()
CRITICAL - 2023-08-14 09:04:45 --> Illegal string offset 'company_1s_code'
in APPPATH/Models/Search.php on line 362.
 1 APPPATH/Models/Search.php(362): CodeIgniter\Debug\Exceptions->errorHandler(2, 'Illegal string offset \'company_1s_code\'', 'APPPATH/Models/Search.php', 362, [...])
 2 APPPATH/Controllers/Meters.php(141): App\Models\Search->getAllUnit()
 3 SYSTEMPATH/CodeIgniter.php(927): App\Controllers\Meters->ajax()
 4 SYSTEMPATH/CodeIgniter.php(482): CodeIgniter\CodeIgniter->runController(Object(App\Controllers\Meters))
 5 SYSTEMPATH/CodeIgniter.php(351): CodeIgniter\CodeIgniter->handleRequest(null, Object(Config\Cache), false)
 6 FCPATH/index.php(67): CodeIgniter\CodeIgniter->run()
CRITICAL - 2023-08-14 09:09:58 --> Illegal string offset 'company_1s_code'
in APPPATH/Models/Search.php on line 362.
 1 APPPATH/Models/Search.php(362): CodeIgniter\Debug\Exceptions->errorHandler(2, 'Illegal string offset \'company_1s_code\'', 'APPPATH/Models/Search.php', 362, [...])
 2 APPPATH/Controllers/Meters.php(141): App\Models\Search->getAllUnit()
 3 SYSTEMPATH/CodeIgniter.php(927): App\Controllers\Meters->ajax()
 4 SYSTEMPATH/CodeIgniter.php(482): CodeIgniter\CodeIgniter->runController(Object(App\Controllers\Meters))
 5 SYSTEMPATH/CodeIgniter.php(351): CodeIgniter\CodeIgniter->handleRequest(null, Object(Config\Cache), false)
 6 FCPATH/index.php(67): CodeIgniter\CodeIgniter->run()
ERROR - 2023-08-14 09:38:40 --> mysqli_sql_exception: Table 'meters.companiesTradePoints' doesn't exist in /ext/WWW/konex.com.ua/meters/system/Database/MySQLi/Connection.php:292
Stack trace:
#0 /ext/WWW/konex.com.ua/meters/system/Database/MySQLi/Connection.php(292): mysqli->query('SELECT \r\n      ...', 0)
#1 /ext/WWW/konex.com.ua/meters/system/Database/BaseConnection.php(666): CodeIgniter\Database\MySQLi\Connection->execute('SELECT \r\n      ...')
#2 /ext/WWW/konex.com.ua/meters/system/Database/BaseConnection.php(593): CodeIgniter\Database\BaseConnection->simpleQuery('SELECT \r\n      ...')
#3 /ext/WWW/konex.com.ua/meters/app/Models/Search.php(568): CodeIgniter\Database\BaseConnection->query('SELECT \r\n      ...')
#4 /ext/WWW/konex.com.ua/meters/app/Models/Search.php(542): App\Models\Search->getDataReport(Object(stdClass), Object(stdClass), Object(stdClass))
#5 /ext/WWW/konex.com.ua/meters/app/Controllers/Meters.php(149): App\Models\Search->getReportCounter(Object(CodeIgniter\HTTP\IncomingRequest))
#6 /ext/WWW/konex.com.ua/meters/system/CodeIgniter.php(927): App\Controllers\Meters->ajax()
#7 /ext/WWW/konex.com.ua/meters/system/CodeIgniter.php(482): CodeIgniter\CodeIgniter->runController(Object(App\Controllers\Meters))
#8 /ext/WWW/konex.com.ua/meters/system/CodeIgniter.php(351): CodeIgniter\CodeIgniter->handleRequest(NULL, Object(Config\Cache), false)
#9 /ext/WWW/konex.com.ua/meters/public/index.php(67): CodeIgniter\CodeIgniter->run()
#10 {main}
CRITICAL - 2023-08-14 09:38:40 --> Call to a member function getResultArray() on bool
in APPPATH/Models/Search.php on line 570.
 1 APPPATH/Models/Search.php(542): App\Models\Search->getDataReport(Object(stdClass), Object(stdClass), Object(stdClass))
 2 APPPATH/Controllers/Meters.php(149): App\Models\Search->getReportCounter(Object(CodeIgniter\HTTP\IncomingRequest))
 3 SYSTEMPATH/CodeIgniter.php(927): App\Controllers\Meters->ajax()
 4 SYSTEMPATH/CodeIgniter.php(482): CodeIgniter\CodeIgniter->runController(Object(App\Controllers\Meters))
 5 SYSTEMPATH/CodeIgniter.php(351): CodeIgniter\CodeIgniter->handleRequest(null, Object(Config\Cache), false)
 6 FCPATH/index.php(67): CodeIgniter\CodeIgniter->run()
ERROR - 2023-08-14 09:38:49 --> mysqli_sql_exception: Table 'meters.companiesTradePoints' doesn't exist in /ext/WWW/konex.com.ua/meters/system/Database/MySQLi/Connection.php:292
Stack trace:
#0 /ext/WWW/konex.com.ua/meters/system/Database/MySQLi/Connection.php(292): mysqli->query('SELECT \r\n      ...', 0)
#1 /ext/WWW/konex.com.ua/meters/system/Database/BaseConnection.php(666): CodeIgniter\Database\MySQLi\Connection->execute('SELECT \r\n      ...')
#2 /ext/WWW/konex.com.ua/meters/system/Database/BaseConnection.php(593): CodeIgniter\Database\BaseConnection->simpleQuery('SELECT \r\n      ...')
#3 /ext/WWW/konex.com.ua/meters/app/Models/Search.php(568): CodeIgniter\Database\BaseConnection->query('SELECT \r\n      ...')
#4 /ext/WWW/konex.com.ua/meters/app/Models/Search.php(542): App\Models\Search->getDataReport(Object(stdClass), Object(stdClass), Object(stdClass))
#5 /ext/WWW/konex.com.ua/meters/app/Controllers/Meters.php(149): App\Models\Search->getReportCounter(Object(CodeIgniter\HTTP\IncomingRequest))
#6 /ext/WWW/konex.com.ua/meters/system/CodeIgniter.php(927): App\Controllers\Meters->ajax()
#7 /ext/WWW/konex.com.ua/meters/system/CodeIgniter.php(482): CodeIgniter\CodeIgniter->runController(Object(App\Controllers\Meters))
#8 /ext/WWW/konex.com.ua/meters/system/CodeIgniter.php(351): CodeIgniter\CodeIgniter->handleRequest(NULL, Object(Config\Cache), false)
#9 /ext/WWW/konex.com.ua/meters/public/index.php(67): CodeIgniter\CodeIgniter->run()
#10 {main}
CRITICAL - 2023-08-14 09:38:49 --> Call to a member function getResultArray() on bool
in APPPATH/Models/Search.php on line 570.
 1 APPPATH/Models/Search.php(542): App\Models\Search->getDataReport(Object(stdClass), Object(stdClass), Object(stdClass))
 2 APPPATH/Controllers/Meters.php(149): App\Models\Search->getReportCounter(Object(CodeIgniter\HTTP\IncomingRequest))
 3 SYSTEMPATH/CodeIgniter.php(927): App\Controllers\Meters->ajax()
 4 SYSTEMPATH/CodeIgniter.php(482): CodeIgniter\CodeIgniter->runController(Object(App\Controllers\Meters))
 5 SYSTEMPATH/CodeIgniter.php(351): CodeIgniter\CodeIgniter->handleRequest(null, Object(Config\Cache), false)
 6 FCPATH/index.php(67): CodeIgniter\CodeIgniter->run()
