CRITICAL - 2023-01-18 06:07:02 --> Array to string conversion
in APPPATH/Models/User.php on line 35.
 1 APPPATH/Models/User.php(35): CodeIgniter\Debug\Exceptions->errorHandler(8, 'Array to string conversion', 'APPPATH/Models/User.php', 35, [...])
 2 APPPATH/ThirdParty/PasswordRules.php(20): App\Models\User->checkUser('zlyuka', '1234')
 3 SYSTEMPATH/Validation/Validation.php(314): App\ThirdParty\PasswordRules->checkPass('1234', null)
 4 SYSTEMPATH/Validation/Validation.php(175): CodeIgniter\Validation\Validation->processRules('pw', 'pw', '1234', [...], [...])
 5 SYSTEMPATH/Controller.php(140): CodeIgniter\Validation\Validation->run()
 6 APPPATH/Controllers/Zayavki.php(32): CodeIgniter\Controller->validate([...])
 7 SYSTEMPATH/CodeIgniter.php(927): App\Controllers\Zayavki->login()
 8 SYSTEMPATH/CodeIgniter.php(482): CodeIgniter\CodeIgniter->runController(Object(App\Controllers\Zayavki))
 9 SYSTEMPATH/CodeIgniter.php(351): CodeIgniter\CodeIgniter->handleRequest(null, Object(Config\Cache), false)
10 FCPATH/index.php(67): CodeIgniter\CodeIgniter->run()
CRITICAL - 2023-01-18 06:10:13 --> Return value of App\ThirdParty\PasswordRules::checkPass() must be of the type bool, array returned
in APPPATH/ThirdParty/PasswordRules.php on line 20.
 1 SYSTEMPATH/Validation/Validation.php(314): App\ThirdParty\PasswordRules->checkPass('1234', null)
 2 SYSTEMPATH/Validation/Validation.php(175): CodeIgniter\Validation\Validation->processRules('pw', 'pw', '1234', [...], [...])
 3 SYSTEMPATH/Controller.php(140): CodeIgniter\Validation\Validation->run()
 4 APPPATH/Controllers/Zayavki.php(32): CodeIgniter\Controller->validate([...])
 5 SYSTEMPATH/CodeIgniter.php(927): App\Controllers\Zayavki->login()
 6 SYSTEMPATH/CodeIgniter.php(482): CodeIgniter\CodeIgniter->runController(Object(App\Controllers\Zayavki))
 7 SYSTEMPATH/CodeIgniter.php(351): CodeIgniter\CodeIgniter->handleRequest(null, Object(Config\Cache), false)
 8 FCPATH/index.php(67): CodeIgniter\CodeIgniter->run()
CRITICAL - 2023-01-18 06:20:08 --> Undefined variable: userId
in APPPATH/Views/zayavki.php on line 39.
 1 APPPATH/Views/zayavki.php(39): CodeIgniter\Debug\Exceptions->errorHandler(8, 'Undefined variable: userId', 'APPPATH/Views/zayavki.php', 39, [...])
 2 SYSTEMPATH/View/View.php(213): include('APPPATH/Views/zayavki.php')
 3 SYSTEMPATH/View/View.php(216): CodeIgniter\View\View->CodeIgniter\View\{closure}()
 4 SYSTEMPATH/Common.php(1134): CodeIgniter\View\View->render('zayavki', [], true)
 5 APPPATH/Controllers/Zayavki.php(34): view('zayavki', [...])
 6 SYSTEMPATH/CodeIgniter.php(927): App\Controllers\Zayavki->login()
 7 SYSTEMPATH/CodeIgniter.php(482): CodeIgniter\CodeIgniter->runController(Object(App\Controllers\Zayavki))
 8 SYSTEMPATH/CodeIgniter.php(351): CodeIgniter\CodeIgniter->handleRequest(null, Object(Config\Cache), false)
 9 FCPATH/index.php(67): CodeIgniter\CodeIgniter->run()
CRITICAL - 2023-01-18 06:20:25 --> Undefined variable: userId
in APPPATH/Views/zayavki.php on line 39.
 1 APPPATH/Views/zayavki.php(39): CodeIgniter\Debug\Exceptions->errorHandler(8, 'Undefined variable: userId', 'APPPATH/Views/zayavki.php', 39, [...])
 2 SYSTEMPATH/View/View.php(213): include('APPPATH/Views/zayavki.php')
 3 SYSTEMPATH/View/View.php(216): CodeIgniter\View\View->CodeIgniter\View\{closure}()
 4 SYSTEMPATH/Common.php(1134): CodeIgniter\View\View->render('zayavki', [], true)
 5 APPPATH/Controllers/Zayavki.php(34): view('zayavki', [...])
 6 SYSTEMPATH/CodeIgniter.php(927): App\Controllers\Zayavki->login()
 7 SYSTEMPATH/CodeIgniter.php(482): CodeIgniter\CodeIgniter->runController(Object(App\Controllers\Zayavki))
 8 SYSTEMPATH/CodeIgniter.php(351): CodeIgniter\CodeIgniter->handleRequest(null, Object(Config\Cache), false)
 9 FCPATH/index.php(67): CodeIgniter\CodeIgniter->run()
CRITICAL - 2023-01-18 06:26:12 --> Undefined property: stdClass::$PW
in APPPATH/Models/User.php on line 39.
 1 APPPATH/Models/User.php(39): CodeIgniter\Debug\Exceptions->errorHandler(8, 'Undefined property: stdClass::$PW', 'APPPATH/Models/User.php', 39, [...])
 2 APPPATH/ThirdParty/PasswordRules.php(20): App\Models\User->checkUser('zlyuka', '1234')
 3 SYSTEMPATH/Validation/Validation.php(314): App\ThirdParty\PasswordRules->checkPass('1234', null)
 4 SYSTEMPATH/Validation/Validation.php(175): CodeIgniter\Validation\Validation->processRules('pw', 'pw', '1234', [...], [...])
 5 SYSTEMPATH/Controller.php(140): CodeIgniter\Validation\Validation->run()
 6 APPPATH/Controllers/Zayavki.php(32): CodeIgniter\Controller->validate([...])
 7 SYSTEMPATH/CodeIgniter.php(927): App\Controllers\Zayavki->login()
 8 SYSTEMPATH/CodeIgniter.php(482): CodeIgniter\CodeIgniter->runController(Object(App\Controllers\Zayavki))
 9 SYSTEMPATH/CodeIgniter.php(351): CodeIgniter\CodeIgniter->handleRequest(null, Object(Config\Cache), false)
10 FCPATH/index.php(67): CodeIgniter\CodeIgniter->run()
CRITICAL - 2023-01-18 06:32:53 --> Trying to access array offset on value of type bool
in APPPATH/Controllers/main.php on line 23.
 1 APPPATH/Controllers/main.php(23): CodeIgniter\Debug\Exceptions->errorHandler(8, 'Trying to access array offset on value of type bool', 'APPPATH/Controllers/main.php', 23, [...])
 2 SYSTEMPATH/CodeIgniter.php(927): App\Controllers\main->open()
 3 SYSTEMPATH/CodeIgniter.php(482): CodeIgniter\CodeIgniter->runController(Object(App\Controllers\main))
 4 SYSTEMPATH/CodeIgniter.php(351): CodeIgniter\CodeIgniter->handleRequest(null, Object(Config\Cache), false)
 5 FCPATH/index.php(67): CodeIgniter\CodeIgniter->run()
CRITICAL - 2023-01-18 06:34:12 --> Trying to access array offset on value of type bool
in APPPATH/Controllers/main.php on line 23.
 1 APPPATH/Controllers/main.php(23): CodeIgniter\Debug\Exceptions->errorHandler(8, 'Trying to access array offset on value of type bool', 'APPPATH/Controllers/main.php', 23, [...])
 2 SYSTEMPATH/CodeIgniter.php(927): App\Controllers\main->open()
 3 SYSTEMPATH/CodeIgniter.php(482): CodeIgniter\CodeIgniter->runController(Object(App\Controllers\main))
 4 SYSTEMPATH/CodeIgniter.php(351): CodeIgniter\CodeIgniter->handleRequest(null, Object(Config\Cache), false)
 5 FCPATH/index.php(67): CodeIgniter\CodeIgniter->run()
CRITICAL - 2023-01-18 06:52:57 --> Call to a member function listErrors() on string
in APPPATH/Views/login.php on line 25.
 1 SYSTEMPATH/View/View.php(213): include()
 2 SYSTEMPATH/View/View.php(216): CodeIgniter\View\View->CodeIgniter\View\{closure}()
 3 SYSTEMPATH/Common.php(1134): CodeIgniter\View\View->render('login', [], true)
 4 APPPATH/Models/User.php(38): view('login', [...])
 5 APPPATH/ThirdParty/PasswordRules.php(20): App\Models\User->checkUser('zlyuka', '1234')
 6 SYSTEMPATH/Validation/Validation.php(314): App\ThirdParty\PasswordRules->checkPass('1234', null)
 7 SYSTEMPATH/Validation/Validation.php(175): CodeIgniter\Validation\Validation->processRules('pw', 'pw', '1234', [...], [...])
 8 SYSTEMPATH/Controller.php(140): CodeIgniter\Validation\Validation->run()
 9 APPPATH/Controllers/Zayavki.php(32): CodeIgniter\Controller->validate([...])
10 SYSTEMPATH/CodeIgniter.php(927): App\Controllers\Zayavki->login()
11 SYSTEMPATH/CodeIgniter.php(482): CodeIgniter\CodeIgniter->runController(Object(App\Controllers\Zayavki))
12 SYSTEMPATH/CodeIgniter.php(351): CodeIgniter\CodeIgniter->handleRequest(null, Object(Config\Cache), false)
13 FCPATH/index.php(67): CodeIgniter\CodeIgniter->run()
CRITICAL - 2023-01-18 06:53:10 --> Call to a member function listErrors() on string
in APPPATH/Views/login.php on line 25.
 1 SYSTEMPATH/View/View.php(213): include()
 2 SYSTEMPATH/View/View.php(216): CodeIgniter\View\View->CodeIgniter\View\{closure}()
 3 SYSTEMPATH/Common.php(1134): CodeIgniter\View\View->render('login', [], true)
 4 APPPATH/Models/User.php(38): view('login', [...])
 5 APPPATH/ThirdParty/PasswordRules.php(20): App\Models\User->checkUser('zlyuka', '1234')
 6 SYSTEMPATH/Validation/Validation.php(314): App\ThirdParty\PasswordRules->checkPass('1234', null)
 7 SYSTEMPATH/Validation/Validation.php(175): CodeIgniter\Validation\Validation->processRules('pw', 'pw', '1234', [...], [...])
 8 SYSTEMPATH/Controller.php(140): CodeIgniter\Validation\Validation->run()
 9 APPPATH/Controllers/Zayavki.php(32): CodeIgniter\Controller->validate([...])
10 SYSTEMPATH/CodeIgniter.php(927): App\Controllers\Zayavki->login()
11 SYSTEMPATH/CodeIgniter.php(482): CodeIgniter\CodeIgniter->runController(Object(App\Controllers\Zayavki))
12 SYSTEMPATH/CodeIgniter.php(351): CodeIgniter\CodeIgniter->handleRequest(null, Object(Config\Cache), false)
13 FCPATH/index.php(67): CodeIgniter\CodeIgniter->run()
ERROR - 2023-01-18 07:15:33 --> Error connecting to the database: mysqli_sql_exception: Access denied for user ''@'localhost' (using password: NO) in /ext/WWW/konex.com.ua/zayavki/system/Database/MySQLi/Connection.php:171
Stack trace:
#0 /ext/WWW/konex.com.ua/zayavki/system/Database/MySQLi/Connection.php(171): mysqli->real_connect('localhost', '', '', '', 3306, '', 0)
#1 /ext/WWW/konex.com.ua/zayavki/system/Database/BaseConnection.php(382): CodeIgniter\Database\MySQLi\Connection->connect(false)
#2 /ext/WWW/konex.com.ua/zayavki/system/Database/BaseConnection.php(561): CodeIgniter\Database\BaseConnection->initialize()
#3 /ext/WWW/konex.com.ua/zayavki/app/Models/User.php(34): CodeIgniter\Database\BaseConnection->query('SELECT * FROM u...')
#4 /ext/WWW/konex.com.ua/zayavki/app/ThirdParty/PasswordRules.php(20): App\Models\User->checkUser('zlyuka', '1234')
#5 /ext/WWW/konex.com.ua/zayavki/system/Validation/Validation.php(314): App\ThirdParty\PasswordRules->checkPass('1234', NULL)
#6 /ext/WWW/konex.com.ua/zayavki/system/Validation/Validation.php(175): CodeIgniter\Validation\Validation->processRules('pw', 'pw', '1234', Array, Array)
#7 /ext/WWW/konex.com.ua/zayavki/system/Controller.php(140): CodeIgniter\Validation\Validation->run()
#8 /ext/WWW/konex.com.ua/zayavki/app/Controllers/Zayavki.php(32): CodeIgniter\Controller->validate(Array)
#9 /ext/WWW/konex.com.ua/zayavki/system/CodeIgniter.php(927): App\Controllers\Zayavki->login()
#10 /ext/WWW/konex.com.ua/zayavki/system/CodeIgniter.php(482): CodeIgniter\CodeIgniter->runController(Object(App\Controllers\Zayavki))
#11 /ext/WWW/konex.com.ua/zayavki/system/CodeIgniter.php(351): CodeIgniter\CodeIgniter->handleRequest(NULL, Object(Config\Cache), false)
#12 /ext/WWW/konex.com.ua/zayavki/public/index.php(67): CodeIgniter\CodeIgniter->run()
#13 {main}

Next CodeIgniter\Database\Exceptions\DatabaseException: Access denied for user ''@'localhost' (using password: NO) in /ext/WWW/konex.com.ua/zayavki/system/Database/MySQLi/Connection.php:215
Stack trace:
#0 /ext/WWW/konex.com.ua/zayavki/system/Database/BaseConnection.php(382): CodeIgniter\Database\MySQLi\Connection->connect(false)
#1 /ext/WWW/konex.com.ua/zayavki/system/Database/BaseConnection.php(561): CodeIgniter\Database\BaseConnection->initialize()
#2 /ext/WWW/konex.com.ua/zayavki/app/Models/User.php(34): CodeIgniter\Database\BaseConnection->query('SELECT * FROM u...')
#3 /ext/WWW/konex.com.ua/zayavki/app/ThirdParty/PasswordRules.php(20): App\Models\User->checkUser('zlyuka', '1234')
#4 /ext/WWW/konex.com.ua/zayavki/system/Validation/Validation.php(314): App\ThirdParty\PasswordRules->checkPass('1234', NULL)
#5 /ext/WWW/konex.com.ua/zayavki/system/Validation/Validation.php(175): CodeIgniter\Validation\Validation->processRules('pw', 'pw', '1234', Array, Array)
#6 /ext/WWW/konex.com.ua/zayavki/system/Controller.php(140): CodeIgniter\Validation\Validation->run()
#7 /ext/WWW/konex.com.ua/zayavki/app/Controllers/Zayavki.php(32): CodeIgniter\Controller->validate(Array)
#8 /ext/WWW/konex.com.ua/zayavki/system/CodeIgniter.php(927): App\Controllers\Zayavki->login()
#9 /ext/WWW/konex.com.ua/zayavki/system/CodeIgniter.php(482): CodeIgniter\CodeIgniter->runController(Object(App\Controllers\Zayavki))
#10 /ext/WWW/konex.com.ua/zayavki/system/CodeIgniter.php(351): CodeIgniter\CodeIgniter->handleRequest(NULL, Object(Config\Cache), false)
#11 /ext/WWW/konex.com.ua/zayavki/public/index.php(67): CodeIgniter\CodeIgniter->run()
#12 {main}
CRITICAL - 2023-01-18 07:15:33 --> Unable to connect to the database.
Main connection [MySQLi]: Access denied for user ''@'localhost' (using password: NO)
in SYSTEMPATH/Database/BaseConnection.php on line 418.
 1 SYSTEMPATH/Database/BaseConnection.php(561): CodeIgniter\Database\BaseConnection->initialize()
 2 APPPATH/Models/User.php(34): CodeIgniter\Database\BaseConnection->query('SELECT * FROM user WHERE login=\'.zlyuka.\'')
 3 APPPATH/ThirdParty/PasswordRules.php(20): App\Models\User->checkUser('zlyuka', '1234')
 4 SYSTEMPATH/Validation/Validation.php(314): App\ThirdParty\PasswordRules->checkPass('1234', null)
 5 SYSTEMPATH/Validation/Validation.php(175): CodeIgniter\Validation\Validation->processRules('pw', 'pw', '1234', [...], [...])
 6 SYSTEMPATH/Controller.php(140): CodeIgniter\Validation\Validation->run()
 7 APPPATH/Controllers/Zayavki.php(32): CodeIgniter\Controller->validate([...])
 8 SYSTEMPATH/CodeIgniter.php(927): App\Controllers\Zayavki->login()
 9 SYSTEMPATH/CodeIgniter.php(482): CodeIgniter\CodeIgniter->runController(Object(App\Controllers\Zayavki))
10 SYSTEMPATH/CodeIgniter.php(351): CodeIgniter\CodeIgniter->handleRequest(null, Object(Config\Cache), false)
11 FCPATH/index.php(67): CodeIgniter\CodeIgniter->run()
CRITICAL - 2023-01-18 07:50:31 --> You must set the database table to be used with your query.
in SYSTEMPATH/Database/BaseConnection.php on line 845.
 1 SYSTEMPATH/Model.php(587): CodeIgniter\Database\BaseConnection->table(null)
 2 SYSTEMPATH/Model.php(764): CodeIgniter\Model->builder()
 3 APPPATH/Models/User.php(48): CodeIgniter\Model->__call('setCookies', [...])
 4 APPPATH/ThirdParty/PasswordRules.php(20): App\Models\User->checkUser('zlyuka', '1234')
 5 SYSTEMPATH/Validation/Validation.php(314): App\ThirdParty\PasswordRules->checkPass('1234', null)
 6 SYSTEMPATH/Validation/Validation.php(175): CodeIgniter\Validation\Validation->processRules('pw', 'pw', '1234', [...], [...])
 7 SYSTEMPATH/Controller.php(140): CodeIgniter\Validation\Validation->run()
 8 APPPATH/Controllers/Zayavki.php(32): CodeIgniter\Controller->validate([...])
 9 SYSTEMPATH/CodeIgniter.php(927): App\Controllers\Zayavki->login()
10 SYSTEMPATH/CodeIgniter.php(482): CodeIgniter\CodeIgniter->runController(Object(App\Controllers\Zayavki))
11 SYSTEMPATH/CodeIgniter.php(351): CodeIgniter\CodeIgniter->handleRequest(null, Object(Config\Cache), false)
12 FCPATH/index.php(67): CodeIgniter\CodeIgniter->run()
CRITICAL - 2023-01-18 07:51:21 --> You must set the database table to be used with your query.
in SYSTEMPATH/Database/BaseConnection.php on line 845.
 1 SYSTEMPATH/Model.php(587): CodeIgniter\Database\BaseConnection->table(null)
 2 SYSTEMPATH/Model.php(764): CodeIgniter\Model->builder()
 3 APPPATH/Models/User.php(48): CodeIgniter\Model->__call('setCookies', [...])
 4 APPPATH/ThirdParty/PasswordRules.php(20): App\Models\User->checkUser('zlyuka', '1234')
 5 SYSTEMPATH/Validation/Validation.php(314): App\ThirdParty\PasswordRules->checkPass('1234', null)
 6 SYSTEMPATH/Validation/Validation.php(175): CodeIgniter\Validation\Validation->processRules('pw', 'pw', '1234', [...], [...])
 7 SYSTEMPATH/Controller.php(140): CodeIgniter\Validation\Validation->run()
 8 APPPATH/Controllers/Zayavki.php(32): CodeIgniter\Controller->validate([...])
 9 SYSTEMPATH/CodeIgniter.php(927): App\Controllers\Zayavki->login()
10 SYSTEMPATH/CodeIgniter.php(482): CodeIgniter\CodeIgniter->runController(Object(App\Controllers\Zayavki))
11 SYSTEMPATH/CodeIgniter.php(351): CodeIgniter\CodeIgniter->handleRequest(null, Object(Config\Cache), false)
12 FCPATH/index.php(67): CodeIgniter\CodeIgniter->run()
CRITICAL - 2023-01-18 07:54:28 --> You must set the database table to be used with your query.
in SYSTEMPATH/Database/BaseConnection.php on line 845.
 1 SYSTEMPATH/Model.php(587): CodeIgniter\Database\BaseConnection->table(null)
 2 SYSTEMPATH/Model.php(764): CodeIgniter\Model->builder()
 3 APPPATH/Models/User.php(48): CodeIgniter\Model->__call('setCookies', [...])
 4 APPPATH/ThirdParty/PasswordRules.php(20): App\Models\User->checkUser('zlyuka', '1234')
 5 SYSTEMPATH/Validation/Validation.php(314): App\ThirdParty\PasswordRules->checkPass('1234', null)
 6 SYSTEMPATH/Validation/Validation.php(175): CodeIgniter\Validation\Validation->processRules('pw', 'pw', '1234', [...], [...])
 7 SYSTEMPATH/Controller.php(140): CodeIgniter\Validation\Validation->run()
 8 APPPATH/Controllers/Zayavki.php(32): CodeIgniter\Controller->validate([...])
 9 SYSTEMPATH/CodeIgniter.php(927): App\Controllers\Zayavki->login()
10 SYSTEMPATH/CodeIgniter.php(482): CodeIgniter\CodeIgniter->runController(Object(App\Controllers\Zayavki))
11 SYSTEMPATH/CodeIgniter.php(351): CodeIgniter\CodeIgniter->handleRequest(null, Object(Config\Cache), false)
12 FCPATH/index.php(67): CodeIgniter\CodeIgniter->run()
CRITICAL - 2023-01-18 07:56:40 --> You must set the database table to be used with your query.
in SYSTEMPATH/Database/BaseConnection.php on line 845.
 1 SYSTEMPATH/Model.php(587): CodeIgniter\Database\BaseConnection->table(null)
 2 SYSTEMPATH/Model.php(764): CodeIgniter\Model->builder()
 3 APPPATH/Models/User.php(48): CodeIgniter\Model->__call('setCookies', [...])
 4 APPPATH/ThirdParty/PasswordRules.php(21): App\Models\User->checkUser('zlyuka', '1234')
 5 SYSTEMPATH/Validation/Validation.php(314): App\ThirdParty\PasswordRules->checkPass('1234', null)
 6 SYSTEMPATH/Validation/Validation.php(175): CodeIgniter\Validation\Validation->processRules('pw', 'pw', '1234', [...], [...])
 7 SYSTEMPATH/Controller.php(140): CodeIgniter\Validation\Validation->run()
 8 APPPATH/Controllers/Zayavki.php(32): CodeIgniter\Controller->validate([...])
 9 SYSTEMPATH/CodeIgniter.php(927): App\Controllers\Zayavki->login()
10 SYSTEMPATH/CodeIgniter.php(482): CodeIgniter\CodeIgniter->runController(Object(App\Controllers\Zayavki))
11 SYSTEMPATH/CodeIgniter.php(351): CodeIgniter\CodeIgniter->handleRequest(null, Object(Config\Cache), false)
12 FCPATH/index.php(67): CodeIgniter\CodeIgniter->run()
CRITICAL - 2023-01-18 07:58:01 --> You must set the database table to be used with your query.
in SYSTEMPATH/Database/BaseConnection.php on line 845.
 1 SYSTEMPATH/Model.php(587): CodeIgniter\Database\BaseConnection->table(null)
 2 SYSTEMPATH/Model.php(764): CodeIgniter\Model->builder()
 3 APPPATH/Models/User.php(48): CodeIgniter\Model->__call('setCookies', [...])
 4 APPPATH/ThirdParty/PasswordRules.php(20): App\Models\User->checkUser('zlyuka', '1234')
 5 SYSTEMPATH/Validation/Validation.php(314): App\ThirdParty\PasswordRules->checkPass('1234', null)
 6 SYSTEMPATH/Validation/Validation.php(175): CodeIgniter\Validation\Validation->processRules('pw', 'pw', '1234', [...], [...])
 7 SYSTEMPATH/Controller.php(140): CodeIgniter\Validation\Validation->run()
 8 APPPATH/Controllers/Zayavki.php(32): CodeIgniter\Controller->validate([...])
 9 SYSTEMPATH/CodeIgniter.php(927): App\Controllers\Zayavki->login()
10 SYSTEMPATH/CodeIgniter.php(482): CodeIgniter\CodeIgniter->runController(Object(App\Controllers\Zayavki))
11 SYSTEMPATH/CodeIgniter.php(351): CodeIgniter\CodeIgniter->handleRequest(null, Object(Config\Cache), false)
12 FCPATH/index.php(67): CodeIgniter\CodeIgniter->run()
CRITICAL - 2023-01-18 07:59:30 --> You must set the database table to be used with your query.
in SYSTEMPATH/Database/BaseConnection.php on line 845.
 1 SYSTEMPATH/Model.php(587): CodeIgniter\Database\BaseConnection->table(null)
 2 SYSTEMPATH/Model.php(764): CodeIgniter\Model->builder()
 3 APPPATH/Models/User.php(48): CodeIgniter\Model->__call('setCookies', [...])
 4 APPPATH/ThirdParty/PasswordRules.php(20): App\Models\User->checkUser('zlyuka', '1234')
 5 SYSTEMPATH/Validation/Validation.php(314): App\ThirdParty\PasswordRules->checkPass('1234', null)
 6 SYSTEMPATH/Validation/Validation.php(175): CodeIgniter\Validation\Validation->processRules('pw', 'pw', '1234', [...], [...])
 7 SYSTEMPATH/Controller.php(140): CodeIgniter\Validation\Validation->run()
 8 APPPATH/Controllers/Zayavki.php(32): CodeIgniter\Controller->validate([...])
 9 SYSTEMPATH/CodeIgniter.php(927): App\Controllers\Zayavki->login()
10 SYSTEMPATH/CodeIgniter.php(482): CodeIgniter\CodeIgniter->runController(Object(App\Controllers\Zayavki))
11 SYSTEMPATH/CodeIgniter.php(351): CodeIgniter\CodeIgniter->handleRequest(null, Object(Config\Cache), false)
12 FCPATH/index.php(67): CodeIgniter\CodeIgniter->run()
CRITICAL - 2023-01-18 08:07:28 --> You must set the database table to be used with your query.
in SYSTEMPATH/Database/BaseConnection.php on line 845.
 1 SYSTEMPATH/Model.php(587): CodeIgniter\Database\BaseConnection->table(null)
 2 SYSTEMPATH/Model.php(764): CodeIgniter\Model->builder()
 3 APPPATH/Models/User.php(48): CodeIgniter\Model->__call('setCookies', [...])
 4 APPPATH/ThirdParty/PasswordRules.php(20): App\Models\User->checkUser('zlyuka', '1234')
 5 SYSTEMPATH/Validation/Validation.php(314): App\ThirdParty\PasswordRules->checkPass('1234', null)
 6 SYSTEMPATH/Validation/Validation.php(175): CodeIgniter\Validation\Validation->processRules('pw', 'pw', '1234', [...], [...])
 7 SYSTEMPATH/Controller.php(140): CodeIgniter\Validation\Validation->run()
 8 APPPATH/Controllers/Zayavki.php(32): CodeIgniter\Controller->validate([...])
 9 SYSTEMPATH/CodeIgniter.php(927): App\Controllers\Zayavki->login()
10 SYSTEMPATH/CodeIgniter.php(482): CodeIgniter\CodeIgniter->runController(Object(App\Controllers\Zayavki))
11 SYSTEMPATH/CodeIgniter.php(351): CodeIgniter\CodeIgniter->handleRequest(null, Object(Config\Cache), false)
12 FCPATH/index.php(67): CodeIgniter\CodeIgniter->run()
CRITICAL - 2023-01-18 08:13:55 --> You must set the database table to be used with your query.
in SYSTEMPATH/Database/BaseConnection.php on line 845.
 1 SYSTEMPATH/Model.php(587): CodeIgniter\Database\BaseConnection->table(null)
 2 SYSTEMPATH/Model.php(764): CodeIgniter\Model->builder()
 3 APPPATH/Models/User.php(48): CodeIgniter\Model->__call('setCookies', [...])
 4 APPPATH/ThirdParty/PasswordRules.php(20): App\Models\User->checkUser('zlyuka', '1234')
 5 SYSTEMPATH/Validation/Validation.php(314): App\ThirdParty\PasswordRules->checkPass('1234', null)
 6 SYSTEMPATH/Validation/Validation.php(175): CodeIgniter\Validation\Validation->processRules('pw', 'pw', '1234', [...], [...])
 7 SYSTEMPATH/Controller.php(140): CodeIgniter\Validation\Validation->run()
 8 APPPATH/Controllers/Zayavki.php(32): CodeIgniter\Controller->validate([...])
 9 SYSTEMPATH/CodeIgniter.php(927): App\Controllers\Zayavki->login()
10 SYSTEMPATH/CodeIgniter.php(482): CodeIgniter\CodeIgniter->runController(Object(App\Controllers\Zayavki))
11 SYSTEMPATH/CodeIgniter.php(351): CodeIgniter\CodeIgniter->handleRequest(null, Object(Config\Cache), false)
12 FCPATH/index.php(67): CodeIgniter\CodeIgniter->run()
CRITICAL - 2023-01-18 08:17:18 --> You must set the database table to be used with your query.
in SYSTEMPATH/Database/BaseConnection.php on line 845.
 1 SYSTEMPATH/Model.php(587): CodeIgniter\Database\BaseConnection->table(null)
 2 SYSTEMPATH/Model.php(764): CodeIgniter\Model->builder()
 3 APPPATH/Models/User.php(49): CodeIgniter\Model->__call('setCookies', [...])
 4 APPPATH/ThirdParty/PasswordRules.php(20): App\Models\User->checkUser('zlyuka', '1234')
 5 SYSTEMPATH/Validation/Validation.php(314): App\ThirdParty\PasswordRules->checkPass('1234', null)
 6 SYSTEMPATH/Validation/Validation.php(175): CodeIgniter\Validation\Validation->processRules('pw', 'pw', '1234', [...], [...])
 7 SYSTEMPATH/Controller.php(140): CodeIgniter\Validation\Validation->run()
 8 APPPATH/Controllers/Zayavki.php(32): CodeIgniter\Controller->validate([...])
 9 SYSTEMPATH/CodeIgniter.php(927): App\Controllers\Zayavki->login()
10 SYSTEMPATH/CodeIgniter.php(482): CodeIgniter\CodeIgniter->runController(Object(App\Controllers\Zayavki))
11 SYSTEMPATH/CodeIgniter.php(351): CodeIgniter\CodeIgniter->handleRequest(null, Object(Config\Cache), false)
12 FCPATH/index.php(67): CodeIgniter\CodeIgniter->run()
CRITICAL - 2023-01-18 08:42:01 --> Undefined variable: userId
in APPPATH/Views/zayavki.php on line 39.
 1 APPPATH/Views/zayavki.php(39): CodeIgniter\Debug\Exceptions->errorHandler(8, 'Undefined variable: userId', 'APPPATH/Views/zayavki.php', 39, [...])
 2 SYSTEMPATH/View/View.php(213): include('APPPATH/Views/zayavki.php')
 3 SYSTEMPATH/View/View.php(216): CodeIgniter\View\View->CodeIgniter\View\{closure}()
 4 SYSTEMPATH/Common.php(1134): CodeIgniter\View\View->render('zayavki', [], true)
 5 APPPATH/Controllers/Zayavki.php(22): view('zayavki')
 6 SYSTEMPATH/CodeIgniter.php(927): App\Controllers\Zayavki->index()
 7 SYSTEMPATH/CodeIgniter.php(482): CodeIgniter\CodeIgniter->runController(Object(App\Controllers\Zayavki))
 8 SYSTEMPATH/CodeIgniter.php(351): CodeIgniter\CodeIgniter->handleRequest(null, Object(Config\Cache), false)
 9 FCPATH/index.php(67): CodeIgniter\CodeIgniter->run()
CRITICAL - 2023-01-18 08:43:48 --> Undefined variable: userId
in APPPATH/Views/zayavki.php on line 43.
 1 APPPATH/Views/zayavki.php(43): CodeIgniter\Debug\Exceptions->errorHandler(8, 'Undefined variable: userId', 'APPPATH/Views/zayavki.php', 43, [...])
 2 SYSTEMPATH/View/View.php(213): include('APPPATH/Views/zayavki.php')
 3 SYSTEMPATH/View/View.php(216): CodeIgniter\View\View->CodeIgniter\View\{closure}()
 4 SYSTEMPATH/Common.php(1134): CodeIgniter\View\View->render('zayavki', [], true)
 5 APPPATH/Controllers/Zayavki.php(22): view('zayavki')
 6 SYSTEMPATH/CodeIgniter.php(927): App\Controllers\Zayavki->index()
 7 SYSTEMPATH/CodeIgniter.php(482): CodeIgniter\CodeIgniter->runController(Object(App\Controllers\Zayavki))
 8 SYSTEMPATH/CodeIgniter.php(351): CodeIgniter\CodeIgniter->handleRequest(null, Object(Config\Cache), false)
 9 FCPATH/index.php(67): CodeIgniter\CodeIgniter->run()
CRITICAL - 2023-01-18 08:43:49 --> Undefined variable: userId
in APPPATH/Views/zayavki.php on line 43.
 1 APPPATH/Views/zayavki.php(43): CodeIgniter\Debug\Exceptions->errorHandler(8, 'Undefined variable: userId', 'APPPATH/Views/zayavki.php', 43, [...])
 2 SYSTEMPATH/View/View.php(213): include('APPPATH/Views/zayavki.php')
 3 SYSTEMPATH/View/View.php(216): CodeIgniter\View\View->CodeIgniter\View\{closure}()
 4 SYSTEMPATH/Common.php(1134): CodeIgniter\View\View->render('zayavki', [], true)
 5 APPPATH/Controllers/Zayavki.php(22): view('zayavki')
 6 SYSTEMPATH/CodeIgniter.php(927): App\Controllers\Zayavki->index()
 7 SYSTEMPATH/CodeIgniter.php(482): CodeIgniter\CodeIgniter->runController(Object(App\Controllers\Zayavki))
 8 SYSTEMPATH/CodeIgniter.php(351): CodeIgniter\CodeIgniter->handleRequest(null, Object(Config\Cache), false)
 9 FCPATH/index.php(67): CodeIgniter\CodeIgniter->run()
CRITICAL - 2023-01-18 08:44:54 --> Undefined variable: userId
in APPPATH/Views/zayavki.php on line 43.
 1 APPPATH/Views/zayavki.php(43): CodeIgniter\Debug\Exceptions->errorHandler(8, 'Undefined variable: userId', 'APPPATH/Views/zayavki.php', 43, [...])
 2 SYSTEMPATH/View/View.php(213): include('APPPATH/Views/zayavki.php')
 3 SYSTEMPATH/View/View.php(216): CodeIgniter\View\View->CodeIgniter\View\{closure}()
 4 SYSTEMPATH/Common.php(1134): CodeIgniter\View\View->render('zayavki', [], true)
 5 APPPATH/Controllers/Zayavki.php(22): view('zayavki')
 6 SYSTEMPATH/CodeIgniter.php(927): App\Controllers\Zayavki->index()
 7 SYSTEMPATH/CodeIgniter.php(482): CodeIgniter\CodeIgniter->runController(Object(App\Controllers\Zayavki))
 8 SYSTEMPATH/CodeIgniter.php(351): CodeIgniter\CodeIgniter->handleRequest(null, Object(Config\Cache), false)
 9 FCPATH/index.php(67): CodeIgniter\CodeIgniter->run()
CRITICAL - 2023-01-18 08:45:25 --> Undefined variable: userId
in APPPATH/Views/zayavki.php on line 44.
 1 APPPATH/Views/zayavki.php(44): CodeIgniter\Debug\Exceptions->errorHandler(8, 'Undefined variable: userId', 'APPPATH/Views/zayavki.php', 44, [...])
 2 SYSTEMPATH/View/View.php(213): include('APPPATH/Views/zayavki.php')
 3 SYSTEMPATH/View/View.php(216): CodeIgniter\View\View->CodeIgniter\View\{closure}()
 4 SYSTEMPATH/Common.php(1134): CodeIgniter\View\View->render('zayavki', [], true)
 5 APPPATH/Controllers/Zayavki.php(22): view('zayavki')
 6 SYSTEMPATH/CodeIgniter.php(927): App\Controllers\Zayavki->index()
 7 SYSTEMPATH/CodeIgniter.php(482): CodeIgniter\CodeIgniter->runController(Object(App\Controllers\Zayavki))
 8 SYSTEMPATH/CodeIgniter.php(351): CodeIgniter\CodeIgniter->handleRequest(null, Object(Config\Cache), false)
 9 FCPATH/index.php(67): CodeIgniter\CodeIgniter->run()
CRITICAL - 2023-01-18 08:45:40 --> Undefined variable: userId
in APPPATH/Views/zayavki.php on line 44.
 1 APPPATH/Views/zayavki.php(44): CodeIgniter\Debug\Exceptions->errorHandler(8, 'Undefined variable: userId', 'APPPATH/Views/zayavki.php', 44, [...])
 2 SYSTEMPATH/View/View.php(213): include('APPPATH/Views/zayavki.php')
 3 SYSTEMPATH/View/View.php(216): CodeIgniter\View\View->CodeIgniter\View\{closure}()
 4 SYSTEMPATH/Common.php(1134): CodeIgniter\View\View->render('zayavki', [], true)
 5 APPPATH/Controllers/Zayavki.php(22): view('zayavki')
 6 SYSTEMPATH/CodeIgniter.php(927): App\Controllers\Zayavki->index()
 7 SYSTEMPATH/CodeIgniter.php(482): CodeIgniter\CodeIgniter->runController(Object(App\Controllers\Zayavki))
 8 SYSTEMPATH/CodeIgniter.php(351): CodeIgniter\CodeIgniter->handleRequest(null, Object(Config\Cache), false)
 9 FCPATH/index.php(67): CodeIgniter\CodeIgniter->run()
CRITICAL - 2023-01-18 09:00:53 --> Undefined variable: usRights
in APPPATH/Views/zayavki.php on line 64.
 1 APPPATH/Views/zayavki.php(64): CodeIgniter\Debug\Exceptions->errorHandler(8, 'Undefined variable: usRights', 'APPPATH/Views/zayavki.php', 64, [...])
 2 SYSTEMPATH/View/View.php(213): include('APPPATH/Views/zayavki.php')
 3 SYSTEMPATH/View/View.php(216): CodeIgniter\View\View->CodeIgniter\View\{closure}()
 4 SYSTEMPATH/Common.php(1134): CodeIgniter\View\View->render('zayavki', [], true)
 5 APPPATH/Controllers/Zayavki.php(22): view('zayavki')
 6 SYSTEMPATH/CodeIgniter.php(927): App\Controllers\Zayavki->index()
 7 SYSTEMPATH/CodeIgniter.php(482): CodeIgniter\CodeIgniter->runController(Object(App\Controllers\Zayavki))
 8 SYSTEMPATH/CodeIgniter.php(351): CodeIgniter\CodeIgniter->handleRequest(null, Object(Config\Cache), false)
 9 FCPATH/index.php(67): CodeIgniter\CodeIgniter->run()
CRITICAL - 2023-01-18 09:14:13 --> You must set the database table to be used with your query.
in SYSTEMPATH/Database/BaseConnection.php on line 845.
 1 SYSTEMPATH/Model.php(587): CodeIgniter\Database\BaseConnection->table(null)
 2 SYSTEMPATH/Model.php(764): CodeIgniter\Model->builder()
 3 APPPATH/Controllers/Zayavki.php(50): CodeIgniter\Model->__call('deleteCookies', [])
 4 SYSTEMPATH/CodeIgniter.php(927): App\Controllers\Zayavki->logout()
 5 SYSTEMPATH/CodeIgniter.php(482): CodeIgniter\CodeIgniter->runController(Object(App\Controllers\Zayavki))
 6 SYSTEMPATH/CodeIgniter.php(351): CodeIgniter\CodeIgniter->handleRequest(null, Object(Config\Cache), false)
 7 FCPATH/index.php(67): CodeIgniter\CodeIgniter->run()
CRITICAL - 2023-01-18 09:14:43 --> You must set the database table to be used with your query.
in SYSTEMPATH/Database/BaseConnection.php on line 845.
 1 SYSTEMPATH/Model.php(587): CodeIgniter\Database\BaseConnection->table(null)
 2 SYSTEMPATH/Model.php(764): CodeIgniter\Model->builder()
 3 APPPATH/Controllers/Zayavki.php(50): CodeIgniter\Model->__call('deleteCookies', [])
 4 SYSTEMPATH/CodeIgniter.php(927): App\Controllers\Zayavki->logout()
 5 SYSTEMPATH/CodeIgniter.php(482): CodeIgniter\CodeIgniter->runController(Object(App\Controllers\Zayavki))
 6 SYSTEMPATH/CodeIgniter.php(351): CodeIgniter\CodeIgniter->handleRequest(null, Object(Config\Cache), false)
 7 FCPATH/index.php(67): CodeIgniter\CodeIgniter->run()
CRITICAL - 2023-01-18 09:25:55 --> Undefined property: stdClass::$right
in APPPATH/Models/User.php on line 24.
 1 APPPATH/Models/User.php(24): CodeIgniter\Debug\Exceptions->errorHandler(8, 'Undefined property: stdClass::$right', 'APPPATH/Models/User.php', 24, [...])
 2 APPPATH/Controllers/Zayavki.php(21): App\Models\User->auth()
 3 SYSTEMPATH/CodeIgniter.php(927): App\Controllers\Zayavki->index()
 4 SYSTEMPATH/CodeIgniter.php(482): CodeIgniter\CodeIgniter->runController(Object(App\Controllers\Zayavki))
 5 SYSTEMPATH/CodeIgniter.php(351): CodeIgniter\CodeIgniter->handleRequest(null, Object(Config\Cache), false)
 6 FCPATH/index.php(67): CodeIgniter\CodeIgniter->run()
CRITICAL - 2023-01-18 09:26:39 --> Undefined property: stdClass::$right
in APPPATH/Models/User.php on line 24.
 1 APPPATH/Models/User.php(24): CodeIgniter\Debug\Exceptions->errorHandler(8, 'Undefined property: stdClass::$right', 'APPPATH/Models/User.php', 24, [...])
 2 APPPATH/Controllers/Zayavki.php(21): App\Models\User->auth()
 3 SYSTEMPATH/CodeIgniter.php(927): App\Controllers\Zayavki->index()
 4 SYSTEMPATH/CodeIgniter.php(482): CodeIgniter\CodeIgniter->runController(Object(App\Controllers\Zayavki))
 5 SYSTEMPATH/CodeIgniter.php(351): CodeIgniter\CodeIgniter->handleRequest(null, Object(Config\Cache), false)
 6 FCPATH/index.php(67): CodeIgniter\CodeIgniter->run()
CRITICAL - 2023-01-18 09:26:43 --> Undefined property: stdClass::$right
in APPPATH/Models/User.php on line 24.
 1 APPPATH/Models/User.php(24): CodeIgniter\Debug\Exceptions->errorHandler(8, 'Undefined property: stdClass::$right', 'APPPATH/Models/User.php', 24, [...])
 2 APPPATH/Controllers/Zayavki.php(21): App\Models\User->auth()
 3 SYSTEMPATH/CodeIgniter.php(927): App\Controllers\Zayavki->index()
 4 SYSTEMPATH/CodeIgniter.php(482): CodeIgniter\CodeIgniter->runController(Object(App\Controllers\Zayavki))
 5 SYSTEMPATH/CodeIgniter.php(351): CodeIgniter\CodeIgniter->handleRequest(null, Object(Config\Cache), false)
 6 FCPATH/index.php(67): CodeIgniter\CodeIgniter->run()
CRITICAL - 2023-01-18 09:29:04 --> Undefined property: stdClass::$right
in APPPATH/Models/User.php on line 24.
 1 APPPATH/Models/User.php(24): CodeIgniter\Debug\Exceptions->errorHandler(8, 'Undefined property: stdClass::$right', 'APPPATH/Models/User.php', 24, [...])
 2 APPPATH/Controllers/Zayavki.php(21): App\Models\User->auth()
 3 SYSTEMPATH/CodeIgniter.php(927): App\Controllers\Zayavki->index()
 4 SYSTEMPATH/CodeIgniter.php(482): CodeIgniter\CodeIgniter->runController(Object(App\Controllers\Zayavki))
 5 SYSTEMPATH/CodeIgniter.php(351): CodeIgniter\CodeIgniter->handleRequest(null, Object(Config\Cache), false)
 6 FCPATH/index.php(67): CodeIgniter\CodeIgniter->run()
CRITICAL - 2023-01-18 09:56:06 --> Use of undefined constant STATIC_FILES_VERSION - assumed 'STATIC_FILES_VERSION' (this will throw an Error in a future version of PHP)
in APPPATH/Views/zayavki.php on line 10.
 1 APPPATH/Views/zayavki.php(10): CodeIgniter\Debug\Exceptions->errorHandler(2, 'Use of undefined constant STATIC_FILES_VERSION - assumed \'STATIC_FILES_VERSION\' (this will throw an Error in a future version of PHP)', 'APPPATH/Views/zayavki.php', 10, [...])
 2 SYSTEMPATH/View/View.php(213): include('APPPATH/Views/zayavki.php')
 3 SYSTEMPATH/View/View.php(216): CodeIgniter\View\View->CodeIgniter\View\{closure}()
 4 SYSTEMPATH/Common.php(1134): CodeIgniter\View\View->render('zayavki', [], true)
 5 APPPATH/Controllers/Zayavki.php(22): view('zayavki')
 6 SYSTEMPATH/CodeIgniter.php(927): App\Controllers\Zayavki->index()
 7 SYSTEMPATH/CodeIgniter.php(482): CodeIgniter\CodeIgniter->runController(Object(App\Controllers\Zayavki))
 8 SYSTEMPATH/CodeIgniter.php(351): CodeIgniter\CodeIgniter->handleRequest(null, Object(Config\Cache), false)
 9 FCPATH/index.php(67): CodeIgniter\CodeIgniter->run()
CRITICAL - 2023-01-18 10:11:16 --> Call to undefined function set_value()
in APPPATH/Views/login.php on line 16.
 1 SYSTEMPATH/View/View.php(213): include()
 2 SYSTEMPATH/View/View.php(216): CodeIgniter\View\View->CodeIgniter\View\{closure}()
 3 SYSTEMPATH/Common.php(1134): CodeIgniter\View\View->render('login', [], true)
 4 APPPATH/Controllers/Zayavki.php(53): view('login')
 5 SYSTEMPATH/CodeIgniter.php(927): App\Controllers\Zayavki->logout()
 6 SYSTEMPATH/CodeIgniter.php(482): CodeIgniter\CodeIgniter->runController(Object(App\Controllers\Zayavki))
 7 SYSTEMPATH/CodeIgniter.php(351): CodeIgniter\CodeIgniter->handleRequest(null, Object(Config\Cache), false)
 8 FCPATH/index.php(67): CodeIgniter\CodeIgniter->run()
CRITICAL - 2023-01-18 10:11:17 --> Call to undefined function set_value()
in APPPATH/Views/login.php on line 16.
 1 SYSTEMPATH/View/View.php(213): include()
 2 SYSTEMPATH/View/View.php(216): CodeIgniter\View\View->CodeIgniter\View\{closure}()
 3 SYSTEMPATH/Common.php(1134): CodeIgniter\View\View->render('login', [], true)
 4 APPPATH/Controllers/Zayavki.php(53): view('login')
 5 SYSTEMPATH/CodeIgniter.php(927): App\Controllers\Zayavki->logout()
 6 SYSTEMPATH/CodeIgniter.php(482): CodeIgniter\CodeIgniter->runController(Object(App\Controllers\Zayavki))
 7 SYSTEMPATH/CodeIgniter.php(351): CodeIgniter\CodeIgniter->handleRequest(null, Object(Config\Cache), false)
 8 FCPATH/index.php(67): CodeIgniter\CodeIgniter->run()
