CRITICAL - 2023-03-02 09:31:50 --> syntax error, unexpected '}'
in APPPATH/Models/Telegram.php on line 18.
 1 SYSTEMPATH/Autoloader/Autoloader.php(259): CodeIgniter\Autoloader\Autoloader->includeFile('APPPATH/Models/Telegram.php')
 2 SYSTEMPATH/Autoloader/Autoloader.php(237): CodeIgniter\Autoloader\Autoloader->loadInNamespace('App\\Models\\Telegram')
 3 [internal function]: CodeIgniter\Autoloader\Autoloader->loadClass('App\\Models\\Telegram')
 4 APPPATH/Controllers/Meters.php(26): spl_autoload_call('App\\Models\\Telegram')
 5 SYSTEMPATH/CodeIgniter.php(889): App\Controllers\Meters->__construct()
 6 SYSTEMPATH/CodeIgniter.php(473): CodeIgniter\CodeIgniter->createController()
 7 SYSTEMPATH/CodeIgniter.php(351): CodeIgniter\CodeIgniter->handleRequest(null, Object(Config\Cache), false)
 8 FCPATH/index.php(67): CodeIgniter\CodeIgniter->run()
CRITICAL - 2023-03-02 09:32:01 --> syntax error, unexpected '}'
in APPPATH/Models/Telegram.php on line 18.
 1 SYSTEMPATH/Autoloader/Autoloader.php(259): CodeIgniter\Autoloader\Autoloader->includeFile('APPPATH/Models/Telegram.php')
 2 SYSTEMPATH/Autoloader/Autoloader.php(237): CodeIgniter\Autoloader\Autoloader->loadInNamespace('App\\Models\\Telegram')
 3 [internal function]: CodeIgniter\Autoloader\Autoloader->loadClass('App\\Models\\Telegram')
 4 APPPATH/Controllers/Meters.php(26): spl_autoload_call('App\\Models\\Telegram')
 5 SYSTEMPATH/CodeIgniter.php(889): App\Controllers\Meters->__construct()
 6 SYSTEMPATH/CodeIgniter.php(473): CodeIgniter\CodeIgniter->createController()
 7 SYSTEMPATH/CodeIgniter.php(351): CodeIgniter\CodeIgniter->handleRequest(null, Object(Config\Cache), false)
 8 FCPATH/index.php(67): CodeIgniter\CodeIgniter->run()
CRITICAL - 2023-03-02 09:34:59 --> syntax error, unexpected '}'
in APPPATH/Models/Telegram.php on line 18.
 1 SYSTEMPATH/Autoloader/Autoloader.php(259): CodeIgniter\Autoloader\Autoloader->includeFile('APPPATH/Models/Telegram.php')
 2 SYSTEMPATH/Autoloader/Autoloader.php(237): CodeIgniter\Autoloader\Autoloader->loadInNamespace('App\\Models\\Telegram')
 3 [internal function]: CodeIgniter\Autoloader\Autoloader->loadClass('App\\Models\\Telegram')
 4 APPPATH/Controllers/Meters.php(26): spl_autoload_call('App\\Models\\Telegram')
 5 SYSTEMPATH/CodeIgniter.php(889): App\Controllers\Meters->__construct()
 6 SYSTEMPATH/CodeIgniter.php(473): CodeIgniter\CodeIgniter->createController()
 7 SYSTEMPATH/CodeIgniter.php(351): CodeIgniter\CodeIgniter->handleRequest(null, Object(Config\Cache), false)
 8 FCPATH/index.php(67): CodeIgniter\CodeIgniter->run()
CRITICAL - 2023-03-02 09:37:58 --> syntax error, unexpected '}'
in APPPATH/Models/Telegram.php on line 18.
 1 SYSTEMPATH/Autoloader/Autoloader.php(259): CodeIgniter\Autoloader\Autoloader->includeFile('APPPATH/Models/Telegram.php')
 2 SYSTEMPATH/Autoloader/Autoloader.php(237): CodeIgniter\Autoloader\Autoloader->loadInNamespace('App\\Models\\Telegram')
 3 [internal function]: CodeIgniter\Autoloader\Autoloader->loadClass('App\\Models\\Telegram')
 4 APPPATH/Controllers/Meters.php(26): spl_autoload_call('App\\Models\\Telegram')
 5 SYSTEMPATH/CodeIgniter.php(889): App\Controllers\Meters->__construct()
 6 SYSTEMPATH/CodeIgniter.php(473): CodeIgniter\CodeIgniter->createController()
 7 SYSTEMPATH/CodeIgniter.php(351): CodeIgniter\CodeIgniter->handleRequest(null, Object(Config\Cache), false)
 8 FCPATH/index.php(67): CodeIgniter\CodeIgniter->run()
CRITICAL - 2023-03-02 09:46:26 --> Class 'App\Controllers\HTTP' not found
in APPPATH/Controllers/Meters.php on line 154.
 1 SYSTEMPATH/CodeIgniter.php(927): App\Controllers\Meters->telegram()
 2 SYSTEMPATH/CodeIgniter.php(482): CodeIgniter\CodeIgniter->runController(Object(App\Controllers\Meters))
 3 SYSTEMPATH/CodeIgniter.php(351): CodeIgniter\CodeIgniter->handleRequest(null, Object(Config\Cache), false)
 4 FCPATH/index.php(67): CodeIgniter\CodeIgniter->run()
CRITICAL - 2023-03-02 09:46:51 --> Class 'App\Controllers\HTTP' not found
in APPPATH/Controllers/Meters.php on line 154.
 1 SYSTEMPATH/CodeIgniter.php(927): App\Controllers\Meters->telegram()
 2 SYSTEMPATH/CodeIgniter.php(482): CodeIgniter\CodeIgniter->runController(Object(App\Controllers\Meters))
 3 SYSTEMPATH/CodeIgniter.php(351): CodeIgniter\CodeIgniter->handleRequest(null, Object(Config\Cache), false)
 4 FCPATH/index.php(67): CodeIgniter\CodeIgniter->run()
CRITICAL - 2023-03-02 09:46:55 --> Class 'App\Controllers\HTTP' not found
in APPPATH/Controllers/Meters.php on line 28.
 1 SYSTEMPATH/CodeIgniter.php(889): App\Controllers\Meters->__construct()
 2 SYSTEMPATH/CodeIgniter.php(473): CodeIgniter\CodeIgniter->createController()
 3 SYSTEMPATH/CodeIgniter.php(351): CodeIgniter\CodeIgniter->handleRequest(null, Object(Config\Cache), false)
 4 FCPATH/index.php(67): CodeIgniter\CodeIgniter->run()
CRITICAL - 2023-03-02 09:47:12 --> Undefined variable: http
in APPPATH/Controllers/Meters.php on line 158.
 1 APPPATH/Controllers/Meters.php(158): CodeIgniter\Debug\Exceptions->errorHandler(8, 'Undefined variable: http', 'APPPATH/Controllers/Meters.php', 158, [])
 2 SYSTEMPATH/CodeIgniter.php(927): App\Controllers\Meters->telegram()
 3 SYSTEMPATH/CodeIgniter.php(482): CodeIgniter\CodeIgniter->runController(Object(App\Controllers\Meters))
 4 SYSTEMPATH/CodeIgniter.php(351): CodeIgniter\CodeIgniter->handleRequest(null, Object(Config\Cache), false)
 5 FCPATH/index.php(67): CodeIgniter\CodeIgniter->run()
CRITICAL - 2023-03-02 09:49:43 --> syntax error, unexpected '{'
in APPPATH/Models/HTTP.php on line 17.
 1 SYSTEMPATH/Autoloader/Autoloader.php(259): CodeIgniter\Autoloader\Autoloader->includeFile('APPPATH/Models/HTTP.php')
 2 SYSTEMPATH/Autoloader/Autoloader.php(237): CodeIgniter\Autoloader\Autoloader->loadInNamespace('App\\Models\\HTTP')
 3 [internal function]: CodeIgniter\Autoloader\Autoloader->loadClass('App\\Models\\HTTP')
 4 APPPATH/Controllers/Meters.php(29): spl_autoload_call('App\\Models\\HTTP')
 5 SYSTEMPATH/CodeIgniter.php(889): App\Controllers\Meters->__construct()
 6 SYSTEMPATH/CodeIgniter.php(473): CodeIgniter\CodeIgniter->createController()
 7 SYSTEMPATH/CodeIgniter.php(351): CodeIgniter\CodeIgniter->handleRequest(null, Object(Config\Cache), false)
 8 FCPATH/index.php(67): CodeIgniter\CodeIgniter->run()
CRITICAL - 2023-03-02 09:57:29 --> syntax error, unexpected '}'
in APPPATH/Models/HTTP.php on line 13.
 1 SYSTEMPATH/Autoloader/Autoloader.php(259): CodeIgniter\Autoloader\Autoloader->includeFile('APPPATH/Models/HTTP.php')
 2 SYSTEMPATH/Autoloader/Autoloader.php(237): CodeIgniter\Autoloader\Autoloader->loadInNamespace('App\\Models\\HTTP')
 3 [internal function]: CodeIgniter\Autoloader\Autoloader->loadClass('App\\Models\\HTTP')
 4 APPPATH/Controllers/Meters.php(29): spl_autoload_call('App\\Models\\HTTP')
 5 SYSTEMPATH/CodeIgniter.php(889): App\Controllers\Meters->__construct()
 6 SYSTEMPATH/CodeIgniter.php(473): CodeIgniter\CodeIgniter->createController()
 7 SYSTEMPATH/CodeIgniter.php(351): CodeIgniter\CodeIgniter->handleRequest(null, Object(Config\Cache), false)
 8 FCPATH/index.php(67): CodeIgniter\CodeIgniter->run()
CRITICAL - 2023-03-02 09:59:09 --> 22 : The requested URL returned error: 401 Unauthorized
in SYSTEMPATH/HTTP/CURLRequest.php on line 655.
 1 SYSTEMPATH/HTTP/CURLRequest.php(655): CodeIgniter\HTTP\Exceptions\HTTPException::forCurlError('22', 'The requested URL returned error: 401 Unauthorized')
 2 SYSTEMPATH/HTTP/CURLRequest.php(363): CodeIgniter\HTTP\CURLRequest->sendRequest([...])
 3 SYSTEMPATH/HTTP/CURLRequest.php(136): CodeIgniter\HTTP\CURLRequest->send('post', 'http://10.10.5.173:8081/sendMessage/')
 4 SYSTEMPATH/HTTP/CURLRequest.php(209): CodeIgniter\HTTP\CURLRequest->request('post', 'http://10.10.5.173:8081/sendMessage/', [...])
 5 APPPATH/Models/HTTP.php(37): CodeIgniter\HTTP\CURLRequest->post('http://10.10.5.173:8081/sendMessage/', [...])
 6 APPPATH/Controllers/Meters.php(158): App\Models\HTTP->request()
 7 SYSTEMPATH/CodeIgniter.php(927): App\Controllers\Meters->telegram()
 8 SYSTEMPATH/CodeIgniter.php(482): CodeIgniter\CodeIgniter->runController(Object(App\Controllers\Meters))
 9 SYSTEMPATH/CodeIgniter.php(351): CodeIgniter\CodeIgniter->handleRequest(null, Object(Config\Cache), false)
10 FCPATH/index.php(67): CodeIgniter\CodeIgniter->run()
CRITICAL - 2023-03-02 09:59:41 --> 22 : The requested URL returned error: 401 Unauthorized
in SYSTEMPATH/HTTP/CURLRequest.php on line 655.
 1 SYSTEMPATH/HTTP/CURLRequest.php(655): CodeIgniter\HTTP\Exceptions\HTTPException::forCurlError('22', 'The requested URL returned error: 401 Unauthorized')
 2 SYSTEMPATH/HTTP/CURLRequest.php(363): CodeIgniter\HTTP\CURLRequest->sendRequest([...])
 3 SYSTEMPATH/HTTP/CURLRequest.php(136): CodeIgniter\HTTP\CURLRequest->send('post', 'http://10.10.5.173:8081/sendMessage/')
 4 SYSTEMPATH/HTTP/CURLRequest.php(209): CodeIgniter\HTTP\CURLRequest->request('post', 'http://10.10.5.173:8081/sendMessage/', [...])
 5 APPPATH/Models/HTTP.php(37): CodeIgniter\HTTP\CURLRequest->post('http://10.10.5.173:8081/sendMessage/', [...])
 6 APPPATH/Controllers/Meters.php(158): App\Models\HTTP->request()
 7 SYSTEMPATH/CodeIgniter.php(927): App\Controllers\Meters->telegram()
 8 SYSTEMPATH/CodeIgniter.php(482): CodeIgniter\CodeIgniter->runController(Object(App\Controllers\Meters))
 9 SYSTEMPATH/CodeIgniter.php(351): CodeIgniter\CodeIgniter->handleRequest(null, Object(Config\Cache), false)
10 FCPATH/index.php(67): CodeIgniter\CodeIgniter->run()
CRITICAL - 2023-03-02 10:04:05 --> Trying to get property 'chat' of non-object
in APPPATH/Controllers/Meters.php on line 158.
 1 APPPATH/Controllers/Meters.php(158): CodeIgniter\Debug\Exceptions->errorHandler(8, 'Trying to get property \'chat\' of non-object', 'APPPATH/Controllers/Meters.php', 158, [...])
 2 SYSTEMPATH/CodeIgniter.php(927): App\Controllers\Meters->telegram()
 3 SYSTEMPATH/CodeIgniter.php(482): CodeIgniter\CodeIgniter->runController(Object(App\Controllers\Meters))
 4 SYSTEMPATH/CodeIgniter.php(351): CodeIgniter\CodeIgniter->handleRequest(null, Object(Config\Cache), false)
 5 FCPATH/index.php(67): CodeIgniter\CodeIgniter->run()
CRITICAL - 2023-03-02 10:04:17 --> Array to string conversion
in APPPATH/Controllers/Meters.php on line 158.
 1 APPPATH/Controllers/Meters.php(158): CodeIgniter\Debug\Exceptions->errorHandler(8, 'Array to string conversion', 'APPPATH/Controllers/Meters.php', 158, [...])
 2 SYSTEMPATH/CodeIgniter.php(927): App\Controllers\Meters->telegram()
 3 SYSTEMPATH/CodeIgniter.php(482): CodeIgniter\CodeIgniter->runController(Object(App\Controllers\Meters))
 4 SYSTEMPATH/CodeIgniter.php(351): CodeIgniter\CodeIgniter->handleRequest(null, Object(Config\Cache), false)
 5 FCPATH/index.php(67): CodeIgniter\CodeIgniter->run()
CRITICAL - 2023-03-02 10:04:41 --> Array to string conversion
in APPPATH/Controllers/Meters.php on line 158.
 1 APPPATH/Controllers/Meters.php(158): CodeIgniter\Debug\Exceptions->errorHandler(8, 'Array to string conversion', 'APPPATH/Controllers/Meters.php', 158, [...])
 2 SYSTEMPATH/CodeIgniter.php(927): App\Controllers\Meters->telegram()
 3 SYSTEMPATH/CodeIgniter.php(482): CodeIgniter\CodeIgniter->runController(Object(App\Controllers\Meters))
 4 SYSTEMPATH/CodeIgniter.php(351): CodeIgniter\CodeIgniter->handleRequest(null, Object(Config\Cache), false)
 5 FCPATH/index.php(67): CodeIgniter\CodeIgniter->run()
CRITICAL - 2023-03-02 10:04:45 --> Trying to get property 'chat' of non-object
in APPPATH/Controllers/Meters.php on line 158.
 1 APPPATH/Controllers/Meters.php(158): CodeIgniter\Debug\Exceptions->errorHandler(8, 'Trying to get property \'chat\' of non-object', 'APPPATH/Controllers/Meters.php', 158, [...])
 2 SYSTEMPATH/CodeIgniter.php(927): App\Controllers\Meters->telegram()
 3 SYSTEMPATH/CodeIgniter.php(482): CodeIgniter\CodeIgniter->runController(Object(App\Controllers\Meters))
 4 SYSTEMPATH/CodeIgniter.php(351): CodeIgniter\CodeIgniter->handleRequest(null, Object(Config\Cache), false)
 5 FCPATH/index.php(67): CodeIgniter\CodeIgniter->run()
CRITICAL - 2023-03-02 10:04:57 --> Trying to get property 'chat' of non-object
in APPPATH/Controllers/Meters.php on line 158.
 1 APPPATH/Controllers/Meters.php(158): CodeIgniter\Debug\Exceptions->errorHandler(8, 'Trying to get property \'chat\' of non-object', 'APPPATH/Controllers/Meters.php', 158, [...])
 2 SYSTEMPATH/CodeIgniter.php(927): App\Controllers\Meters->telegram()
 3 SYSTEMPATH/CodeIgniter.php(482): CodeIgniter\CodeIgniter->runController(Object(App\Controllers\Meters))
 4 SYSTEMPATH/CodeIgniter.php(351): CodeIgniter\CodeIgniter->handleRequest(null, Object(Config\Cache), false)
 5 FCPATH/index.php(67): CodeIgniter\CodeIgniter->run()
CRITICAL - 2023-03-02 10:06:45 --> Trying to get property 'chat' of non-object
in APPPATH/Models/Telegram.php on line 17.
 1 APPPATH/Models/Telegram.php(17): CodeIgniter\Debug\Exceptions->errorHandler(8, 'Trying to get property \'chat\' of non-object', 'APPPATH/Models/Telegram.php', 17, [...])
 2 APPPATH/Controllers/Meters.php(158): App\Models\Telegram->telegram()
 3 SYSTEMPATH/CodeIgniter.php(927): App\Controllers\Meters->telegram()
 4 SYSTEMPATH/CodeIgniter.php(482): CodeIgniter\CodeIgniter->runController(Object(App\Controllers\Meters))
 5 SYSTEMPATH/CodeIgniter.php(351): CodeIgniter\CodeIgniter->handleRequest(null, Object(Config\Cache), false)
 6 FCPATH/index.php(67): CodeIgniter\CodeIgniter->run()
CRITICAL - 2023-03-02 10:07:06 --> Array to string conversion
in APPPATH/Models/Telegram.php on line 17.
 1 APPPATH/Models/Telegram.php(17): CodeIgniter\Debug\Exceptions->errorHandler(8, 'Array to string conversion', 'APPPATH/Models/Telegram.php', 17, [...])
 2 APPPATH/Controllers/Meters.php(158): App\Models\Telegram->telegram()
 3 SYSTEMPATH/CodeIgniter.php(927): App\Controllers\Meters->telegram()
 4 SYSTEMPATH/CodeIgniter.php(482): CodeIgniter\CodeIgniter->runController(Object(App\Controllers\Meters))
 5 SYSTEMPATH/CodeIgniter.php(351): CodeIgniter\CodeIgniter->handleRequest(null, Object(Config\Cache), false)
 6 FCPATH/index.php(67): CodeIgniter\CodeIgniter->run()
CRITICAL - 2023-03-02 10:07:16 --> Undefined index: chat
in APPPATH/Models/Telegram.php on line 17.
 1 APPPATH/Models/Telegram.php(17): CodeIgniter\Debug\Exceptions->errorHandler(8, 'Undefined index: chat', 'APPPATH/Models/Telegram.php', 17, [...])
 2 APPPATH/Controllers/Meters.php(158): App\Models\Telegram->telegram()
 3 SYSTEMPATH/CodeIgniter.php(927): App\Controllers\Meters->telegram()
 4 SYSTEMPATH/CodeIgniter.php(482): CodeIgniter\CodeIgniter->runController(Object(App\Controllers\Meters))
 5 SYSTEMPATH/CodeIgniter.php(351): CodeIgniter\CodeIgniter->handleRequest(null, Object(Config\Cache), false)
 6 FCPATH/index.php(67): CodeIgniter\CodeIgniter->run()
CRITICAL - 2023-03-02 10:07:40 --> Undefined index: json
in APPPATH/Models/Telegram.php on line 17.
 1 APPPATH/Models/Telegram.php(17): CodeIgniter\Debug\Exceptions->errorHandler(8, 'Undefined index: json', 'APPPATH/Models/Telegram.php', 17, [...])
 2 APPPATH/Controllers/Meters.php(158): App\Models\Telegram->telegram()
 3 SYSTEMPATH/CodeIgniter.php(927): App\Controllers\Meters->telegram()
 4 SYSTEMPATH/CodeIgniter.php(482): CodeIgniter\CodeIgniter->runController(Object(App\Controllers\Meters))
 5 SYSTEMPATH/CodeIgniter.php(351): CodeIgniter\CodeIgniter->handleRequest(null, Object(Config\Cache), false)
 6 FCPATH/index.php(67): CodeIgniter\CodeIgniter->run()
CRITICAL - 2023-03-02 10:07:49 --> Undefined index: json
in APPPATH/Models/Telegram.php on line 17.
 1 APPPATH/Models/Telegram.php(17): CodeIgniter\Debug\Exceptions->errorHandler(8, 'Undefined index: json', 'APPPATH/Models/Telegram.php', 17, [...])
 2 APPPATH/Controllers/Meters.php(158): App\Models\Telegram->telegram()
 3 SYSTEMPATH/CodeIgniter.php(927): App\Controllers\Meters->telegram()
 4 SYSTEMPATH/CodeIgniter.php(482): CodeIgniter\CodeIgniter->runController(Object(App\Controllers\Meters))
 5 SYSTEMPATH/CodeIgniter.php(351): CodeIgniter\CodeIgniter->handleRequest(null, Object(Config\Cache), false)
 6 FCPATH/index.php(67): CodeIgniter\CodeIgniter->run()
CRITICAL - 2023-03-02 10:07:51 --> Trying to get property 'json' of non-object
in APPPATH/Models/Telegram.php on line 17.
 1 APPPATH/Models/Telegram.php(17): CodeIgniter\Debug\Exceptions->errorHandler(8, 'Trying to get property \'json\' of non-object', 'APPPATH/Models/Telegram.php', 17, [...])
 2 APPPATH/Controllers/Meters.php(158): App\Models\Telegram->telegram()
 3 SYSTEMPATH/CodeIgniter.php(927): App\Controllers\Meters->telegram()
 4 SYSTEMPATH/CodeIgniter.php(482): CodeIgniter\CodeIgniter->runController(Object(App\Controllers\Meters))
 5 SYSTEMPATH/CodeIgniter.php(351): CodeIgniter\CodeIgniter->handleRequest(null, Object(Config\Cache), false)
 6 FCPATH/index.php(67): CodeIgniter\CodeIgniter->run()
CRITICAL - 2023-03-02 10:08:41 --> Undefined index: json
in APPPATH/Models/Telegram.php on line 17.
 1 APPPATH/Models/Telegram.php(17): CodeIgniter\Debug\Exceptions->errorHandler(8, 'Undefined index: json', 'APPPATH/Models/Telegram.php', 17, [...])
 2 APPPATH/Controllers/Meters.php(158): App\Models\Telegram->telegram()
 3 SYSTEMPATH/CodeIgniter.php(927): App\Controllers\Meters->telegram()
 4 SYSTEMPATH/CodeIgniter.php(482): CodeIgniter\CodeIgniter->runController(Object(App\Controllers\Meters))
 5 SYSTEMPATH/CodeIgniter.php(351): CodeIgniter\CodeIgniter->handleRequest(null, Object(Config\Cache), false)
 6 FCPATH/index.php(67): CodeIgniter\CodeIgniter->run()
CRITICAL - 2023-03-02 10:08:57 --> Undefined index: json
in APPPATH/Models/Telegram.php on line 17.
 1 APPPATH/Models/Telegram.php(17): CodeIgniter\Debug\Exceptions->errorHandler(8, 'Undefined index: json', 'APPPATH/Models/Telegram.php', 17, [...])
 2 APPPATH/Controllers/Meters.php(158): App\Models\Telegram->telegram()
 3 SYSTEMPATH/CodeIgniter.php(927): App\Controllers\Meters->telegram()
 4 SYSTEMPATH/CodeIgniter.php(482): CodeIgniter\CodeIgniter->runController(Object(App\Controllers\Meters))
 5 SYSTEMPATH/CodeIgniter.php(351): CodeIgniter\CodeIgniter->handleRequest(null, Object(Config\Cache), false)
 6 FCPATH/index.php(67): CodeIgniter\CodeIgniter->run()
CRITICAL - 2023-03-02 10:09:03 --> Array to string conversion
in APPPATH/Models/Telegram.php on line 17.
 1 APPPATH/Models/Telegram.php(17): CodeIgniter\Debug\Exceptions->errorHandler(8, 'Array to string conversion', 'APPPATH/Models/Telegram.php', 17, [...])
 2 APPPATH/Controllers/Meters.php(158): App\Models\Telegram->telegram()
 3 SYSTEMPATH/CodeIgniter.php(927): App\Controllers\Meters->telegram()
 4 SYSTEMPATH/CodeIgniter.php(482): CodeIgniter\CodeIgniter->runController(Object(App\Controllers\Meters))
 5 SYSTEMPATH/CodeIgniter.php(351): CodeIgniter\CodeIgniter->handleRequest(null, Object(Config\Cache), false)
 6 FCPATH/index.php(67): CodeIgniter\CodeIgniter->run()
CRITICAL - 2023-03-02 10:09:36 --> Trying to get property 'chat' of non-object
in APPPATH/Models/Telegram.php on line 17.
 1 APPPATH/Models/Telegram.php(17): CodeIgniter\Debug\Exceptions->errorHandler(8, 'Trying to get property \'chat\' of non-object', 'APPPATH/Models/Telegram.php', 17, [...])
 2 APPPATH/Controllers/Meters.php(158): App\Models\Telegram->telegram()
 3 SYSTEMPATH/CodeIgniter.php(927): App\Controllers\Meters->telegram()
 4 SYSTEMPATH/CodeIgniter.php(482): CodeIgniter\CodeIgniter->runController(Object(App\Controllers\Meters))
 5 SYSTEMPATH/CodeIgniter.php(351): CodeIgniter\CodeIgniter->handleRequest(null, Object(Config\Cache), false)
 6 FCPATH/index.php(67): CodeIgniter\CodeIgniter->run()
CRITICAL - 2023-03-02 10:09:44 --> Trying to get property 'json' of non-object
in APPPATH/Models/Telegram.php on line 17.
 1 APPPATH/Models/Telegram.php(17): CodeIgniter\Debug\Exceptions->errorHandler(8, 'Trying to get property \'json\' of non-object', 'APPPATH/Models/Telegram.php', 17, [...])
 2 APPPATH/Controllers/Meters.php(158): App\Models\Telegram->telegram()
 3 SYSTEMPATH/CodeIgniter.php(927): App\Controllers\Meters->telegram()
 4 SYSTEMPATH/CodeIgniter.php(482): CodeIgniter\CodeIgniter->runController(Object(App\Controllers\Meters))
 5 SYSTEMPATH/CodeIgniter.php(351): CodeIgniter\CodeIgniter->handleRequest(null, Object(Config\Cache), false)
 6 FCPATH/index.php(67): CodeIgniter\CodeIgniter->run()
CRITICAL - 2023-03-02 10:09:56 --> Undefined index: json
in APPPATH/Models/Telegram.php on line 17.
 1 APPPATH/Models/Telegram.php(17): CodeIgniter\Debug\Exceptions->errorHandler(8, 'Undefined index: json', 'APPPATH/Models/Telegram.php', 17, [...])
 2 APPPATH/Controllers/Meters.php(158): App\Models\Telegram->telegram()
 3 SYSTEMPATH/CodeIgniter.php(927): App\Controllers\Meters->telegram()
 4 SYSTEMPATH/CodeIgniter.php(482): CodeIgniter\CodeIgniter->runController(Object(App\Controllers\Meters))
 5 SYSTEMPATH/CodeIgniter.php(351): CodeIgniter\CodeIgniter->handleRequest(null, Object(Config\Cache), false)
 6 FCPATH/index.php(67): CodeIgniter\CodeIgniter->run()
CRITICAL - 2023-03-02 10:10:06 --> Undefined index: chat
in APPPATH/Models/Telegram.php on line 17.
 1 APPPATH/Models/Telegram.php(17): CodeIgniter\Debug\Exceptions->errorHandler(8, 'Undefined index: chat', 'APPPATH/Models/Telegram.php', 17, [...])
 2 APPPATH/Controllers/Meters.php(158): App\Models\Telegram->telegram()
 3 SYSTEMPATH/CodeIgniter.php(927): App\Controllers\Meters->telegram()
 4 SYSTEMPATH/CodeIgniter.php(482): CodeIgniter\CodeIgniter->runController(Object(App\Controllers\Meters))
 5 SYSTEMPATH/CodeIgniter.php(351): CodeIgniter\CodeIgniter->handleRequest(null, Object(Config\Cache), false)
 6 FCPATH/index.php(67): CodeIgniter\CodeIgniter->run()
CRITICAL - 2023-03-02 10:11:43 --> Undefined offset: 1
in APPPATH/Models/Telegram.php on line 17.
 1 APPPATH/Models/Telegram.php(17): CodeIgniter\Debug\Exceptions->errorHandler(8, 'Undefined offset: 1', 'APPPATH/Models/Telegram.php', 17, [...])
 2 APPPATH/Controllers/Meters.php(158): App\Models\Telegram->telegram()
 3 SYSTEMPATH/CodeIgniter.php(927): App\Controllers\Meters->telegram()
 4 SYSTEMPATH/CodeIgniter.php(482): CodeIgniter\CodeIgniter->runController(Object(App\Controllers\Meters))
 5 SYSTEMPATH/CodeIgniter.php(351): CodeIgniter\CodeIgniter->handleRequest(null, Object(Config\Cache), false)
 6 FCPATH/index.php(67): CodeIgniter\CodeIgniter->run()
CRITICAL - 2023-03-02 10:11:50 --> Undefined offset: 0
in APPPATH/Models/Telegram.php on line 17.
 1 APPPATH/Models/Telegram.php(17): CodeIgniter\Debug\Exceptions->errorHandler(8, 'Undefined offset: 0', 'APPPATH/Models/Telegram.php', 17, [...])
 2 APPPATH/Controllers/Meters.php(158): App\Models\Telegram->telegram()
 3 SYSTEMPATH/CodeIgniter.php(927): App\Controllers\Meters->telegram()
 4 SYSTEMPATH/CodeIgniter.php(482): CodeIgniter\CodeIgniter->runController(Object(App\Controllers\Meters))
 5 SYSTEMPATH/CodeIgniter.php(351): CodeIgniter\CodeIgniter->handleRequest(null, Object(Config\Cache), false)
 6 FCPATH/index.php(67): CodeIgniter\CodeIgniter->run()
CRITICAL - 2023-03-02 10:12:34 --> Undefined index: chat
in APPPATH/Models/Telegram.php on line 17.
 1 APPPATH/Models/Telegram.php(17): CodeIgniter\Debug\Exceptions->errorHandler(8, 'Undefined index: chat', 'APPPATH/Models/Telegram.php', 17, [...])
 2 APPPATH/Controllers/Meters.php(158): App\Models\Telegram->telegram()
 3 SYSTEMPATH/CodeIgniter.php(927): App\Controllers\Meters->telegram()
 4 SYSTEMPATH/CodeIgniter.php(482): CodeIgniter\CodeIgniter->runController(Object(App\Controllers\Meters))
 5 SYSTEMPATH/CodeIgniter.php(351): CodeIgniter\CodeIgniter->handleRequest(null, Object(Config\Cache), false)
 6 FCPATH/index.php(67): CodeIgniter\CodeIgniter->run()
CRITICAL - 2023-03-02 10:12:48 --> Undefined index: text
in APPPATH/Models/Telegram.php on line 17.
 1 APPPATH/Models/Telegram.php(17): CodeIgniter\Debug\Exceptions->errorHandler(8, 'Undefined index: text', 'APPPATH/Models/Telegram.php', 17, [...])
 2 APPPATH/Controllers/Meters.php(158): App\Models\Telegram->telegram()
 3 SYSTEMPATH/CodeIgniter.php(927): App\Controllers\Meters->telegram()
 4 SYSTEMPATH/CodeIgniter.php(482): CodeIgniter\CodeIgniter->runController(Object(App\Controllers\Meters))
 5 SYSTEMPATH/CodeIgniter.php(351): CodeIgniter\CodeIgniter->handleRequest(null, Object(Config\Cache), false)
 6 FCPATH/index.php(67): CodeIgniter\CodeIgniter->run()
CRITICAL - 2023-03-02 10:16:47 --> Undefined index: message
in APPPATH/Models/Telegram.php on line 17.
 1 APPPATH/Models/Telegram.php(17): CodeIgniter\Debug\Exceptions->errorHandler(8, 'Undefined index: message', 'APPPATH/Models/Telegram.php', 17, [...])
 2 APPPATH/Controllers/Meters.php(158): App\Models\Telegram->telegram()
 3 SYSTEMPATH/CodeIgniter.php(927): App\Controllers\Meters->telegram()
 4 SYSTEMPATH/CodeIgniter.php(482): CodeIgniter\CodeIgniter->runController(Object(App\Controllers\Meters))
 5 SYSTEMPATH/CodeIgniter.php(351): CodeIgniter\CodeIgniter->handleRequest(null, Object(Config\Cache), false)
 6 FCPATH/index.php(67): CodeIgniter\CodeIgniter->run()
CRITICAL - 2023-03-02 10:17:47 --> Undefined index: message
in APPPATH/Models/Telegram.php on line 17.
 1 APPPATH/Models/Telegram.php(17): CodeIgniter\Debug\Exceptions->errorHandler(8, 'Undefined index: message', 'APPPATH/Models/Telegram.php', 17, [...])
 2 APPPATH/Controllers/Meters.php(158): App\Models\Telegram->telegram()
 3 SYSTEMPATH/CodeIgniter.php(927): App\Controllers\Meters->telegram()
 4 SYSTEMPATH/CodeIgniter.php(482): CodeIgniter\CodeIgniter->runController(Object(App\Controllers\Meters))
 5 SYSTEMPATH/CodeIgniter.php(351): CodeIgniter\CodeIgniter->handleRequest(null, Object(Config\Cache), false)
 6 FCPATH/index.php(67): CodeIgniter\CodeIgniter->run()
CRITICAL - 2023-03-02 10:19:47 --> Undefined index: message
in APPPATH/Models/Telegram.php on line 17.
 1 APPPATH/Models/Telegram.php(17): CodeIgniter\Debug\Exceptions->errorHandler(8, 'Undefined index: message', 'APPPATH/Models/Telegram.php', 17, [...])
 2 APPPATH/Controllers/Meters.php(158): App\Models\Telegram->telegram()
 3 SYSTEMPATH/CodeIgniter.php(927): App\Controllers\Meters->telegram()
 4 SYSTEMPATH/CodeIgniter.php(482): CodeIgniter\CodeIgniter->runController(Object(App\Controllers\Meters))
 5 SYSTEMPATH/CodeIgniter.php(351): CodeIgniter\CodeIgniter->handleRequest(null, Object(Config\Cache), false)
 6 FCPATH/index.php(67): CodeIgniter\CodeIgniter->run()
CRITICAL - 2023-03-02 10:20:47 --> Undefined index: message
in APPPATH/Models/Telegram.php on line 17.
 1 APPPATH/Models/Telegram.php(17): CodeIgniter\Debug\Exceptions->errorHandler(8, 'Undefined index: message', 'APPPATH/Models/Telegram.php', 17, [...])
 2 APPPATH/Controllers/Meters.php(158): App\Models\Telegram->telegram()
 3 SYSTEMPATH/CodeIgniter.php(927): App\Controllers\Meters->telegram()
 4 SYSTEMPATH/CodeIgniter.php(482): CodeIgniter\CodeIgniter->runController(Object(App\Controllers\Meters))
 5 SYSTEMPATH/CodeIgniter.php(351): CodeIgniter\CodeIgniter->handleRequest(null, Object(Config\Cache), false)
 6 FCPATH/index.php(67): CodeIgniter\CodeIgniter->run()
