CRITICAL - 2023-01-24 06:21:41 --> Undefined variable: department
in APPPATH/Views/zayavki.php on line 120.
 1 APPPATH/Views/zayavki.php(120): CodeIgniter\Debug\Exceptions->errorHandler(8, 'Undefined variable: department', 'APPPATH/Views/zayavki.php', 120, [...])
 2 SYSTEMPATH/View/View.php(213): include('APPPATH/Views/zayavki.php')
 3 SYSTEMPATH/View/View.php(216): CodeIgniter\View\View->CodeIgniter\View\{closure}()
 4 SYSTEMPATH/Common.php(1134): CodeIgniter\View\View->render('zayavki', [], true)
 5 APPPATH/Controllers/Zayavki.php(28): view('zayavki')
 6 SYSTEMPATH/CodeIgniter.php(927): App\Controllers\Zayavki->index()
 7 SYSTEMPATH/CodeIgniter.php(482): CodeIgniter\CodeIgniter->runController(Object(App\Controllers\Zayavki))
 8 SYSTEMPATH/CodeIgniter.php(351): CodeIgniter\CodeIgniter->handleRequest(null, Object(Config\Cache), false)
 9 FCPATH/index.php(67): CodeIgniter\CodeIgniter->run()
CRITICAL - 2023-01-24 06:21:48 --> Undefined variable: department
in APPPATH/Views/zayavki.php on line 120.
 1 APPPATH/Views/zayavki.php(120): CodeIgniter\Debug\Exceptions->errorHandler(8, 'Undefined variable: department', 'APPPATH/Views/zayavki.php', 120, [...])
 2 SYSTEMPATH/View/View.php(213): include('APPPATH/Views/zayavki.php')
 3 SYSTEMPATH/View/View.php(216): CodeIgniter\View\View->CodeIgniter\View\{closure}()
 4 SYSTEMPATH/Common.php(1134): CodeIgniter\View\View->render('zayavki', [], true)
 5 APPPATH/Controllers/Zayavki.php(28): view('zayavki')
 6 SYSTEMPATH/CodeIgniter.php(927): App\Controllers\Zayavki->index()
 7 SYSTEMPATH/CodeIgniter.php(482): CodeIgniter\CodeIgniter->runController(Object(App\Controllers\Zayavki))
 8 SYSTEMPATH/CodeIgniter.php(351): CodeIgniter\CodeIgniter->handleRequest(null, Object(Config\Cache), false)
 9 FCPATH/index.php(67): CodeIgniter\CodeIgniter->run()
CRITICAL - 2023-01-24 06:21:51 --> Undefined variable: department
in APPPATH/Views/zayavki.php on line 120.
 1 APPPATH/Views/zayavki.php(120): CodeIgniter\Debug\Exceptions->errorHandler(8, 'Undefined variable: department', 'APPPATH/Views/zayavki.php', 120, [...])
 2 SYSTEMPATH/View/View.php(213): include('APPPATH/Views/zayavki.php')
 3 SYSTEMPATH/View/View.php(216): CodeIgniter\View\View->CodeIgniter\View\{closure}()
 4 SYSTEMPATH/Common.php(1134): CodeIgniter\View\View->render('zayavki', [], true)
 5 APPPATH/Controllers/Zayavki.php(28): view('zayavki')
 6 SYSTEMPATH/CodeIgniter.php(927): App\Controllers\Zayavki->index()
 7 SYSTEMPATH/CodeIgniter.php(482): CodeIgniter\CodeIgniter->runController(Object(App\Controllers\Zayavki))
 8 SYSTEMPATH/CodeIgniter.php(351): CodeIgniter\CodeIgniter->handleRequest(null, Object(Config\Cache), false)
 9 FCPATH/index.php(67): CodeIgniter\CodeIgniter->run()
CRITICAL - 2023-01-24 06:22:22 --> Use of undefined constant cid - assumed 'cid' (this will throw an Error in a future version of PHP)
in APPPATH/Models/Search.php on line 110.
 1 APPPATH/Models/Search.php(110): CodeIgniter\Debug\Exceptions->errorHandler(2, 'Use of undefined constant cid - assumed \'cid\' (this will throw an Error in a future version of PHP)', 'APPPATH/Models/Search.php', 110, [...])
 2 APPPATH/Models/Search.php(74): App\Models\Search->addPokazC('1', null, '2022', '12')
 3 APPPATH/Controllers/Zayavki.php(127): App\Models\Search->addPokaz(Object(CodeIgniter\HTTP\IncomingRequest))
 4 SYSTEMPATH/CodeIgniter.php(927): App\Controllers\Zayavki->ajax()
 5 SYSTEMPATH/CodeIgniter.php(482): CodeIgniter\CodeIgniter->runController(Object(App\Controllers\Zayavki))
 6 SYSTEMPATH/CodeIgniter.php(351): CodeIgniter\CodeIgniter->handleRequest(null, Object(Config\Cache), false)
 7 FCPATH/index.php(67): CodeIgniter\CodeIgniter->run()
CRITICAL - 2023-01-24 06:22:24 --> Use of undefined constant cid - assumed 'cid' (this will throw an Error in a future version of PHP)
in APPPATH/Models/Search.php on line 110.
 1 APPPATH/Models/Search.php(110): CodeIgniter\Debug\Exceptions->errorHandler(2, 'Use of undefined constant cid - assumed \'cid\' (this will throw an Error in a future version of PHP)', 'APPPATH/Models/Search.php', 110, [...])
 2 APPPATH/Models/Search.php(74): App\Models\Search->addPokazC('1', null, '2022', '12')
 3 APPPATH/Controllers/Zayavki.php(127): App\Models\Search->addPokaz(Object(CodeIgniter\HTTP\IncomingRequest))
 4 SYSTEMPATH/CodeIgniter.php(927): App\Controllers\Zayavki->ajax()
 5 SYSTEMPATH/CodeIgniter.php(482): CodeIgniter\CodeIgniter->runController(Object(App\Controllers\Zayavki))
 6 SYSTEMPATH/CodeIgniter.php(351): CodeIgniter\CodeIgniter->handleRequest(null, Object(Config\Cache), false)
 7 FCPATH/index.php(67): CodeIgniter\CodeIgniter->run()
CRITICAL - 2023-01-24 06:23:50 --> Use of undefined constant index - assumed 'index' (this will throw an Error in a future version of PHP)
in APPPATH/Models/Search.php on line 109.
 1 APPPATH/Models/Search.php(109): CodeIgniter\Debug\Exceptions->errorHandler(2, 'Use of undefined constant index - assumed \'index\' (this will throw an Error in a future version of PHP)', 'APPPATH/Models/Search.php', 109, [...])
 2 APPPATH/Models/Search.php(74): App\Models\Search->addPokazC('1', null, '2022', '12')
 3 APPPATH/Controllers/Zayavki.php(127): App\Models\Search->addPokaz(Object(CodeIgniter\HTTP\IncomingRequest))
 4 SYSTEMPATH/CodeIgniter.php(927): App\Controllers\Zayavki->ajax()
 5 SYSTEMPATH/CodeIgniter.php(482): CodeIgniter\CodeIgniter->runController(Object(App\Controllers\Zayavki))
 6 SYSTEMPATH/CodeIgniter.php(351): CodeIgniter\CodeIgniter->handleRequest(null, Object(Config\Cache), false)
 7 FCPATH/index.php(67): CodeIgniter\CodeIgniter->run()
CRITICAL - 2023-01-24 06:24:15 --> Use of undefined constant cid - assumed 'cid' (this will throw an Error in a future version of PHP)
in APPPATH/Models/Search.php on line 108.
 1 APPPATH/Models/Search.php(108): CodeIgniter\Debug\Exceptions->errorHandler(2, 'Use of undefined constant cid - assumed \'cid\' (this will throw an Error in a future version of PHP)', 'APPPATH/Models/Search.php', 108, [...])
 2 APPPATH/Models/Search.php(74): App\Models\Search->addPokazC('1', null, '2022', '12')
 3 APPPATH/Controllers/Zayavki.php(127): App\Models\Search->addPokaz(Object(CodeIgniter\HTTP\IncomingRequest))
 4 SYSTEMPATH/CodeIgniter.php(927): App\Controllers\Zayavki->ajax()
 5 SYSTEMPATH/CodeIgniter.php(482): CodeIgniter\CodeIgniter->runController(Object(App\Controllers\Zayavki))
 6 SYSTEMPATH/CodeIgniter.php(351): CodeIgniter\CodeIgniter->handleRequest(null, Object(Config\Cache), false)
 7 FCPATH/index.php(67): CodeIgniter\CodeIgniter->run()
CRITICAL - 2023-01-24 06:24:29 --> Use of undefined constant cid - assumed 'cid' (this will throw an Error in a future version of PHP)
in APPPATH/Models/Search.php on line 108.
 1 APPPATH/Models/Search.php(108): CodeIgniter\Debug\Exceptions->errorHandler(2, 'Use of undefined constant cid - assumed \'cid\' (this will throw an Error in a future version of PHP)', 'APPPATH/Models/Search.php', 108, [...])
 2 APPPATH/Models/Search.php(74): App\Models\Search->addPokazC('1', null, '2022', '12')
 3 APPPATH/Controllers/Zayavki.php(127): App\Models\Search->addPokaz(Object(CodeIgniter\HTTP\IncomingRequest))
 4 SYSTEMPATH/CodeIgniter.php(927): App\Controllers\Zayavki->ajax()
 5 SYSTEMPATH/CodeIgniter.php(482): CodeIgniter\CodeIgniter->runController(Object(App\Controllers\Zayavki))
 6 SYSTEMPATH/CodeIgniter.php(351): CodeIgniter\CodeIgniter->handleRequest(null, Object(Config\Cache), false)
 7 FCPATH/index.php(67): CodeIgniter\CodeIgniter->run()
ERROR - 2023-01-24 06:26:00 --> mysqli_sql_exception: You have an error in your SQL syntax; check the manual that corresponds to your MySQL server version for the right syntax to use near 'DESC' at line 1 in /ext/WWW/konex.com.ua/zayavki/system/Database/MySQLi/Connection.php:292
Stack trace:
#0 /ext/WWW/konex.com.ua/zayavki/system/Database/MySQLi/Connection.php(292): mysqli->query('SELECT ts, p.in...', 0)
#1 /ext/WWW/konex.com.ua/zayavki/system/Database/BaseConnection.php(666): CodeIgniter\Database\MySQLi\Connection->execute('SELECT ts, p.in...')
#2 /ext/WWW/konex.com.ua/zayavki/system/Database/BaseConnection.php(593): CodeIgniter\Database\BaseConnection->simpleQuery('SELECT ts, p.in...')
#3 /ext/WWW/konex.com.ua/zayavki/app/Models/Search.php(121): CodeIgniter\Database\BaseConnection->query('SELECT ts, p.in...')
#4 /ext/WWW/konex.com.ua/zayavki/app/Models/Search.php(113): App\Models\Search->get_consume('1')
#5 /ext/WWW/konex.com.ua/zayavki/app/Models/Search.php(74): App\Models\Search->addPokazC('1', NULL, '2022', '12')
#6 /ext/WWW/konex.com.ua/zayavki/app/Controllers/Zayavki.php(127): App\Models\Search->addPokaz(Object(CodeIgniter\HTTP\IncomingRequest))
#7 /ext/WWW/konex.com.ua/zayavki/system/CodeIgniter.php(927): App\Controllers\Zayavki->ajax()
#8 /ext/WWW/konex.com.ua/zayavki/system/CodeIgniter.php(482): CodeIgniter\CodeIgniter->runController(Object(App\Controllers\Zayavki))
#9 /ext/WWW/konex.com.ua/zayavki/system/CodeIgniter.php(351): CodeIgniter\CodeIgniter->handleRequest(NULL, Object(Config\Cache), false)
#10 /ext/WWW/konex.com.ua/zayavki/public/index.php(67): CodeIgniter\CodeIgniter->run()
#11 {main}
CRITICAL - 2023-01-24 06:26:00 --> You have an error in your SQL syntax; check the manual that corresponds to your MySQL server version for the right syntax to use near 'DESC' at line 1
in SYSTEMPATH/Database/MySQLi/Connection.php on line 292.
 1 SYSTEMPATH/Database/MySQLi/Connection.php(292): mysqli->query('SELECT ts, p.index FROM pokaz As p WHERE cid=1 GROUP BY ts DESC', 0)
 2 SYSTEMPATH/Database/BaseConnection.php(666): CodeIgniter\Database\MySQLi\Connection->execute('SELECT ts, p.index FROM pokaz As p WHERE cid=1 GROUP BY ts DESC')
 3 SYSTEMPATH/Database/BaseConnection.php(593): CodeIgniter\Database\BaseConnection->simpleQuery('SELECT ts, p.index FROM pokaz As p WHERE cid=1 GROUP BY ts DESC')
 4 APPPATH/Models/Search.php(121): CodeIgniter\Database\BaseConnection->query('SELECT ts, p.index FROM pokaz As p WHERE cid=1 GROUP BY ts DESC')
 5 APPPATH/Models/Search.php(113): App\Models\Search->get_consume('1')
 6 APPPATH/Models/Search.php(74): App\Models\Search->addPokazC('1', null, '2022', '12')
 7 APPPATH/Controllers/Zayavki.php(127): App\Models\Search->addPokaz(Object(CodeIgniter\HTTP\IncomingRequest))
 8 SYSTEMPATH/CodeIgniter.php(927): App\Controllers\Zayavki->ajax()
 9 SYSTEMPATH/CodeIgniter.php(482): CodeIgniter\CodeIgniter->runController(Object(App\Controllers\Zayavki))
10 SYSTEMPATH/CodeIgniter.php(351): CodeIgniter\CodeIgniter->handleRequest(null, Object(Config\Cache), false)
11 FCPATH/index.php(67): CodeIgniter\CodeIgniter->run()
CRITICAL - 2023-01-24 07:06:22 --> Undefined variable: month
in APPPATH/Views/zayavki.php on line 269.
 1 APPPATH/Views/zayavki.php(269): CodeIgniter\Debug\Exceptions->errorHandler(8, 'Undefined variable: month', 'APPPATH/Views/zayavki.php', 269, [...])
 2 SYSTEMPATH/View/View.php(213): include('APPPATH/Views/zayavki.php')
 3 SYSTEMPATH/View/View.php(216): CodeIgniter\View\View->CodeIgniter\View\{closure}()
 4 SYSTEMPATH/Common.php(1134): CodeIgniter\View\View->render('zayavki', [...], true)
 5 APPPATH/Controllers/Zayavki.php(108): view('zayavki', [...], [...])
 6 SYSTEMPATH/CodeIgniter.php(927): App\Controllers\Zayavki->zayavki()
 7 SYSTEMPATH/CodeIgniter.php(482): CodeIgniter\CodeIgniter->runController(Object(App\Controllers\Zayavki))
 8 SYSTEMPATH/CodeIgniter.php(351): CodeIgniter\CodeIgniter->handleRequest(null, Object(Config\Cache), false)
 9 FCPATH/index.php(67): CodeIgniter\CodeIgniter->run()
CRITICAL - 2023-01-24 07:15:02 --> Undefined variable: department
in APPPATH/Views/zayavki.php on line 120.
 1 APPPATH/Views/zayavki.php(120): CodeIgniter\Debug\Exceptions->errorHandler(8, 'Undefined variable: department', 'APPPATH/Views/zayavki.php', 120, [...])
 2 SYSTEMPATH/View/View.php(213): include('APPPATH/Views/zayavki.php')
 3 SYSTEMPATH/View/View.php(216): CodeIgniter\View\View->CodeIgniter\View\{closure}()
 4 SYSTEMPATH/Common.php(1134): CodeIgniter\View\View->render('zayavki', [], true)
 5 APPPATH/Controllers/Zayavki.php(28): view('zayavki')
 6 SYSTEMPATH/CodeIgniter.php(927): App\Controllers\Zayavki->index()
 7 SYSTEMPATH/CodeIgniter.php(482): CodeIgniter\CodeIgniter->runController(Object(App\Controllers\Zayavki))
 8 SYSTEMPATH/CodeIgniter.php(351): CodeIgniter\CodeIgniter->handleRequest(null, Object(Config\Cache), false)
 9 FCPATH/index.php(67): CodeIgniter\CodeIgniter->run()
CRITICAL - 2023-01-24 07:15:09 --> Undefined variable: department
in APPPATH/Views/zayavki.php on line 120.
 1 APPPATH/Views/zayavki.php(120): CodeIgniter\Debug\Exceptions->errorHandler(8, 'Undefined variable: department', 'APPPATH/Views/zayavki.php', 120, [...])
 2 SYSTEMPATH/View/View.php(213): include('APPPATH/Views/zayavki.php')
 3 SYSTEMPATH/View/View.php(216): CodeIgniter\View\View->CodeIgniter\View\{closure}()
 4 SYSTEMPATH/Common.php(1134): CodeIgniter\View\View->render('zayavki', [], true)
 5 APPPATH/Controllers/Zayavki.php(28): view('zayavki')
 6 SYSTEMPATH/CodeIgniter.php(927): App\Controllers\Zayavki->index()
 7 SYSTEMPATH/CodeIgniter.php(482): CodeIgniter\CodeIgniter->runController(Object(App\Controllers\Zayavki))
 8 SYSTEMPATH/CodeIgniter.php(351): CodeIgniter\CodeIgniter->handleRequest(null, Object(Config\Cache), false)
 9 FCPATH/index.php(67): CodeIgniter\CodeIgniter->run()
CRITICAL - 2023-01-24 07:15:09 --> Undefined variable: department
in APPPATH/Views/zayavki.php on line 120.
 1 APPPATH/Views/zayavki.php(120): CodeIgniter\Debug\Exceptions->errorHandler(8, 'Undefined variable: department', 'APPPATH/Views/zayavki.php', 120, [...])
 2 SYSTEMPATH/View/View.php(213): include('APPPATH/Views/zayavki.php')
 3 SYSTEMPATH/View/View.php(216): CodeIgniter\View\View->CodeIgniter\View\{closure}()
 4 SYSTEMPATH/Common.php(1134): CodeIgniter\View\View->render('zayavki', [], true)
 5 APPPATH/Controllers/Zayavki.php(28): view('zayavki')
 6 SYSTEMPATH/CodeIgniter.php(927): App\Controllers\Zayavki->index()
 7 SYSTEMPATH/CodeIgniter.php(482): CodeIgniter\CodeIgniter->runController(Object(App\Controllers\Zayavki))
 8 SYSTEMPATH/CodeIgniter.php(351): CodeIgniter\CodeIgniter->handleRequest(null, Object(Config\Cache), false)
 9 FCPATH/index.php(67): CodeIgniter\CodeIgniter->run()
CRITICAL - 2023-01-24 07:24:41 --> Undefined variable: department
in APPPATH/Views/zayavki.php on line 120.
 1 APPPATH/Views/zayavki.php(120): CodeIgniter\Debug\Exceptions->errorHandler(8, 'Undefined variable: department', 'APPPATH/Views/zayavki.php', 120, [...])
 2 SYSTEMPATH/View/View.php(213): include('APPPATH/Views/zayavki.php')
 3 SYSTEMPATH/View/View.php(216): CodeIgniter\View\View->CodeIgniter\View\{closure}()
 4 SYSTEMPATH/Common.php(1134): CodeIgniter\View\View->render('zayavki', [], true)
 5 APPPATH/Controllers/Zayavki.php(28): view('zayavki')
 6 SYSTEMPATH/CodeIgniter.php(927): App\Controllers\Zayavki->index()
 7 SYSTEMPATH/CodeIgniter.php(482): CodeIgniter\CodeIgniter->runController(Object(App\Controllers\Zayavki))
 8 SYSTEMPATH/CodeIgniter.php(351): CodeIgniter\CodeIgniter->handleRequest(null, Object(Config\Cache), false)
 9 FCPATH/index.php(67): CodeIgniter\CodeIgniter->run()
CRITICAL - 2023-01-24 07:24:43 --> Undefined variable: department
in APPPATH/Views/zayavki.php on line 120.
 1 APPPATH/Views/zayavki.php(120): CodeIgniter\Debug\Exceptions->errorHandler(8, 'Undefined variable: department', 'APPPATH/Views/zayavki.php', 120, [...])
 2 SYSTEMPATH/View/View.php(213): include('APPPATH/Views/zayavki.php')
 3 SYSTEMPATH/View/View.php(216): CodeIgniter\View\View->CodeIgniter\View\{closure}()
 4 SYSTEMPATH/Common.php(1134): CodeIgniter\View\View->render('zayavki', [], true)
 5 APPPATH/Controllers/Zayavki.php(28): view('zayavki')
 6 SYSTEMPATH/CodeIgniter.php(927): App\Controllers\Zayavki->index()
 7 SYSTEMPATH/CodeIgniter.php(482): CodeIgniter\CodeIgniter->runController(Object(App\Controllers\Zayavki))
 8 SYSTEMPATH/CodeIgniter.php(351): CodeIgniter\CodeIgniter->handleRequest(null, Object(Config\Cache), false)
 9 FCPATH/index.php(67): CodeIgniter\CodeIgniter->run()
CRITICAL - 2023-01-24 07:49:05 --> Class 'App\Models\DateTime' not found
in APPPATH/Models/Search.php on line 61.
 1 APPPATH/Controllers/Zayavki.php(125): App\Models\Search->lastPokaz()
 2 SYSTEMPATH/CodeIgniter.php(927): App\Controllers\Zayavki->ajax()
 3 SYSTEMPATH/CodeIgniter.php(482): CodeIgniter\CodeIgniter->runController(Object(App\Controllers\Zayavki))
 4 SYSTEMPATH/CodeIgniter.php(351): CodeIgniter\CodeIgniter->handleRequest(null, Object(Config\Cache), false)
 5 FCPATH/index.php(67): CodeIgniter\CodeIgniter->run()
CRITICAL - 2023-01-24 07:52:13 --> Undefined variable: department
in APPPATH/Views/zayavki.php on line 120.
 1 APPPATH/Views/zayavki.php(120): CodeIgniter\Debug\Exceptions->errorHandler(8, 'Undefined variable: department', 'APPPATH/Views/zayavki.php', 120, [...])
 2 SYSTEMPATH/View/View.php(213): include('APPPATH/Views/zayavki.php')
 3 SYSTEMPATH/View/View.php(216): CodeIgniter\View\View->CodeIgniter\View\{closure}()
 4 SYSTEMPATH/Common.php(1134): CodeIgniter\View\View->render('zayavki', [], true)
 5 APPPATH/Controllers/Zayavki.php(28): view('zayavki')
 6 SYSTEMPATH/CodeIgniter.php(927): App\Controllers\Zayavki->index()
 7 SYSTEMPATH/CodeIgniter.php(482): CodeIgniter\CodeIgniter->runController(Object(App\Controllers\Zayavki))
 8 SYSTEMPATH/CodeIgniter.php(351): CodeIgniter\CodeIgniter->handleRequest(null, Object(Config\Cache), false)
 9 FCPATH/index.php(67): CodeIgniter\CodeIgniter->run()
CRITICAL - 2023-01-24 07:52:48 --> Class 'App\Models\DateTime' not found
in APPPATH/Models/Search.php on line 61.
 1 APPPATH/Controllers/Zayavki.php(125): App\Models\Search->lastPokaz()
 2 SYSTEMPATH/CodeIgniter.php(927): App\Controllers\Zayavki->ajax()
 3 SYSTEMPATH/CodeIgniter.php(482): CodeIgniter\CodeIgniter->runController(Object(App\Controllers\Zayavki))
 4 SYSTEMPATH/CodeIgniter.php(351): CodeIgniter\CodeIgniter->handleRequest(null, Object(Config\Cache), false)
 5 FCPATH/index.php(67): CodeIgniter\CodeIgniter->run()
CRITICAL - 2023-01-24 07:53:20 --> Undefined variable: department
in APPPATH/Views/zayavki.php on line 120.
 1 APPPATH/Views/zayavki.php(120): CodeIgniter\Debug\Exceptions->errorHandler(8, 'Undefined variable: department', 'APPPATH/Views/zayavki.php', 120, [...])
 2 SYSTEMPATH/View/View.php(213): include('APPPATH/Views/zayavki.php')
 3 SYSTEMPATH/View/View.php(216): CodeIgniter\View\View->CodeIgniter\View\{closure}()
 4 SYSTEMPATH/Common.php(1134): CodeIgniter\View\View->render('zayavki', [], true)
 5 APPPATH/Controllers/Zayavki.php(28): view('zayavki')
 6 SYSTEMPATH/CodeIgniter.php(927): App\Controllers\Zayavki->index()
 7 SYSTEMPATH/CodeIgniter.php(482): CodeIgniter\CodeIgniter->runController(Object(App\Controllers\Zayavki))
 8 SYSTEMPATH/CodeIgniter.php(351): CodeIgniter\CodeIgniter->handleRequest(null, Object(Config\Cache), false)
 9 FCPATH/index.php(67): CodeIgniter\CodeIgniter->run()
CRITICAL - 2023-01-24 07:58:39 --> Class 'App\Models\DateTime' not found
in APPPATH/Models/Search.php on line 61.
 1 APPPATH/Controllers/Zayavki.php(125): App\Models\Search->lastPokaz()
 2 SYSTEMPATH/CodeIgniter.php(927): App\Controllers\Zayavki->ajax()
 3 SYSTEMPATH/CodeIgniter.php(482): CodeIgniter\CodeIgniter->runController(Object(App\Controllers\Zayavki))
 4 SYSTEMPATH/CodeIgniter.php(351): CodeIgniter\CodeIgniter->handleRequest(null, Object(Config\Cache), false)
 5 FCPATH/index.php(67): CodeIgniter\CodeIgniter->run()
CRITICAL - 2023-01-24 07:58:45 --> Undefined variable: department
in APPPATH/Views/zayavki.php on line 120.
 1 APPPATH/Views/zayavki.php(120): CodeIgniter\Debug\Exceptions->errorHandler(8, 'Undefined variable: department', 'APPPATH/Views/zayavki.php', 120, [...])
 2 SYSTEMPATH/View/View.php(213): include('APPPATH/Views/zayavki.php')
 3 SYSTEMPATH/View/View.php(216): CodeIgniter\View\View->CodeIgniter\View\{closure}()
 4 SYSTEMPATH/Common.php(1134): CodeIgniter\View\View->render('zayavki', [], true)
 5 APPPATH/Controllers/Zayavki.php(28): view('zayavki')
 6 SYSTEMPATH/CodeIgniter.php(927): App\Controllers\Zayavki->index()
 7 SYSTEMPATH/CodeIgniter.php(482): CodeIgniter\CodeIgniter->runController(Object(App\Controllers\Zayavki))
 8 SYSTEMPATH/CodeIgniter.php(351): CodeIgniter\CodeIgniter->handleRequest(null, Object(Config\Cache), false)
 9 FCPATH/index.php(67): CodeIgniter\CodeIgniter->run()
ERROR - 2023-01-24 08:42:21 --> mysqli_sql_exception: You have an error in your SQL syntax; check the manual that corresponds to your MySQL server version for the right syntax to use near '' at line 1 in /ext/WWW/konex.com.ua/zayavki/system/Database/MySQLi/Connection.php:292
Stack trace:
#0 /ext/WWW/konex.com.ua/zayavki/system/Database/MySQLi/Connection.php(292): mysqli->query('SELECT unit FRO...', 0)
#1 /ext/WWW/konex.com.ua/zayavki/system/Database/BaseConnection.php(666): CodeIgniter\Database\MySQLi\Connection->execute('SELECT unit FRO...')
#2 /ext/WWW/konex.com.ua/zayavki/system/Database/BaseConnection.php(593): CodeIgniter\Database\BaseConnection->simpleQuery('SELECT unit FRO...')
#3 /ext/WWW/konex.com.ua/zayavki/app/Models/Search.php(36): CodeIgniter\Database\BaseConnection->query('SELECT unit FRO...')
#4 /ext/WWW/konex.com.ua/zayavki/app/Controllers/Zayavki.php(107): App\Models\Search->getUnitById(NULL)
#5 /ext/WWW/konex.com.ua/zayavki/system/CodeIgniter.php(927): App\Controllers\Zayavki->zayavki()
#6 /ext/WWW/konex.com.ua/zayavki/system/CodeIgniter.php(482): CodeIgniter\CodeIgniter->runController(Object(App\Controllers\Zayavki))
#7 /ext/WWW/konex.com.ua/zayavki/system/CodeIgniter.php(351): CodeIgniter\CodeIgniter->handleRequest(NULL, Object(Config\Cache), false)
#8 /ext/WWW/konex.com.ua/zayavki/public/index.php(67): CodeIgniter\CodeIgniter->run()
#9 {main}
CRITICAL - 2023-01-24 08:42:21 --> You have an error in your SQL syntax; check the manual that corresponds to your MySQL server version for the right syntax to use near '' at line 1
in SYSTEMPATH/Database/MySQLi/Connection.php on line 292.
 1 SYSTEMPATH/Database/MySQLi/Connection.php(292): mysqli->query('SELECT unit FROM area WHERE id=', 0)
 2 SYSTEMPATH/Database/BaseConnection.php(666): CodeIgniter\Database\MySQLi\Connection->execute('SELECT unit FROM area WHERE id=')
 3 SYSTEMPATH/Database/BaseConnection.php(593): CodeIgniter\Database\BaseConnection->simpleQuery('SELECT unit FROM area WHERE id=')
 4 APPPATH/Models/Search.php(36): CodeIgniter\Database\BaseConnection->query('SELECT unit FROM area WHERE id=')
 5 APPPATH/Controllers/Zayavki.php(107): App\Models\Search->getUnitById(null)
 6 SYSTEMPATH/CodeIgniter.php(927): App\Controllers\Zayavki->zayavki()
 7 SYSTEMPATH/CodeIgniter.php(482): CodeIgniter\CodeIgniter->runController(Object(App\Controllers\Zayavki))
 8 SYSTEMPATH/CodeIgniter.php(351): CodeIgniter\CodeIgniter->handleRequest(null, Object(Config\Cache), false)
 9 FCPATH/index.php(67): CodeIgniter\CodeIgniter->run()
ERROR - 2023-01-24 08:44:02 --> mysqli_sql_exception: You have an error in your SQL syntax; check the manual that corresponds to your MySQL server version for the right syntax to use near '' at line 1 in /ext/WWW/konex.com.ua/zayavki/system/Database/MySQLi/Connection.php:292
Stack trace:
#0 /ext/WWW/konex.com.ua/zayavki/system/Database/MySQLi/Connection.php(292): mysqli->query('SELECT unit FRO...', 0)
#1 /ext/WWW/konex.com.ua/zayavki/system/Database/BaseConnection.php(666): CodeIgniter\Database\MySQLi\Connection->execute('SELECT unit FRO...')
#2 /ext/WWW/konex.com.ua/zayavki/system/Database/BaseConnection.php(593): CodeIgniter\Database\BaseConnection->simpleQuery('SELECT unit FRO...')
#3 /ext/WWW/konex.com.ua/zayavki/app/Models/Search.php(36): CodeIgniter\Database\BaseConnection->query('SELECT unit FRO...')
#4 /ext/WWW/konex.com.ua/zayavki/app/Controllers/Zayavki.php(107): App\Models\Search->getUnitById(NULL)
#5 /ext/WWW/konex.com.ua/zayavki/system/CodeIgniter.php(927): App\Controllers\Zayavki->zayavki()
#6 /ext/WWW/konex.com.ua/zayavki/system/CodeIgniter.php(482): CodeIgniter\CodeIgniter->runController(Object(App\Controllers\Zayavki))
#7 /ext/WWW/konex.com.ua/zayavki/system/CodeIgniter.php(351): CodeIgniter\CodeIgniter->handleRequest(NULL, Object(Config\Cache), false)
#8 /ext/WWW/konex.com.ua/zayavki/public/index.php(67): CodeIgniter\CodeIgniter->run()
#9 {main}
CRITICAL - 2023-01-24 08:44:02 --> You have an error in your SQL syntax; check the manual that corresponds to your MySQL server version for the right syntax to use near '' at line 1
in SYSTEMPATH/Database/MySQLi/Connection.php on line 292.
 1 SYSTEMPATH/Database/MySQLi/Connection.php(292): mysqli->query('SELECT unit FROM area WHERE id=', 0)
 2 SYSTEMPATH/Database/BaseConnection.php(666): CodeIgniter\Database\MySQLi\Connection->execute('SELECT unit FROM area WHERE id=')
 3 SYSTEMPATH/Database/BaseConnection.php(593): CodeIgniter\Database\BaseConnection->simpleQuery('SELECT unit FROM area WHERE id=')
 4 APPPATH/Models/Search.php(36): CodeIgniter\Database\BaseConnection->query('SELECT unit FROM area WHERE id=')
 5 APPPATH/Controllers/Zayavki.php(107): App\Models\Search->getUnitById(null)
 6 SYSTEMPATH/CodeIgniter.php(927): App\Controllers\Zayavki->zayavki()
 7 SYSTEMPATH/CodeIgniter.php(482): CodeIgniter\CodeIgniter->runController(Object(App\Controllers\Zayavki))
 8 SYSTEMPATH/CodeIgniter.php(351): CodeIgniter\CodeIgniter->handleRequest(null, Object(Config\Cache), false)
 9 FCPATH/index.php(67): CodeIgniter\CodeIgniter->run()
ERROR - 2023-01-24 08:44:05 --> mysqli_sql_exception: You have an error in your SQL syntax; check the manual that corresponds to your MySQL server version for the right syntax to use near '' at line 1 in /ext/WWW/konex.com.ua/zayavki/system/Database/MySQLi/Connection.php:292
Stack trace:
#0 /ext/WWW/konex.com.ua/zayavki/system/Database/MySQLi/Connection.php(292): mysqli->query('SELECT unit FRO...', 0)
#1 /ext/WWW/konex.com.ua/zayavki/system/Database/BaseConnection.php(666): CodeIgniter\Database\MySQLi\Connection->execute('SELECT unit FRO...')
#2 /ext/WWW/konex.com.ua/zayavki/system/Database/BaseConnection.php(593): CodeIgniter\Database\BaseConnection->simpleQuery('SELECT unit FRO...')
#3 /ext/WWW/konex.com.ua/zayavki/app/Models/Search.php(36): CodeIgniter\Database\BaseConnection->query('SELECT unit FRO...')
#4 /ext/WWW/konex.com.ua/zayavki/app/Controllers/Zayavki.php(107): App\Models\Search->getUnitById(NULL)
#5 /ext/WWW/konex.com.ua/zayavki/system/CodeIgniter.php(927): App\Controllers\Zayavki->zayavki()
#6 /ext/WWW/konex.com.ua/zayavki/system/CodeIgniter.php(482): CodeIgniter\CodeIgniter->runController(Object(App\Controllers\Zayavki))
#7 /ext/WWW/konex.com.ua/zayavki/system/CodeIgniter.php(351): CodeIgniter\CodeIgniter->handleRequest(NULL, Object(Config\Cache), false)
#8 /ext/WWW/konex.com.ua/zayavki/public/index.php(67): CodeIgniter\CodeIgniter->run()
#9 {main}
CRITICAL - 2023-01-24 08:44:05 --> You have an error in your SQL syntax; check the manual that corresponds to your MySQL server version for the right syntax to use near '' at line 1
in SYSTEMPATH/Database/MySQLi/Connection.php on line 292.
 1 SYSTEMPATH/Database/MySQLi/Connection.php(292): mysqli->query('SELECT unit FROM area WHERE id=', 0)
 2 SYSTEMPATH/Database/BaseConnection.php(666): CodeIgniter\Database\MySQLi\Connection->execute('SELECT unit FROM area WHERE id=')
 3 SYSTEMPATH/Database/BaseConnection.php(593): CodeIgniter\Database\BaseConnection->simpleQuery('SELECT unit FROM area WHERE id=')
 4 APPPATH/Models/Search.php(36): CodeIgniter\Database\BaseConnection->query('SELECT unit FROM area WHERE id=')
 5 APPPATH/Controllers/Zayavki.php(107): App\Models\Search->getUnitById(null)
 6 SYSTEMPATH/CodeIgniter.php(927): App\Controllers\Zayavki->zayavki()
 7 SYSTEMPATH/CodeIgniter.php(482): CodeIgniter\CodeIgniter->runController(Object(App\Controllers\Zayavki))
 8 SYSTEMPATH/CodeIgniter.php(351): CodeIgniter\CodeIgniter->handleRequest(null, Object(Config\Cache), false)
 9 FCPATH/index.php(67): CodeIgniter\CodeIgniter->run()
ERROR - 2023-01-24 08:44:11 --> mysqli_sql_exception: You have an error in your SQL syntax; check the manual that corresponds to your MySQL server version for the right syntax to use near '' at line 1 in /ext/WWW/konex.com.ua/zayavki/system/Database/MySQLi/Connection.php:292
Stack trace:
#0 /ext/WWW/konex.com.ua/zayavki/system/Database/MySQLi/Connection.php(292): mysqli->query('SELECT unit FRO...', 0)
#1 /ext/WWW/konex.com.ua/zayavki/system/Database/BaseConnection.php(666): CodeIgniter\Database\MySQLi\Connection->execute('SELECT unit FRO...')
#2 /ext/WWW/konex.com.ua/zayavki/system/Database/BaseConnection.php(593): CodeIgniter\Database\BaseConnection->simpleQuery('SELECT unit FRO...')
#3 /ext/WWW/konex.com.ua/zayavki/app/Models/Search.php(36): CodeIgniter\Database\BaseConnection->query('SELECT unit FRO...')
#4 /ext/WWW/konex.com.ua/zayavki/app/Controllers/Zayavki.php(107): App\Models\Search->getUnitById(NULL)
#5 /ext/WWW/konex.com.ua/zayavki/system/CodeIgniter.php(927): App\Controllers\Zayavki->zayavki()
#6 /ext/WWW/konex.com.ua/zayavki/system/CodeIgniter.php(482): CodeIgniter\CodeIgniter->runController(Object(App\Controllers\Zayavki))
#7 /ext/WWW/konex.com.ua/zayavki/system/CodeIgniter.php(351): CodeIgniter\CodeIgniter->handleRequest(NULL, Object(Config\Cache), false)
#8 /ext/WWW/konex.com.ua/zayavki/public/index.php(67): CodeIgniter\CodeIgniter->run()
#9 {main}
CRITICAL - 2023-01-24 08:44:11 --> You have an error in your SQL syntax; check the manual that corresponds to your MySQL server version for the right syntax to use near '' at line 1
in SYSTEMPATH/Database/MySQLi/Connection.php on line 292.
 1 SYSTEMPATH/Database/MySQLi/Connection.php(292): mysqli->query('SELECT unit FROM area WHERE id=', 0)
 2 SYSTEMPATH/Database/BaseConnection.php(666): CodeIgniter\Database\MySQLi\Connection->execute('SELECT unit FROM area WHERE id=')
 3 SYSTEMPATH/Database/BaseConnection.php(593): CodeIgniter\Database\BaseConnection->simpleQuery('SELECT unit FROM area WHERE id=')
 4 APPPATH/Models/Search.php(36): CodeIgniter\Database\BaseConnection->query('SELECT unit FROM area WHERE id=')
 5 APPPATH/Controllers/Zayavki.php(107): App\Models\Search->getUnitById(null)
 6 SYSTEMPATH/CodeIgniter.php(927): App\Controllers\Zayavki->zayavki()
 7 SYSTEMPATH/CodeIgniter.php(482): CodeIgniter\CodeIgniter->runController(Object(App\Controllers\Zayavki))
 8 SYSTEMPATH/CodeIgniter.php(351): CodeIgniter\CodeIgniter->handleRequest(null, Object(Config\Cache), false)
 9 FCPATH/index.php(67): CodeIgniter\CodeIgniter->run()
CRITICAL - 2023-01-24 08:44:26 --> Array to string conversion
in APPPATH/Views/zayavki.php on line 26.
 1 APPPATH/Views/zayavki.php(26): CodeIgniter\Debug\Exceptions->errorHandler(8, 'Array to string conversion', 'APPPATH/Views/zayavki.php', 26, [...])
 2 SYSTEMPATH/View/View.php(213): include('APPPATH/Views/zayavki.php')
 3 SYSTEMPATH/View/View.php(216): CodeIgniter\View\View->CodeIgniter\View\{closure}()
 4 SYSTEMPATH/Common.php(1134): CodeIgniter\View\View->render('zayavki', [], true)
 5 APPPATH/Controllers/Zayavki.php(108): view('zayavki', [...])
 6 SYSTEMPATH/CodeIgniter.php(927): App\Controllers\Zayavki->zayavki()
 7 SYSTEMPATH/CodeIgniter.php(482): CodeIgniter\CodeIgniter->runController(Object(App\Controllers\Zayavki))
 8 SYSTEMPATH/CodeIgniter.php(351): CodeIgniter\CodeIgniter->handleRequest(null, Object(Config\Cache), false)
 9 FCPATH/index.php(67): CodeIgniter\CodeIgniter->run()
CRITICAL - 2023-01-24 08:45:11 --> Trying to get property 'unit' of non-object
in APPPATH/Views/zayavki.php on line 26.
 1 APPPATH/Views/zayavki.php(26): CodeIgniter\Debug\Exceptions->errorHandler(8, 'Trying to get property \'unit\' of non-object', 'APPPATH/Views/zayavki.php', 26, [...])
 2 SYSTEMPATH/View/View.php(213): include('APPPATH/Views/zayavki.php')
 3 SYSTEMPATH/View/View.php(216): CodeIgniter\View\View->CodeIgniter\View\{closure}()
 4 SYSTEMPATH/Common.php(1134): CodeIgniter\View\View->render('zayavki', [], true)
 5 APPPATH/Controllers/Zayavki.php(108): view('zayavki', [...])
 6 SYSTEMPATH/CodeIgniter.php(927): App\Controllers\Zayavki->zayavki()
 7 SYSTEMPATH/CodeIgniter.php(482): CodeIgniter\CodeIgniter->runController(Object(App\Controllers\Zayavki))
 8 SYSTEMPATH/CodeIgniter.php(351): CodeIgniter\CodeIgniter->handleRequest(null, Object(Config\Cache), false)
 9 FCPATH/index.php(67): CodeIgniter\CodeIgniter->run()
CRITICAL - 2023-01-24 08:45:32 --> Undefined variable: counterArea
in APPPATH/Views/zayavki.php on line 261.
 1 APPPATH/Views/zayavki.php(261): CodeIgniter\Debug\Exceptions->errorHandler(8, 'Undefined variable: counterArea', 'APPPATH/Views/zayavki.php', 261, [...])
 2 SYSTEMPATH/View/View.php(213): include('APPPATH/Views/zayavki.php')
 3 SYSTEMPATH/View/View.php(216): CodeIgniter\View\View->CodeIgniter\View\{closure}()
 4 SYSTEMPATH/Common.php(1134): CodeIgniter\View\View->render('zayavki', [], true)
 5 APPPATH/Controllers/Zayavki.php(108): view('zayavki', [...])
 6 SYSTEMPATH/CodeIgniter.php(927): App\Controllers\Zayavki->zayavki()
 7 SYSTEMPATH/CodeIgniter.php(482): CodeIgniter\CodeIgniter->runController(Object(App\Controllers\Zayavki))
 8 SYSTEMPATH/CodeIgniter.php(351): CodeIgniter\CodeIgniter->handleRequest(null, Object(Config\Cache), false)
 9 FCPATH/index.php(67): CodeIgniter\CodeIgniter->run()
CRITICAL - 2023-01-24 08:46:07 --> Undefined variable: counterArea
in APPPATH/Views/zayavki.php on line 261.
 1 APPPATH/Views/zayavki.php(261): CodeIgniter\Debug\Exceptions->errorHandler(8, 'Undefined variable: counterArea', 'APPPATH/Views/zayavki.php', 261, [...])
 2 SYSTEMPATH/View/View.php(213): include('APPPATH/Views/zayavki.php')
 3 SYSTEMPATH/View/View.php(216): CodeIgniter\View\View->CodeIgniter\View\{closure}()
 4 SYSTEMPATH/Common.php(1134): CodeIgniter\View\View->render('zayavki', [], true)
 5 APPPATH/Controllers/Zayavki.php(108): view('zayavki', [...])
 6 SYSTEMPATH/CodeIgniter.php(927): App\Controllers\Zayavki->zayavki()
 7 SYSTEMPATH/CodeIgniter.php(482): CodeIgniter\CodeIgniter->runController(Object(App\Controllers\Zayavki))
 8 SYSTEMPATH/CodeIgniter.php(351): CodeIgniter\CodeIgniter->handleRequest(null, Object(Config\Cache), false)
 9 FCPATH/index.php(67): CodeIgniter\CodeIgniter->run()
CRITICAL - 2023-01-24 08:46:24 --> Undefined variable: counterArea
in APPPATH/Views/zayavki.php on line 261.
 1 APPPATH/Views/zayavki.php(261): CodeIgniter\Debug\Exceptions->errorHandler(8, 'Undefined variable: counterArea', 'APPPATH/Views/zayavki.php', 261, [...])
 2 SYSTEMPATH/View/View.php(213): include('APPPATH/Views/zayavki.php')
 3 SYSTEMPATH/View/View.php(216): CodeIgniter\View\View->CodeIgniter\View\{closure}()
 4 SYSTEMPATH/Common.php(1134): CodeIgniter\View\View->render('zayavki', [], true)
 5 APPPATH/Controllers/Zayavki.php(108): view('zayavki', [...])
 6 SYSTEMPATH/CodeIgniter.php(927): App\Controllers\Zayavki->zayavki()
 7 SYSTEMPATH/CodeIgniter.php(482): CodeIgniter\CodeIgniter->runController(Object(App\Controllers\Zayavki))
 8 SYSTEMPATH/CodeIgniter.php(351): CodeIgniter\CodeIgniter->handleRequest(null, Object(Config\Cache), false)
 9 FCPATH/index.php(67): CodeIgniter\CodeIgniter->run()
CRITICAL - 2023-01-24 08:50:04 --> Class 'App\Models\DateTime' not found
in APPPATH/Models/Search.php on line 65.
 1 APPPATH/Controllers/Zayavki.php(126): App\Models\Search->lastPokaz()
 2 SYSTEMPATH/CodeIgniter.php(927): App\Controllers\Zayavki->ajax()
 3 SYSTEMPATH/CodeIgniter.php(482): CodeIgniter\CodeIgniter->runController(Object(App\Controllers\Zayavki))
 4 SYSTEMPATH/CodeIgniter.php(351): CodeIgniter\CodeIgniter->handleRequest(null, Object(Config\Cache), false)
 5 FCPATH/index.php(67): CodeIgniter\CodeIgniter->run()
CRITICAL - 2023-01-24 08:50:19 --> Class 'App\Models\DateTime' not found
in APPPATH/Models/Search.php on line 65.
 1 APPPATH/Controllers/Zayavki.php(126): App\Models\Search->lastPokaz()
 2 SYSTEMPATH/CodeIgniter.php(927): App\Controllers\Zayavki->ajax()
 3 SYSTEMPATH/CodeIgniter.php(482): CodeIgniter\CodeIgniter->runController(Object(App\Controllers\Zayavki))
 4 SYSTEMPATH/CodeIgniter.php(351): CodeIgniter\CodeIgniter->handleRequest(null, Object(Config\Cache), false)
 5 FCPATH/index.php(67): CodeIgniter\CodeIgniter->run()
CRITICAL - 2023-01-24 08:50:27 --> Class 'App\Models\DateTime' not found
in APPPATH/Models/Search.php on line 65.
 1 APPPATH/Controllers/Zayavki.php(126): App\Models\Search->lastPokaz()
 2 SYSTEMPATH/CodeIgniter.php(927): App\Controllers\Zayavki->ajax()
 3 SYSTEMPATH/CodeIgniter.php(482): CodeIgniter\CodeIgniter->runController(Object(App\Controllers\Zayavki))
 4 SYSTEMPATH/CodeIgniter.php(351): CodeIgniter\CodeIgniter->handleRequest(null, Object(Config\Cache), false)
 5 FCPATH/index.php(67): CodeIgniter\CodeIgniter->run()
CRITICAL - 2023-01-24 08:52:12 --> Undefined variable: usAreaName
in APPPATH/Views/zayavki.php on line 26.
 1 APPPATH/Views/zayavki.php(26): CodeIgniter\Debug\Exceptions->errorHandler(8, 'Undefined variable: usAreaName', 'APPPATH/Views/zayavki.php', 26, [...])
 2 SYSTEMPATH/View/View.php(213): include('APPPATH/Views/zayavki.php')
 3 SYSTEMPATH/View/View.php(216): CodeIgniter\View\View->CodeIgniter\View\{closure}()
 4 SYSTEMPATH/Common.php(1134): CodeIgniter\View\View->render('zayavki', [], true)
 5 APPPATH/Controllers/Zayavki.php(28): view('zayavki')
 6 SYSTEMPATH/CodeIgniter.php(927): App\Controllers\Zayavki->index()
 7 SYSTEMPATH/CodeIgniter.php(482): CodeIgniter\CodeIgniter->runController(Object(App\Controllers\Zayavki))
 8 SYSTEMPATH/CodeIgniter.php(351): CodeIgniter\CodeIgniter->handleRequest(null, Object(Config\Cache), false)
 9 FCPATH/index.php(67): CodeIgniter\CodeIgniter->run()
CRITICAL - 2023-01-24 08:52:54 --> Undefined variable: usAreaName
in APPPATH/Views/zayavki.php on line 26.
 1 APPPATH/Views/zayavki.php(26): CodeIgniter\Debug\Exceptions->errorHandler(8, 'Undefined variable: usAreaName', 'APPPATH/Views/zayavki.php', 26, [...])
 2 SYSTEMPATH/View/View.php(213): include('APPPATH/Views/zayavki.php')
 3 SYSTEMPATH/View/View.php(216): CodeIgniter\View\View->CodeIgniter\View\{closure}()
 4 SYSTEMPATH/Common.php(1134): CodeIgniter\View\View->render('zayavki', [], true)
 5 APPPATH/Controllers/Zayavki.php(28): view('zayavki')
 6 SYSTEMPATH/CodeIgniter.php(927): App\Controllers\Zayavki->index()
 7 SYSTEMPATH/CodeIgniter.php(482): CodeIgniter\CodeIgniter->runController(Object(App\Controllers\Zayavki))
 8 SYSTEMPATH/CodeIgniter.php(351): CodeIgniter\CodeIgniter->handleRequest(null, Object(Config\Cache), false)
 9 FCPATH/index.php(67): CodeIgniter\CodeIgniter->run()
CRITICAL - 2023-01-24 08:55:35 --> Class 'App\Models\DateTime' not found
in APPPATH/Models/Search.php on line 65.
 1 APPPATH/Controllers/Zayavki.php(126): App\Models\Search->lastPokaz()
 2 SYSTEMPATH/CodeIgniter.php(927): App\Controllers\Zayavki->ajax()
 3 SYSTEMPATH/CodeIgniter.php(482): CodeIgniter\CodeIgniter->runController(Object(App\Controllers\Zayavki))
 4 SYSTEMPATH/CodeIgniter.php(351): CodeIgniter\CodeIgniter->handleRequest(null, Object(Config\Cache), false)
 5 FCPATH/index.php(67): CodeIgniter\CodeIgniter->run()
ERROR - 2023-01-24 08:56:39 --> mysqli_sql_exception: Incorrect DATE value: '--1' in /ext/WWW/konex.com.ua/zayavki/system/Database/MySQLi/Connection.php:292
Stack trace:
#0 /ext/WWW/konex.com.ua/zayavki/system/Database/MySQLi/Connection.php(292): mysqli->query('SELECT p.index ...', 0)
#1 /ext/WWW/konex.com.ua/zayavki/system/Database/BaseConnection.php(666): CodeIgniter\Database\MySQLi\Connection->execute('SELECT p.index ...')
#2 /ext/WWW/konex.com.ua/zayavki/system/Database/BaseConnection.php(593): CodeIgniter\Database\BaseConnection->simpleQuery('SELECT p.index ...')
#3 /ext/WWW/konex.com.ua/zayavki/app/Models/Search.php(85): CodeIgniter\Database\BaseConnection->query('SELECT p.index ...')
#4 /ext/WWW/konex.com.ua/zayavki/app/Models/Search.php(77): App\Models\Search->checkPokaz('51', '--1', NULL)
#5 /ext/WWW/konex.com.ua/zayavki/app/Controllers/Zayavki.php(128): App\Models\Search->addPokaz(Object(CodeIgniter\HTTP\IncomingRequest))
#6 /ext/WWW/konex.com.ua/zayavki/system/CodeIgniter.php(927): App\Controllers\Zayavki->ajax()
#7 /ext/WWW/konex.com.ua/zayavki/system/CodeIgniter.php(482): CodeIgniter\CodeIgniter->runController(Object(App\Controllers\Zayavki))
#8 /ext/WWW/konex.com.ua/zayavki/system/CodeIgniter.php(351): CodeIgniter\CodeIgniter->handleRequest(NULL, Object(Config\Cache), false)
#9 /ext/WWW/konex.com.ua/zayavki/public/index.php(67): CodeIgniter\CodeIgniter->run()
#10 {main}
CRITICAL - 2023-01-24 08:56:39 --> Incorrect DATE value: '--1'
in SYSTEMPATH/Database/MySQLi/Connection.php on line 292.
 1 SYSTEMPATH/Database/MySQLi/Connection.php(292): mysqli->query('SELECT p.index FROM pokaz as p WHERE p.cId=51 AND p.ts<\'--1\' ORDER BY ts DESC LIMIT 1', 0)
 2 SYSTEMPATH/Database/BaseConnection.php(666): CodeIgniter\Database\MySQLi\Connection->execute('SELECT p.index FROM pokaz as p WHERE p.cId=51 AND p.ts<\'--1\' ORDER BY ts DESC LIMIT 1')
 3 SYSTEMPATH/Database/BaseConnection.php(593): CodeIgniter\Database\BaseConnection->simpleQuery('SELECT p.index FROM pokaz as p WHERE p.cId=51 AND p.ts<\'--1\' ORDER BY ts DESC LIMIT 1')
 4 APPPATH/Models/Search.php(85): CodeIgniter\Database\BaseConnection->query('SELECT p.index FROM pokaz as p WHERE p.cId=51 AND p.ts<\'--1\' ORDER BY ts DESC LIMIT 1')
 5 APPPATH/Models/Search.php(77): App\Models\Search->checkPokaz('51', '--1', null)
 6 APPPATH/Controllers/Zayavki.php(128): App\Models\Search->addPokaz(Object(CodeIgniter\HTTP\IncomingRequest))
 7 SYSTEMPATH/CodeIgniter.php(927): App\Controllers\Zayavki->ajax()
 8 SYSTEMPATH/CodeIgniter.php(482): CodeIgniter\CodeIgniter->runController(Object(App\Controllers\Zayavki))
 9 SYSTEMPATH/CodeIgniter.php(351): CodeIgniter\CodeIgniter->handleRequest(null, Object(Config\Cache), false)
10 FCPATH/index.php(67): CodeIgniter\CodeIgniter->run()
CRITICAL - 2023-01-24 08:57:32 --> Class 'App\Models\DateTime' not found
in APPPATH/Models/Search.php on line 65.
 1 APPPATH/Controllers/Zayavki.php(126): App\Models\Search->lastPokaz()
 2 SYSTEMPATH/CodeIgniter.php(927): App\Controllers\Zayavki->ajax()
 3 SYSTEMPATH/CodeIgniter.php(482): CodeIgniter\CodeIgniter->runController(Object(App\Controllers\Zayavki))
 4 SYSTEMPATH/CodeIgniter.php(351): CodeIgniter\CodeIgniter->handleRequest(null, Object(Config\Cache), false)
 5 FCPATH/index.php(67): CodeIgniter\CodeIgniter->run()
ERROR - 2023-01-24 08:57:34 --> mysqli_sql_exception: Incorrect DATE value: '--1' in /ext/WWW/konex.com.ua/zayavki/system/Database/MySQLi/Connection.php:292
Stack trace:
#0 /ext/WWW/konex.com.ua/zayavki/system/Database/MySQLi/Connection.php(292): mysqli->query('SELECT p.index ...', 0)
#1 /ext/WWW/konex.com.ua/zayavki/system/Database/BaseConnection.php(666): CodeIgniter\Database\MySQLi\Connection->execute('SELECT p.index ...')
#2 /ext/WWW/konex.com.ua/zayavki/system/Database/BaseConnection.php(593): CodeIgniter\Database\BaseConnection->simpleQuery('SELECT p.index ...')
#3 /ext/WWW/konex.com.ua/zayavki/app/Models/Search.php(85): CodeIgniter\Database\BaseConnection->query('SELECT p.index ...')
#4 /ext/WWW/konex.com.ua/zayavki/app/Models/Search.php(77): App\Models\Search->checkPokaz('51', '--1', NULL)
#5 /ext/WWW/konex.com.ua/zayavki/app/Controllers/Zayavki.php(128): App\Models\Search->addPokaz(Object(CodeIgniter\HTTP\IncomingRequest))
#6 /ext/WWW/konex.com.ua/zayavki/system/CodeIgniter.php(927): App\Controllers\Zayavki->ajax()
#7 /ext/WWW/konex.com.ua/zayavki/system/CodeIgniter.php(482): CodeIgniter\CodeIgniter->runController(Object(App\Controllers\Zayavki))
#8 /ext/WWW/konex.com.ua/zayavki/system/CodeIgniter.php(351): CodeIgniter\CodeIgniter->handleRequest(NULL, Object(Config\Cache), false)
#9 /ext/WWW/konex.com.ua/zayavki/public/index.php(67): CodeIgniter\CodeIgniter->run()
#10 {main}
CRITICAL - 2023-01-24 08:57:34 --> Incorrect DATE value: '--1'
in SYSTEMPATH/Database/MySQLi/Connection.php on line 292.
 1 SYSTEMPATH/Database/MySQLi/Connection.php(292): mysqli->query('SELECT p.index FROM pokaz as p WHERE p.cId=51 AND p.ts<\'--1\' ORDER BY ts DESC LIMIT 1', 0)
 2 SYSTEMPATH/Database/BaseConnection.php(666): CodeIgniter\Database\MySQLi\Connection->execute('SELECT p.index FROM pokaz as p WHERE p.cId=51 AND p.ts<\'--1\' ORDER BY ts DESC LIMIT 1')
 3 SYSTEMPATH/Database/BaseConnection.php(593): CodeIgniter\Database\BaseConnection->simpleQuery('SELECT p.index FROM pokaz as p WHERE p.cId=51 AND p.ts<\'--1\' ORDER BY ts DESC LIMIT 1')
 4 APPPATH/Models/Search.php(85): CodeIgniter\Database\BaseConnection->query('SELECT p.index FROM pokaz as p WHERE p.cId=51 AND p.ts<\'--1\' ORDER BY ts DESC LIMIT 1')
 5 APPPATH/Models/Search.php(77): App\Models\Search->checkPokaz('51', '--1', null)
 6 APPPATH/Controllers/Zayavki.php(128): App\Models\Search->addPokaz(Object(CodeIgniter\HTTP\IncomingRequest))
 7 SYSTEMPATH/CodeIgniter.php(927): App\Controllers\Zayavki->ajax()
 8 SYSTEMPATH/CodeIgniter.php(482): CodeIgniter\CodeIgniter->runController(Object(App\Controllers\Zayavki))
 9 SYSTEMPATH/CodeIgniter.php(351): CodeIgniter\CodeIgniter->handleRequest(null, Object(Config\Cache), false)
10 FCPATH/index.php(67): CodeIgniter\CodeIgniter->run()
CRITICAL - 2023-01-24 08:57:48 --> Class 'App\Models\DateTime' not found
in APPPATH/Models/Search.php on line 65.
 1 APPPATH/Controllers/Zayavki.php(126): App\Models\Search->lastPokaz()
 2 SYSTEMPATH/CodeIgniter.php(927): App\Controllers\Zayavki->ajax()
 3 SYSTEMPATH/CodeIgniter.php(482): CodeIgniter\CodeIgniter->runController(Object(App\Controllers\Zayavki))
 4 SYSTEMPATH/CodeIgniter.php(351): CodeIgniter\CodeIgniter->handleRequest(null, Object(Config\Cache), false)
 5 FCPATH/index.php(67): CodeIgniter\CodeIgniter->run()
ERROR - 2023-01-24 08:57:50 --> mysqli_sql_exception: Incorrect DATE value: '--1' in /ext/WWW/konex.com.ua/zayavki/system/Database/MySQLi/Connection.php:292
Stack trace:
#0 /ext/WWW/konex.com.ua/zayavki/system/Database/MySQLi/Connection.php(292): mysqli->query('SELECT p.index ...', 0)
#1 /ext/WWW/konex.com.ua/zayavki/system/Database/BaseConnection.php(666): CodeIgniter\Database\MySQLi\Connection->execute('SELECT p.index ...')
#2 /ext/WWW/konex.com.ua/zayavki/system/Database/BaseConnection.php(593): CodeIgniter\Database\BaseConnection->simpleQuery('SELECT p.index ...')
#3 /ext/WWW/konex.com.ua/zayavki/app/Models/Search.php(85): CodeIgniter\Database\BaseConnection->query('SELECT p.index ...')
#4 /ext/WWW/konex.com.ua/zayavki/app/Models/Search.php(77): App\Models\Search->checkPokaz('51', '--1', NULL)
#5 /ext/WWW/konex.com.ua/zayavki/app/Controllers/Zayavki.php(128): App\Models\Search->addPokaz(Object(CodeIgniter\HTTP\IncomingRequest))
#6 /ext/WWW/konex.com.ua/zayavki/system/CodeIgniter.php(927): App\Controllers\Zayavki->ajax()
#7 /ext/WWW/konex.com.ua/zayavki/system/CodeIgniter.php(482): CodeIgniter\CodeIgniter->runController(Object(App\Controllers\Zayavki))
#8 /ext/WWW/konex.com.ua/zayavki/system/CodeIgniter.php(351): CodeIgniter\CodeIgniter->handleRequest(NULL, Object(Config\Cache), false)
#9 /ext/WWW/konex.com.ua/zayavki/public/index.php(67): CodeIgniter\CodeIgniter->run()
#10 {main}
CRITICAL - 2023-01-24 08:57:50 --> Incorrect DATE value: '--1'
in SYSTEMPATH/Database/MySQLi/Connection.php on line 292.
 1 SYSTEMPATH/Database/MySQLi/Connection.php(292): mysqli->query('SELECT p.index FROM pokaz as p WHERE p.cId=51 AND p.ts<\'--1\' ORDER BY ts DESC LIMIT 1', 0)
 2 SYSTEMPATH/Database/BaseConnection.php(666): CodeIgniter\Database\MySQLi\Connection->execute('SELECT p.index FROM pokaz as p WHERE p.cId=51 AND p.ts<\'--1\' ORDER BY ts DESC LIMIT 1')
 3 SYSTEMPATH/Database/BaseConnection.php(593): CodeIgniter\Database\BaseConnection->simpleQuery('SELECT p.index FROM pokaz as p WHERE p.cId=51 AND p.ts<\'--1\' ORDER BY ts DESC LIMIT 1')
 4 APPPATH/Models/Search.php(85): CodeIgniter\Database\BaseConnection->query('SELECT p.index FROM pokaz as p WHERE p.cId=51 AND p.ts<\'--1\' ORDER BY ts DESC LIMIT 1')
 5 APPPATH/Models/Search.php(77): App\Models\Search->checkPokaz('51', '--1', null)
 6 APPPATH/Controllers/Zayavki.php(128): App\Models\Search->addPokaz(Object(CodeIgniter\HTTP\IncomingRequest))
 7 SYSTEMPATH/CodeIgniter.php(927): App\Controllers\Zayavki->ajax()
 8 SYSTEMPATH/CodeIgniter.php(482): CodeIgniter\CodeIgniter->runController(Object(App\Controllers\Zayavki))
 9 SYSTEMPATH/CodeIgniter.php(351): CodeIgniter\CodeIgniter->handleRequest(null, Object(Config\Cache), false)
10 FCPATH/index.php(67): CodeIgniter\CodeIgniter->run()
CRITICAL - 2023-01-24 09:00:46 --> Class 'App\Models\DateTime' not found
in APPPATH/Models/Search.php on line 65.
 1 APPPATH/Controllers/Zayavki.php(126): App\Models\Search->lastPokaz()
 2 SYSTEMPATH/CodeIgniter.php(927): App\Controllers\Zayavki->ajax()
 3 SYSTEMPATH/CodeIgniter.php(482): CodeIgniter\CodeIgniter->runController(Object(App\Controllers\Zayavki))
 4 SYSTEMPATH/CodeIgniter.php(351): CodeIgniter\CodeIgniter->handleRequest(null, Object(Config\Cache), false)
 5 FCPATH/index.php(67): CodeIgniter\CodeIgniter->run()
ERROR - 2023-01-24 09:00:49 --> mysqli_sql_exception: Incorrect DATE value: '--1' in /ext/WWW/konex.com.ua/zayavki/system/Database/MySQLi/Connection.php:292
Stack trace:
#0 /ext/WWW/konex.com.ua/zayavki/system/Database/MySQLi/Connection.php(292): mysqli->query('SELECT p.index ...', 0)
#1 /ext/WWW/konex.com.ua/zayavki/system/Database/BaseConnection.php(666): CodeIgniter\Database\MySQLi\Connection->execute('SELECT p.index ...')
#2 /ext/WWW/konex.com.ua/zayavki/system/Database/BaseConnection.php(593): CodeIgniter\Database\BaseConnection->simpleQuery('SELECT p.index ...')
#3 /ext/WWW/konex.com.ua/zayavki/app/Models/Search.php(85): CodeIgniter\Database\BaseConnection->query('SELECT p.index ...')
#4 /ext/WWW/konex.com.ua/zayavki/app/Models/Search.php(77): App\Models\Search->checkPokaz('51', '--1', NULL)
#5 /ext/WWW/konex.com.ua/zayavki/app/Controllers/Zayavki.php(128): App\Models\Search->addPokaz(Object(CodeIgniter\HTTP\IncomingRequest))
#6 /ext/WWW/konex.com.ua/zayavki/system/CodeIgniter.php(927): App\Controllers\Zayavki->ajax()
#7 /ext/WWW/konex.com.ua/zayavki/system/CodeIgniter.php(482): CodeIgniter\CodeIgniter->runController(Object(App\Controllers\Zayavki))
#8 /ext/WWW/konex.com.ua/zayavki/system/CodeIgniter.php(351): CodeIgniter\CodeIgniter->handleRequest(NULL, Object(Config\Cache), false)
#9 /ext/WWW/konex.com.ua/zayavki/public/index.php(67): CodeIgniter\CodeIgniter->run()
#10 {main}
CRITICAL - 2023-01-24 09:00:49 --> Incorrect DATE value: '--1'
in SYSTEMPATH/Database/MySQLi/Connection.php on line 292.
 1 SYSTEMPATH/Database/MySQLi/Connection.php(292): mysqli->query('SELECT p.index FROM pokaz as p WHERE p.cId=51 AND p.ts<\'--1\' ORDER BY ts DESC LIMIT 1', 0)
 2 SYSTEMPATH/Database/BaseConnection.php(666): CodeIgniter\Database\MySQLi\Connection->execute('SELECT p.index FROM pokaz as p WHERE p.cId=51 AND p.ts<\'--1\' ORDER BY ts DESC LIMIT 1')
 3 SYSTEMPATH/Database/BaseConnection.php(593): CodeIgniter\Database\BaseConnection->simpleQuery('SELECT p.index FROM pokaz as p WHERE p.cId=51 AND p.ts<\'--1\' ORDER BY ts DESC LIMIT 1')
 4 APPPATH/Models/Search.php(85): CodeIgniter\Database\BaseConnection->query('SELECT p.index FROM pokaz as p WHERE p.cId=51 AND p.ts<\'--1\' ORDER BY ts DESC LIMIT 1')
 5 APPPATH/Models/Search.php(77): App\Models\Search->checkPokaz('51', '--1', null)
 6 APPPATH/Controllers/Zayavki.php(128): App\Models\Search->addPokaz(Object(CodeIgniter\HTTP\IncomingRequest))
 7 SYSTEMPATH/CodeIgniter.php(927): App\Controllers\Zayavki->ajax()
 8 SYSTEMPATH/CodeIgniter.php(482): CodeIgniter\CodeIgniter->runController(Object(App\Controllers\Zayavki))
 9 SYSTEMPATH/CodeIgniter.php(351): CodeIgniter\CodeIgniter->handleRequest(null, Object(Config\Cache), false)
10 FCPATH/index.php(67): CodeIgniter\CodeIgniter->run()
CRITICAL - 2023-01-24 09:01:34 --> Class 'App\Models\DateTime' not found
in APPPATH/Models/Search.php on line 65.
 1 APPPATH/Controllers/Zayavki.php(126): App\Models\Search->lastPokaz()
 2 SYSTEMPATH/CodeIgniter.php(927): App\Controllers\Zayavki->ajax()
 3 SYSTEMPATH/CodeIgniter.php(482): CodeIgniter\CodeIgniter->runController(Object(App\Controllers\Zayavki))
 4 SYSTEMPATH/CodeIgniter.php(351): CodeIgniter\CodeIgniter->handleRequest(null, Object(Config\Cache), false)
 5 FCPATH/index.php(67): CodeIgniter\CodeIgniter->run()
CRITICAL - 2023-01-24 09:01:58 --> Class 'App\Models\DateTime' not found
in APPPATH/Models/Search.php on line 65.
 1 APPPATH/Controllers/Zayavki.php(126): App\Models\Search->lastPokaz()
 2 SYSTEMPATH/CodeIgniter.php(927): App\Controllers\Zayavki->ajax()
 3 SYSTEMPATH/CodeIgniter.php(482): CodeIgniter\CodeIgniter->runController(Object(App\Controllers\Zayavki))
 4 SYSTEMPATH/CodeIgniter.php(351): CodeIgniter\CodeIgniter->handleRequest(null, Object(Config\Cache), false)
 5 FCPATH/index.php(67): CodeIgniter\CodeIgniter->run()
CRITICAL - 2023-01-24 09:07:58 --> Class 'App\Models\DateTime' not found
in APPPATH/Models/Search.php on line 65.
 1 APPPATH/Controllers/Zayavki.php(126): App\Models\Search->lastPokaz()
 2 SYSTEMPATH/CodeIgniter.php(927): App\Controllers\Zayavki->ajax()
 3 SYSTEMPATH/CodeIgniter.php(482): CodeIgniter\CodeIgniter->runController(Object(App\Controllers\Zayavki))
 4 SYSTEMPATH/CodeIgniter.php(351): CodeIgniter\CodeIgniter->handleRequest(null, Object(Config\Cache), false)
 5 FCPATH/index.php(67): CodeIgniter\CodeIgniter->run()
CRITICAL - 2023-01-24 09:08:04 --> Trying to get property 'index' of non-object
in APPPATH/Models/Search.php on line 86.
 1 APPPATH/Models/Search.php(86): CodeIgniter\Debug\Exceptions->errorHandler(8, 'Trying to get property \'index\' of non-object', 'APPPATH/Models/Search.php', 86, [...])
 2 APPPATH/Models/Search.php(78): App\Models\Search->checkPokaz('51', '2022-12-1', null)
 3 APPPATH/Controllers/Zayavki.php(128): App\Models\Search->addPokaz(Object(CodeIgniter\HTTP\IncomingRequest))
 4 SYSTEMPATH/CodeIgniter.php(927): App\Controllers\Zayavki->ajax()
 5 SYSTEMPATH/CodeIgniter.php(482): CodeIgniter\CodeIgniter->runController(Object(App\Controllers\Zayavki))
 6 SYSTEMPATH/CodeIgniter.php(351): CodeIgniter\CodeIgniter->handleRequest(null, Object(Config\Cache), false)
 7 FCPATH/index.php(67): CodeIgniter\CodeIgniter->run()
CRITICAL - 2023-01-24 09:09:02 --> Class 'App\Models\DateTime' not found
in APPPATH/Models/Search.php on line 65.
 1 APPPATH/Controllers/Zayavki.php(126): App\Models\Search->lastPokaz()
 2 SYSTEMPATH/CodeIgniter.php(927): App\Controllers\Zayavki->ajax()
 3 SYSTEMPATH/CodeIgniter.php(482): CodeIgniter\CodeIgniter->runController(Object(App\Controllers\Zayavki))
 4 SYSTEMPATH/CodeIgniter.php(351): CodeIgniter\CodeIgniter->handleRequest(null, Object(Config\Cache), false)
 5 FCPATH/index.php(67): CodeIgniter\CodeIgniter->run()
CRITICAL - 2023-01-24 09:09:03 --> Trying to get property 'index' of non-object
in APPPATH/Models/Search.php on line 87.
 1 APPPATH/Models/Search.php(87): CodeIgniter\Debug\Exceptions->errorHandler(8, 'Trying to get property \'index\' of non-object', 'APPPATH/Models/Search.php', 87, [...])
 2 APPPATH/Models/Search.php(78): App\Models\Search->checkPokaz('51', '2022-12-1', null)
 3 APPPATH/Controllers/Zayavki.php(128): App\Models\Search->addPokaz(Object(CodeIgniter\HTTP\IncomingRequest))
 4 SYSTEMPATH/CodeIgniter.php(927): App\Controllers\Zayavki->ajax()
 5 SYSTEMPATH/CodeIgniter.php(482): CodeIgniter\CodeIgniter->runController(Object(App\Controllers\Zayavki))
 6 SYSTEMPATH/CodeIgniter.php(351): CodeIgniter\CodeIgniter->handleRequest(null, Object(Config\Cache), false)
 7 FCPATH/index.php(67): CodeIgniter\CodeIgniter->run()
CRITICAL - 2023-01-24 09:09:21 --> Class 'App\Models\DateTime' not found
in APPPATH/Models/Search.php on line 65.
 1 APPPATH/Controllers/Zayavki.php(126): App\Models\Search->lastPokaz()
 2 SYSTEMPATH/CodeIgniter.php(927): App\Controllers\Zayavki->ajax()
 3 SYSTEMPATH/CodeIgniter.php(482): CodeIgniter\CodeIgniter->runController(Object(App\Controllers\Zayavki))
 4 SYSTEMPATH/CodeIgniter.php(351): CodeIgniter\CodeIgniter->handleRequest(null, Object(Config\Cache), false)
 5 FCPATH/index.php(67): CodeIgniter\CodeIgniter->run()
CRITICAL - 2023-01-24 09:09:23 --> Trying to access array offset on value of type null
in APPPATH/Models/Search.php on line 87.
 1 APPPATH/Models/Search.php(87): CodeIgniter\Debug\Exceptions->errorHandler(8, 'Trying to access array offset on value of type null', 'APPPATH/Models/Search.php', 87, [...])
 2 APPPATH/Models/Search.php(78): App\Models\Search->checkPokaz('51', '2022-12-1', null)
 3 APPPATH/Controllers/Zayavki.php(128): App\Models\Search->addPokaz(Object(CodeIgniter\HTTP\IncomingRequest))
 4 SYSTEMPATH/CodeIgniter.php(927): App\Controllers\Zayavki->ajax()
 5 SYSTEMPATH/CodeIgniter.php(482): CodeIgniter\CodeIgniter->runController(Object(App\Controllers\Zayavki))
 6 SYSTEMPATH/CodeIgniter.php(351): CodeIgniter\CodeIgniter->handleRequest(null, Object(Config\Cache), false)
 7 FCPATH/index.php(67): CodeIgniter\CodeIgniter->run()
CRITICAL - 2023-01-24 09:10:08 --> Class 'App\Models\DateTime' not found
in APPPATH/Models/Search.php on line 65.
 1 APPPATH/Controllers/Zayavki.php(126): App\Models\Search->lastPokaz()
 2 SYSTEMPATH/CodeIgniter.php(927): App\Controllers\Zayavki->ajax()
 3 SYSTEMPATH/CodeIgniter.php(482): CodeIgniter\CodeIgniter->runController(Object(App\Controllers\Zayavki))
 4 SYSTEMPATH/CodeIgniter.php(351): CodeIgniter\CodeIgniter->handleRequest(null, Object(Config\Cache), false)
 5 FCPATH/index.php(67): CodeIgniter\CodeIgniter->run()
ERROR - 2023-01-24 09:56:55 --> mysqli_sql_exception: You have an error in your SQL syntax; check the manual that corresponds to your MySQL server version for the right syntax to use near 'DESC' at line 1 in /ext/WWW/konex.com.ua/zayavki/system/Database/MySQLi/Connection.php:292
Stack trace:
#0 /ext/WWW/konex.com.ua/zayavki/system/Database/MySQLi/Connection.php(292): mysqli->query('SELECT ts, p.in...', 0)
#1 /ext/WWW/konex.com.ua/zayavki/system/Database/BaseConnection.php(666): CodeIgniter\Database\MySQLi\Connection->execute('SELECT ts, p.in...')
#2 /ext/WWW/konex.com.ua/zayavki/system/Database/BaseConnection.php(593): CodeIgniter\Database\BaseConnection->simpleQuery('SELECT ts, p.in...')
#3 /ext/WWW/konex.com.ua/zayavki/app/Models/Search.php(121): CodeIgniter\Database\BaseConnection->query('SELECT ts, p.in...')
#4 /ext/WWW/konex.com.ua/zayavki/app/Models/Search.php(103): App\Models\Search->getConsume('1')
#5 /ext/WWW/konex.com.ua/zayavki/app/Models/Search.php(79): App\Models\Search->addPokazC('1', NULL, '2018', '4')
#6 /ext/WWW/konex.com.ua/zayavki/app/Controllers/Zayavki.php(128): App\Models\Search->addPokaz(Object(CodeIgniter\HTTP\IncomingRequest))
#7 /ext/WWW/konex.com.ua/zayavki/system/CodeIgniter.php(927): App\Controllers\Zayavki->ajax()
#8 /ext/WWW/konex.com.ua/zayavki/system/CodeIgniter.php(482): CodeIgniter\CodeIgniter->runController(Object(App\Controllers\Zayavki))
#9 /ext/WWW/konex.com.ua/zayavki/system/CodeIgniter.php(351): CodeIgniter\CodeIgniter->handleRequest(NULL, Object(Config\Cache), false)
#10 /ext/WWW/konex.com.ua/zayavki/public/index.php(67): CodeIgniter\CodeIgniter->run()
#11 {main}
CRITICAL - 2023-01-24 09:56:55 --> You have an error in your SQL syntax; check the manual that corresponds to your MySQL server version for the right syntax to use near 'DESC' at line 1
in SYSTEMPATH/Database/MySQLi/Connection.php on line 292.
 1 SYSTEMPATH/Database/MySQLi/Connection.php(292): mysqli->query('SELECT ts, p.index FROM pokaz As p WHERE cid=1 GROUP BY ts DESC', 0)
 2 SYSTEMPATH/Database/BaseConnection.php(666): CodeIgniter\Database\MySQLi\Connection->execute('SELECT ts, p.index FROM pokaz As p WHERE cid=1 GROUP BY ts DESC')
 3 SYSTEMPATH/Database/BaseConnection.php(593): CodeIgniter\Database\BaseConnection->simpleQuery('SELECT ts, p.index FROM pokaz As p WHERE cid=1 GROUP BY ts DESC')
 4 APPPATH/Models/Search.php(121): CodeIgniter\Database\BaseConnection->query('SELECT ts, p.index FROM pokaz As p WHERE cid=1 GROUP BY ts DESC')
 5 APPPATH/Models/Search.php(103): App\Models\Search->getConsume('1')
 6 APPPATH/Models/Search.php(79): App\Models\Search->addPokazC('1', null, '2018', '4')
 7 APPPATH/Controllers/Zayavki.php(128): App\Models\Search->addPokaz(Object(CodeIgniter\HTTP\IncomingRequest))
 8 SYSTEMPATH/CodeIgniter.php(927): App\Controllers\Zayavki->ajax()
 9 SYSTEMPATH/CodeIgniter.php(482): CodeIgniter\CodeIgniter->runController(Object(App\Controllers\Zayavki))
10 SYSTEMPATH/CodeIgniter.php(351): CodeIgniter\CodeIgniter->handleRequest(null, Object(Config\Cache), false)
11 FCPATH/index.php(67): CodeIgniter\CodeIgniter->run()
ERROR - 2023-01-24 09:57:53 --> mysqli_sql_exception: You have an error in your SQL syntax; check the manual that corresponds to your MySQL server version for the right syntax to use near 'DESC' at line 1 in /ext/WWW/konex.com.ua/zayavki/system/Database/MySQLi/Connection.php:292
Stack trace:
#0 /ext/WWW/konex.com.ua/zayavki/system/Database/MySQLi/Connection.php(292): mysqli->query('SELECT ts, p.in...', 0)
#1 /ext/WWW/konex.com.ua/zayavki/system/Database/BaseConnection.php(666): CodeIgniter\Database\MySQLi\Connection->execute('SELECT ts, p.in...')
#2 /ext/WWW/konex.com.ua/zayavki/system/Database/BaseConnection.php(593): CodeIgniter\Database\BaseConnection->simpleQuery('SELECT ts, p.in...')
#3 /ext/WWW/konex.com.ua/zayavki/app/Models/Search.php(121): CodeIgniter\Database\BaseConnection->query('SELECT ts, p.in...')
#4 /ext/WWW/konex.com.ua/zayavki/app/Models/Search.php(103): App\Models\Search->getConsume('1')
#5 /ext/WWW/konex.com.ua/zayavki/app/Models/Search.php(79): App\Models\Search->addPokazC('1', NULL, '2018', '4')
#6 /ext/WWW/konex.com.ua/zayavki/app/Controllers/Zayavki.php(128): App\Models\Search->addPokaz(Object(CodeIgniter\HTTP\IncomingRequest))
#7 /ext/WWW/konex.com.ua/zayavki/system/CodeIgniter.php(927): App\Controllers\Zayavki->ajax()
#8 /ext/WWW/konex.com.ua/zayavki/system/CodeIgniter.php(482): CodeIgniter\CodeIgniter->runController(Object(App\Controllers\Zayavki))
#9 /ext/WWW/konex.com.ua/zayavki/system/CodeIgniter.php(351): CodeIgniter\CodeIgniter->handleRequest(NULL, Object(Config\Cache), false)
#10 /ext/WWW/konex.com.ua/zayavki/public/index.php(67): CodeIgniter\CodeIgniter->run()
#11 {main}
CRITICAL - 2023-01-24 09:57:53 --> You have an error in your SQL syntax; check the manual that corresponds to your MySQL server version for the right syntax to use near 'DESC' at line 1
in SYSTEMPATH/Database/MySQLi/Connection.php on line 292.
 1 SYSTEMPATH/Database/MySQLi/Connection.php(292): mysqli->query('SELECT ts, p.index FROM pokaz As p WHERE cid=1 GROUP BY ts DESC', 0)
 2 SYSTEMPATH/Database/BaseConnection.php(666): CodeIgniter\Database\MySQLi\Connection->execute('SELECT ts, p.index FROM pokaz As p WHERE cid=1 GROUP BY ts DESC')
 3 SYSTEMPATH/Database/BaseConnection.php(593): CodeIgniter\Database\BaseConnection->simpleQuery('SELECT ts, p.index FROM pokaz As p WHERE cid=1 GROUP BY ts DESC')
 4 APPPATH/Models/Search.php(121): CodeIgniter\Database\BaseConnection->query('SELECT ts, p.index FROM pokaz As p WHERE cid=1 GROUP BY ts DESC')
 5 APPPATH/Models/Search.php(103): App\Models\Search->getConsume('1')
 6 APPPATH/Models/Search.php(79): App\Models\Search->addPokazC('1', null, '2018', '4')
 7 APPPATH/Controllers/Zayavki.php(128): App\Models\Search->addPokaz(Object(CodeIgniter\HTTP\IncomingRequest))
 8 SYSTEMPATH/CodeIgniter.php(927): App\Controllers\Zayavki->ajax()
 9 SYSTEMPATH/CodeIgniter.php(482): CodeIgniter\CodeIgniter->runController(Object(App\Controllers\Zayavki))
10 SYSTEMPATH/CodeIgniter.php(351): CodeIgniter\CodeIgniter->handleRequest(null, Object(Config\Cache), false)
11 FCPATH/index.php(67): CodeIgniter\CodeIgniter->run()
CRITICAL - 2023-01-24 10:00:08 --> Trying to get property 'spokaz' of non-object
in APPPATH/Models/Search.php on line 123.
 1 APPPATH/Models/Search.php(123): CodeIgniter\Debug\Exceptions->errorHandler(8, 'Trying to get property \'spokaz\' of non-object', 'APPPATH/Models/Search.php', 123, [...])
 2 APPPATH/Models/Search.php(103): App\Models\Search->getConsume('1')
 3 APPPATH/Models/Search.php(79): App\Models\Search->addPokazC('1', null, '2022', '12')
 4 APPPATH/Controllers/Zayavki.php(128): App\Models\Search->addPokaz(Object(CodeIgniter\HTTP\IncomingRequest))
 5 SYSTEMPATH/CodeIgniter.php(927): App\Controllers\Zayavki->ajax()
 6 SYSTEMPATH/CodeIgniter.php(482): CodeIgniter\CodeIgniter->runController(Object(App\Controllers\Zayavki))
 7 SYSTEMPATH/CodeIgniter.php(351): CodeIgniter\CodeIgniter->handleRequest(null, Object(Config\Cache), false)
 8 FCPATH/index.php(67): CodeIgniter\CodeIgniter->run()
CRITICAL - 2023-01-24 10:00:43 --> Trying to access array offset on value of type null
in APPPATH/Models/Search.php on line 123.
 1 APPPATH/Models/Search.php(123): CodeIgniter\Debug\Exceptions->errorHandler(8, 'Trying to access array offset on value of type null', 'APPPATH/Models/Search.php', 123, [...])
 2 APPPATH/Models/Search.php(103): App\Models\Search->getConsume('1')
 3 APPPATH/Models/Search.php(79): App\Models\Search->addPokazC('1', null, '2022', '12')
 4 APPPATH/Controllers/Zayavki.php(128): App\Models\Search->addPokaz(Object(CodeIgniter\HTTP\IncomingRequest))
 5 SYSTEMPATH/CodeIgniter.php(927): App\Controllers\Zayavki->ajax()
 6 SYSTEMPATH/CodeIgniter.php(482): CodeIgniter\CodeIgniter->runController(Object(App\Controllers\Zayavki))
 7 SYSTEMPATH/CodeIgniter.php(351): CodeIgniter\CodeIgniter->handleRequest(null, Object(Config\Cache), false)
 8 FCPATH/index.php(67): CodeIgniter\CodeIgniter->run()
CRITICAL - 2023-01-24 10:03:49 --> syntax error, unexpected '?'
in APPPATH/Models/Search.php on line 103.
 1 SYSTEMPATH/Autoloader/Autoloader.php(259): CodeIgniter\Autoloader\Autoloader->includeFile('APPPATH/Models/Search.php')
 2 SYSTEMPATH/Autoloader/Autoloader.php(237): CodeIgniter\Autoloader\Autoloader->loadInNamespace('App\\Models\\Search')
 3 [internal function]: CodeIgniter\Autoloader\Autoloader->loadClass('App\\Models\\Search')
 4 APPPATH/Controllers/Zayavki.php(20): spl_autoload_call('App\\Models\\Search')
 5 SYSTEMPATH/CodeIgniter.php(889): App\Controllers\Zayavki->__construct()
 6 SYSTEMPATH/CodeIgniter.php(473): CodeIgniter\CodeIgniter->createController()
 7 SYSTEMPATH/CodeIgniter.php(351): CodeIgniter\CodeIgniter->handleRequest(null, Object(Config\Cache), false)
 8 FCPATH/index.php(67): CodeIgniter\CodeIgniter->run()
CRITICAL - 2023-01-24 10:04:06 --> Object of class App\Models\Search could not be converted to string
in APPPATH/Models/Search.php on line 103.
 1 APPPATH/Models/Search.php(79): App\Models\Search->addPokazC('1', null, '2022', '12')
 2 APPPATH/Controllers/Zayavki.php(128): App\Models\Search->addPokaz(Object(CodeIgniter\HTTP\IncomingRequest))
 3 SYSTEMPATH/CodeIgniter.php(927): App\Controllers\Zayavki->ajax()
 4 SYSTEMPATH/CodeIgniter.php(482): CodeIgniter\CodeIgniter->runController(Object(App\Controllers\Zayavki))
 5 SYSTEMPATH/CodeIgniter.php(351): CodeIgniter\CodeIgniter->handleRequest(null, Object(Config\Cache), false)
 6 FCPATH/index.php(67): CodeIgniter\CodeIgniter->run()
CRITICAL - 2023-01-24 10:05:31 --> Trying to access array offset on value of type null
in APPPATH/Models/Search.php on line 123.
 1 APPPATH/Models/Search.php(123): CodeIgniter\Debug\Exceptions->errorHandler(8, 'Trying to access array offset on value of type null', 'APPPATH/Models/Search.php', 123, [...])
 2 APPPATH/Models/Search.php(103): App\Models\Search->getConsume('1')
 3 APPPATH/Models/Search.php(79): App\Models\Search->addPokazC('1', null, '2022', '12')
 4 APPPATH/Controllers/Zayavki.php(128): App\Models\Search->addPokaz(Object(CodeIgniter\HTTP\IncomingRequest))
 5 SYSTEMPATH/CodeIgniter.php(927): App\Controllers\Zayavki->ajax()
 6 SYSTEMPATH/CodeIgniter.php(482): CodeIgniter\CodeIgniter->runController(Object(App\Controllers\Zayavki))
 7 SYSTEMPATH/CodeIgniter.php(351): CodeIgniter\CodeIgniter->handleRequest(null, Object(Config\Cache), false)
 8 FCPATH/index.php(67): CodeIgniter\CodeIgniter->run()
CRITICAL - 2023-01-24 10:06:03 --> Trying to get property 'spokaz' of non-object
in APPPATH/Models/Search.php on line 123.
 1 APPPATH/Models/Search.php(123): CodeIgniter\Debug\Exceptions->errorHandler(8, 'Trying to get property \'spokaz\' of non-object', 'APPPATH/Models/Search.php', 123, [...])
 2 APPPATH/Models/Search.php(103): App\Models\Search->getConsume('1')
 3 APPPATH/Models/Search.php(79): App\Models\Search->addPokazC('1', null, '2022', '12')
 4 APPPATH/Controllers/Zayavki.php(128): App\Models\Search->addPokaz(Object(CodeIgniter\HTTP\IncomingRequest))
 5 SYSTEMPATH/CodeIgniter.php(927): App\Controllers\Zayavki->ajax()
 6 SYSTEMPATH/CodeIgniter.php(482): CodeIgniter\CodeIgniter->runController(Object(App\Controllers\Zayavki))
 7 SYSTEMPATH/CodeIgniter.php(351): CodeIgniter\CodeIgniter->handleRequest(null, Object(Config\Cache), false)
 8 FCPATH/index.php(67): CodeIgniter\CodeIgniter->run()
CRITICAL - 2023-01-24 10:06:57 --> Trying to access array offset on value of type null
in APPPATH/Models/Search.php on line 123.
 1 APPPATH/Models/Search.php(123): CodeIgniter\Debug\Exceptions->errorHandler(8, 'Trying to access array offset on value of type null', 'APPPATH/Models/Search.php', 123, [...])
 2 APPPATH/Models/Search.php(103): App\Models\Search->getConsume('1')
 3 APPPATH/Models/Search.php(79): App\Models\Search->addPokazC('1', null, '2022', '12')
 4 APPPATH/Controllers/Zayavki.php(128): App\Models\Search->addPokaz(Object(CodeIgniter\HTTP\IncomingRequest))
 5 SYSTEMPATH/CodeIgniter.php(927): App\Controllers\Zayavki->ajax()
 6 SYSTEMPATH/CodeIgniter.php(482): CodeIgniter\CodeIgniter->runController(Object(App\Controllers\Zayavki))
 7 SYSTEMPATH/CodeIgniter.php(351): CodeIgniter\CodeIgniter->handleRequest(null, Object(Config\Cache), false)
 8 FCPATH/index.php(67): CodeIgniter\CodeIgniter->run()
CRITICAL - 2023-01-24 10:08:54 --> Trying to access array offset on value of type null
in APPPATH/Models/Search.php on line 123.
 1 APPPATH/Models/Search.php(123): CodeIgniter\Debug\Exceptions->errorHandler(8, 'Trying to access array offset on value of type null', 'APPPATH/Models/Search.php', 123, [...])
 2 APPPATH/Models/Search.php(103): App\Models\Search->getConsume('1')
 3 APPPATH/Models/Search.php(79): App\Models\Search->addPokazC('1', null, '2022', '12')
 4 APPPATH/Controllers/Zayavki.php(128): App\Models\Search->addPokaz(Object(CodeIgniter\HTTP\IncomingRequest))
 5 SYSTEMPATH/CodeIgniter.php(927): App\Controllers\Zayavki->ajax()
 6 SYSTEMPATH/CodeIgniter.php(482): CodeIgniter\CodeIgniter->runController(Object(App\Controllers\Zayavki))
 7 SYSTEMPATH/CodeIgniter.php(351): CodeIgniter\CodeIgniter->handleRequest(null, Object(Config\Cache), false)
 8 FCPATH/index.php(67): CodeIgniter\CodeIgniter->run()
CRITICAL - 2023-01-24 10:10:36 --> Trying to access array offset on value of type null
in APPPATH/Models/Search.php on line 103.
 1 APPPATH/Models/Search.php(103): CodeIgniter\Debug\Exceptions->errorHandler(8, 'Trying to access array offset on value of type null', 'APPPATH/Models/Search.php', 103, [...])
 2 APPPATH/Models/Search.php(79): App\Models\Search->addPokazC('1', null, '2022', '12')
 3 APPPATH/Controllers/Zayavki.php(128): App\Models\Search->addPokaz(Object(CodeIgniter\HTTP\IncomingRequest))
 4 SYSTEMPATH/CodeIgniter.php(927): App\Controllers\Zayavki->ajax()
 5 SYSTEMPATH/CodeIgniter.php(482): CodeIgniter\CodeIgniter->runController(Object(App\Controllers\Zayavki))
 6 SYSTEMPATH/CodeIgniter.php(351): CodeIgniter\CodeIgniter->handleRequest(null, Object(Config\Cache), false)
 7 FCPATH/index.php(67): CodeIgniter\CodeIgniter->run()
CRITICAL - 2023-01-24 10:11:57 --> Trying to access array offset on value of type null
in APPPATH/Models/Search.php on line 123.
 1 APPPATH/Models/Search.php(123): CodeIgniter\Debug\Exceptions->errorHandler(8, 'Trying to access array offset on value of type null', 'APPPATH/Models/Search.php', 123, [...])
 2 APPPATH/Models/Search.php(103): App\Models\Search->getConsume('1')
 3 APPPATH/Models/Search.php(79): App\Models\Search->addPokazC('1', null, '2022', '12')
 4 APPPATH/Controllers/Zayavki.php(128): App\Models\Search->addPokaz(Object(CodeIgniter\HTTP\IncomingRequest))
 5 SYSTEMPATH/CodeIgniter.php(927): App\Controllers\Zayavki->ajax()
 6 SYSTEMPATH/CodeIgniter.php(482): CodeIgniter\CodeIgniter->runController(Object(App\Controllers\Zayavki))
 7 SYSTEMPATH/CodeIgniter.php(351): CodeIgniter\CodeIgniter->handleRequest(null, Object(Config\Cache), false)
 8 FCPATH/index.php(67): CodeIgniter\CodeIgniter->run()
CRITICAL - 2023-01-24 10:12:22 --> Trying to access array offset on value of type null
in APPPATH/Models/Search.php on line 123.
 1 APPPATH/Models/Search.php(123): CodeIgniter\Debug\Exceptions->errorHandler(8, 'Trying to access array offset on value of type null', 'APPPATH/Models/Search.php', 123, [...])
 2 APPPATH/Models/Search.php(103): App\Models\Search->getConsume('1')
 3 APPPATH/Models/Search.php(79): App\Models\Search->addPokazC('1', null, '2022', '12')
 4 APPPATH/Controllers/Zayavki.php(128): App\Models\Search->addPokaz(Object(CodeIgniter\HTTP\IncomingRequest))
 5 SYSTEMPATH/CodeIgniter.php(927): App\Controllers\Zayavki->ajax()
 6 SYSTEMPATH/CodeIgniter.php(482): CodeIgniter\CodeIgniter->runController(Object(App\Controllers\Zayavki))
 7 SYSTEMPATH/CodeIgniter.php(351): CodeIgniter\CodeIgniter->handleRequest(null, Object(Config\Cache), false)
 8 FCPATH/index.php(67): CodeIgniter\CodeIgniter->run()
CRITICAL - 2023-01-24 10:12:56 --> Call to undefined method CodeIgniter\Database\MySQLi\Connection::insert()
in APPPATH/Models/Search.php on line 105.
 1 APPPATH/Models/Search.php(79): App\Models\Search->addPokazC('1', null, '2022', '12')
 2 APPPATH/Controllers/Zayavki.php(128): App\Models\Search->addPokaz(Object(CodeIgniter\HTTP\IncomingRequest))
 3 SYSTEMPATH/CodeIgniter.php(927): App\Controllers\Zayavki->ajax()
 4 SYSTEMPATH/CodeIgniter.php(482): CodeIgniter\CodeIgniter->runController(Object(App\Controllers\Zayavki))
 5 SYSTEMPATH/CodeIgniter.php(351): CodeIgniter\CodeIgniter->handleRequest(null, Object(Config\Cache), false)
 6 FCPATH/index.php(67): CodeIgniter\CodeIgniter->run()
