CRITICAL - 2023-03-13 07:05:35 --> Undefined property: App\Controllers\Meters::$output
in APPPATH/Controllers/Meters.php on line 156.
 1 APPPATH/Controllers/Meters.php(156): CodeIgniter\Debug\Exceptions->errorHandler(8, 'Undefined property: App\\Controllers\\Meters::$output', 'APPPATH/Controllers/Meters.php', 156, [...])
 2 SYSTEMPATH/CodeIgniter.php(927): App\Controllers\Meters->telegram()
 3 SYSTEMPATH/CodeIgniter.php(482): CodeIgniter\CodeIgniter->runController(Object(App\Controllers\Meters))
 4 SYSTEMPATH/CodeIgniter.php(351): CodeIgniter\CodeIgniter->handleRequest(null, Object(Config\Cache), false)
 5 FCPATH/index.php(67): CodeIgniter\CodeIgniter->run()
CRITICAL - 2023-03-13 07:05:40 --> Undefined property: App\Controllers\Meters::$output
in APPPATH/Controllers/Meters.php on line 156.
 1 APPPATH/Controllers/Meters.php(156): CodeIgniter\Debug\Exceptions->errorHandler(8, 'Undefined property: App\\Controllers\\Meters::$output', 'APPPATH/Controllers/Meters.php', 156, [...])
 2 SYSTEMPATH/CodeIgniter.php(927): App\Controllers\Meters->telegram()
 3 SYSTEMPATH/CodeIgniter.php(482): CodeIgniter\CodeIgniter->runController(Object(App\Controllers\Meters))
 4 SYSTEMPATH/CodeIgniter.php(351): CodeIgniter\CodeIgniter->handleRequest(null, Object(Config\Cache), false)
 5 FCPATH/index.php(67): CodeIgniter\CodeIgniter->run()
CRITICAL - 2023-03-13 07:06:54 --> Undefined property: App\Controllers\Meters::$output
in APPPATH/Controllers/Meters.php on line 156.
 1 APPPATH/Controllers/Meters.php(156): CodeIgniter\Debug\Exceptions->errorHandler(8, 'Undefined property: App\\Controllers\\Meters::$output', 'APPPATH/Controllers/Meters.php', 156, [...])
 2 SYSTEMPATH/CodeIgniter.php(927): App\Controllers\Meters->telegram()
 3 SYSTEMPATH/CodeIgniter.php(482): CodeIgniter\CodeIgniter->runController(Object(App\Controllers\Meters))
 4 SYSTEMPATH/CodeIgniter.php(351): CodeIgniter\CodeIgniter->handleRequest(null, Object(Config\Cache), false)
 5 FCPATH/index.php(67): CodeIgniter\CodeIgniter->run()
CRITICAL - 2023-03-13 07:08:31 --> Call to undefined method App\Controllers\Meters::response()
in APPPATH/Controllers/Meters.php on line 156.
 1 SYSTEMPATH/CodeIgniter.php(927): App\Controllers\Meters->telegram()
 2 SYSTEMPATH/CodeIgniter.php(482): CodeIgniter\CodeIgniter->runController(Object(App\Controllers\Meters))
 3 SYSTEMPATH/CodeIgniter.php(351): CodeIgniter\CodeIgniter->handleRequest(null, Object(Config\Cache), false)
 4 FCPATH/index.php(67): CodeIgniter\CodeIgniter->run()
CRITICAL - 2023-03-13 07:08:47 --> Call to undefined method App\Controllers\Meters::respond()
in APPPATH/Controllers/Meters.php on line 156.
 1 SYSTEMPATH/CodeIgniter.php(927): App\Controllers\Meters->telegram()
 2 SYSTEMPATH/CodeIgniter.php(482): CodeIgniter\CodeIgniter->runController(Object(App\Controllers\Meters))
 3 SYSTEMPATH/CodeIgniter.php(351): CodeIgniter\CodeIgniter->handleRequest(null, Object(Config\Cache), false)
 4 FCPATH/index.php(67): CodeIgniter\CodeIgniter->run()
CRITICAL - 2023-03-13 07:19:35 --> Trying to get property 'telegramState' of non-object
in APPPATH/Models/Telegram.php on line 63.
 1 APPPATH/Models/Telegram.php(63): CodeIgniter\Debug\Exceptions->errorHandler(8, 'Trying to get property \'telegramState\' of non-object', 'APPPATH/Models/Telegram.php', 63, [...])
 2 APPPATH/Models/Telegram.php(13): App\Models\Telegram->callback(null, Object(stdClass), 971483502)
 3 APPPATH/Controllers/Meters.php(158): App\Models\Telegram->telegram(Object(stdClass))
 4 SYSTEMPATH/CodeIgniter.php(927): App\Controllers\Meters->telegram()
 5 SYSTEMPATH/CodeIgniter.php(482): CodeIgniter\CodeIgniter->runController(Object(App\Controllers\Meters))
 6 SYSTEMPATH/CodeIgniter.php(351): CodeIgniter\CodeIgniter->handleRequest(null, Object(Config\Cache), false)
 7 FCPATH/index.php(67): CodeIgniter\CodeIgniter->run()
CRITICAL - 2023-03-13 07:20:01 --> Trying to get property 'telegramState' of non-object
in APPPATH/Models/Telegram.php on line 63.
 1 APPPATH/Models/Telegram.php(63): CodeIgniter\Debug\Exceptions->errorHandler(8, 'Trying to get property \'telegramState\' of non-object', 'APPPATH/Models/Telegram.php', 63, [...])
 2 APPPATH/Models/Telegram.php(13): App\Models\Telegram->callback(null, Object(stdClass), 971483502)
 3 APPPATH/Controllers/Meters.php(158): App\Models\Telegram->telegram(Object(stdClass))
 4 SYSTEMPATH/CodeIgniter.php(927): App\Controllers\Meters->telegram()
 5 SYSTEMPATH/CodeIgniter.php(482): CodeIgniter\CodeIgniter->runController(Object(App\Controllers\Meters))
 6 SYSTEMPATH/CodeIgniter.php(351): CodeIgniter\CodeIgniter->handleRequest(null, Object(Config\Cache), false)
 7 FCPATH/index.php(67): CodeIgniter\CodeIgniter->run()
ERROR - 2023-03-13 07:58:44 --> mysqli_sql_exception: Expression #1 of SELECT list is not in GROUP BY clause and contains nonaggregated column 'zayavki.counter.id' which is not functionally dependent on columns in GROUP BY clause; this is incompatible with sql_mode=only_full_group_by in /ext/WWW/konex.com.ua/zayavki/system/Database/MySQLi/Connection.php:292
Stack trace:
#0 /ext/WWW/konex.com.ua/zayavki/system/Database/MySQLi/Connection.php(292): mysqli->query('SELECT counter....', 0)
#1 /ext/WWW/konex.com.ua/zayavki/system/Database/BaseConnection.php(666): CodeIgniter\Database\MySQLi\Connection->execute('SELECT counter....')
#2 /ext/WWW/konex.com.ua/zayavki/system/Database/BaseConnection.php(593): CodeIgniter\Database\BaseConnection->simpleQuery('SELECT counter....')
#3 /ext/WWW/konex.com.ua/zayavki/app/Models/Search.php(301): CodeIgniter\Database\BaseConnection->query('SELECT counter....')
#4 /ext/WWW/konex.com.ua/zayavki/app/Models/Telegram.php(180): App\Models\Search->findCountersNotFilled()
#5 /ext/WWW/konex.com.ua/zayavki/app/Models/Telegram.php(39): App\Models\Telegram->menuAdminMess(971483502)
#6 /ext/WWW/konex.com.ua/zayavki/app/Models/Telegram.php(13): App\Models\Telegram->message(Object(stdClass), Object(stdClass), 971483502)
#7 /ext/WWW/konex.com.ua/zayavki/app/Controllers/Meters.php(158): App\Models\Telegram->telegram(Object(stdClass))
#8 /ext/WWW/konex.com.ua/zayavki/system/CodeIgniter.php(927): App\Controllers\Meters->telegram()
#9 /ext/WWW/konex.com.ua/zayavki/system/CodeIgniter.php(482): CodeIgniter\CodeIgniter->runController(Object(App\Controllers\Meters))
#10 /ext/WWW/konex.com.ua/zayavki/system/CodeIgniter.php(351): CodeIgniter\CodeIgniter->handleRequest(NULL, Object(Config\Cache), false)
#11 /ext/WWW/konex.com.ua/zayavki/public/index.php(67): CodeIgniter\CodeIgniter->run()
#12 {main}
CRITICAL - 2023-03-13 07:58:44 --> Expression #1 of SELECT list is not in GROUP BY clause and contains nonaggregated column 'zayavki.counter.id' which is not functionally dependent on columns in GROUP BY clause; this is incompatible with sql_mode=only_full_group_by
in SYSTEMPATH/Database/MySQLi/Connection.php on line 292.
 1 SYSTEMPATH/Database/MySQLi/Connection.php(292): mysqli->query('SELECT counter.id, counter.counterId, counter.counterName, area.unit, area.addr FROM counter JOIN area ON counter.unit = area.id JOIN pokaz ON counter.id = pokaz.cId
               WHERE counter.id NOT IN (SELECT counter.id FROM counter JOIN pokaz ON counter.id = cId WHERE ts = \'2023-02-01\'  GROUP BY counter.id)
               AND LOWER(counter.counterName) NOT LIKE \'%закритий%\' AND pokaz.ts >=  \'2023-01-01\'  
               GROUP BY counter.counterId, area.unit, area.addr', 0)
 2 SYSTEMPATH/Database/BaseConnection.php(666): CodeIgniter\Database\MySQLi\Connection->execute('SELECT counter.id, counter.counterId, counter.counterName, area.unit, area.addr FROM counter JOIN area ON counter.unit = area.id JOIN pokaz ON counter.id = pokaz.cId
               WHERE counter.id NOT IN (SELECT counter.id FROM counter JOIN pokaz ON counter.id = cId WHERE ts = \'2023-02-01\'  GROUP BY counter.id)
               AND LOWER(counter.counterName) NOT LIKE \'%закритий%\' AND pokaz.ts >=  \'2023-01-01\'  
               GROUP BY counter.counterId, area.unit, area.addr')
 3 SYSTEMPATH/Database/BaseConnection.php(593): CodeIgniter\Database\BaseConnection->simpleQuery('SELECT counter.id, counter.counterId, counter.counterName, area.unit, area.addr FROM counter JOIN area ON counter.unit = area.id JOIN pokaz ON counter.id = pokaz.cId
               WHERE counter.id NOT IN (SELECT counter.id FROM counter JOIN pokaz ON counter.id = cId WHERE ts = \'2023-02-01\'  GROUP BY counter.id)
               AND LOWER(counter.counterName) NOT LIKE \'%закритий%\' AND pokaz.ts >=  \'2023-01-01\'  
               GROUP BY counter.counterId, area.unit, area.addr')
 4 APPPATH/Models/Search.php(301): CodeIgniter\Database\BaseConnection->query('SELECT counter.id, counter.counterId, counter.counterName, area.unit, area.addr FROM counter JOIN area ON counter.unit = area.id JOIN pokaz ON counter.id = pokaz.cId
               WHERE counter.id NOT IN (SELECT counter.id FROM counter JOIN pokaz ON counter.id = cId WHERE ts = \'2023-02-01\'  GROUP BY counter.id)
               AND LOWER(counter.counterName) NOT LIKE \'%закритий%\' AND pokaz.ts >=  \'2023-01-01\'  
               GROUP BY counter.counterId, area.unit, area.addr')
 5 APPPATH/Models/Telegram.php(180): App\Models\Search->findCountersNotFilled()
 6 APPPATH/Models/Telegram.php(39): App\Models\Telegram->menuAdminMess(971483502)
 7 APPPATH/Models/Telegram.php(13): App\Models\Telegram->message(Object(stdClass), Object(stdClass), 971483502)
 8 APPPATH/Controllers/Meters.php(158): App\Models\Telegram->telegram(Object(stdClass))
 9 SYSTEMPATH/CodeIgniter.php(927): App\Controllers\Meters->telegram()
10 SYSTEMPATH/CodeIgniter.php(482): CodeIgniter\CodeIgniter->runController(Object(App\Controllers\Meters))
11 SYSTEMPATH/CodeIgniter.php(351): CodeIgniter\CodeIgniter->handleRequest(null, Object(Config\Cache), false)
12 FCPATH/index.php(67): CodeIgniter\CodeIgniter->run()
ERROR - 2023-03-13 08:00:13 --> mysqli_sql_exception: Expression #1 of SELECT list is not in GROUP BY clause and contains nonaggregated column 'zayavki.counter.id' which is not functionally dependent on columns in GROUP BY clause; this is incompatible with sql_mode=only_full_group_by in /ext/WWW/konex.com.ua/zayavki/system/Database/MySQLi/Connection.php:292
Stack trace:
#0 /ext/WWW/konex.com.ua/zayavki/system/Database/MySQLi/Connection.php(292): mysqli->query('SELECT counter....', 0)
#1 /ext/WWW/konex.com.ua/zayavki/system/Database/BaseConnection.php(666): CodeIgniter\Database\MySQLi\Connection->execute('SELECT counter....')
#2 /ext/WWW/konex.com.ua/zayavki/system/Database/BaseConnection.php(593): CodeIgniter\Database\BaseConnection->simpleQuery('SELECT counter....')
#3 /ext/WWW/konex.com.ua/zayavki/app/Models/Search.php(301): CodeIgniter\Database\BaseConnection->query('SELECT counter....')
#4 /ext/WWW/konex.com.ua/zayavki/app/Models/Telegram.php(180): App\Models\Search->findCountersNotFilled()
#5 /ext/WWW/konex.com.ua/zayavki/app/Models/Telegram.php(39): App\Models\Telegram->menuAdminMess(971483502)
#6 /ext/WWW/konex.com.ua/zayavki/app/Models/Telegram.php(13): App\Models\Telegram->message(Object(stdClass), Object(stdClass), 971483502)
#7 /ext/WWW/konex.com.ua/zayavki/app/Controllers/Meters.php(158): App\Models\Telegram->telegram(Object(stdClass))
#8 /ext/WWW/konex.com.ua/zayavki/system/CodeIgniter.php(927): App\Controllers\Meters->telegram()
#9 /ext/WWW/konex.com.ua/zayavki/system/CodeIgniter.php(482): CodeIgniter\CodeIgniter->runController(Object(App\Controllers\Meters))
#10 /ext/WWW/konex.com.ua/zayavki/system/CodeIgniter.php(351): CodeIgniter\CodeIgniter->handleRequest(NULL, Object(Config\Cache), false)
#11 /ext/WWW/konex.com.ua/zayavki/public/index.php(67): CodeIgniter\CodeIgniter->run()
#12 {main}
CRITICAL - 2023-03-13 08:00:13 --> Expression #1 of SELECT list is not in GROUP BY clause and contains nonaggregated column 'zayavki.counter.id' which is not functionally dependent on columns in GROUP BY clause; this is incompatible with sql_mode=only_full_group_by
in SYSTEMPATH/Database/MySQLi/Connection.php on line 292.
 1 SYSTEMPATH/Database/MySQLi/Connection.php(292): mysqli->query('SELECT counter.id, counter.counterId, counter.counterName, area.unit, area.addr FROM counter JOIN area ON counter.unit = area.id JOIN pokaz ON counter.id = pokaz.cId
               WHERE counter.id NOT IN (SELECT counter.id FROM counter JOIN pokaz ON counter.id = cId WHERE ts = \'2023-02-01\'  GROUP BY counter.id)
               AND LOWER(counter.counterName) NOT LIKE \'%закритий%\' AND pokaz.ts >=  \'2023-01-01\'  
               GROUP BY counter.counterId, area.unit, area.addr', 0)
 2 SYSTEMPATH/Database/BaseConnection.php(666): CodeIgniter\Database\MySQLi\Connection->execute('SELECT counter.id, counter.counterId, counter.counterName, area.unit, area.addr FROM counter JOIN area ON counter.unit = area.id JOIN pokaz ON counter.id = pokaz.cId
               WHERE counter.id NOT IN (SELECT counter.id FROM counter JOIN pokaz ON counter.id = cId WHERE ts = \'2023-02-01\'  GROUP BY counter.id)
               AND LOWER(counter.counterName) NOT LIKE \'%закритий%\' AND pokaz.ts >=  \'2023-01-01\'  
               GROUP BY counter.counterId, area.unit, area.addr')
 3 SYSTEMPATH/Database/BaseConnection.php(593): CodeIgniter\Database\BaseConnection->simpleQuery('SELECT counter.id, counter.counterId, counter.counterName, area.unit, area.addr FROM counter JOIN area ON counter.unit = area.id JOIN pokaz ON counter.id = pokaz.cId
               WHERE counter.id NOT IN (SELECT counter.id FROM counter JOIN pokaz ON counter.id = cId WHERE ts = \'2023-02-01\'  GROUP BY counter.id)
               AND LOWER(counter.counterName) NOT LIKE \'%закритий%\' AND pokaz.ts >=  \'2023-01-01\'  
               GROUP BY counter.counterId, area.unit, area.addr')
 4 APPPATH/Models/Search.php(301): CodeIgniter\Database\BaseConnection->query('SELECT counter.id, counter.counterId, counter.counterName, area.unit, area.addr FROM counter JOIN area ON counter.unit = area.id JOIN pokaz ON counter.id = pokaz.cId
               WHERE counter.id NOT IN (SELECT counter.id FROM counter JOIN pokaz ON counter.id = cId WHERE ts = \'2023-02-01\'  GROUP BY counter.id)
               AND LOWER(counter.counterName) NOT LIKE \'%закритий%\' AND pokaz.ts >=  \'2023-01-01\'  
               GROUP BY counter.counterId, area.unit, area.addr')
 5 APPPATH/Models/Telegram.php(180): App\Models\Search->findCountersNotFilled()
 6 APPPATH/Models/Telegram.php(39): App\Models\Telegram->menuAdminMess(971483502)
 7 APPPATH/Models/Telegram.php(13): App\Models\Telegram->message(Object(stdClass), Object(stdClass), 971483502)
 8 APPPATH/Controllers/Meters.php(158): App\Models\Telegram->telegram(Object(stdClass))
 9 SYSTEMPATH/CodeIgniter.php(927): App\Controllers\Meters->telegram()
10 SYSTEMPATH/CodeIgniter.php(482): CodeIgniter\CodeIgniter->runController(Object(App\Controllers\Meters))
11 SYSTEMPATH/CodeIgniter.php(351): CodeIgniter\CodeIgniter->handleRequest(null, Object(Config\Cache), false)
12 FCPATH/index.php(67): CodeIgniter\CodeIgniter->run()
ERROR - 2023-03-13 08:02:27 --> mysqli_sql_exception: Expression #1 of SELECT list is not in GROUP BY clause and contains nonaggregated column 'zayavki.counter.id' which is not functionally dependent on columns in GROUP BY clause; this is incompatible with sql_mode=only_full_group_by in /ext/WWW/konex.com.ua/zayavki/system/Database/MySQLi/Connection.php:292
Stack trace:
#0 /ext/WWW/konex.com.ua/zayavki/system/Database/MySQLi/Connection.php(292): mysqli->query('SELECT counter....', 0)
#1 /ext/WWW/konex.com.ua/zayavki/system/Database/BaseConnection.php(666): CodeIgniter\Database\MySQLi\Connection->execute('SELECT counter....')
#2 /ext/WWW/konex.com.ua/zayavki/system/Database/BaseConnection.php(593): CodeIgniter\Database\BaseConnection->simpleQuery('SELECT counter....')
#3 /ext/WWW/konex.com.ua/zayavki/app/Models/Search.php(301): CodeIgniter\Database\BaseConnection->query('SELECT counter....')
#4 /ext/WWW/konex.com.ua/zayavki/app/Models/Telegram.php(180): App\Models\Search->findCountersNotFilled(NULL, NULL, NULL)
#5 /ext/WWW/konex.com.ua/zayavki/app/Models/Telegram.php(93): App\Models\Telegram->menuAdminMess(971483502)
#6 /ext/WWW/konex.com.ua/zayavki/app/Models/Telegram.php(13): App\Models\Telegram->callback(Object(stdClass), Object(stdClass), 971483502)
#7 /ext/WWW/konex.com.ua/zayavki/app/Controllers/Meters.php(158): App\Models\Telegram->telegram(Object(stdClass))
#8 /ext/WWW/konex.com.ua/zayavki/system/CodeIgniter.php(927): App\Controllers\Meters->telegram()
#9 /ext/WWW/konex.com.ua/zayavki/system/CodeIgniter.php(482): CodeIgniter\CodeIgniter->runController(Object(App\Controllers\Meters))
#10 /ext/WWW/konex.com.ua/zayavki/system/CodeIgniter.php(351): CodeIgniter\CodeIgniter->handleRequest(NULL, Object(Config\Cache), false)
#11 /ext/WWW/konex.com.ua/zayavki/public/index.php(67): CodeIgniter\CodeIgniter->run()
#12 {main}
CRITICAL - 2023-03-13 08:02:27 --> Expression #1 of SELECT list is not in GROUP BY clause and contains nonaggregated column 'zayavki.counter.id' which is not functionally dependent on columns in GROUP BY clause; this is incompatible with sql_mode=only_full_group_by
in SYSTEMPATH/Database/MySQLi/Connection.php on line 292.
 1 SYSTEMPATH/Database/MySQLi/Connection.php(292): mysqli->query('SELECT counter.id, counter.counterId, counter.counterName, area.unit, area.addr FROM counter JOIN area ON counter.unit = area.id JOIN pokaz ON counter.id = pokaz.cId
               WHERE counter.id NOT IN (SELECT counter.id FROM counter JOIN pokaz ON counter.id = cId WHERE ts = \'2023-02-01\'  GROUP BY counter.id)
               AND LOWER(counter.counterName) NOT LIKE \'%закритий%\' AND pokaz.ts >=  \'2023-01-01\'  
               GROUP BY counter.counterId, area.unit, area.addr', 0)
 2 SYSTEMPATH/Database/BaseConnection.php(666): CodeIgniter\Database\MySQLi\Connection->execute('SELECT counter.id, counter.counterId, counter.counterName, area.unit, area.addr FROM counter JOIN area ON counter.unit = area.id JOIN pokaz ON counter.id = pokaz.cId
               WHERE counter.id NOT IN (SELECT counter.id FROM counter JOIN pokaz ON counter.id = cId WHERE ts = \'2023-02-01\'  GROUP BY counter.id)
               AND LOWER(counter.counterName) NOT LIKE \'%закритий%\' AND pokaz.ts >=  \'2023-01-01\'  
               GROUP BY counter.counterId, area.unit, area.addr')
 3 SYSTEMPATH/Database/BaseConnection.php(593): CodeIgniter\Database\BaseConnection->simpleQuery('SELECT counter.id, counter.counterId, counter.counterName, area.unit, area.addr FROM counter JOIN area ON counter.unit = area.id JOIN pokaz ON counter.id = pokaz.cId
               WHERE counter.id NOT IN (SELECT counter.id FROM counter JOIN pokaz ON counter.id = cId WHERE ts = \'2023-02-01\'  GROUP BY counter.id)
               AND LOWER(counter.counterName) NOT LIKE \'%закритий%\' AND pokaz.ts >=  \'2023-01-01\'  
               GROUP BY counter.counterId, area.unit, area.addr')
 4 APPPATH/Models/Search.php(301): CodeIgniter\Database\BaseConnection->query('SELECT counter.id, counter.counterId, counter.counterName, area.unit, area.addr FROM counter JOIN area ON counter.unit = area.id JOIN pokaz ON counter.id = pokaz.cId
               WHERE counter.id NOT IN (SELECT counter.id FROM counter JOIN pokaz ON counter.id = cId WHERE ts = \'2023-02-01\'  GROUP BY counter.id)
               AND LOWER(counter.counterName) NOT LIKE \'%закритий%\' AND pokaz.ts >=  \'2023-01-01\'  
               GROUP BY counter.counterId, area.unit, area.addr')
 5 APPPATH/Models/Telegram.php(180): App\Models\Search->findCountersNotFilled(null, null, null)
 6 APPPATH/Models/Telegram.php(93): App\Models\Telegram->menuAdminMess(971483502)
 7 APPPATH/Models/Telegram.php(13): App\Models\Telegram->callback(Object(stdClass), Object(stdClass), 971483502)
 8 APPPATH/Controllers/Meters.php(158): App\Models\Telegram->telegram(Object(stdClass))
 9 SYSTEMPATH/CodeIgniter.php(927): App\Controllers\Meters->telegram()
10 SYSTEMPATH/CodeIgniter.php(482): CodeIgniter\CodeIgniter->runController(Object(App\Controllers\Meters))
11 SYSTEMPATH/CodeIgniter.php(351): CodeIgniter\CodeIgniter->handleRequest(null, Object(Config\Cache), false)
12 FCPATH/index.php(67): CodeIgniter\CodeIgniter->run()
ERROR - 2023-03-13 08:03:18 --> mysqli_sql_exception: Expression #1 of SELECT list is not in GROUP BY clause and contains nonaggregated column 'zayavki.counter.id' which is not functionally dependent on columns in GROUP BY clause; this is incompatible with sql_mode=only_full_group_by in /ext/WWW/konex.com.ua/zayavki/system/Database/MySQLi/Connection.php:292
Stack trace:
#0 /ext/WWW/konex.com.ua/zayavki/system/Database/MySQLi/Connection.php(292): mysqli->query('SELECT counter....', 0)
#1 /ext/WWW/konex.com.ua/zayavki/system/Database/BaseConnection.php(666): CodeIgniter\Database\MySQLi\Connection->execute('SELECT counter....')
#2 /ext/WWW/konex.com.ua/zayavki/system/Database/BaseConnection.php(593): CodeIgniter\Database\BaseConnection->simpleQuery('SELECT counter....')
#3 /ext/WWW/konex.com.ua/zayavki/app/Models/Search.php(301): CodeIgniter\Database\BaseConnection->query('SELECT counter....')
#4 /ext/WWW/konex.com.ua/zayavki/app/Models/Telegram.php(180): App\Models\Search->findCountersNotFilled()
#5 /ext/WWW/konex.com.ua/zayavki/app/Models/Telegram.php(39): App\Models\Telegram->menuAdminMess(971483502)
#6 /ext/WWW/konex.com.ua/zayavki/app/Models/Telegram.php(13): App\Models\Telegram->message(Object(stdClass), Object(stdClass), 971483502)
#7 /ext/WWW/konex.com.ua/zayavki/app/Controllers/Meters.php(158): App\Models\Telegram->telegram(Object(stdClass))
#8 /ext/WWW/konex.com.ua/zayavki/system/CodeIgniter.php(927): App\Controllers\Meters->telegram()
#9 /ext/WWW/konex.com.ua/zayavki/system/CodeIgniter.php(482): CodeIgniter\CodeIgniter->runController(Object(App\Controllers\Meters))
#10 /ext/WWW/konex.com.ua/zayavki/system/CodeIgniter.php(351): CodeIgniter\CodeIgniter->handleRequest(NULL, Object(Config\Cache), false)
#11 /ext/WWW/konex.com.ua/zayavki/public/index.php(67): CodeIgniter\CodeIgniter->run()
#12 {main}
CRITICAL - 2023-03-13 08:03:18 --> Expression #1 of SELECT list is not in GROUP BY clause and contains nonaggregated column 'zayavki.counter.id' which is not functionally dependent on columns in GROUP BY clause; this is incompatible with sql_mode=only_full_group_by
in SYSTEMPATH/Database/MySQLi/Connection.php on line 292.
 1 SYSTEMPATH/Database/MySQLi/Connection.php(292): mysqli->query('SELECT counter.id, counter.counterId, counter.counterName, area.unit, area.addr FROM counter JOIN area ON counter.unit = area.id JOIN pokaz ON counter.id = pokaz.cId
               WHERE counter.id NOT IN (SELECT counter.id FROM counter JOIN pokaz ON counter.id = cId WHERE ts = \'2023-02-01\'  GROUP BY counter.id)
               AND LOWER(counter.counterName) NOT LIKE \'%закритий%\' AND pokaz.ts >=  \'2023-01-01\'  
               GROUP BY counter.counterId, area.unit, area.addr', 0)
 2 SYSTEMPATH/Database/BaseConnection.php(666): CodeIgniter\Database\MySQLi\Connection->execute('SELECT counter.id, counter.counterId, counter.counterName, area.unit, area.addr FROM counter JOIN area ON counter.unit = area.id JOIN pokaz ON counter.id = pokaz.cId
               WHERE counter.id NOT IN (SELECT counter.id FROM counter JOIN pokaz ON counter.id = cId WHERE ts = \'2023-02-01\'  GROUP BY counter.id)
               AND LOWER(counter.counterName) NOT LIKE \'%закритий%\' AND pokaz.ts >=  \'2023-01-01\'  
               GROUP BY counter.counterId, area.unit, area.addr')
 3 SYSTEMPATH/Database/BaseConnection.php(593): CodeIgniter\Database\BaseConnection->simpleQuery('SELECT counter.id, counter.counterId, counter.counterName, area.unit, area.addr FROM counter JOIN area ON counter.unit = area.id JOIN pokaz ON counter.id = pokaz.cId
               WHERE counter.id NOT IN (SELECT counter.id FROM counter JOIN pokaz ON counter.id = cId WHERE ts = \'2023-02-01\'  GROUP BY counter.id)
               AND LOWER(counter.counterName) NOT LIKE \'%закритий%\' AND pokaz.ts >=  \'2023-01-01\'  
               GROUP BY counter.counterId, area.unit, area.addr')
 4 APPPATH/Models/Search.php(301): CodeIgniter\Database\BaseConnection->query('SELECT counter.id, counter.counterId, counter.counterName, area.unit, area.addr FROM counter JOIN area ON counter.unit = area.id JOIN pokaz ON counter.id = pokaz.cId
               WHERE counter.id NOT IN (SELECT counter.id FROM counter JOIN pokaz ON counter.id = cId WHERE ts = \'2023-02-01\'  GROUP BY counter.id)
               AND LOWER(counter.counterName) NOT LIKE \'%закритий%\' AND pokaz.ts >=  \'2023-01-01\'  
               GROUP BY counter.counterId, area.unit, area.addr')
 5 APPPATH/Models/Telegram.php(180): App\Models\Search->findCountersNotFilled()
 6 APPPATH/Models/Telegram.php(39): App\Models\Telegram->menuAdminMess(971483502)
 7 APPPATH/Models/Telegram.php(13): App\Models\Telegram->message(Object(stdClass), Object(stdClass), 971483502)
 8 APPPATH/Controllers/Meters.php(158): App\Models\Telegram->telegram(Object(stdClass))
 9 SYSTEMPATH/CodeIgniter.php(927): App\Controllers\Meters->telegram()
10 SYSTEMPATH/CodeIgniter.php(482): CodeIgniter\CodeIgniter->runController(Object(App\Controllers\Meters))
11 SYSTEMPATH/CodeIgniter.php(351): CodeIgniter\CodeIgniter->handleRequest(null, Object(Config\Cache), false)
12 FCPATH/index.php(67): CodeIgniter\CodeIgniter->run()
ERROR - 2023-03-13 08:03:21 --> mysqli_sql_exception: Expression #1 of SELECT list is not in GROUP BY clause and contains nonaggregated column 'zayavki.counter.id' which is not functionally dependent on columns in GROUP BY clause; this is incompatible with sql_mode=only_full_group_by in /ext/WWW/konex.com.ua/zayavki/system/Database/MySQLi/Connection.php:292
Stack trace:
#0 /ext/WWW/konex.com.ua/zayavki/system/Database/MySQLi/Connection.php(292): mysqli->query('SELECT counter....', 0)
#1 /ext/WWW/konex.com.ua/zayavki/system/Database/BaseConnection.php(666): CodeIgniter\Database\MySQLi\Connection->execute('SELECT counter....')
#2 /ext/WWW/konex.com.ua/zayavki/system/Database/BaseConnection.php(593): CodeIgniter\Database\BaseConnection->simpleQuery('SELECT counter....')
#3 /ext/WWW/konex.com.ua/zayavki/app/Models/Search.php(301): CodeIgniter\Database\BaseConnection->query('SELECT counter....')
#4 /ext/WWW/konex.com.ua/zayavki/app/Models/Telegram.php(180): App\Models\Search->findCountersNotFilled()
#5 /ext/WWW/konex.com.ua/zayavki/app/Models/Telegram.php(93): App\Models\Telegram->menuAdminMess(971483502)
#6 /ext/WWW/konex.com.ua/zayavki/app/Models/Telegram.php(13): App\Models\Telegram->callback(Object(stdClass), Object(stdClass), 971483502)
#7 /ext/WWW/konex.com.ua/zayavki/app/Controllers/Meters.php(158): App\Models\Telegram->telegram(Object(stdClass))
#8 /ext/WWW/konex.com.ua/zayavki/system/CodeIgniter.php(927): App\Controllers\Meters->telegram()
#9 /ext/WWW/konex.com.ua/zayavki/system/CodeIgniter.php(482): CodeIgniter\CodeIgniter->runController(Object(App\Controllers\Meters))
#10 /ext/WWW/konex.com.ua/zayavki/system/CodeIgniter.php(351): CodeIgniter\CodeIgniter->handleRequest(NULL, Object(Config\Cache), false)
#11 /ext/WWW/konex.com.ua/zayavki/public/index.php(67): CodeIgniter\CodeIgniter->run()
#12 {main}
CRITICAL - 2023-03-13 08:03:21 --> Expression #1 of SELECT list is not in GROUP BY clause and contains nonaggregated column 'zayavki.counter.id' which is not functionally dependent on columns in GROUP BY clause; this is incompatible with sql_mode=only_full_group_by
in SYSTEMPATH/Database/MySQLi/Connection.php on line 292.
 1 SYSTEMPATH/Database/MySQLi/Connection.php(292): mysqli->query('SELECT counter.id, counter.counterId, counter.counterName, area.unit, area.addr FROM counter JOIN area ON counter.unit = area.id JOIN pokaz ON counter.id = pokaz.cId
               WHERE counter.id NOT IN (SELECT counter.id FROM counter JOIN pokaz ON counter.id = cId WHERE ts = \'2023-02-01\'  GROUP BY counter.id)
               AND LOWER(counter.counterName) NOT LIKE \'%закритий%\' AND pokaz.ts >=  \'2023-01-01\'  
               GROUP BY counter.counterId, area.unit, area.addr', 0)
 2 SYSTEMPATH/Database/BaseConnection.php(666): CodeIgniter\Database\MySQLi\Connection->execute('SELECT counter.id, counter.counterId, counter.counterName, area.unit, area.addr FROM counter JOIN area ON counter.unit = area.id JOIN pokaz ON counter.id = pokaz.cId
               WHERE counter.id NOT IN (SELECT counter.id FROM counter JOIN pokaz ON counter.id = cId WHERE ts = \'2023-02-01\'  GROUP BY counter.id)
               AND LOWER(counter.counterName) NOT LIKE \'%закритий%\' AND pokaz.ts >=  \'2023-01-01\'  
               GROUP BY counter.counterId, area.unit, area.addr')
 3 SYSTEMPATH/Database/BaseConnection.php(593): CodeIgniter\Database\BaseConnection->simpleQuery('SELECT counter.id, counter.counterId, counter.counterName, area.unit, area.addr FROM counter JOIN area ON counter.unit = area.id JOIN pokaz ON counter.id = pokaz.cId
               WHERE counter.id NOT IN (SELECT counter.id FROM counter JOIN pokaz ON counter.id = cId WHERE ts = \'2023-02-01\'  GROUP BY counter.id)
               AND LOWER(counter.counterName) NOT LIKE \'%закритий%\' AND pokaz.ts >=  \'2023-01-01\'  
               GROUP BY counter.counterId, area.unit, area.addr')
 4 APPPATH/Models/Search.php(301): CodeIgniter\Database\BaseConnection->query('SELECT counter.id, counter.counterId, counter.counterName, area.unit, area.addr FROM counter JOIN area ON counter.unit = area.id JOIN pokaz ON counter.id = pokaz.cId
               WHERE counter.id NOT IN (SELECT counter.id FROM counter JOIN pokaz ON counter.id = cId WHERE ts = \'2023-02-01\'  GROUP BY counter.id)
               AND LOWER(counter.counterName) NOT LIKE \'%закритий%\' AND pokaz.ts >=  \'2023-01-01\'  
               GROUP BY counter.counterId, area.unit, area.addr')
 5 APPPATH/Models/Telegram.php(180): App\Models\Search->findCountersNotFilled()
 6 APPPATH/Models/Telegram.php(93): App\Models\Telegram->menuAdminMess(971483502)
 7 APPPATH/Models/Telegram.php(13): App\Models\Telegram->callback(Object(stdClass), Object(stdClass), 971483502)
 8 APPPATH/Controllers/Meters.php(158): App\Models\Telegram->telegram(Object(stdClass))
 9 SYSTEMPATH/CodeIgniter.php(927): App\Controllers\Meters->telegram()
10 SYSTEMPATH/CodeIgniter.php(482): CodeIgniter\CodeIgniter->runController(Object(App\Controllers\Meters))
11 SYSTEMPATH/CodeIgniter.php(351): CodeIgniter\CodeIgniter->handleRequest(null, Object(Config\Cache), false)
12 FCPATH/index.php(67): CodeIgniter\CodeIgniter->run()
CRITICAL - 2023-03-13 08:06:59 --> Undefined property: stdClass::$callback_query
in APPPATH/Models/Telegram.php on line 11.
 1 APPPATH/Models/Telegram.php(11): CodeIgniter\Debug\Exceptions->errorHandler(8, 'Undefined property: stdClass::$callback_query', 'APPPATH/Models/Telegram.php', 11, [...])
 2 APPPATH/Controllers/Meters.php(158): App\Models\Telegram->telegram(Object(stdClass))
 3 SYSTEMPATH/CodeIgniter.php(927): App\Controllers\Meters->telegram()
 4 SYSTEMPATH/CodeIgniter.php(482): CodeIgniter\CodeIgniter->runController(Object(App\Controllers\Meters))
 5 SYSTEMPATH/CodeIgniter.php(351): CodeIgniter\CodeIgniter->handleRequest(null, Object(Config\Cache), false)
 6 FCPATH/index.php(67): CodeIgniter\CodeIgniter->run()
CRITICAL - 2023-03-13 08:06:59 --> Undefined property: stdClass::$callback_query
in APPPATH/Models/Telegram.php on line 11.
 1 APPPATH/Models/Telegram.php(11): CodeIgniter\Debug\Exceptions->errorHandler(8, 'Undefined property: stdClass::$callback_query', 'APPPATH/Models/Telegram.php', 11, [...])
 2 APPPATH/Controllers/Meters.php(158): App\Models\Telegram->telegram(Object(stdClass))
 3 SYSTEMPATH/CodeIgniter.php(927): App\Controllers\Meters->telegram()
 4 SYSTEMPATH/CodeIgniter.php(482): CodeIgniter\CodeIgniter->runController(Object(App\Controllers\Meters))
 5 SYSTEMPATH/CodeIgniter.php(351): CodeIgniter\CodeIgniter->handleRequest(null, Object(Config\Cache), false)
 6 FCPATH/index.php(67): CodeIgniter\CodeIgniter->run()
CRITICAL - 2023-03-13 09:39:11 --> syntax error, unexpected ',', expecting ')'
in APPPATH/Models/Search.php on line 48.
 1 SYSTEMPATH/Autoloader/Autoloader.php(259): CodeIgniter\Autoloader\Autoloader->includeFile('APPPATH/Models/Search.php')
 2 SYSTEMPATH/Autoloader/Autoloader.php(237): CodeIgniter\Autoloader\Autoloader->loadInNamespace('App\\Models\\Search')
 3 [internal function]: CodeIgniter\Autoloader\Autoloader->loadClass('App\\Models\\Search')
 4 APPPATH/Controllers/Meters.php(24): spl_autoload_call('App\\Models\\Search')
 5 SYSTEMPATH/CodeIgniter.php(889): App\Controllers\Meters->__construct()
 6 SYSTEMPATH/CodeIgniter.php(473): CodeIgniter\CodeIgniter->createController()
 7 SYSTEMPATH/CodeIgniter.php(351): CodeIgniter\CodeIgniter->handleRequest(null, Object(Config\Cache), false)
 8 FCPATH/index.php(67): CodeIgniter\CodeIgniter->run()
CRITICAL - 2023-03-13 09:45:32 --> syntax error, unexpected '}'
in APPPATH/Models/Search.php on line 53.
 1 SYSTEMPATH/Autoloader/Autoloader.php(259): CodeIgniter\Autoloader\Autoloader->includeFile('APPPATH/Models/Search.php')
 2 SYSTEMPATH/Autoloader/Autoloader.php(237): CodeIgniter\Autoloader\Autoloader->loadInNamespace('App\\Models\\Search')
 3 [internal function]: CodeIgniter\Autoloader\Autoloader->loadClass('App\\Models\\Search')
 4 APPPATH/Controllers/Meters.php(24): spl_autoload_call('App\\Models\\Search')
 5 SYSTEMPATH/CodeIgniter.php(889): App\Controllers\Meters->__construct()
 6 SYSTEMPATH/CodeIgniter.php(473): CodeIgniter\CodeIgniter->createController()
 7 SYSTEMPATH/CodeIgniter.php(351): CodeIgniter\CodeIgniter->handleRequest(null, Object(Config\Cache), false)
 8 FCPATH/index.php(67): CodeIgniter\CodeIgniter->run()
CRITICAL - 2023-03-13 09:45:38 --> syntax error, unexpected '}'
in APPPATH/Models/Search.php on line 53.
 1 SYSTEMPATH/Autoloader/Autoloader.php(259): CodeIgniter\Autoloader\Autoloader->includeFile('APPPATH/Models/Search.php')
 2 SYSTEMPATH/Autoloader/Autoloader.php(237): CodeIgniter\Autoloader\Autoloader->loadInNamespace('App\\Models\\Search')
 3 [internal function]: CodeIgniter\Autoloader\Autoloader->loadClass('App\\Models\\Search')
 4 APPPATH/Controllers/Meters.php(24): spl_autoload_call('App\\Models\\Search')
 5 SYSTEMPATH/CodeIgniter.php(889): App\Controllers\Meters->__construct()
 6 SYSTEMPATH/CodeIgniter.php(473): CodeIgniter\CodeIgniter->createController()
 7 SYSTEMPATH/CodeIgniter.php(351): CodeIgniter\CodeIgniter->handleRequest(null, Object(Config\Cache), false)
 8 FCPATH/index.php(67): CodeIgniter\CodeIgniter->run()
CRITICAL - 2023-03-13 10:26:10 --> Use of undefined constant checked - assumed 'checked' (this will throw an Error in a future version of PHP)
in APPPATH/Models/Search.php on line 45.
 1 APPPATH/Models/Search.php(45): CodeIgniter\Debug\Exceptions->errorHandler(2, 'Use of undefined constant checked - assumed \'checked\' (this will throw an Error in a future version of PHP)', 'APPPATH/Models/Search.php', 45, [...])
 2 APPPATH/Models/Search.php(62): App\Models\Search->createInput('1')
 3 APPPATH/Controllers/Meters.php(120): App\Models\Search->getCounters(Object(CodeIgniter\HTTP\IncomingRequest))
 4 SYSTEMPATH/CodeIgniter.php(927): App\Controllers\Meters->ajax()
 5 SYSTEMPATH/CodeIgniter.php(482): CodeIgniter\CodeIgniter->runController(Object(App\Controllers\Meters))
 6 SYSTEMPATH/CodeIgniter.php(351): CodeIgniter\CodeIgniter->handleRequest(null, Object(Config\Cache), false)
 7 FCPATH/index.php(67): CodeIgniter\CodeIgniter->run()
CRITICAL - 2023-03-13 10:58:45 --> Undefined property: stdClass::$callback_query
in APPPATH/Models/Telegram.php on line 11.
 1 APPPATH/Models/Telegram.php(11): CodeIgniter\Debug\Exceptions->errorHandler(8, 'Undefined property: stdClass::$callback_query', 'APPPATH/Models/Telegram.php', 11, [...])
 2 APPPATH/Controllers/Meters.php(158): App\Models\Telegram->telegram(Object(stdClass))
 3 SYSTEMPATH/CodeIgniter.php(927): App\Controllers\Meters->telegram()
 4 SYSTEMPATH/CodeIgniter.php(482): CodeIgniter\CodeIgniter->runController(Object(App\Controllers\Meters))
 5 SYSTEMPATH/CodeIgniter.php(351): CodeIgniter\CodeIgniter->handleRequest(null, Object(Config\Cache), false)
 6 FCPATH/index.php(67): CodeIgniter\CodeIgniter->run()
CRITICAL - 2023-03-13 11:01:33 --> Undefined property: stdClass::$callback_query
in APPPATH/Models/Telegram.php on line 11.
 1 APPPATH/Models/Telegram.php(11): CodeIgniter\Debug\Exceptions->errorHandler(8, 'Undefined property: stdClass::$callback_query', 'APPPATH/Models/Telegram.php', 11, [...])
 2 APPPATH/Controllers/Meters.php(158): App\Models\Telegram->telegram(Object(stdClass))
 3 SYSTEMPATH/CodeIgniter.php(927): App\Controllers\Meters->telegram()
 4 SYSTEMPATH/CodeIgniter.php(482): CodeIgniter\CodeIgniter->runController(Object(App\Controllers\Meters))
 5 SYSTEMPATH/CodeIgniter.php(351): CodeIgniter\CodeIgniter->handleRequest(null, Object(Config\Cache), false)
 6 FCPATH/index.php(67): CodeIgniter\CodeIgniter->run()
