CRITICAL - 2023-03-20 09:33:47 --> Undefined property: stdClass::$callback_query
in APPPATH/Models/Telegram.php on line 12.
 1 APPPATH/Models/Telegram.php(12): CodeIgniter\Debug\Exceptions->errorHandler(8, 'Undefined property: stdClass::$callback_query', 'APPPATH/Models/Telegram.php', 12, [...])
 2 APPPATH/Controllers/Meters.php(158): App\Models\Telegram->telegram(Object(stdClass))
 3 SYSTEMPATH/CodeIgniter.php(927): App\Controllers\Meters->telegram()
 4 SYSTEMPATH/CodeIgniter.php(482): CodeIgniter\CodeIgniter->runController(Object(App\Controllers\Meters))
 5 SYSTEMPATH/CodeIgniter.php(351): CodeIgniter\CodeIgniter->handleRequest(null, Object(Config\Cache), false)
 6 FCPATH/index.php(67): CodeIgniter\CodeIgniter->run()
CRITICAL - 2023-03-20 09:34:51 --> Undefined property: stdClass::$callback_query
in APPPATH/Models/Telegram.php on line 12.
 1 APPPATH/Models/Telegram.php(12): CodeIgniter\Debug\Exceptions->errorHandler(8, 'Undefined property: stdClass::$callback_query', 'APPPATH/Models/Telegram.php', 12, [...])
 2 APPPATH/Controllers/Meters.php(158): App\Models\Telegram->telegram(Object(stdClass))
 3 SYSTEMPATH/CodeIgniter.php(927): App\Controllers\Meters->telegram()
 4 SYSTEMPATH/CodeIgniter.php(482): CodeIgniter\CodeIgniter->runController(Object(App\Controllers\Meters))
 5 SYSTEMPATH/CodeIgniter.php(351): CodeIgniter\CodeIgniter->handleRequest(null, Object(Config\Cache), false)
 6 FCPATH/index.php(67): CodeIgniter\CodeIgniter->run()
CRITICAL - 2023-03-20 09:36:17 --> Undefined property: stdClass::$callback_query
in APPPATH/Models/Telegram.php on line 12.
 1 APPPATH/Models/Telegram.php(12): CodeIgniter\Debug\Exceptions->errorHandler(8, 'Undefined property: stdClass::$callback_query', 'APPPATH/Models/Telegram.php', 12, [...])
 2 APPPATH/Controllers/Meters.php(158): App\Models\Telegram->telegram(Object(stdClass))
 3 SYSTEMPATH/CodeIgniter.php(927): App\Controllers\Meters->telegram()
 4 SYSTEMPATH/CodeIgniter.php(482): CodeIgniter\CodeIgniter->runController(Object(App\Controllers\Meters))
 5 SYSTEMPATH/CodeIgniter.php(351): CodeIgniter\CodeIgniter->handleRequest(null, Object(Config\Cache), false)
 6 FCPATH/index.php(67): CodeIgniter\CodeIgniter->run()
CRITICAL - 2023-03-20 09:37:57 --> Undefined property: stdClass::$callback_query
in APPPATH/Models/Telegram.php on line 12.
 1 APPPATH/Models/Telegram.php(12): CodeIgniter\Debug\Exceptions->errorHandler(8, 'Undefined property: stdClass::$callback_query', 'APPPATH/Models/Telegram.php', 12, [...])
 2 APPPATH/Controllers/Meters.php(158): App\Models\Telegram->telegram(Object(stdClass))
 3 SYSTEMPATH/CodeIgniter.php(927): App\Controllers\Meters->telegram()
 4 SYSTEMPATH/CodeIgniter.php(482): CodeIgniter\CodeIgniter->runController(Object(App\Controllers\Meters))
 5 SYSTEMPATH/CodeIgniter.php(351): CodeIgniter\CodeIgniter->handleRequest(null, Object(Config\Cache), false)
 6 FCPATH/index.php(67): CodeIgniter\CodeIgniter->run()
CRITICAL - 2023-03-20 09:39:37 --> Undefined property: stdClass::$callback_query
in APPPATH/Models/Telegram.php on line 12.
 1 APPPATH/Models/Telegram.php(12): CodeIgniter\Debug\Exceptions->errorHandler(8, 'Undefined property: stdClass::$callback_query', 'APPPATH/Models/Telegram.php', 12, [...])
 2 APPPATH/Controllers/Meters.php(158): App\Models\Telegram->telegram(Object(stdClass))
 3 SYSTEMPATH/CodeIgniter.php(927): App\Controllers\Meters->telegram()
 4 SYSTEMPATH/CodeIgniter.php(482): CodeIgniter\CodeIgniter->runController(Object(App\Controllers\Meters))
 5 SYSTEMPATH/CodeIgniter.php(351): CodeIgniter\CodeIgniter->handleRequest(null, Object(Config\Cache), false)
 6 FCPATH/index.php(67): CodeIgniter\CodeIgniter->run()
CRITICAL - 2023-03-20 09:40:39 --> Undefined property: stdClass::$callback_query
in APPPATH/Models/Telegram.php on line 12.
 1 APPPATH/Models/Telegram.php(12): CodeIgniter\Debug\Exceptions->errorHandler(8, 'Undefined property: stdClass::$callback_query', 'APPPATH/Models/Telegram.php', 12, [...])
 2 APPPATH/Controllers/Meters.php(158): App\Models\Telegram->telegram(Object(stdClass))
 3 SYSTEMPATH/CodeIgniter.php(927): App\Controllers\Meters->telegram()
 4 SYSTEMPATH/CodeIgniter.php(482): CodeIgniter\CodeIgniter->runController(Object(App\Controllers\Meters))
 5 SYSTEMPATH/CodeIgniter.php(351): CodeIgniter\CodeIgniter->handleRequest(null, Object(Config\Cache), false)
 6 FCPATH/index.php(67): CodeIgniter\CodeIgniter->run()
CRITICAL - 2023-03-20 09:42:02 --> Undefined property: stdClass::$callback_query
in APPPATH/Models/Telegram.php on line 12.
 1 APPPATH/Models/Telegram.php(12): CodeIgniter\Debug\Exceptions->errorHandler(8, 'Undefined property: stdClass::$callback_query', 'APPPATH/Models/Telegram.php', 12, [...])
 2 APPPATH/Controllers/Meters.php(158): App\Models\Telegram->telegram(Object(stdClass))
 3 SYSTEMPATH/CodeIgniter.php(927): App\Controllers\Meters->telegram()
 4 SYSTEMPATH/CodeIgniter.php(482): CodeIgniter\CodeIgniter->runController(Object(App\Controllers\Meters))
 5 SYSTEMPATH/CodeIgniter.php(351): CodeIgniter\CodeIgniter->handleRequest(null, Object(Config\Cache), false)
 6 FCPATH/index.php(67): CodeIgniter\CodeIgniter->run()
CRITICAL - 2023-03-20 09:43:08 --> Undefined property: stdClass::$callback_query
in APPPATH/Models/Telegram.php on line 12.
 1 APPPATH/Models/Telegram.php(12): CodeIgniter\Debug\Exceptions->errorHandler(8, 'Undefined property: stdClass::$callback_query', 'APPPATH/Models/Telegram.php', 12, [...])
 2 APPPATH/Controllers/Meters.php(158): App\Models\Telegram->telegram(Object(stdClass))
 3 SYSTEMPATH/CodeIgniter.php(927): App\Controllers\Meters->telegram()
 4 SYSTEMPATH/CodeIgniter.php(482): CodeIgniter\CodeIgniter->runController(Object(App\Controllers\Meters))
 5 SYSTEMPATH/CodeIgniter.php(351): CodeIgniter\CodeIgniter->handleRequest(null, Object(Config\Cache), false)
 6 FCPATH/index.php(67): CodeIgniter\CodeIgniter->run()
CRITICAL - 2023-03-20 09:44:59 --> Undefined property: stdClass::$callback_query
in APPPATH/Models/Telegram.php on line 12.
 1 APPPATH/Models/Telegram.php(12): CodeIgniter\Debug\Exceptions->errorHandler(8, 'Undefined property: stdClass::$callback_query', 'APPPATH/Models/Telegram.php', 12, [...])
 2 APPPATH/Controllers/Meters.php(158): App\Models\Telegram->telegram(Object(stdClass))
 3 SYSTEMPATH/CodeIgniter.php(927): App\Controllers\Meters->telegram()
 4 SYSTEMPATH/CodeIgniter.php(482): CodeIgniter\CodeIgniter->runController(Object(App\Controllers\Meters))
 5 SYSTEMPATH/CodeIgniter.php(351): CodeIgniter\CodeIgniter->handleRequest(null, Object(Config\Cache), false)
 6 FCPATH/index.php(67): CodeIgniter\CodeIgniter->run()
CRITICAL - 2023-03-20 09:46:09 --> Undefined property: stdClass::$callback_query
in APPPATH/Models/Telegram.php on line 12.
 1 APPPATH/Models/Telegram.php(12): CodeIgniter\Debug\Exceptions->errorHandler(8, 'Undefined property: stdClass::$callback_query', 'APPPATH/Models/Telegram.php', 12, [...])
 2 APPPATH/Controllers/Meters.php(158): App\Models\Telegram->telegram(Object(stdClass))
 3 SYSTEMPATH/CodeIgniter.php(927): App\Controllers\Meters->telegram()
 4 SYSTEMPATH/CodeIgniter.php(482): CodeIgniter\CodeIgniter->runController(Object(App\Controllers\Meters))
 5 SYSTEMPATH/CodeIgniter.php(351): CodeIgniter\CodeIgniter->handleRequest(null, Object(Config\Cache), false)
 6 FCPATH/index.php(67): CodeIgniter\CodeIgniter->run()
CRITICAL - 2023-03-20 09:47:21 --> Undefined property: stdClass::$callback_query
in APPPATH/Models/Telegram.php on line 12.
 1 APPPATH/Models/Telegram.php(12): CodeIgniter\Debug\Exceptions->errorHandler(8, 'Undefined property: stdClass::$callback_query', 'APPPATH/Models/Telegram.php', 12, [...])
 2 APPPATH/Controllers/Meters.php(158): App\Models\Telegram->telegram(Object(stdClass))
 3 SYSTEMPATH/CodeIgniter.php(927): App\Controllers\Meters->telegram()
 4 SYSTEMPATH/CodeIgniter.php(482): CodeIgniter\CodeIgniter->runController(Object(App\Controllers\Meters))
 5 SYSTEMPATH/CodeIgniter.php(351): CodeIgniter\CodeIgniter->handleRequest(null, Object(Config\Cache), false)
 6 FCPATH/index.php(67): CodeIgniter\CodeIgniter->run()
CRITICAL - 2023-03-20 09:49:00 --> Undefined property: stdClass::$callback_query
in APPPATH/Models/Telegram.php on line 12.
 1 APPPATH/Models/Telegram.php(12): CodeIgniter\Debug\Exceptions->errorHandler(8, 'Undefined property: stdClass::$callback_query', 'APPPATH/Models/Telegram.php', 12, [...])
 2 APPPATH/Controllers/Meters.php(158): App\Models\Telegram->telegram(Object(stdClass))
 3 SYSTEMPATH/CodeIgniter.php(927): App\Controllers\Meters->telegram()
 4 SYSTEMPATH/CodeIgniter.php(482): CodeIgniter\CodeIgniter->runController(Object(App\Controllers\Meters))
 5 SYSTEMPATH/CodeIgniter.php(351): CodeIgniter\CodeIgniter->handleRequest(null, Object(Config\Cache), false)
 6 FCPATH/index.php(67): CodeIgniter\CodeIgniter->run()
CRITICAL - 2023-03-20 09:50:39 --> Undefined property: stdClass::$callback_query
in APPPATH/Models/Telegram.php on line 12.
 1 APPPATH/Models/Telegram.php(12): CodeIgniter\Debug\Exceptions->errorHandler(8, 'Undefined property: stdClass::$callback_query', 'APPPATH/Models/Telegram.php', 12, [...])
 2 APPPATH/Controllers/Meters.php(158): App\Models\Telegram->telegram(Object(stdClass))
 3 SYSTEMPATH/CodeIgniter.php(927): App\Controllers\Meters->telegram()
 4 SYSTEMPATH/CodeIgniter.php(482): CodeIgniter\CodeIgniter->runController(Object(App\Controllers\Meters))
 5 SYSTEMPATH/CodeIgniter.php(351): CodeIgniter\CodeIgniter->handleRequest(null, Object(Config\Cache), false)
 6 FCPATH/index.php(67): CodeIgniter\CodeIgniter->run()
CRITICAL - 2023-03-20 09:52:32 --> Undefined property: stdClass::$callback_query
in APPPATH/Models/Telegram.php on line 12.
 1 APPPATH/Models/Telegram.php(12): CodeIgniter\Debug\Exceptions->errorHandler(8, 'Undefined property: stdClass::$callback_query', 'APPPATH/Models/Telegram.php', 12, [...])
 2 APPPATH/Controllers/Meters.php(158): App\Models\Telegram->telegram(Object(stdClass))
 3 SYSTEMPATH/CodeIgniter.php(927): App\Controllers\Meters->telegram()
 4 SYSTEMPATH/CodeIgniter.php(482): CodeIgniter\CodeIgniter->runController(Object(App\Controllers\Meters))
 5 SYSTEMPATH/CodeIgniter.php(351): CodeIgniter\CodeIgniter->handleRequest(null, Object(Config\Cache), false)
 6 FCPATH/index.php(67): CodeIgniter\CodeIgniter->run()
CRITICAL - 2023-03-20 09:53:35 --> Undefined property: stdClass::$callback_query
in APPPATH/Models/Telegram.php on line 12.
 1 APPPATH/Models/Telegram.php(12): CodeIgniter\Debug\Exceptions->errorHandler(8, 'Undefined property: stdClass::$callback_query', 'APPPATH/Models/Telegram.php', 12, [...])
 2 APPPATH/Controllers/Meters.php(158): App\Models\Telegram->telegram(Object(stdClass))
 3 SYSTEMPATH/CodeIgniter.php(927): App\Controllers\Meters->telegram()
 4 SYSTEMPATH/CodeIgniter.php(482): CodeIgniter\CodeIgniter->runController(Object(App\Controllers\Meters))
 5 SYSTEMPATH/CodeIgniter.php(351): CodeIgniter\CodeIgniter->handleRequest(null, Object(Config\Cache), false)
 6 FCPATH/index.php(67): CodeIgniter\CodeIgniter->run()
ERROR - 2023-03-20 09:54:11 --> mysqli_sql_exception: Unknown column 'confirm' in 'where clause' in /ext/WWW/konex.com.ua/zayavki/system/Database/MySQLi/Connection.php:292
Stack trace:
#0 /ext/WWW/konex.com.ua/zayavki/system/Database/MySQLi/Connection.php(292): mysqli->query('SELECT counter....', 0)
#1 /ext/WWW/konex.com.ua/zayavki/system/Database/BaseConnection.php(666): CodeIgniter\Database\MySQLi\Connection->execute('SELECT counter....')
#2 /ext/WWW/konex.com.ua/zayavki/system/Database/BaseConnection.php(593): CodeIgniter\Database\BaseConnection->simpleQuery('SELECT counter....')
#3 /ext/WWW/konex.com.ua/zayavki/app/Models/Search.php(323): CodeIgniter\Database\BaseConnection->query('SELECT counter....')
#4 /ext/WWW/konex.com.ua/zayavki/app/Models/Telegram.php(139): App\Models\Search->findCountersNotFilled('254', '8', 'confirm')
#5 /ext/WWW/konex.com.ua/zayavki/app/Models/Telegram.php(88): App\Models\Telegram->chooseCounter(Object(stdClass), 971483502, 'confirm')
#6 /ext/WWW/konex.com.ua/zayavki/app/Models/Telegram.php(14): App\Models\Telegram->callback(Object(stdClass), Object(stdClass), 971483502)
#7 /ext/WWW/konex.com.ua/zayavki/app/Controllers/Meters.php(158): App\Models\Telegram->telegram(Object(stdClass))
#8 /ext/WWW/konex.com.ua/zayavki/system/CodeIgniter.php(927): App\Controllers\Meters->telegram()
#9 /ext/WWW/konex.com.ua/zayavki/system/CodeIgniter.php(482): CodeIgniter\CodeIgniter->runController(Object(App\Controllers\Meters))
#10 /ext/WWW/konex.com.ua/zayavki/system/CodeIgniter.php(351): CodeIgniter\CodeIgniter->handleRequest(NULL, Object(Config\Cache), false)
#11 /ext/WWW/konex.com.ua/zayavki/public/index.php(67): CodeIgniter\CodeIgniter->run()
#12 {main}
CRITICAL - 2023-03-20 09:54:11 --> Unknown column 'confirm' in 'where clause'
in SYSTEMPATH/Database/MySQLi/Connection.php on line 292.
 1 SYSTEMPATH/Database/MySQLi/Connection.php(292): mysqli->query('SELECT counter.id, counter.counterId, counter.counterName, area.unit, area.addr FROM counter JOIN area ON counter.unit = area.id JOIN pokaz ON counter.id = pokaz.cId WHERE counter.id NOT IN 
               (SELECT counter.id FROM counter JOIN pokaz ON counter.id = cId WHERE ts = \'2023-02-01\'  AND counter.unit = 254 AND counter.typeC = 8 AND counter.id = confirm AND counter.state = true GROUP BY counter.id)
               AND pokaz.ts =  \'2023-01-01\'  AND counter.unit = 254 AND counter.typeC = 8 AND counter.id = confirm AND counter.state = true
               GROUP BY counter.id', 0)
 2 SYSTEMPATH/Database/BaseConnection.php(666): CodeIgniter\Database\MySQLi\Connection->execute('SELECT counter.id, counter.counterId, counter.counterName, area.unit, area.addr FROM counter JOIN area ON counter.unit = area.id JOIN pokaz ON counter.id = pokaz.cId WHERE counter.id NOT IN 
               (SELECT counter.id FROM counter JOIN pokaz ON counter.id = cId WHERE ts = \'2023-02-01\'  AND counter.unit = 254 AND counter.typeC = 8 AND counter.id = confirm AND counter.state = true GROUP BY counter.id)
               AND pokaz.ts =  \'2023-01-01\'  AND counter.unit = 254 AND counter.typeC = 8 AND counter.id = confirm AND counter.state = true
               GROUP BY counter.id')
 3 SYSTEMPATH/Database/BaseConnection.php(593): CodeIgniter\Database\BaseConnection->simpleQuery('SELECT counter.id, counter.counterId, counter.counterName, area.unit, area.addr FROM counter JOIN area ON counter.unit = area.id JOIN pokaz ON counter.id = pokaz.cId WHERE counter.id NOT IN 
               (SELECT counter.id FROM counter JOIN pokaz ON counter.id = cId WHERE ts = \'2023-02-01\'  AND counter.unit = 254 AND counter.typeC = 8 AND counter.id = confirm AND counter.state = true GROUP BY counter.id)
               AND pokaz.ts =  \'2023-01-01\'  AND counter.unit = 254 AND counter.typeC = 8 AND counter.id = confirm AND counter.state = true
               GROUP BY counter.id')
 4 APPPATH/Models/Search.php(323): CodeIgniter\Database\BaseConnection->query('SELECT counter.id, counter.counterId, counter.counterName, area.unit, area.addr FROM counter JOIN area ON counter.unit = area.id JOIN pokaz ON counter.id = pokaz.cId WHERE counter.id NOT IN 
               (SELECT counter.id FROM counter JOIN pokaz ON counter.id = cId WHERE ts = \'2023-02-01\'  AND counter.unit = 254 AND counter.typeC = 8 AND counter.id = confirm AND counter.state = true GROUP BY counter.id)
               AND pokaz.ts =  \'2023-01-01\'  AND counter.unit = 254 AND counter.typeC = 8 AND counter.id = confirm AND counter.state = true
               GROUP BY counter.id')
 5 APPPATH/Models/Telegram.php(139): App\Models\Search->findCountersNotFilled('254', '8', 'confirm')
 6 APPPATH/Models/Telegram.php(88): App\Models\Telegram->chooseCounter(Object(stdClass), 971483502, 'confirm')
 7 APPPATH/Models/Telegram.php(14): App\Models\Telegram->callback(Object(stdClass), Object(stdClass), 971483502)
 8 APPPATH/Controllers/Meters.php(158): App\Models\Telegram->telegram(Object(stdClass))
 9 SYSTEMPATH/CodeIgniter.php(927): App\Controllers\Meters->telegram()
10 SYSTEMPATH/CodeIgniter.php(482): CodeIgniter\CodeIgniter->runController(Object(App\Controllers\Meters))
11 SYSTEMPATH/CodeIgniter.php(351): CodeIgniter\CodeIgniter->handleRequest(null, Object(Config\Cache), false)
12 FCPATH/index.php(67): CodeIgniter\CodeIgniter->run()
ERROR - 2023-03-20 09:54:11 --> mysqli_sql_exception: Unknown column 'confirm' in 'where clause' in /ext/WWW/konex.com.ua/zayavki/system/Database/MySQLi/Connection.php:292
Stack trace:
#0 /ext/WWW/konex.com.ua/zayavki/system/Database/MySQLi/Connection.php(292): mysqli->query('SELECT counter....', 0)
#1 /ext/WWW/konex.com.ua/zayavki/system/Database/BaseConnection.php(666): CodeIgniter\Database\MySQLi\Connection->execute('SELECT counter....')
#2 /ext/WWW/konex.com.ua/zayavki/system/Database/BaseConnection.php(593): CodeIgniter\Database\BaseConnection->simpleQuery('SELECT counter....')
#3 /ext/WWW/konex.com.ua/zayavki/app/Models/Search.php(323): CodeIgniter\Database\BaseConnection->query('SELECT counter....')
#4 /ext/WWW/konex.com.ua/zayavki/app/Models/Telegram.php(139): App\Models\Search->findCountersNotFilled('254', '8', 'confirm')
#5 /ext/WWW/konex.com.ua/zayavki/app/Models/Telegram.php(88): App\Models\Telegram->chooseCounter(Object(stdClass), 971483502, 'confirm')
#6 /ext/WWW/konex.com.ua/zayavki/app/Models/Telegram.php(14): App\Models\Telegram->callback(Object(stdClass), Object(stdClass), 971483502)
#7 /ext/WWW/konex.com.ua/zayavki/app/Controllers/Meters.php(158): App\Models\Telegram->telegram(Object(stdClass))
#8 /ext/WWW/konex.com.ua/zayavki/system/CodeIgniter.php(927): App\Controllers\Meters->telegram()
#9 /ext/WWW/konex.com.ua/zayavki/system/CodeIgniter.php(482): CodeIgniter\CodeIgniter->runController(Object(App\Controllers\Meters))
#10 /ext/WWW/konex.com.ua/zayavki/system/CodeIgniter.php(351): CodeIgniter\CodeIgniter->handleRequest(NULL, Object(Config\Cache), false)
#11 /ext/WWW/konex.com.ua/zayavki/public/index.php(67): CodeIgniter\CodeIgniter->run()
#12 {main}
CRITICAL - 2023-03-20 09:54:11 --> Unknown column 'confirm' in 'where clause'
in SYSTEMPATH/Database/MySQLi/Connection.php on line 292.
 1 SYSTEMPATH/Database/MySQLi/Connection.php(292): mysqli->query('SELECT counter.id, counter.counterId, counter.counterName, area.unit, area.addr FROM counter JOIN area ON counter.unit = area.id JOIN pokaz ON counter.id = pokaz.cId WHERE counter.id NOT IN 
               (SELECT counter.id FROM counter JOIN pokaz ON counter.id = cId WHERE ts = \'2023-02-01\'  AND counter.unit = 254 AND counter.typeC = 8 AND counter.id = confirm AND counter.state = true GROUP BY counter.id)
               AND pokaz.ts =  \'2023-01-01\'  AND counter.unit = 254 AND counter.typeC = 8 AND counter.id = confirm AND counter.state = true
               GROUP BY counter.id', 0)
 2 SYSTEMPATH/Database/BaseConnection.php(666): CodeIgniter\Database\MySQLi\Connection->execute('SELECT counter.id, counter.counterId, counter.counterName, area.unit, area.addr FROM counter JOIN area ON counter.unit = area.id JOIN pokaz ON counter.id = pokaz.cId WHERE counter.id NOT IN 
               (SELECT counter.id FROM counter JOIN pokaz ON counter.id = cId WHERE ts = \'2023-02-01\'  AND counter.unit = 254 AND counter.typeC = 8 AND counter.id = confirm AND counter.state = true GROUP BY counter.id)
               AND pokaz.ts =  \'2023-01-01\'  AND counter.unit = 254 AND counter.typeC = 8 AND counter.id = confirm AND counter.state = true
               GROUP BY counter.id')
 3 SYSTEMPATH/Database/BaseConnection.php(593): CodeIgniter\Database\BaseConnection->simpleQuery('SELECT counter.id, counter.counterId, counter.counterName, area.unit, area.addr FROM counter JOIN area ON counter.unit = area.id JOIN pokaz ON counter.id = pokaz.cId WHERE counter.id NOT IN 
               (SELECT counter.id FROM counter JOIN pokaz ON counter.id = cId WHERE ts = \'2023-02-01\'  AND counter.unit = 254 AND counter.typeC = 8 AND counter.id = confirm AND counter.state = true GROUP BY counter.id)
               AND pokaz.ts =  \'2023-01-01\'  AND counter.unit = 254 AND counter.typeC = 8 AND counter.id = confirm AND counter.state = true
               GROUP BY counter.id')
 4 APPPATH/Models/Search.php(323): CodeIgniter\Database\BaseConnection->query('SELECT counter.id, counter.counterId, counter.counterName, area.unit, area.addr FROM counter JOIN area ON counter.unit = area.id JOIN pokaz ON counter.id = pokaz.cId WHERE counter.id NOT IN 
               (SELECT counter.id FROM counter JOIN pokaz ON counter.id = cId WHERE ts = \'2023-02-01\'  AND counter.unit = 254 AND counter.typeC = 8 AND counter.id = confirm AND counter.state = true GROUP BY counter.id)
               AND pokaz.ts =  \'2023-01-01\'  AND counter.unit = 254 AND counter.typeC = 8 AND counter.id = confirm AND counter.state = true
               GROUP BY counter.id')
 5 APPPATH/Models/Telegram.php(139): App\Models\Search->findCountersNotFilled('254', '8', 'confirm')
 6 APPPATH/Models/Telegram.php(88): App\Models\Telegram->chooseCounter(Object(stdClass), 971483502, 'confirm')
 7 APPPATH/Models/Telegram.php(14): App\Models\Telegram->callback(Object(stdClass), Object(stdClass), 971483502)
 8 APPPATH/Controllers/Meters.php(158): App\Models\Telegram->telegram(Object(stdClass))
 9 SYSTEMPATH/CodeIgniter.php(927): App\Controllers\Meters->telegram()
10 SYSTEMPATH/CodeIgniter.php(482): CodeIgniter\CodeIgniter->runController(Object(App\Controllers\Meters))
11 SYSTEMPATH/CodeIgniter.php(351): CodeIgniter\CodeIgniter->handleRequest(null, Object(Config\Cache), false)
12 FCPATH/index.php(67): CodeIgniter\CodeIgniter->run()
ERROR - 2023-03-20 09:54:13 --> mysqli_sql_exception: Unknown column 'confirm' in 'where clause' in /ext/WWW/konex.com.ua/zayavki/system/Database/MySQLi/Connection.php:292
Stack trace:
#0 /ext/WWW/konex.com.ua/zayavki/system/Database/MySQLi/Connection.php(292): mysqli->query('SELECT counter....', 0)
#1 /ext/WWW/konex.com.ua/zayavki/system/Database/BaseConnection.php(666): CodeIgniter\Database\MySQLi\Connection->execute('SELECT counter....')
#2 /ext/WWW/konex.com.ua/zayavki/system/Database/BaseConnection.php(593): CodeIgniter\Database\BaseConnection->simpleQuery('SELECT counter....')
#3 /ext/WWW/konex.com.ua/zayavki/app/Models/Search.php(323): CodeIgniter\Database\BaseConnection->query('SELECT counter....')
#4 /ext/WWW/konex.com.ua/zayavki/app/Models/Telegram.php(139): App\Models\Search->findCountersNotFilled('254', '8', 'confirm')
#5 /ext/WWW/konex.com.ua/zayavki/app/Models/Telegram.php(88): App\Models\Telegram->chooseCounter(Object(stdClass), 971483502, 'confirm')
#6 /ext/WWW/konex.com.ua/zayavki/app/Models/Telegram.php(14): App\Models\Telegram->callback(Object(stdClass), Object(stdClass), 971483502)
#7 /ext/WWW/konex.com.ua/zayavki/app/Controllers/Meters.php(158): App\Models\Telegram->telegram(Object(stdClass))
#8 /ext/WWW/konex.com.ua/zayavki/system/CodeIgniter.php(927): App\Controllers\Meters->telegram()
#9 /ext/WWW/konex.com.ua/zayavki/system/CodeIgniter.php(482): CodeIgniter\CodeIgniter->runController(Object(App\Controllers\Meters))
#10 /ext/WWW/konex.com.ua/zayavki/system/CodeIgniter.php(351): CodeIgniter\CodeIgniter->handleRequest(NULL, Object(Config\Cache), false)
#11 /ext/WWW/konex.com.ua/zayavki/public/index.php(67): CodeIgniter\CodeIgniter->run()
#12 {main}
CRITICAL - 2023-03-20 09:54:13 --> Unknown column 'confirm' in 'where clause'
in SYSTEMPATH/Database/MySQLi/Connection.php on line 292.
 1 SYSTEMPATH/Database/MySQLi/Connection.php(292): mysqli->query('SELECT counter.id, counter.counterId, counter.counterName, area.unit, area.addr FROM counter JOIN area ON counter.unit = area.id JOIN pokaz ON counter.id = pokaz.cId WHERE counter.id NOT IN 
               (SELECT counter.id FROM counter JOIN pokaz ON counter.id = cId WHERE ts = \'2023-02-01\'  AND counter.unit = 254 AND counter.typeC = 8 AND counter.id = confirm AND counter.state = true GROUP BY counter.id)
               AND pokaz.ts =  \'2023-01-01\'  AND counter.unit = 254 AND counter.typeC = 8 AND counter.id = confirm AND counter.state = true
               GROUP BY counter.id', 0)
 2 SYSTEMPATH/Database/BaseConnection.php(666): CodeIgniter\Database\MySQLi\Connection->execute('SELECT counter.id, counter.counterId, counter.counterName, area.unit, area.addr FROM counter JOIN area ON counter.unit = area.id JOIN pokaz ON counter.id = pokaz.cId WHERE counter.id NOT IN 
               (SELECT counter.id FROM counter JOIN pokaz ON counter.id = cId WHERE ts = \'2023-02-01\'  AND counter.unit = 254 AND counter.typeC = 8 AND counter.id = confirm AND counter.state = true GROUP BY counter.id)
               AND pokaz.ts =  \'2023-01-01\'  AND counter.unit = 254 AND counter.typeC = 8 AND counter.id = confirm AND counter.state = true
               GROUP BY counter.id')
 3 SYSTEMPATH/Database/BaseConnection.php(593): CodeIgniter\Database\BaseConnection->simpleQuery('SELECT counter.id, counter.counterId, counter.counterName, area.unit, area.addr FROM counter JOIN area ON counter.unit = area.id JOIN pokaz ON counter.id = pokaz.cId WHERE counter.id NOT IN 
               (SELECT counter.id FROM counter JOIN pokaz ON counter.id = cId WHERE ts = \'2023-02-01\'  AND counter.unit = 254 AND counter.typeC = 8 AND counter.id = confirm AND counter.state = true GROUP BY counter.id)
               AND pokaz.ts =  \'2023-01-01\'  AND counter.unit = 254 AND counter.typeC = 8 AND counter.id = confirm AND counter.state = true
               GROUP BY counter.id')
 4 APPPATH/Models/Search.php(323): CodeIgniter\Database\BaseConnection->query('SELECT counter.id, counter.counterId, counter.counterName, area.unit, area.addr FROM counter JOIN area ON counter.unit = area.id JOIN pokaz ON counter.id = pokaz.cId WHERE counter.id NOT IN 
               (SELECT counter.id FROM counter JOIN pokaz ON counter.id = cId WHERE ts = \'2023-02-01\'  AND counter.unit = 254 AND counter.typeC = 8 AND counter.id = confirm AND counter.state = true GROUP BY counter.id)
               AND pokaz.ts =  \'2023-01-01\'  AND counter.unit = 254 AND counter.typeC = 8 AND counter.id = confirm AND counter.state = true
               GROUP BY counter.id')
 5 APPPATH/Models/Telegram.php(139): App\Models\Search->findCountersNotFilled('254', '8', 'confirm')
 6 APPPATH/Models/Telegram.php(88): App\Models\Telegram->chooseCounter(Object(stdClass), 971483502, 'confirm')
 7 APPPATH/Models/Telegram.php(14): App\Models\Telegram->callback(Object(stdClass), Object(stdClass), 971483502)
 8 APPPATH/Controllers/Meters.php(158): App\Models\Telegram->telegram(Object(stdClass))
 9 SYSTEMPATH/CodeIgniter.php(927): App\Controllers\Meters->telegram()
10 SYSTEMPATH/CodeIgniter.php(482): CodeIgniter\CodeIgniter->runController(Object(App\Controllers\Meters))
11 SYSTEMPATH/CodeIgniter.php(351): CodeIgniter\CodeIgniter->handleRequest(null, Object(Config\Cache), false)
12 FCPATH/index.php(67): CodeIgniter\CodeIgniter->run()
ERROR - 2023-03-20 09:54:17 --> mysqli_sql_exception: Unknown column 'confirm' in 'where clause' in /ext/WWW/konex.com.ua/zayavki/system/Database/MySQLi/Connection.php:292
Stack trace:
#0 /ext/WWW/konex.com.ua/zayavki/system/Database/MySQLi/Connection.php(292): mysqli->query('SELECT counter....', 0)
#1 /ext/WWW/konex.com.ua/zayavki/system/Database/BaseConnection.php(666): CodeIgniter\Database\MySQLi\Connection->execute('SELECT counter....')
#2 /ext/WWW/konex.com.ua/zayavki/system/Database/BaseConnection.php(593): CodeIgniter\Database\BaseConnection->simpleQuery('SELECT counter....')
#3 /ext/WWW/konex.com.ua/zayavki/app/Models/Search.php(323): CodeIgniter\Database\BaseConnection->query('SELECT counter....')
#4 /ext/WWW/konex.com.ua/zayavki/app/Models/Telegram.php(139): App\Models\Search->findCountersNotFilled('254', '8', 'confirm')
#5 /ext/WWW/konex.com.ua/zayavki/app/Models/Telegram.php(88): App\Models\Telegram->chooseCounter(Object(stdClass), 971483502, 'confirm')
#6 /ext/WWW/konex.com.ua/zayavki/app/Models/Telegram.php(14): App\Models\Telegram->callback(Object(stdClass), Object(stdClass), 971483502)
#7 /ext/WWW/konex.com.ua/zayavki/app/Controllers/Meters.php(158): App\Models\Telegram->telegram(Object(stdClass))
#8 /ext/WWW/konex.com.ua/zayavki/system/CodeIgniter.php(927): App\Controllers\Meters->telegram()
#9 /ext/WWW/konex.com.ua/zayavki/system/CodeIgniter.php(482): CodeIgniter\CodeIgniter->runController(Object(App\Controllers\Meters))
#10 /ext/WWW/konex.com.ua/zayavki/system/CodeIgniter.php(351): CodeIgniter\CodeIgniter->handleRequest(NULL, Object(Config\Cache), false)
#11 /ext/WWW/konex.com.ua/zayavki/public/index.php(67): CodeIgniter\CodeIgniter->run()
#12 {main}
CRITICAL - 2023-03-20 09:54:17 --> Unknown column 'confirm' in 'where clause'
in SYSTEMPATH/Database/MySQLi/Connection.php on line 292.
 1 SYSTEMPATH/Database/MySQLi/Connection.php(292): mysqli->query('SELECT counter.id, counter.counterId, counter.counterName, area.unit, area.addr FROM counter JOIN area ON counter.unit = area.id JOIN pokaz ON counter.id = pokaz.cId WHERE counter.id NOT IN 
               (SELECT counter.id FROM counter JOIN pokaz ON counter.id = cId WHERE ts = \'2023-02-01\'  AND counter.unit = 254 AND counter.typeC = 8 AND counter.id = confirm AND counter.state = true GROUP BY counter.id)
               AND pokaz.ts =  \'2023-01-01\'  AND counter.unit = 254 AND counter.typeC = 8 AND counter.id = confirm AND counter.state = true
               GROUP BY counter.id', 0)
 2 SYSTEMPATH/Database/BaseConnection.php(666): CodeIgniter\Database\MySQLi\Connection->execute('SELECT counter.id, counter.counterId, counter.counterName, area.unit, area.addr FROM counter JOIN area ON counter.unit = area.id JOIN pokaz ON counter.id = pokaz.cId WHERE counter.id NOT IN 
               (SELECT counter.id FROM counter JOIN pokaz ON counter.id = cId WHERE ts = \'2023-02-01\'  AND counter.unit = 254 AND counter.typeC = 8 AND counter.id = confirm AND counter.state = true GROUP BY counter.id)
               AND pokaz.ts =  \'2023-01-01\'  AND counter.unit = 254 AND counter.typeC = 8 AND counter.id = confirm AND counter.state = true
               GROUP BY counter.id')
 3 SYSTEMPATH/Database/BaseConnection.php(593): CodeIgniter\Database\BaseConnection->simpleQuery('SELECT counter.id, counter.counterId, counter.counterName, area.unit, area.addr FROM counter JOIN area ON counter.unit = area.id JOIN pokaz ON counter.id = pokaz.cId WHERE counter.id NOT IN 
               (SELECT counter.id FROM counter JOIN pokaz ON counter.id = cId WHERE ts = \'2023-02-01\'  AND counter.unit = 254 AND counter.typeC = 8 AND counter.id = confirm AND counter.state = true GROUP BY counter.id)
               AND pokaz.ts =  \'2023-01-01\'  AND counter.unit = 254 AND counter.typeC = 8 AND counter.id = confirm AND counter.state = true
               GROUP BY counter.id')
 4 APPPATH/Models/Search.php(323): CodeIgniter\Database\BaseConnection->query('SELECT counter.id, counter.counterId, counter.counterName, area.unit, area.addr FROM counter JOIN area ON counter.unit = area.id JOIN pokaz ON counter.id = pokaz.cId WHERE counter.id NOT IN 
               (SELECT counter.id FROM counter JOIN pokaz ON counter.id = cId WHERE ts = \'2023-02-01\'  AND counter.unit = 254 AND counter.typeC = 8 AND counter.id = confirm AND counter.state = true GROUP BY counter.id)
               AND pokaz.ts =  \'2023-01-01\'  AND counter.unit = 254 AND counter.typeC = 8 AND counter.id = confirm AND counter.state = true
               GROUP BY counter.id')
 5 APPPATH/Models/Telegram.php(139): App\Models\Search->findCountersNotFilled('254', '8', 'confirm')
 6 APPPATH/Models/Telegram.php(88): App\Models\Telegram->chooseCounter(Object(stdClass), 971483502, 'confirm')
 7 APPPATH/Models/Telegram.php(14): App\Models\Telegram->callback(Object(stdClass), Object(stdClass), 971483502)
 8 APPPATH/Controllers/Meters.php(158): App\Models\Telegram->telegram(Object(stdClass))
 9 SYSTEMPATH/CodeIgniter.php(927): App\Controllers\Meters->telegram()
10 SYSTEMPATH/CodeIgniter.php(482): CodeIgniter\CodeIgniter->runController(Object(App\Controllers\Meters))
11 SYSTEMPATH/CodeIgniter.php(351): CodeIgniter\CodeIgniter->handleRequest(null, Object(Config\Cache), false)
12 FCPATH/index.php(67): CodeIgniter\CodeIgniter->run()
ERROR - 2023-03-20 09:54:25 --> mysqli_sql_exception: Unknown column 'confirm' in 'where clause' in /ext/WWW/konex.com.ua/zayavki/system/Database/MySQLi/Connection.php:292
Stack trace:
#0 /ext/WWW/konex.com.ua/zayavki/system/Database/MySQLi/Connection.php(292): mysqli->query('SELECT counter....', 0)
#1 /ext/WWW/konex.com.ua/zayavki/system/Database/BaseConnection.php(666): CodeIgniter\Database\MySQLi\Connection->execute('SELECT counter....')
#2 /ext/WWW/konex.com.ua/zayavki/system/Database/BaseConnection.php(593): CodeIgniter\Database\BaseConnection->simpleQuery('SELECT counter....')
#3 /ext/WWW/konex.com.ua/zayavki/app/Models/Search.php(323): CodeIgniter\Database\BaseConnection->query('SELECT counter....')
#4 /ext/WWW/konex.com.ua/zayavki/app/Models/Telegram.php(139): App\Models\Search->findCountersNotFilled('254', '8', 'confirm')
#5 /ext/WWW/konex.com.ua/zayavki/app/Models/Telegram.php(88): App\Models\Telegram->chooseCounter(Object(stdClass), 971483502, 'confirm')
#6 /ext/WWW/konex.com.ua/zayavki/app/Models/Telegram.php(14): App\Models\Telegram->callback(Object(stdClass), Object(stdClass), 971483502)
#7 /ext/WWW/konex.com.ua/zayavki/app/Controllers/Meters.php(158): App\Models\Telegram->telegram(Object(stdClass))
#8 /ext/WWW/konex.com.ua/zayavki/system/CodeIgniter.php(927): App\Controllers\Meters->telegram()
#9 /ext/WWW/konex.com.ua/zayavki/system/CodeIgniter.php(482): CodeIgniter\CodeIgniter->runController(Object(App\Controllers\Meters))
#10 /ext/WWW/konex.com.ua/zayavki/system/CodeIgniter.php(351): CodeIgniter\CodeIgniter->handleRequest(NULL, Object(Config\Cache), false)
#11 /ext/WWW/konex.com.ua/zayavki/public/index.php(67): CodeIgniter\CodeIgniter->run()
#12 {main}
CRITICAL - 2023-03-20 09:54:25 --> Unknown column 'confirm' in 'where clause'
in SYSTEMPATH/Database/MySQLi/Connection.php on line 292.
 1 SYSTEMPATH/Database/MySQLi/Connection.php(292): mysqli->query('SELECT counter.id, counter.counterId, counter.counterName, area.unit, area.addr FROM counter JOIN area ON counter.unit = area.id JOIN pokaz ON counter.id = pokaz.cId WHERE counter.id NOT IN 
               (SELECT counter.id FROM counter JOIN pokaz ON counter.id = cId WHERE ts = \'2023-02-01\'  AND counter.unit = 254 AND counter.typeC = 8 AND counter.id = confirm AND counter.state = true GROUP BY counter.id)
               AND pokaz.ts =  \'2023-01-01\'  AND counter.unit = 254 AND counter.typeC = 8 AND counter.id = confirm AND counter.state = true
               GROUP BY counter.id', 0)
 2 SYSTEMPATH/Database/BaseConnection.php(666): CodeIgniter\Database\MySQLi\Connection->execute('SELECT counter.id, counter.counterId, counter.counterName, area.unit, area.addr FROM counter JOIN area ON counter.unit = area.id JOIN pokaz ON counter.id = pokaz.cId WHERE counter.id NOT IN 
               (SELECT counter.id FROM counter JOIN pokaz ON counter.id = cId WHERE ts = \'2023-02-01\'  AND counter.unit = 254 AND counter.typeC = 8 AND counter.id = confirm AND counter.state = true GROUP BY counter.id)
               AND pokaz.ts =  \'2023-01-01\'  AND counter.unit = 254 AND counter.typeC = 8 AND counter.id = confirm AND counter.state = true
               GROUP BY counter.id')
 3 SYSTEMPATH/Database/BaseConnection.php(593): CodeIgniter\Database\BaseConnection->simpleQuery('SELECT counter.id, counter.counterId, counter.counterName, area.unit, area.addr FROM counter JOIN area ON counter.unit = area.id JOIN pokaz ON counter.id = pokaz.cId WHERE counter.id NOT IN 
               (SELECT counter.id FROM counter JOIN pokaz ON counter.id = cId WHERE ts = \'2023-02-01\'  AND counter.unit = 254 AND counter.typeC = 8 AND counter.id = confirm AND counter.state = true GROUP BY counter.id)
               AND pokaz.ts =  \'2023-01-01\'  AND counter.unit = 254 AND counter.typeC = 8 AND counter.id = confirm AND counter.state = true
               GROUP BY counter.id')
 4 APPPATH/Models/Search.php(323): CodeIgniter\Database\BaseConnection->query('SELECT counter.id, counter.counterId, counter.counterName, area.unit, area.addr FROM counter JOIN area ON counter.unit = area.id JOIN pokaz ON counter.id = pokaz.cId WHERE counter.id NOT IN 
               (SELECT counter.id FROM counter JOIN pokaz ON counter.id = cId WHERE ts = \'2023-02-01\'  AND counter.unit = 254 AND counter.typeC = 8 AND counter.id = confirm AND counter.state = true GROUP BY counter.id)
               AND pokaz.ts =  \'2023-01-01\'  AND counter.unit = 254 AND counter.typeC = 8 AND counter.id = confirm AND counter.state = true
               GROUP BY counter.id')
 5 APPPATH/Models/Telegram.php(139): App\Models\Search->findCountersNotFilled('254', '8', 'confirm')
 6 APPPATH/Models/Telegram.php(88): App\Models\Telegram->chooseCounter(Object(stdClass), 971483502, 'confirm')
 7 APPPATH/Models/Telegram.php(14): App\Models\Telegram->callback(Object(stdClass), Object(stdClass), 971483502)
 8 APPPATH/Controllers/Meters.php(158): App\Models\Telegram->telegram(Object(stdClass))
 9 SYSTEMPATH/CodeIgniter.php(927): App\Controllers\Meters->telegram()
10 SYSTEMPATH/CodeIgniter.php(482): CodeIgniter\CodeIgniter->runController(Object(App\Controllers\Meters))
11 SYSTEMPATH/CodeIgniter.php(351): CodeIgniter\CodeIgniter->handleRequest(null, Object(Config\Cache), false)
12 FCPATH/index.php(67): CodeIgniter\CodeIgniter->run()
ERROR - 2023-03-20 09:54:41 --> mysqli_sql_exception: Unknown column 'confirm' in 'where clause' in /ext/WWW/konex.com.ua/zayavki/system/Database/MySQLi/Connection.php:292
Stack trace:
#0 /ext/WWW/konex.com.ua/zayavki/system/Database/MySQLi/Connection.php(292): mysqli->query('SELECT counter....', 0)
#1 /ext/WWW/konex.com.ua/zayavki/system/Database/BaseConnection.php(666): CodeIgniter\Database\MySQLi\Connection->execute('SELECT counter....')
#2 /ext/WWW/konex.com.ua/zayavki/system/Database/BaseConnection.php(593): CodeIgniter\Database\BaseConnection->simpleQuery('SELECT counter....')
#3 /ext/WWW/konex.com.ua/zayavki/app/Models/Search.php(323): CodeIgniter\Database\BaseConnection->query('SELECT counter....')
#4 /ext/WWW/konex.com.ua/zayavki/app/Models/Telegram.php(139): App\Models\Search->findCountersNotFilled('254', '8', 'confirm')
#5 /ext/WWW/konex.com.ua/zayavki/app/Models/Telegram.php(88): App\Models\Telegram->chooseCounter(Object(stdClass), 971483502, 'confirm')
#6 /ext/WWW/konex.com.ua/zayavki/app/Models/Telegram.php(14): App\Models\Telegram->callback(Object(stdClass), Object(stdClass), 971483502)
#7 /ext/WWW/konex.com.ua/zayavki/app/Controllers/Meters.php(158): App\Models\Telegram->telegram(Object(stdClass))
#8 /ext/WWW/konex.com.ua/zayavki/system/CodeIgniter.php(927): App\Controllers\Meters->telegram()
#9 /ext/WWW/konex.com.ua/zayavki/system/CodeIgniter.php(482): CodeIgniter\CodeIgniter->runController(Object(App\Controllers\Meters))
#10 /ext/WWW/konex.com.ua/zayavki/system/CodeIgniter.php(351): CodeIgniter\CodeIgniter->handleRequest(NULL, Object(Config\Cache), false)
#11 /ext/WWW/konex.com.ua/zayavki/public/index.php(67): CodeIgniter\CodeIgniter->run()
#12 {main}
CRITICAL - 2023-03-20 09:54:41 --> Unknown column 'confirm' in 'where clause'
in SYSTEMPATH/Database/MySQLi/Connection.php on line 292.
 1 SYSTEMPATH/Database/MySQLi/Connection.php(292): mysqli->query('SELECT counter.id, counter.counterId, counter.counterName, area.unit, area.addr FROM counter JOIN area ON counter.unit = area.id JOIN pokaz ON counter.id = pokaz.cId WHERE counter.id NOT IN 
               (SELECT counter.id FROM counter JOIN pokaz ON counter.id = cId WHERE ts = \'2023-02-01\'  AND counter.unit = 254 AND counter.typeC = 8 AND counter.id = confirm AND counter.state = true GROUP BY counter.id)
               AND pokaz.ts =  \'2023-01-01\'  AND counter.unit = 254 AND counter.typeC = 8 AND counter.id = confirm AND counter.state = true
               GROUP BY counter.id', 0)
 2 SYSTEMPATH/Database/BaseConnection.php(666): CodeIgniter\Database\MySQLi\Connection->execute('SELECT counter.id, counter.counterId, counter.counterName, area.unit, area.addr FROM counter JOIN area ON counter.unit = area.id JOIN pokaz ON counter.id = pokaz.cId WHERE counter.id NOT IN 
               (SELECT counter.id FROM counter JOIN pokaz ON counter.id = cId WHERE ts = \'2023-02-01\'  AND counter.unit = 254 AND counter.typeC = 8 AND counter.id = confirm AND counter.state = true GROUP BY counter.id)
               AND pokaz.ts =  \'2023-01-01\'  AND counter.unit = 254 AND counter.typeC = 8 AND counter.id = confirm AND counter.state = true
               GROUP BY counter.id')
 3 SYSTEMPATH/Database/BaseConnection.php(593): CodeIgniter\Database\BaseConnection->simpleQuery('SELECT counter.id, counter.counterId, counter.counterName, area.unit, area.addr FROM counter JOIN area ON counter.unit = area.id JOIN pokaz ON counter.id = pokaz.cId WHERE counter.id NOT IN 
               (SELECT counter.id FROM counter JOIN pokaz ON counter.id = cId WHERE ts = \'2023-02-01\'  AND counter.unit = 254 AND counter.typeC = 8 AND counter.id = confirm AND counter.state = true GROUP BY counter.id)
               AND pokaz.ts =  \'2023-01-01\'  AND counter.unit = 254 AND counter.typeC = 8 AND counter.id = confirm AND counter.state = true
               GROUP BY counter.id')
 4 APPPATH/Models/Search.php(323): CodeIgniter\Database\BaseConnection->query('SELECT counter.id, counter.counterId, counter.counterName, area.unit, area.addr FROM counter JOIN area ON counter.unit = area.id JOIN pokaz ON counter.id = pokaz.cId WHERE counter.id NOT IN 
               (SELECT counter.id FROM counter JOIN pokaz ON counter.id = cId WHERE ts = \'2023-02-01\'  AND counter.unit = 254 AND counter.typeC = 8 AND counter.id = confirm AND counter.state = true GROUP BY counter.id)
               AND pokaz.ts =  \'2023-01-01\'  AND counter.unit = 254 AND counter.typeC = 8 AND counter.id = confirm AND counter.state = true
               GROUP BY counter.id')
 5 APPPATH/Models/Telegram.php(139): App\Models\Search->findCountersNotFilled('254', '8', 'confirm')
 6 APPPATH/Models/Telegram.php(88): App\Models\Telegram->chooseCounter(Object(stdClass), 971483502, 'confirm')
 7 APPPATH/Models/Telegram.php(14): App\Models\Telegram->callback(Object(stdClass), Object(stdClass), 971483502)
 8 APPPATH/Controllers/Meters.php(158): App\Models\Telegram->telegram(Object(stdClass))
 9 SYSTEMPATH/CodeIgniter.php(927): App\Controllers\Meters->telegram()
10 SYSTEMPATH/CodeIgniter.php(482): CodeIgniter\CodeIgniter->runController(Object(App\Controllers\Meters))
11 SYSTEMPATH/CodeIgniter.php(351): CodeIgniter\CodeIgniter->handleRequest(null, Object(Config\Cache), false)
12 FCPATH/index.php(67): CodeIgniter\CodeIgniter->run()
ERROR - 2023-03-20 09:55:13 --> mysqli_sql_exception: Unknown column 'confirm' in 'where clause' in /ext/WWW/konex.com.ua/zayavki/system/Database/MySQLi/Connection.php:292
Stack trace:
#0 /ext/WWW/konex.com.ua/zayavki/system/Database/MySQLi/Connection.php(292): mysqli->query('SELECT counter....', 0)
#1 /ext/WWW/konex.com.ua/zayavki/system/Database/BaseConnection.php(666): CodeIgniter\Database\MySQLi\Connection->execute('SELECT counter....')
#2 /ext/WWW/konex.com.ua/zayavki/system/Database/BaseConnection.php(593): CodeIgniter\Database\BaseConnection->simpleQuery('SELECT counter....')
#3 /ext/WWW/konex.com.ua/zayavki/app/Models/Search.php(323): CodeIgniter\Database\BaseConnection->query('SELECT counter....')
#4 /ext/WWW/konex.com.ua/zayavki/app/Models/Telegram.php(139): App\Models\Search->findCountersNotFilled('254', '8', 'confirm')
#5 /ext/WWW/konex.com.ua/zayavki/app/Models/Telegram.php(88): App\Models\Telegram->chooseCounter(Object(stdClass), 971483502, 'confirm')
#6 /ext/WWW/konex.com.ua/zayavki/app/Models/Telegram.php(14): App\Models\Telegram->callback(Object(stdClass), Object(stdClass), 971483502)
#7 /ext/WWW/konex.com.ua/zayavki/app/Controllers/Meters.php(158): App\Models\Telegram->telegram(Object(stdClass))
#8 /ext/WWW/konex.com.ua/zayavki/system/CodeIgniter.php(927): App\Controllers\Meters->telegram()
#9 /ext/WWW/konex.com.ua/zayavki/system/CodeIgniter.php(482): CodeIgniter\CodeIgniter->runController(Object(App\Controllers\Meters))
#10 /ext/WWW/konex.com.ua/zayavki/system/CodeIgniter.php(351): CodeIgniter\CodeIgniter->handleRequest(NULL, Object(Config\Cache), false)
#11 /ext/WWW/konex.com.ua/zayavki/public/index.php(67): CodeIgniter\CodeIgniter->run()
#12 {main}
CRITICAL - 2023-03-20 09:55:13 --> Unknown column 'confirm' in 'where clause'
in SYSTEMPATH/Database/MySQLi/Connection.php on line 292.
 1 SYSTEMPATH/Database/MySQLi/Connection.php(292): mysqli->query('SELECT counter.id, counter.counterId, counter.counterName, area.unit, area.addr FROM counter JOIN area ON counter.unit = area.id JOIN pokaz ON counter.id = pokaz.cId WHERE counter.id NOT IN 
               (SELECT counter.id FROM counter JOIN pokaz ON counter.id = cId WHERE ts = \'2023-02-01\'  AND counter.unit = 254 AND counter.typeC = 8 AND counter.id = confirm AND counter.state = true GROUP BY counter.id)
               AND pokaz.ts =  \'2023-01-01\'  AND counter.unit = 254 AND counter.typeC = 8 AND counter.id = confirm AND counter.state = true
               GROUP BY counter.id', 0)
 2 SYSTEMPATH/Database/BaseConnection.php(666): CodeIgniter\Database\MySQLi\Connection->execute('SELECT counter.id, counter.counterId, counter.counterName, area.unit, area.addr FROM counter JOIN area ON counter.unit = area.id JOIN pokaz ON counter.id = pokaz.cId WHERE counter.id NOT IN 
               (SELECT counter.id FROM counter JOIN pokaz ON counter.id = cId WHERE ts = \'2023-02-01\'  AND counter.unit = 254 AND counter.typeC = 8 AND counter.id = confirm AND counter.state = true GROUP BY counter.id)
               AND pokaz.ts =  \'2023-01-01\'  AND counter.unit = 254 AND counter.typeC = 8 AND counter.id = confirm AND counter.state = true
               GROUP BY counter.id')
 3 SYSTEMPATH/Database/BaseConnection.php(593): CodeIgniter\Database\BaseConnection->simpleQuery('SELECT counter.id, counter.counterId, counter.counterName, area.unit, area.addr FROM counter JOIN area ON counter.unit = area.id JOIN pokaz ON counter.id = pokaz.cId WHERE counter.id NOT IN 
               (SELECT counter.id FROM counter JOIN pokaz ON counter.id = cId WHERE ts = \'2023-02-01\'  AND counter.unit = 254 AND counter.typeC = 8 AND counter.id = confirm AND counter.state = true GROUP BY counter.id)
               AND pokaz.ts =  \'2023-01-01\'  AND counter.unit = 254 AND counter.typeC = 8 AND counter.id = confirm AND counter.state = true
               GROUP BY counter.id')
 4 APPPATH/Models/Search.php(323): CodeIgniter\Database\BaseConnection->query('SELECT counter.id, counter.counterId, counter.counterName, area.unit, area.addr FROM counter JOIN area ON counter.unit = area.id JOIN pokaz ON counter.id = pokaz.cId WHERE counter.id NOT IN 
               (SELECT counter.id FROM counter JOIN pokaz ON counter.id = cId WHERE ts = \'2023-02-01\'  AND counter.unit = 254 AND counter.typeC = 8 AND counter.id = confirm AND counter.state = true GROUP BY counter.id)
               AND pokaz.ts =  \'2023-01-01\'  AND counter.unit = 254 AND counter.typeC = 8 AND counter.id = confirm AND counter.state = true
               GROUP BY counter.id')
 5 APPPATH/Models/Telegram.php(139): App\Models\Search->findCountersNotFilled('254', '8', 'confirm')
 6 APPPATH/Models/Telegram.php(88): App\Models\Telegram->chooseCounter(Object(stdClass), 971483502, 'confirm')
 7 APPPATH/Models/Telegram.php(14): App\Models\Telegram->callback(Object(stdClass), Object(stdClass), 971483502)
 8 APPPATH/Controllers/Meters.php(158): App\Models\Telegram->telegram(Object(stdClass))
 9 SYSTEMPATH/CodeIgniter.php(927): App\Controllers\Meters->telegram()
10 SYSTEMPATH/CodeIgniter.php(482): CodeIgniter\CodeIgniter->runController(Object(App\Controllers\Meters))
11 SYSTEMPATH/CodeIgniter.php(351): CodeIgniter\CodeIgniter->handleRequest(null, Object(Config\Cache), false)
12 FCPATH/index.php(67): CodeIgniter\CodeIgniter->run()
CRITICAL - 2023-03-20 09:55:20 --> Undefined property: stdClass::$callback_query
in APPPATH/Models/Telegram.php on line 12.
 1 APPPATH/Models/Telegram.php(12): CodeIgniter\Debug\Exceptions->errorHandler(8, 'Undefined property: stdClass::$callback_query', 'APPPATH/Models/Telegram.php', 12, [...])
 2 APPPATH/Controllers/Meters.php(158): App\Models\Telegram->telegram(Object(stdClass))
 3 SYSTEMPATH/CodeIgniter.php(927): App\Controllers\Meters->telegram()
 4 SYSTEMPATH/CodeIgniter.php(482): CodeIgniter\CodeIgniter->runController(Object(App\Controllers\Meters))
 5 SYSTEMPATH/CodeIgniter.php(351): CodeIgniter\CodeIgniter->handleRequest(null, Object(Config\Cache), false)
 6 FCPATH/index.php(67): CodeIgniter\CodeIgniter->run()
ERROR - 2023-03-20 09:56:18 --> mysqli_sql_exception: Unknown column 'confirm' in 'where clause' in /ext/WWW/konex.com.ua/zayavki/system/Database/MySQLi/Connection.php:292
Stack trace:
#0 /ext/WWW/konex.com.ua/zayavki/system/Database/MySQLi/Connection.php(292): mysqli->query('SELECT counter....', 0)
#1 /ext/WWW/konex.com.ua/zayavki/system/Database/BaseConnection.php(666): CodeIgniter\Database\MySQLi\Connection->execute('SELECT counter....')
#2 /ext/WWW/konex.com.ua/zayavki/system/Database/BaseConnection.php(593): CodeIgniter\Database\BaseConnection->simpleQuery('SELECT counter....')
#3 /ext/WWW/konex.com.ua/zayavki/app/Models/Search.php(323): CodeIgniter\Database\BaseConnection->query('SELECT counter....')
#4 /ext/WWW/konex.com.ua/zayavki/app/Models/Telegram.php(139): App\Models\Search->findCountersNotFilled('254', '8', 'confirm')
#5 /ext/WWW/konex.com.ua/zayavki/app/Models/Telegram.php(88): App\Models\Telegram->chooseCounter(Object(stdClass), 971483502, 'confirm')
#6 /ext/WWW/konex.com.ua/zayavki/app/Models/Telegram.php(14): App\Models\Telegram->callback(Object(stdClass), Object(stdClass), 971483502)
#7 /ext/WWW/konex.com.ua/zayavki/app/Controllers/Meters.php(158): App\Models\Telegram->telegram(Object(stdClass))
#8 /ext/WWW/konex.com.ua/zayavki/system/CodeIgniter.php(927): App\Controllers\Meters->telegram()
#9 /ext/WWW/konex.com.ua/zayavki/system/CodeIgniter.php(482): CodeIgniter\CodeIgniter->runController(Object(App\Controllers\Meters))
#10 /ext/WWW/konex.com.ua/zayavki/system/CodeIgniter.php(351): CodeIgniter\CodeIgniter->handleRequest(NULL, Object(Config\Cache), false)
#11 /ext/WWW/konex.com.ua/zayavki/public/index.php(67): CodeIgniter\CodeIgniter->run()
#12 {main}
CRITICAL - 2023-03-20 09:56:18 --> Unknown column 'confirm' in 'where clause'
in SYSTEMPATH/Database/MySQLi/Connection.php on line 292.
 1 SYSTEMPATH/Database/MySQLi/Connection.php(292): mysqli->query('SELECT counter.id, counter.counterId, counter.counterName, area.unit, area.addr FROM counter JOIN area ON counter.unit = area.id JOIN pokaz ON counter.id = pokaz.cId WHERE counter.id NOT IN 
               (SELECT counter.id FROM counter JOIN pokaz ON counter.id = cId WHERE ts = \'2023-02-01\'  AND counter.unit = 254 AND counter.typeC = 8 AND counter.id = confirm AND counter.state = true GROUP BY counter.id)
               AND pokaz.ts =  \'2023-01-01\'  AND counter.unit = 254 AND counter.typeC = 8 AND counter.id = confirm AND counter.state = true
               GROUP BY counter.id', 0)
 2 SYSTEMPATH/Database/BaseConnection.php(666): CodeIgniter\Database\MySQLi\Connection->execute('SELECT counter.id, counter.counterId, counter.counterName, area.unit, area.addr FROM counter JOIN area ON counter.unit = area.id JOIN pokaz ON counter.id = pokaz.cId WHERE counter.id NOT IN 
               (SELECT counter.id FROM counter JOIN pokaz ON counter.id = cId WHERE ts = \'2023-02-01\'  AND counter.unit = 254 AND counter.typeC = 8 AND counter.id = confirm AND counter.state = true GROUP BY counter.id)
               AND pokaz.ts =  \'2023-01-01\'  AND counter.unit = 254 AND counter.typeC = 8 AND counter.id = confirm AND counter.state = true
               GROUP BY counter.id')
 3 SYSTEMPATH/Database/BaseConnection.php(593): CodeIgniter\Database\BaseConnection->simpleQuery('SELECT counter.id, counter.counterId, counter.counterName, area.unit, area.addr FROM counter JOIN area ON counter.unit = area.id JOIN pokaz ON counter.id = pokaz.cId WHERE counter.id NOT IN 
               (SELECT counter.id FROM counter JOIN pokaz ON counter.id = cId WHERE ts = \'2023-02-01\'  AND counter.unit = 254 AND counter.typeC = 8 AND counter.id = confirm AND counter.state = true GROUP BY counter.id)
               AND pokaz.ts =  \'2023-01-01\'  AND counter.unit = 254 AND counter.typeC = 8 AND counter.id = confirm AND counter.state = true
               GROUP BY counter.id')
 4 APPPATH/Models/Search.php(323): CodeIgniter\Database\BaseConnection->query('SELECT counter.id, counter.counterId, counter.counterName, area.unit, area.addr FROM counter JOIN area ON counter.unit = area.id JOIN pokaz ON counter.id = pokaz.cId WHERE counter.id NOT IN 
               (SELECT counter.id FROM counter JOIN pokaz ON counter.id = cId WHERE ts = \'2023-02-01\'  AND counter.unit = 254 AND counter.typeC = 8 AND counter.id = confirm AND counter.state = true GROUP BY counter.id)
               AND pokaz.ts =  \'2023-01-01\'  AND counter.unit = 254 AND counter.typeC = 8 AND counter.id = confirm AND counter.state = true
               GROUP BY counter.id')
 5 APPPATH/Models/Telegram.php(139): App\Models\Search->findCountersNotFilled('254', '8', 'confirm')
 6 APPPATH/Models/Telegram.php(88): App\Models\Telegram->chooseCounter(Object(stdClass), 971483502, 'confirm')
 7 APPPATH/Models/Telegram.php(14): App\Models\Telegram->callback(Object(stdClass), Object(stdClass), 971483502)
 8 APPPATH/Controllers/Meters.php(158): App\Models\Telegram->telegram(Object(stdClass))
 9 SYSTEMPATH/CodeIgniter.php(927): App\Controllers\Meters->telegram()
10 SYSTEMPATH/CodeIgniter.php(482): CodeIgniter\CodeIgniter->runController(Object(App\Controllers\Meters))
11 SYSTEMPATH/CodeIgniter.php(351): CodeIgniter\CodeIgniter->handleRequest(null, Object(Config\Cache), false)
12 FCPATH/index.php(67): CodeIgniter\CodeIgniter->run()
ERROR - 2023-03-20 09:56:18 --> mysqli_sql_exception: Unknown column 'backMenu' in 'where clause' in /ext/WWW/konex.com.ua/zayavki/system/Database/MySQLi/Connection.php:292
Stack trace:
#0 /ext/WWW/konex.com.ua/zayavki/system/Database/MySQLi/Connection.php(292): mysqli->query('SELECT counter....', 0)
#1 /ext/WWW/konex.com.ua/zayavki/system/Database/BaseConnection.php(666): CodeIgniter\Database\MySQLi\Connection->execute('SELECT counter....')
#2 /ext/WWW/konex.com.ua/zayavki/system/Database/BaseConnection.php(593): CodeIgniter\Database\BaseConnection->simpleQuery('SELECT counter....')
#3 /ext/WWW/konex.com.ua/zayavki/app/Models/Search.php(323): CodeIgniter\Database\BaseConnection->query('SELECT counter....')
#4 /ext/WWW/konex.com.ua/zayavki/app/Models/Telegram.php(139): App\Models\Search->findCountersNotFilled('254', '8', 'backMenu')
#5 /ext/WWW/konex.com.ua/zayavki/app/Models/Telegram.php(88): App\Models\Telegram->chooseCounter(Object(stdClass), 971483502, 'backMenu')
#6 /ext/WWW/konex.com.ua/zayavki/app/Models/Telegram.php(14): App\Models\Telegram->callback(Object(stdClass), Object(stdClass), 971483502)
#7 /ext/WWW/konex.com.ua/zayavki/app/Controllers/Meters.php(158): App\Models\Telegram->telegram(Object(stdClass))
#8 /ext/WWW/konex.com.ua/zayavki/system/CodeIgniter.php(927): App\Controllers\Meters->telegram()
#9 /ext/WWW/konex.com.ua/zayavki/system/CodeIgniter.php(482): CodeIgniter\CodeIgniter->runController(Object(App\Controllers\Meters))
#10 /ext/WWW/konex.com.ua/zayavki/system/CodeIgniter.php(351): CodeIgniter\CodeIgniter->handleRequest(NULL, Object(Config\Cache), false)
#11 /ext/WWW/konex.com.ua/zayavki/public/index.php(67): CodeIgniter\CodeIgniter->run()
#12 {main}
CRITICAL - 2023-03-20 09:56:18 --> Unknown column 'backMenu' in 'where clause'
in SYSTEMPATH/Database/MySQLi/Connection.php on line 292.
 1 SYSTEMPATH/Database/MySQLi/Connection.php(292): mysqli->query('SELECT counter.id, counter.counterId, counter.counterName, area.unit, area.addr FROM counter JOIN area ON counter.unit = area.id JOIN pokaz ON counter.id = pokaz.cId WHERE counter.id NOT IN 
               (SELECT counter.id FROM counter JOIN pokaz ON counter.id = cId WHERE ts = \'2023-02-01\'  AND counter.unit = 254 AND counter.typeC = 8 AND counter.id = backMenu AND counter.state = true GROUP BY counter.id)
               AND pokaz.ts =  \'2023-01-01\'  AND counter.unit = 254 AND counter.typeC = 8 AND counter.id = backMenu AND counter.state = true
               GROUP BY counter.id', 0)
 2 SYSTEMPATH/Database/BaseConnection.php(666): CodeIgniter\Database\MySQLi\Connection->execute('SELECT counter.id, counter.counterId, counter.counterName, area.unit, area.addr FROM counter JOIN area ON counter.unit = area.id JOIN pokaz ON counter.id = pokaz.cId WHERE counter.id NOT IN 
               (SELECT counter.id FROM counter JOIN pokaz ON counter.id = cId WHERE ts = \'2023-02-01\'  AND counter.unit = 254 AND counter.typeC = 8 AND counter.id = backMenu AND counter.state = true GROUP BY counter.id)
               AND pokaz.ts =  \'2023-01-01\'  AND counter.unit = 254 AND counter.typeC = 8 AND counter.id = backMenu AND counter.state = true
               GROUP BY counter.id')
 3 SYSTEMPATH/Database/BaseConnection.php(593): CodeIgniter\Database\BaseConnection->simpleQuery('SELECT counter.id, counter.counterId, counter.counterName, area.unit, area.addr FROM counter JOIN area ON counter.unit = area.id JOIN pokaz ON counter.id = pokaz.cId WHERE counter.id NOT IN 
               (SELECT counter.id FROM counter JOIN pokaz ON counter.id = cId WHERE ts = \'2023-02-01\'  AND counter.unit = 254 AND counter.typeC = 8 AND counter.id = backMenu AND counter.state = true GROUP BY counter.id)
               AND pokaz.ts =  \'2023-01-01\'  AND counter.unit = 254 AND counter.typeC = 8 AND counter.id = backMenu AND counter.state = true
               GROUP BY counter.id')
 4 APPPATH/Models/Search.php(323): CodeIgniter\Database\BaseConnection->query('SELECT counter.id, counter.counterId, counter.counterName, area.unit, area.addr FROM counter JOIN area ON counter.unit = area.id JOIN pokaz ON counter.id = pokaz.cId WHERE counter.id NOT IN 
               (SELECT counter.id FROM counter JOIN pokaz ON counter.id = cId WHERE ts = \'2023-02-01\'  AND counter.unit = 254 AND counter.typeC = 8 AND counter.id = backMenu AND counter.state = true GROUP BY counter.id)
               AND pokaz.ts =  \'2023-01-01\'  AND counter.unit = 254 AND counter.typeC = 8 AND counter.id = backMenu AND counter.state = true
               GROUP BY counter.id')
 5 APPPATH/Models/Telegram.php(139): App\Models\Search->findCountersNotFilled('254', '8', 'backMenu')
 6 APPPATH/Models/Telegram.php(88): App\Models\Telegram->chooseCounter(Object(stdClass), 971483502, 'backMenu')
 7 APPPATH/Models/Telegram.php(14): App\Models\Telegram->callback(Object(stdClass), Object(stdClass), 971483502)
 8 APPPATH/Controllers/Meters.php(158): App\Models\Telegram->telegram(Object(stdClass))
 9 SYSTEMPATH/CodeIgniter.php(927): App\Controllers\Meters->telegram()
10 SYSTEMPATH/CodeIgniter.php(482): CodeIgniter\CodeIgniter->runController(Object(App\Controllers\Meters))
11 SYSTEMPATH/CodeIgniter.php(351): CodeIgniter\CodeIgniter->handleRequest(null, Object(Config\Cache), false)
12 FCPATH/index.php(67): CodeIgniter\CodeIgniter->run()
ERROR - 2023-03-20 09:56:19 --> mysqli_sql_exception: Unknown column 'backMenu' in 'where clause' in /ext/WWW/konex.com.ua/zayavki/system/Database/MySQLi/Connection.php:292
Stack trace:
#0 /ext/WWW/konex.com.ua/zayavki/system/Database/MySQLi/Connection.php(292): mysqli->query('SELECT counter....', 0)
#1 /ext/WWW/konex.com.ua/zayavki/system/Database/BaseConnection.php(666): CodeIgniter\Database\MySQLi\Connection->execute('SELECT counter....')
#2 /ext/WWW/konex.com.ua/zayavki/system/Database/BaseConnection.php(593): CodeIgniter\Database\BaseConnection->simpleQuery('SELECT counter....')
#3 /ext/WWW/konex.com.ua/zayavki/app/Models/Search.php(323): CodeIgniter\Database\BaseConnection->query('SELECT counter....')
#4 /ext/WWW/konex.com.ua/zayavki/app/Models/Telegram.php(139): App\Models\Search->findCountersNotFilled('254', '8', 'backMenu')
#5 /ext/WWW/konex.com.ua/zayavki/app/Models/Telegram.php(88): App\Models\Telegram->chooseCounter(Object(stdClass), 971483502, 'backMenu')
#6 /ext/WWW/konex.com.ua/zayavki/app/Models/Telegram.php(14): App\Models\Telegram->callback(Object(stdClass), Object(stdClass), 971483502)
#7 /ext/WWW/konex.com.ua/zayavki/app/Controllers/Meters.php(158): App\Models\Telegram->telegram(Object(stdClass))
#8 /ext/WWW/konex.com.ua/zayavki/system/CodeIgniter.php(927): App\Controllers\Meters->telegram()
#9 /ext/WWW/konex.com.ua/zayavki/system/CodeIgniter.php(482): CodeIgniter\CodeIgniter->runController(Object(App\Controllers\Meters))
#10 /ext/WWW/konex.com.ua/zayavki/system/CodeIgniter.php(351): CodeIgniter\CodeIgniter->handleRequest(NULL, Object(Config\Cache), false)
#11 /ext/WWW/konex.com.ua/zayavki/public/index.php(67): CodeIgniter\CodeIgniter->run()
#12 {main}
CRITICAL - 2023-03-20 09:56:19 --> Unknown column 'backMenu' in 'where clause'
in SYSTEMPATH/Database/MySQLi/Connection.php on line 292.
 1 SYSTEMPATH/Database/MySQLi/Connection.php(292): mysqli->query('SELECT counter.id, counter.counterId, counter.counterName, area.unit, area.addr FROM counter JOIN area ON counter.unit = area.id JOIN pokaz ON counter.id = pokaz.cId WHERE counter.id NOT IN 
               (SELECT counter.id FROM counter JOIN pokaz ON counter.id = cId WHERE ts = \'2023-02-01\'  AND counter.unit = 254 AND counter.typeC = 8 AND counter.id = backMenu AND counter.state = true GROUP BY counter.id)
               AND pokaz.ts =  \'2023-01-01\'  AND counter.unit = 254 AND counter.typeC = 8 AND counter.id = backMenu AND counter.state = true
               GROUP BY counter.id', 0)
 2 SYSTEMPATH/Database/BaseConnection.php(666): CodeIgniter\Database\MySQLi\Connection->execute('SELECT counter.id, counter.counterId, counter.counterName, area.unit, area.addr FROM counter JOIN area ON counter.unit = area.id JOIN pokaz ON counter.id = pokaz.cId WHERE counter.id NOT IN 
               (SELECT counter.id FROM counter JOIN pokaz ON counter.id = cId WHERE ts = \'2023-02-01\'  AND counter.unit = 254 AND counter.typeC = 8 AND counter.id = backMenu AND counter.state = true GROUP BY counter.id)
               AND pokaz.ts =  \'2023-01-01\'  AND counter.unit = 254 AND counter.typeC = 8 AND counter.id = backMenu AND counter.state = true
               GROUP BY counter.id')
 3 SYSTEMPATH/Database/BaseConnection.php(593): CodeIgniter\Database\BaseConnection->simpleQuery('SELECT counter.id, counter.counterId, counter.counterName, area.unit, area.addr FROM counter JOIN area ON counter.unit = area.id JOIN pokaz ON counter.id = pokaz.cId WHERE counter.id NOT IN 
               (SELECT counter.id FROM counter JOIN pokaz ON counter.id = cId WHERE ts = \'2023-02-01\'  AND counter.unit = 254 AND counter.typeC = 8 AND counter.id = backMenu AND counter.state = true GROUP BY counter.id)
               AND pokaz.ts =  \'2023-01-01\'  AND counter.unit = 254 AND counter.typeC = 8 AND counter.id = backMenu AND counter.state = true
               GROUP BY counter.id')
 4 APPPATH/Models/Search.php(323): CodeIgniter\Database\BaseConnection->query('SELECT counter.id, counter.counterId, counter.counterName, area.unit, area.addr FROM counter JOIN area ON counter.unit = area.id JOIN pokaz ON counter.id = pokaz.cId WHERE counter.id NOT IN 
               (SELECT counter.id FROM counter JOIN pokaz ON counter.id = cId WHERE ts = \'2023-02-01\'  AND counter.unit = 254 AND counter.typeC = 8 AND counter.id = backMenu AND counter.state = true GROUP BY counter.id)
               AND pokaz.ts =  \'2023-01-01\'  AND counter.unit = 254 AND counter.typeC = 8 AND counter.id = backMenu AND counter.state = true
               GROUP BY counter.id')
 5 APPPATH/Models/Telegram.php(139): App\Models\Search->findCountersNotFilled('254', '8', 'backMenu')
 6 APPPATH/Models/Telegram.php(88): App\Models\Telegram->chooseCounter(Object(stdClass), 971483502, 'backMenu')
 7 APPPATH/Models/Telegram.php(14): App\Models\Telegram->callback(Object(stdClass), Object(stdClass), 971483502)
 8 APPPATH/Controllers/Meters.php(158): App\Models\Telegram->telegram(Object(stdClass))
 9 SYSTEMPATH/CodeIgniter.php(927): App\Controllers\Meters->telegram()
10 SYSTEMPATH/CodeIgniter.php(482): CodeIgniter\CodeIgniter->runController(Object(App\Controllers\Meters))
11 SYSTEMPATH/CodeIgniter.php(351): CodeIgniter\CodeIgniter->handleRequest(null, Object(Config\Cache), false)
12 FCPATH/index.php(67): CodeIgniter\CodeIgniter->run()
ERROR - 2023-03-20 09:56:21 --> mysqli_sql_exception: Unknown column 'backMenu' in 'where clause' in /ext/WWW/konex.com.ua/zayavki/system/Database/MySQLi/Connection.php:292
Stack trace:
#0 /ext/WWW/konex.com.ua/zayavki/system/Database/MySQLi/Connection.php(292): mysqli->query('SELECT counter....', 0)
#1 /ext/WWW/konex.com.ua/zayavki/system/Database/BaseConnection.php(666): CodeIgniter\Database\MySQLi\Connection->execute('SELECT counter....')
#2 /ext/WWW/konex.com.ua/zayavki/system/Database/BaseConnection.php(593): CodeIgniter\Database\BaseConnection->simpleQuery('SELECT counter....')
#3 /ext/WWW/konex.com.ua/zayavki/app/Models/Search.php(323): CodeIgniter\Database\BaseConnection->query('SELECT counter....')
#4 /ext/WWW/konex.com.ua/zayavki/app/Models/Telegram.php(139): App\Models\Search->findCountersNotFilled('254', '8', 'backMenu')
#5 /ext/WWW/konex.com.ua/zayavki/app/Models/Telegram.php(88): App\Models\Telegram->chooseCounter(Object(stdClass), 971483502, 'backMenu')
#6 /ext/WWW/konex.com.ua/zayavki/app/Models/Telegram.php(14): App\Models\Telegram->callback(Object(stdClass), Object(stdClass), 971483502)
#7 /ext/WWW/konex.com.ua/zayavki/app/Controllers/Meters.php(158): App\Models\Telegram->telegram(Object(stdClass))
#8 /ext/WWW/konex.com.ua/zayavki/system/CodeIgniter.php(927): App\Controllers\Meters->telegram()
#9 /ext/WWW/konex.com.ua/zayavki/system/CodeIgniter.php(482): CodeIgniter\CodeIgniter->runController(Object(App\Controllers\Meters))
#10 /ext/WWW/konex.com.ua/zayavki/system/CodeIgniter.php(351): CodeIgniter\CodeIgniter->handleRequest(NULL, Object(Config\Cache), false)
#11 /ext/WWW/konex.com.ua/zayavki/public/index.php(67): CodeIgniter\CodeIgniter->run()
#12 {main}
CRITICAL - 2023-03-20 09:56:21 --> Unknown column 'backMenu' in 'where clause'
in SYSTEMPATH/Database/MySQLi/Connection.php on line 292.
 1 SYSTEMPATH/Database/MySQLi/Connection.php(292): mysqli->query('SELECT counter.id, counter.counterId, counter.counterName, area.unit, area.addr FROM counter JOIN area ON counter.unit = area.id JOIN pokaz ON counter.id = pokaz.cId WHERE counter.id NOT IN 
               (SELECT counter.id FROM counter JOIN pokaz ON counter.id = cId WHERE ts = \'2023-02-01\'  AND counter.unit = 254 AND counter.typeC = 8 AND counter.id = backMenu AND counter.state = true GROUP BY counter.id)
               AND pokaz.ts =  \'2023-01-01\'  AND counter.unit = 254 AND counter.typeC = 8 AND counter.id = backMenu AND counter.state = true
               GROUP BY counter.id', 0)
 2 SYSTEMPATH/Database/BaseConnection.php(666): CodeIgniter\Database\MySQLi\Connection->execute('SELECT counter.id, counter.counterId, counter.counterName, area.unit, area.addr FROM counter JOIN area ON counter.unit = area.id JOIN pokaz ON counter.id = pokaz.cId WHERE counter.id NOT IN 
               (SELECT counter.id FROM counter JOIN pokaz ON counter.id = cId WHERE ts = \'2023-02-01\'  AND counter.unit = 254 AND counter.typeC = 8 AND counter.id = backMenu AND counter.state = true GROUP BY counter.id)
               AND pokaz.ts =  \'2023-01-01\'  AND counter.unit = 254 AND counter.typeC = 8 AND counter.id = backMenu AND counter.state = true
               GROUP BY counter.id')
 3 SYSTEMPATH/Database/BaseConnection.php(593): CodeIgniter\Database\BaseConnection->simpleQuery('SELECT counter.id, counter.counterId, counter.counterName, area.unit, area.addr FROM counter JOIN area ON counter.unit = area.id JOIN pokaz ON counter.id = pokaz.cId WHERE counter.id NOT IN 
               (SELECT counter.id FROM counter JOIN pokaz ON counter.id = cId WHERE ts = \'2023-02-01\'  AND counter.unit = 254 AND counter.typeC = 8 AND counter.id = backMenu AND counter.state = true GROUP BY counter.id)
               AND pokaz.ts =  \'2023-01-01\'  AND counter.unit = 254 AND counter.typeC = 8 AND counter.id = backMenu AND counter.state = true
               GROUP BY counter.id')
 4 APPPATH/Models/Search.php(323): CodeIgniter\Database\BaseConnection->query('SELECT counter.id, counter.counterId, counter.counterName, area.unit, area.addr FROM counter JOIN area ON counter.unit = area.id JOIN pokaz ON counter.id = pokaz.cId WHERE counter.id NOT IN 
               (SELECT counter.id FROM counter JOIN pokaz ON counter.id = cId WHERE ts = \'2023-02-01\'  AND counter.unit = 254 AND counter.typeC = 8 AND counter.id = backMenu AND counter.state = true GROUP BY counter.id)
               AND pokaz.ts =  \'2023-01-01\'  AND counter.unit = 254 AND counter.typeC = 8 AND counter.id = backMenu AND counter.state = true
               GROUP BY counter.id')
 5 APPPATH/Models/Telegram.php(139): App\Models\Search->findCountersNotFilled('254', '8', 'backMenu')
 6 APPPATH/Models/Telegram.php(88): App\Models\Telegram->chooseCounter(Object(stdClass), 971483502, 'backMenu')
 7 APPPATH/Models/Telegram.php(14): App\Models\Telegram->callback(Object(stdClass), Object(stdClass), 971483502)
 8 APPPATH/Controllers/Meters.php(158): App\Models\Telegram->telegram(Object(stdClass))
 9 SYSTEMPATH/CodeIgniter.php(927): App\Controllers\Meters->telegram()
10 SYSTEMPATH/CodeIgniter.php(482): CodeIgniter\CodeIgniter->runController(Object(App\Controllers\Meters))
11 SYSTEMPATH/CodeIgniter.php(351): CodeIgniter\CodeIgniter->handleRequest(null, Object(Config\Cache), false)
12 FCPATH/index.php(67): CodeIgniter\CodeIgniter->run()
CRITICAL - 2023-03-20 09:56:24 --> Undefined property: stdClass::$callback_query
in APPPATH/Models/Telegram.php on line 12.
 1 APPPATH/Models/Telegram.php(12): CodeIgniter\Debug\Exceptions->errorHandler(8, 'Undefined property: stdClass::$callback_query', 'APPPATH/Models/Telegram.php', 12, [...])
 2 APPPATH/Controllers/Meters.php(158): App\Models\Telegram->telegram(Object(stdClass))
 3 SYSTEMPATH/CodeIgniter.php(927): App\Controllers\Meters->telegram()
 4 SYSTEMPATH/CodeIgniter.php(482): CodeIgniter\CodeIgniter->runController(Object(App\Controllers\Meters))
 5 SYSTEMPATH/CodeIgniter.php(351): CodeIgniter\CodeIgniter->handleRequest(null, Object(Config\Cache), false)
 6 FCPATH/index.php(67): CodeIgniter\CodeIgniter->run()
ERROR - 2023-03-20 09:56:26 --> mysqli_sql_exception: Unknown column 'backMenu' in 'where clause' in /ext/WWW/konex.com.ua/zayavki/system/Database/MySQLi/Connection.php:292
Stack trace:
#0 /ext/WWW/konex.com.ua/zayavki/system/Database/MySQLi/Connection.php(292): mysqli->query('SELECT counter....', 0)
#1 /ext/WWW/konex.com.ua/zayavki/system/Database/BaseConnection.php(666): CodeIgniter\Database\MySQLi\Connection->execute('SELECT counter....')
#2 /ext/WWW/konex.com.ua/zayavki/system/Database/BaseConnection.php(593): CodeIgniter\Database\BaseConnection->simpleQuery('SELECT counter....')
#3 /ext/WWW/konex.com.ua/zayavki/app/Models/Search.php(323): CodeIgniter\Database\BaseConnection->query('SELECT counter....')
#4 /ext/WWW/konex.com.ua/zayavki/app/Models/Telegram.php(139): App\Models\Search->findCountersNotFilled('254', '8', 'backMenu')
#5 /ext/WWW/konex.com.ua/zayavki/app/Models/Telegram.php(88): App\Models\Telegram->chooseCounter(Object(stdClass), 971483502, 'backMenu')
#6 /ext/WWW/konex.com.ua/zayavki/app/Models/Telegram.php(14): App\Models\Telegram->callback(Object(stdClass), Object(stdClass), 971483502)
#7 /ext/WWW/konex.com.ua/zayavki/app/Controllers/Meters.php(158): App\Models\Telegram->telegram(Object(stdClass))
#8 /ext/WWW/konex.com.ua/zayavki/system/CodeIgniter.php(927): App\Controllers\Meters->telegram()
#9 /ext/WWW/konex.com.ua/zayavki/system/CodeIgniter.php(482): CodeIgniter\CodeIgniter->runController(Object(App\Controllers\Meters))
#10 /ext/WWW/konex.com.ua/zayavki/system/CodeIgniter.php(351): CodeIgniter\CodeIgniter->handleRequest(NULL, Object(Config\Cache), false)
#11 /ext/WWW/konex.com.ua/zayavki/public/index.php(67): CodeIgniter\CodeIgniter->run()
#12 {main}
CRITICAL - 2023-03-20 09:56:26 --> Unknown column 'backMenu' in 'where clause'
in SYSTEMPATH/Database/MySQLi/Connection.php on line 292.
 1 SYSTEMPATH/Database/MySQLi/Connection.php(292): mysqli->query('SELECT counter.id, counter.counterId, counter.counterName, area.unit, area.addr FROM counter JOIN area ON counter.unit = area.id JOIN pokaz ON counter.id = pokaz.cId WHERE counter.id NOT IN 
               (SELECT counter.id FROM counter JOIN pokaz ON counter.id = cId WHERE ts = \'2023-02-01\'  AND counter.unit = 254 AND counter.typeC = 8 AND counter.id = backMenu AND counter.state = true GROUP BY counter.id)
               AND pokaz.ts =  \'2023-01-01\'  AND counter.unit = 254 AND counter.typeC = 8 AND counter.id = backMenu AND counter.state = true
               GROUP BY counter.id', 0)
 2 SYSTEMPATH/Database/BaseConnection.php(666): CodeIgniter\Database\MySQLi\Connection->execute('SELECT counter.id, counter.counterId, counter.counterName, area.unit, area.addr FROM counter JOIN area ON counter.unit = area.id JOIN pokaz ON counter.id = pokaz.cId WHERE counter.id NOT IN 
               (SELECT counter.id FROM counter JOIN pokaz ON counter.id = cId WHERE ts = \'2023-02-01\'  AND counter.unit = 254 AND counter.typeC = 8 AND counter.id = backMenu AND counter.state = true GROUP BY counter.id)
               AND pokaz.ts =  \'2023-01-01\'  AND counter.unit = 254 AND counter.typeC = 8 AND counter.id = backMenu AND counter.state = true
               GROUP BY counter.id')
 3 SYSTEMPATH/Database/BaseConnection.php(593): CodeIgniter\Database\BaseConnection->simpleQuery('SELECT counter.id, counter.counterId, counter.counterName, area.unit, area.addr FROM counter JOIN area ON counter.unit = area.id JOIN pokaz ON counter.id = pokaz.cId WHERE counter.id NOT IN 
               (SELECT counter.id FROM counter JOIN pokaz ON counter.id = cId WHERE ts = \'2023-02-01\'  AND counter.unit = 254 AND counter.typeC = 8 AND counter.id = backMenu AND counter.state = true GROUP BY counter.id)
               AND pokaz.ts =  \'2023-01-01\'  AND counter.unit = 254 AND counter.typeC = 8 AND counter.id = backMenu AND counter.state = true
               GROUP BY counter.id')
 4 APPPATH/Models/Search.php(323): CodeIgniter\Database\BaseConnection->query('SELECT counter.id, counter.counterId, counter.counterName, area.unit, area.addr FROM counter JOIN area ON counter.unit = area.id JOIN pokaz ON counter.id = pokaz.cId WHERE counter.id NOT IN 
               (SELECT counter.id FROM counter JOIN pokaz ON counter.id = cId WHERE ts = \'2023-02-01\'  AND counter.unit = 254 AND counter.typeC = 8 AND counter.id = backMenu AND counter.state = true GROUP BY counter.id)
               AND pokaz.ts =  \'2023-01-01\'  AND counter.unit = 254 AND counter.typeC = 8 AND counter.id = backMenu AND counter.state = true
               GROUP BY counter.id')
 5 APPPATH/Models/Telegram.php(139): App\Models\Search->findCountersNotFilled('254', '8', 'backMenu')
 6 APPPATH/Models/Telegram.php(88): App\Models\Telegram->chooseCounter(Object(stdClass), 971483502, 'backMenu')
 7 APPPATH/Models/Telegram.php(14): App\Models\Telegram->callback(Object(stdClass), Object(stdClass), 971483502)
 8 APPPATH/Controllers/Meters.php(158): App\Models\Telegram->telegram(Object(stdClass))
 9 SYSTEMPATH/CodeIgniter.php(927): App\Controllers\Meters->telegram()
10 SYSTEMPATH/CodeIgniter.php(482): CodeIgniter\CodeIgniter->runController(Object(App\Controllers\Meters))
11 SYSTEMPATH/CodeIgniter.php(351): CodeIgniter\CodeIgniter->handleRequest(null, Object(Config\Cache), false)
12 FCPATH/index.php(67): CodeIgniter\CodeIgniter->run()
ERROR - 2023-03-20 09:56:34 --> mysqli_sql_exception: Unknown column 'backMenu' in 'where clause' in /ext/WWW/konex.com.ua/zayavki/system/Database/MySQLi/Connection.php:292
Stack trace:
#0 /ext/WWW/konex.com.ua/zayavki/system/Database/MySQLi/Connection.php(292): mysqli->query('SELECT counter....', 0)
#1 /ext/WWW/konex.com.ua/zayavki/system/Database/BaseConnection.php(666): CodeIgniter\Database\MySQLi\Connection->execute('SELECT counter....')
#2 /ext/WWW/konex.com.ua/zayavki/system/Database/BaseConnection.php(593): CodeIgniter\Database\BaseConnection->simpleQuery('SELECT counter....')
#3 /ext/WWW/konex.com.ua/zayavki/app/Models/Search.php(323): CodeIgniter\Database\BaseConnection->query('SELECT counter....')
#4 /ext/WWW/konex.com.ua/zayavki/app/Models/Telegram.php(139): App\Models\Search->findCountersNotFilled('254', '8', 'backMenu')
#5 /ext/WWW/konex.com.ua/zayavki/app/Models/Telegram.php(88): App\Models\Telegram->chooseCounter(Object(stdClass), 971483502, 'backMenu')
#6 /ext/WWW/konex.com.ua/zayavki/app/Models/Telegram.php(14): App\Models\Telegram->callback(Object(stdClass), Object(stdClass), 971483502)
#7 /ext/WWW/konex.com.ua/zayavki/app/Controllers/Meters.php(158): App\Models\Telegram->telegram(Object(stdClass))
#8 /ext/WWW/konex.com.ua/zayavki/system/CodeIgniter.php(927): App\Controllers\Meters->telegram()
#9 /ext/WWW/konex.com.ua/zayavki/system/CodeIgniter.php(482): CodeIgniter\CodeIgniter->runController(Object(App\Controllers\Meters))
#10 /ext/WWW/konex.com.ua/zayavki/system/CodeIgniter.php(351): CodeIgniter\CodeIgniter->handleRequest(NULL, Object(Config\Cache), false)
#11 /ext/WWW/konex.com.ua/zayavki/public/index.php(67): CodeIgniter\CodeIgniter->run()
#12 {main}
CRITICAL - 2023-03-20 09:56:34 --> Unknown column 'backMenu' in 'where clause'
in SYSTEMPATH/Database/MySQLi/Connection.php on line 292.
 1 SYSTEMPATH/Database/MySQLi/Connection.php(292): mysqli->query('SELECT counter.id, counter.counterId, counter.counterName, area.unit, area.addr FROM counter JOIN area ON counter.unit = area.id JOIN pokaz ON counter.id = pokaz.cId WHERE counter.id NOT IN 
               (SELECT counter.id FROM counter JOIN pokaz ON counter.id = cId WHERE ts = \'2023-02-01\'  AND counter.unit = 254 AND counter.typeC = 8 AND counter.id = backMenu AND counter.state = true GROUP BY counter.id)
               AND pokaz.ts =  \'2023-01-01\'  AND counter.unit = 254 AND counter.typeC = 8 AND counter.id = backMenu AND counter.state = true
               GROUP BY counter.id', 0)
 2 SYSTEMPATH/Database/BaseConnection.php(666): CodeIgniter\Database\MySQLi\Connection->execute('SELECT counter.id, counter.counterId, counter.counterName, area.unit, area.addr FROM counter JOIN area ON counter.unit = area.id JOIN pokaz ON counter.id = pokaz.cId WHERE counter.id NOT IN 
               (SELECT counter.id FROM counter JOIN pokaz ON counter.id = cId WHERE ts = \'2023-02-01\'  AND counter.unit = 254 AND counter.typeC = 8 AND counter.id = backMenu AND counter.state = true GROUP BY counter.id)
               AND pokaz.ts =  \'2023-01-01\'  AND counter.unit = 254 AND counter.typeC = 8 AND counter.id = backMenu AND counter.state = true
               GROUP BY counter.id')
 3 SYSTEMPATH/Database/BaseConnection.php(593): CodeIgniter\Database\BaseConnection->simpleQuery('SELECT counter.id, counter.counterId, counter.counterName, area.unit, area.addr FROM counter JOIN area ON counter.unit = area.id JOIN pokaz ON counter.id = pokaz.cId WHERE counter.id NOT IN 
               (SELECT counter.id FROM counter JOIN pokaz ON counter.id = cId WHERE ts = \'2023-02-01\'  AND counter.unit = 254 AND counter.typeC = 8 AND counter.id = backMenu AND counter.state = true GROUP BY counter.id)
               AND pokaz.ts =  \'2023-01-01\'  AND counter.unit = 254 AND counter.typeC = 8 AND counter.id = backMenu AND counter.state = true
               GROUP BY counter.id')
 4 APPPATH/Models/Search.php(323): CodeIgniter\Database\BaseConnection->query('SELECT counter.id, counter.counterId, counter.counterName, area.unit, area.addr FROM counter JOIN area ON counter.unit = area.id JOIN pokaz ON counter.id = pokaz.cId WHERE counter.id NOT IN 
               (SELECT counter.id FROM counter JOIN pokaz ON counter.id = cId WHERE ts = \'2023-02-01\'  AND counter.unit = 254 AND counter.typeC = 8 AND counter.id = backMenu AND counter.state = true GROUP BY counter.id)
               AND pokaz.ts =  \'2023-01-01\'  AND counter.unit = 254 AND counter.typeC = 8 AND counter.id = backMenu AND counter.state = true
               GROUP BY counter.id')
 5 APPPATH/Models/Telegram.php(139): App\Models\Search->findCountersNotFilled('254', '8', 'backMenu')
 6 APPPATH/Models/Telegram.php(88): App\Models\Telegram->chooseCounter(Object(stdClass), 971483502, 'backMenu')
 7 APPPATH/Models/Telegram.php(14): App\Models\Telegram->callback(Object(stdClass), Object(stdClass), 971483502)
 8 APPPATH/Controllers/Meters.php(158): App\Models\Telegram->telegram(Object(stdClass))
 9 SYSTEMPATH/CodeIgniter.php(927): App\Controllers\Meters->telegram()
10 SYSTEMPATH/CodeIgniter.php(482): CodeIgniter\CodeIgniter->runController(Object(App\Controllers\Meters))
11 SYSTEMPATH/CodeIgniter.php(351): CodeIgniter\CodeIgniter->handleRequest(null, Object(Config\Cache), false)
12 FCPATH/index.php(67): CodeIgniter\CodeIgniter->run()
CRITICAL - 2023-03-20 09:57:28 --> Undefined property: stdClass::$callback_query
in APPPATH/Models/Telegram.php on line 12.
 1 APPPATH/Models/Telegram.php(12): CodeIgniter\Debug\Exceptions->errorHandler(8, 'Undefined property: stdClass::$callback_query', 'APPPATH/Models/Telegram.php', 12, [...])
 2 APPPATH/Controllers/Meters.php(158): App\Models\Telegram->telegram(Object(stdClass))
 3 SYSTEMPATH/CodeIgniter.php(927): App\Controllers\Meters->telegram()
 4 SYSTEMPATH/CodeIgniter.php(482): CodeIgniter\CodeIgniter->runController(Object(App\Controllers\Meters))
 5 SYSTEMPATH/CodeIgniter.php(351): CodeIgniter\CodeIgniter->handleRequest(null, Object(Config\Cache), false)
 6 FCPATH/index.php(67): CodeIgniter\CodeIgniter->run()
CRITICAL - 2023-03-20 09:58:39 --> Undefined property: stdClass::$callback_query
in APPPATH/Models/Telegram.php on line 12.
 1 APPPATH/Models/Telegram.php(12): CodeIgniter\Debug\Exceptions->errorHandler(8, 'Undefined property: stdClass::$callback_query', 'APPPATH/Models/Telegram.php', 12, [...])
 2 APPPATH/Controllers/Meters.php(158): App\Models\Telegram->telegram(Object(stdClass))
 3 SYSTEMPATH/CodeIgniter.php(927): App\Controllers\Meters->telegram()
 4 SYSTEMPATH/CodeIgniter.php(482): CodeIgniter\CodeIgniter->runController(Object(App\Controllers\Meters))
 5 SYSTEMPATH/CodeIgniter.php(351): CodeIgniter\CodeIgniter->handleRequest(null, Object(Config\Cache), false)
 6 FCPATH/index.php(67): CodeIgniter\CodeIgniter->run()
CRITICAL - 2023-03-20 10:00:09 --> Undefined property: stdClass::$callback_query
in APPPATH/Models/Telegram.php on line 12.
 1 APPPATH/Models/Telegram.php(12): CodeIgniter\Debug\Exceptions->errorHandler(8, 'Undefined property: stdClass::$callback_query', 'APPPATH/Models/Telegram.php', 12, [...])
 2 APPPATH/Controllers/Meters.php(158): App\Models\Telegram->telegram(Object(stdClass))
 3 SYSTEMPATH/CodeIgniter.php(927): App\Controllers\Meters->telegram()
 4 SYSTEMPATH/CodeIgniter.php(482): CodeIgniter\CodeIgniter->runController(Object(App\Controllers\Meters))
 5 SYSTEMPATH/CodeIgniter.php(351): CodeIgniter\CodeIgniter->handleRequest(null, Object(Config\Cache), false)
 6 FCPATH/index.php(67): CodeIgniter\CodeIgniter->run()
CRITICAL - 2023-03-20 10:02:06 --> Undefined property: stdClass::$callback_query
in APPPATH/Models/Telegram.php on line 12.
 1 APPPATH/Models/Telegram.php(12): CodeIgniter\Debug\Exceptions->errorHandler(8, 'Undefined property: stdClass::$callback_query', 'APPPATH/Models/Telegram.php', 12, [...])
 2 APPPATH/Controllers/Meters.php(158): App\Models\Telegram->telegram(Object(stdClass))
 3 SYSTEMPATH/CodeIgniter.php(927): App\Controllers\Meters->telegram()
 4 SYSTEMPATH/CodeIgniter.php(482): CodeIgniter\CodeIgniter->runController(Object(App\Controllers\Meters))
 5 SYSTEMPATH/CodeIgniter.php(351): CodeIgniter\CodeIgniter->handleRequest(null, Object(Config\Cache), false)
 6 FCPATH/index.php(67): CodeIgniter\CodeIgniter->run()
CRITICAL - 2023-03-20 10:03:33 --> Undefined property: stdClass::$callback_query
in APPPATH/Models/Telegram.php on line 12.
 1 APPPATH/Models/Telegram.php(12): CodeIgniter\Debug\Exceptions->errorHandler(8, 'Undefined property: stdClass::$callback_query', 'APPPATH/Models/Telegram.php', 12, [...])
 2 APPPATH/Controllers/Meters.php(158): App\Models\Telegram->telegram(Object(stdClass))
 3 SYSTEMPATH/CodeIgniter.php(927): App\Controllers\Meters->telegram()
 4 SYSTEMPATH/CodeIgniter.php(482): CodeIgniter\CodeIgniter->runController(Object(App\Controllers\Meters))
 5 SYSTEMPATH/CodeIgniter.php(351): CodeIgniter\CodeIgniter->handleRequest(null, Object(Config\Cache), false)
 6 FCPATH/index.php(67): CodeIgniter\CodeIgniter->run()
CRITICAL - 2023-03-20 10:04:46 --> Undefined property: stdClass::$callback_query
in APPPATH/Models/Telegram.php on line 12.
 1 APPPATH/Models/Telegram.php(12): CodeIgniter\Debug\Exceptions->errorHandler(8, 'Undefined property: stdClass::$callback_query', 'APPPATH/Models/Telegram.php', 12, [...])
 2 APPPATH/Controllers/Meters.php(158): App\Models\Telegram->telegram(Object(stdClass))
 3 SYSTEMPATH/CodeIgniter.php(927): App\Controllers\Meters->telegram()
 4 SYSTEMPATH/CodeIgniter.php(482): CodeIgniter\CodeIgniter->runController(Object(App\Controllers\Meters))
 5 SYSTEMPATH/CodeIgniter.php(351): CodeIgniter\CodeIgniter->handleRequest(null, Object(Config\Cache), false)
 6 FCPATH/index.php(67): CodeIgniter\CodeIgniter->run()
CRITICAL - 2023-03-20 10:06:03 --> Undefined property: stdClass::$callback_query
in APPPATH/Models/Telegram.php on line 12.
 1 APPPATH/Models/Telegram.php(12): CodeIgniter\Debug\Exceptions->errorHandler(8, 'Undefined property: stdClass::$callback_query', 'APPPATH/Models/Telegram.php', 12, [...])
 2 APPPATH/Controllers/Meters.php(158): App\Models\Telegram->telegram(Object(stdClass))
 3 SYSTEMPATH/CodeIgniter.php(927): App\Controllers\Meters->telegram()
 4 SYSTEMPATH/CodeIgniter.php(482): CodeIgniter\CodeIgniter->runController(Object(App\Controllers\Meters))
 5 SYSTEMPATH/CodeIgniter.php(351): CodeIgniter\CodeIgniter->handleRequest(null, Object(Config\Cache), false)
 6 FCPATH/index.php(67): CodeIgniter\CodeIgniter->run()
