CRITICAL - 2023-01-19 02:39:21 --> syntax error, unexpected 'if' (T_IF)
in APPPATH/Controllers/Zayavki.php on line 21.
 1 SYSTEMPATH/Autoloader/Autoloader.php(259): CodeIgniter\Autoloader\Autoloader->includeFile('APPPATH/Controllers/Zayavki.php')
 2 SYSTEMPATH/Autoloader/Autoloader.php(237): CodeIgniter\Autoloader\Autoloader->loadInNamespace('App\\Controllers\\Zayavki')
 3 [internal function]: CodeIgniter\Autoloader\Autoloader->loadClass('App\\Controllers\\Zayavki')
 4 [internal function]: spl_autoload_call('App\\Controllers\\Zayavki')
 5 SYSTEMPATH/CodeIgniter.php(877): class_exists('\\App\\Controllers\\Zayavki', true)
 6 SYSTEMPATH/CodeIgniter.php(469): CodeIgniter\CodeIgniter->startController()
 7 SYSTEMPATH/CodeIgniter.php(351): CodeIgniter\CodeIgniter->handleRequest(null, Object(Config\Cache), false)
 8 FCPATH/index.php(67): CodeIgniter\CodeIgniter->run()
CRITICAL - 2023-01-19 06:19:29 --> Call to undefined function set_value()
in APPPATH/Views/login.php on line 16.
 1 SYSTEMPATH/View/View.php(213): include()
 2 SYSTEMPATH/View/View.php(216): CodeIgniter\View\View->CodeIgniter\View\{closure}()
 3 SYSTEMPATH/Common.php(1134): CodeIgniter\View\View->render('login', [], true)
 4 APPPATH/Controllers/Zayavki.php(53): view('login')
 5 SYSTEMPATH/CodeIgniter.php(927): App\Controllers\Zayavki->logout()
 6 SYSTEMPATH/CodeIgniter.php(482): CodeIgniter\CodeIgniter->runController(Object(App\Controllers\Zayavki))
 7 SYSTEMPATH/CodeIgniter.php(351): CodeIgniter\CodeIgniter->handleRequest(null, Object(Config\Cache), false)
 8 FCPATH/index.php(67): CodeIgniter\CodeIgniter->run()
CRITICAL - 2023-01-19 07:17:11 --> Undefined property: CodeIgniter\View\View::$user
in APPPATH/Views/zayavki.php on line 122.
 1 APPPATH/Views/zayavki.php(122): CodeIgniter\Debug\Exceptions->errorHandler(8, 'Undefined property: CodeIgniter\\View\\View::$user', 'APPPATH/Views/zayavki.php', 122, [...])
 2 SYSTEMPATH/View/View.php(213): include('APPPATH/Views/zayavki.php')
 3 SYSTEMPATH/View/View.php(216): CodeIgniter\View\View->CodeIgniter\View\{closure}()
 4 SYSTEMPATH/Common.php(1134): CodeIgniter\View\View->render('zayavki', [], true)
 5 APPPATH/Controllers/Zayavki.php(25): view('zayavki')
 6 SYSTEMPATH/CodeIgniter.php(927): App\Controllers\Zayavki->index()
 7 SYSTEMPATH/CodeIgniter.php(482): CodeIgniter\CodeIgniter->runController(Object(App\Controllers\Zayavki))
 8 SYSTEMPATH/CodeIgniter.php(351): CodeIgniter\CodeIgniter->handleRequest(null, Object(Config\Cache), false)
 9 FCPATH/index.php(67): CodeIgniter\CodeIgniter->run()
CRITICAL - 2023-01-19 07:17:27 --> Undefined variable: areaArr
in APPPATH/Views/zayavki.php on line 122.
 1 APPPATH/Views/zayavki.php(122): CodeIgniter\Debug\Exceptions->errorHandler(8, 'Undefined variable: areaArr', 'APPPATH/Views/zayavki.php', 122, [...])
 2 SYSTEMPATH/View/View.php(213): include('APPPATH/Views/zayavki.php')
 3 SYSTEMPATH/View/View.php(216): CodeIgniter\View\View->CodeIgniter\View\{closure}()
 4 SYSTEMPATH/Common.php(1134): CodeIgniter\View\View->render('zayavki', [], true)
 5 APPPATH/Controllers/Zayavki.php(25): view('zayavki')
 6 SYSTEMPATH/CodeIgniter.php(927): App\Controllers\Zayavki->index()
 7 SYSTEMPATH/CodeIgniter.php(482): CodeIgniter\CodeIgniter->runController(Object(App\Controllers\Zayavki))
 8 SYSTEMPATH/CodeIgniter.php(351): CodeIgniter\CodeIgniter->handleRequest(null, Object(Config\Cache), false)
 9 FCPATH/index.php(67): CodeIgniter\CodeIgniter->run()
CRITICAL - 2023-01-19 07:18:12 --> Undefined variable: areaArr
in APPPATH/Views/zayavki.php on line 122.
 1 APPPATH/Views/zayavki.php(122): CodeIgniter\Debug\Exceptions->errorHandler(8, 'Undefined variable: areaArr', 'APPPATH/Views/zayavki.php', 122, [...])
 2 SYSTEMPATH/View/View.php(213): include('APPPATH/Views/zayavki.php')
 3 SYSTEMPATH/View/View.php(216): CodeIgniter\View\View->CodeIgniter\View\{closure}()
 4 SYSTEMPATH/Common.php(1134): CodeIgniter\View\View->render('zayavki', [], true)
 5 APPPATH/Controllers/Zayavki.php(25): view('zayavki')
 6 SYSTEMPATH/CodeIgniter.php(927): App\Controllers\Zayavki->index()
 7 SYSTEMPATH/CodeIgniter.php(482): CodeIgniter\CodeIgniter->runController(Object(App\Controllers\Zayavki))
 8 SYSTEMPATH/CodeIgniter.php(351): CodeIgniter\CodeIgniter->handleRequest(null, Object(Config\Cache), false)
 9 FCPATH/index.php(67): CodeIgniter\CodeIgniter->run()
ERROR - 2023-01-19 08:17:16 --> mysqli_sql_exception: Column 'unit' in field list is ambiguous in /ext/WWW/konex.com.ua/zayavki/system/Database/MySQLi/Connection.php:292
Stack trace:
#0 /ext/WWW/konex.com.ua/zayavki/system/Database/MySQLi/Connection.php(292): mysqli->query('SELECT unit FRO...', 0)
#1 /ext/WWW/konex.com.ua/zayavki/system/Database/BaseConnection.php(666): CodeIgniter\Database\MySQLi\Connection->execute('SELECT unit FRO...')
#2 /ext/WWW/konex.com.ua/zayavki/system/Database/BaseConnection.php(593): CodeIgniter\Database\BaseConnection->simpleQuery('SELECT unit FRO...')
#3 /ext/WWW/konex.com.ua/zayavki/app/Models/Search.php(24): CodeIgniter\Database\BaseConnection->query('SELECT unit FRO...')
#4 /ext/WWW/konex.com.ua/zayavki/app/Controllers/Zayavki.php(90): App\Models\Search->getCounterArea()
#5 /ext/WWW/konex.com.ua/zayavki/system/CodeIgniter.php(927): App\Controllers\Zayavki->zayavki()
#6 /ext/WWW/konex.com.ua/zayavki/system/CodeIgniter.php(482): CodeIgniter\CodeIgniter->runController(Object(App\Controllers\Zayavki))
#7 /ext/WWW/konex.com.ua/zayavki/system/CodeIgniter.php(351): CodeIgniter\CodeIgniter->handleRequest(NULL, Object(Config\Cache), false)
#8 /ext/WWW/konex.com.ua/zayavki/public/index.php(67): CodeIgniter\CodeIgniter->run()
#9 {main}
CRITICAL - 2023-01-19 08:17:16 --> Column 'unit' in field list is ambiguous
in SYSTEMPATH/Database/MySQLi/Connection.php on line 292.
 1 SYSTEMPATH/Database/MySQLi/Connection.php(292): mysqli->query('SELECT unit FROM counter JOIN area ON id = unit GROUP BY unit', 0)
 2 SYSTEMPATH/Database/BaseConnection.php(666): CodeIgniter\Database\MySQLi\Connection->execute('SELECT unit FROM counter JOIN area ON id = unit GROUP BY unit')
 3 SYSTEMPATH/Database/BaseConnection.php(593): CodeIgniter\Database\BaseConnection->simpleQuery('SELECT unit FROM counter JOIN area ON id = unit GROUP BY unit')
 4 APPPATH/Models/Search.php(24): CodeIgniter\Database\BaseConnection->query('SELECT unit FROM counter JOIN area ON id = unit GROUP BY unit')
 5 APPPATH/Controllers/Zayavki.php(90): App\Models\Search->getCounterArea()
 6 SYSTEMPATH/CodeIgniter.php(927): App\Controllers\Zayavki->zayavki()
 7 SYSTEMPATH/CodeIgniter.php(482): CodeIgniter\CodeIgniter->runController(Object(App\Controllers\Zayavki))
 8 SYSTEMPATH/CodeIgniter.php(351): CodeIgniter\CodeIgniter->handleRequest(null, Object(Config\Cache), false)
 9 FCPATH/index.php(67): CodeIgniter\CodeIgniter->run()
CRITICAL - 2023-01-19 09:09:47 --> Call to undefined function set_value()
in APPPATH/Views/zayavki.php on line 226.
 1 SYSTEMPATH/View/View.php(213): include()
 2 SYSTEMPATH/View/View.php(216): CodeIgniter\View\View->CodeIgniter\View\{closure}()
 3 SYSTEMPATH/Common.php(1134): CodeIgniter\View\View->render('zayavki', [], true)
 4 APPPATH/Controllers/Zayavki.php(90): view('zayavki', [...])
 5 SYSTEMPATH/CodeIgniter.php(927): App\Controllers\Zayavki->zayavki()
 6 SYSTEMPATH/CodeIgniter.php(482): CodeIgniter\CodeIgniter->runController(Object(App\Controllers\Zayavki))
 7 SYSTEMPATH/CodeIgniter.php(351): CodeIgniter\CodeIgniter->handleRequest(null, Object(Config\Cache), false)
 8 FCPATH/index.php(67): CodeIgniter\CodeIgniter->run()
CRITICAL - 2023-01-19 09:12:06 --> Undefined variable: department
in APPPATH/Views/zayavki.php on line 120.
 1 APPPATH/Views/zayavki.php(120): CodeIgniter\Debug\Exceptions->errorHandler(8, 'Undefined variable: department', 'APPPATH/Views/zayavki.php', 120, [...])
 2 SYSTEMPATH/View/View.php(213): include('APPPATH/Views/zayavki.php')
 3 SYSTEMPATH/View/View.php(216): CodeIgniter\View\View->CodeIgniter\View\{closure}()
 4 SYSTEMPATH/Common.php(1134): CodeIgniter\View\View->render('zayavki', [], true)
 5 APPPATH/Controllers/Zayavki.php(25): view('zayavki')
 6 SYSTEMPATH/CodeIgniter.php(927): App\Controllers\Zayavki->index()
 7 SYSTEMPATH/CodeIgniter.php(482): CodeIgniter\CodeIgniter->runController(Object(App\Controllers\Zayavki))
 8 SYSTEMPATH/CodeIgniter.php(351): CodeIgniter\CodeIgniter->handleRequest(null, Object(Config\Cache), false)
 9 FCPATH/index.php(67): CodeIgniter\CodeIgniter->run()
CRITICAL - 2023-01-19 09:12:16 --> Undefined variable: department
in APPPATH/Views/zayavki.php on line 120.
 1 APPPATH/Views/zayavki.php(120): CodeIgniter\Debug\Exceptions->errorHandler(8, 'Undefined variable: department', 'APPPATH/Views/zayavki.php', 120, [...])
 2 SYSTEMPATH/View/View.php(213): include('APPPATH/Views/zayavki.php')
 3 SYSTEMPATH/View/View.php(216): CodeIgniter\View\View->CodeIgniter\View\{closure}()
 4 SYSTEMPATH/Common.php(1134): CodeIgniter\View\View->render('zayavki', [], true)
 5 APPPATH/Controllers/Zayavki.php(25): view('zayavki')
 6 SYSTEMPATH/CodeIgniter.php(927): App\Controllers\Zayavki->index()
 7 SYSTEMPATH/CodeIgniter.php(482): CodeIgniter\CodeIgniter->runController(Object(App\Controllers\Zayavki))
 8 SYSTEMPATH/CodeIgniter.php(351): CodeIgniter\CodeIgniter->handleRequest(null, Object(Config\Cache), false)
 9 FCPATH/index.php(67): CodeIgniter\CodeIgniter->run()
CRITICAL - 2023-01-19 09:12:34 --> Undefined variable: department
in APPPATH/Views/zayavki.php on line 120.
 1 APPPATH/Views/zayavki.php(120): CodeIgniter\Debug\Exceptions->errorHandler(8, 'Undefined variable: department', 'APPPATH/Views/zayavki.php', 120, [...])
 2 SYSTEMPATH/View/View.php(213): include('APPPATH/Views/zayavki.php')
 3 SYSTEMPATH/View/View.php(216): CodeIgniter\View\View->CodeIgniter\View\{closure}()
 4 SYSTEMPATH/Common.php(1134): CodeIgniter\View\View->render('zayavki', [], true)
 5 APPPATH/Controllers/Zayavki.php(25): view('zayavki')
 6 SYSTEMPATH/CodeIgniter.php(927): App\Controllers\Zayavki->index()
 7 SYSTEMPATH/CodeIgniter.php(482): CodeIgniter\CodeIgniter->runController(Object(App\Controllers\Zayavki))
 8 SYSTEMPATH/CodeIgniter.php(351): CodeIgniter\CodeIgniter->handleRequest(null, Object(Config\Cache), false)
 9 FCPATH/index.php(67): CodeIgniter\CodeIgniter->run()
CRITICAL - 2023-01-19 09:12:35 --> Undefined variable: department
in APPPATH/Views/zayavki.php on line 120.
 1 APPPATH/Views/zayavki.php(120): CodeIgniter\Debug\Exceptions->errorHandler(8, 'Undefined variable: department', 'APPPATH/Views/zayavki.php', 120, [...])
 2 SYSTEMPATH/View/View.php(213): include('APPPATH/Views/zayavki.php')
 3 SYSTEMPATH/View/View.php(216): CodeIgniter\View\View->CodeIgniter\View\{closure}()
 4 SYSTEMPATH/Common.php(1134): CodeIgniter\View\View->render('zayavki', [], true)
 5 APPPATH/Controllers/Zayavki.php(25): view('zayavki')
 6 SYSTEMPATH/CodeIgniter.php(927): App\Controllers\Zayavki->index()
 7 SYSTEMPATH/CodeIgniter.php(482): CodeIgniter\CodeIgniter->runController(Object(App\Controllers\Zayavki))
 8 SYSTEMPATH/CodeIgniter.php(351): CodeIgniter\CodeIgniter->handleRequest(null, Object(Config\Cache), false)
 9 FCPATH/index.php(67): CodeIgniter\CodeIgniter->run()
CRITICAL - 2023-01-19 09:12:36 --> Undefined variable: department
in APPPATH/Views/zayavki.php on line 120.
 1 APPPATH/Views/zayavki.php(120): CodeIgniter\Debug\Exceptions->errorHandler(8, 'Undefined variable: department', 'APPPATH/Views/zayavki.php', 120, [...])
 2 SYSTEMPATH/View/View.php(213): include('APPPATH/Views/zayavki.php')
 3 SYSTEMPATH/View/View.php(216): CodeIgniter\View\View->CodeIgniter\View\{closure}()
 4 SYSTEMPATH/Common.php(1134): CodeIgniter\View\View->render('zayavki', [], true)
 5 APPPATH/Controllers/Zayavki.php(25): view('zayavki')
 6 SYSTEMPATH/CodeIgniter.php(927): App\Controllers\Zayavki->index()
 7 SYSTEMPATH/CodeIgniter.php(482): CodeIgniter\CodeIgniter->runController(Object(App\Controllers\Zayavki))
 8 SYSTEMPATH/CodeIgniter.php(351): CodeIgniter\CodeIgniter->handleRequest(null, Object(Config\Cache), false)
 9 FCPATH/index.php(67): CodeIgniter\CodeIgniter->run()
CRITICAL - 2023-01-19 09:12:36 --> Undefined variable: department
in APPPATH/Views/zayavki.php on line 120.
 1 APPPATH/Views/zayavki.php(120): CodeIgniter\Debug\Exceptions->errorHandler(8, 'Undefined variable: department', 'APPPATH/Views/zayavki.php', 120, [...])
 2 SYSTEMPATH/View/View.php(213): include('APPPATH/Views/zayavki.php')
 3 SYSTEMPATH/View/View.php(216): CodeIgniter\View\View->CodeIgniter\View\{closure}()
 4 SYSTEMPATH/Common.php(1134): CodeIgniter\View\View->render('zayavki', [], true)
 5 APPPATH/Controllers/Zayavki.php(25): view('zayavki')
 6 SYSTEMPATH/CodeIgniter.php(927): App\Controllers\Zayavki->index()
 7 SYSTEMPATH/CodeIgniter.php(482): CodeIgniter\CodeIgniter->runController(Object(App\Controllers\Zayavki))
 8 SYSTEMPATH/CodeIgniter.php(351): CodeIgniter\CodeIgniter->handleRequest(null, Object(Config\Cache), false)
 9 FCPATH/index.php(67): CodeIgniter\CodeIgniter->run()
CRITICAL - 2023-01-19 09:12:36 --> Undefined variable: department
in APPPATH/Views/zayavki.php on line 120.
 1 APPPATH/Views/zayavki.php(120): CodeIgniter\Debug\Exceptions->errorHandler(8, 'Undefined variable: department', 'APPPATH/Views/zayavki.php', 120, [...])
 2 SYSTEMPATH/View/View.php(213): include('APPPATH/Views/zayavki.php')
 3 SYSTEMPATH/View/View.php(216): CodeIgniter\View\View->CodeIgniter\View\{closure}()
 4 SYSTEMPATH/Common.php(1134): CodeIgniter\View\View->render('zayavki', [], true)
 5 APPPATH/Controllers/Zayavki.php(25): view('zayavki')
 6 SYSTEMPATH/CodeIgniter.php(927): App\Controllers\Zayavki->index()
 7 SYSTEMPATH/CodeIgniter.php(482): CodeIgniter\CodeIgniter->runController(Object(App\Controllers\Zayavki))
 8 SYSTEMPATH/CodeIgniter.php(351): CodeIgniter\CodeIgniter->handleRequest(null, Object(Config\Cache), false)
 9 FCPATH/index.php(67): CodeIgniter\CodeIgniter->run()
CRITICAL - 2023-01-19 09:13:36 --> Undefined variable: department
in APPPATH/Views/zayavki.php on line 120.
 1 APPPATH/Views/zayavki.php(120): CodeIgniter\Debug\Exceptions->errorHandler(8, 'Undefined variable: department', 'APPPATH/Views/zayavki.php', 120, [...])
 2 SYSTEMPATH/View/View.php(213): include('APPPATH/Views/zayavki.php')
 3 SYSTEMPATH/View/View.php(216): CodeIgniter\View\View->CodeIgniter\View\{closure}()
 4 SYSTEMPATH/Common.php(1134): CodeIgniter\View\View->render('zayavki', [], true)
 5 APPPATH/Controllers/Zayavki.php(25): view('zayavki')
 6 SYSTEMPATH/CodeIgniter.php(927): App\Controllers\Zayavki->index()
 7 SYSTEMPATH/CodeIgniter.php(482): CodeIgniter\CodeIgniter->runController(Object(App\Controllers\Zayavki))
 8 SYSTEMPATH/CodeIgniter.php(351): CodeIgniter\CodeIgniter->handleRequest(null, Object(Config\Cache), false)
 9 FCPATH/index.php(67): CodeIgniter\CodeIgniter->run()
CRITICAL - 2023-01-19 09:14:29 --> Undefined variable: department
in APPPATH/Views/zayavki.php on line 120.
 1 APPPATH/Views/zayavki.php(120): CodeIgniter\Debug\Exceptions->errorHandler(8, 'Undefined variable: department', 'APPPATH/Views/zayavki.php', 120, [...])
 2 SYSTEMPATH/View/View.php(213): include('APPPATH/Views/zayavki.php')
 3 SYSTEMPATH/View/View.php(216): CodeIgniter\View\View->CodeIgniter\View\{closure}()
 4 SYSTEMPATH/Common.php(1134): CodeIgniter\View\View->render('zayavki', [], true)
 5 APPPATH/Controllers/Zayavki.php(25): view('zayavki')
 6 SYSTEMPATH/CodeIgniter.php(927): App\Controllers\Zayavki->index()
 7 SYSTEMPATH/CodeIgniter.php(482): CodeIgniter\CodeIgniter->runController(Object(App\Controllers\Zayavki))
 8 SYSTEMPATH/CodeIgniter.php(351): CodeIgniter\CodeIgniter->handleRequest(null, Object(Config\Cache), false)
 9 FCPATH/index.php(67): CodeIgniter\CodeIgniter->run()
CRITICAL - 2023-01-19 09:14:54 --> Undefined variable: department
in APPPATH/Views/zayavki.php on line 120.
 1 APPPATH/Views/zayavki.php(120): CodeIgniter\Debug\Exceptions->errorHandler(8, 'Undefined variable: department', 'APPPATH/Views/zayavki.php', 120, [...])
 2 SYSTEMPATH/View/View.php(213): include('APPPATH/Views/zayavki.php')
 3 SYSTEMPATH/View/View.php(216): CodeIgniter\View\View->CodeIgniter\View\{closure}()
 4 SYSTEMPATH/Common.php(1134): CodeIgniter\View\View->render('zayavki', [], true)
 5 APPPATH/Controllers/Zayavki.php(25): view('zayavki')
 6 SYSTEMPATH/CodeIgniter.php(927): App\Controllers\Zayavki->index()
 7 SYSTEMPATH/CodeIgniter.php(482): CodeIgniter\CodeIgniter->runController(Object(App\Controllers\Zayavki))
 8 SYSTEMPATH/CodeIgniter.php(351): CodeIgniter\CodeIgniter->handleRequest(null, Object(Config\Cache), false)
 9 FCPATH/index.php(67): CodeIgniter\CodeIgniter->run()
CRITICAL - 2023-01-19 09:15:03 --> Undefined variable: department
in APPPATH/Views/zayavki.php on line 120.
 1 APPPATH/Views/zayavki.php(120): CodeIgniter\Debug\Exceptions->errorHandler(8, 'Undefined variable: department', 'APPPATH/Views/zayavki.php', 120, [...])
 2 SYSTEMPATH/View/View.php(213): include('APPPATH/Views/zayavki.php')
 3 SYSTEMPATH/View/View.php(216): CodeIgniter\View\View->CodeIgniter\View\{closure}()
 4 SYSTEMPATH/Common.php(1134): CodeIgniter\View\View->render('zayavki', [], true)
 5 APPPATH/Controllers/Zayavki.php(69): view('zayavki', [...])
 6 SYSTEMPATH/CodeIgniter.php(927): App\Controllers\Zayavki->password()
 7 SYSTEMPATH/CodeIgniter.php(482): CodeIgniter\CodeIgniter->runController(Object(App\Controllers\Zayavki))
 8 SYSTEMPATH/CodeIgniter.php(351): CodeIgniter\CodeIgniter->handleRequest(null, Object(Config\Cache), false)
 9 FCPATH/index.php(67): CodeIgniter\CodeIgniter->run()
CRITICAL - 2023-01-19 09:19:37 --> Undefined variable: department
in APPPATH/Views/zayavki.php on line 120.
 1 APPPATH/Views/zayavki.php(120): CodeIgniter\Debug\Exceptions->errorHandler(8, 'Undefined variable: department', 'APPPATH/Views/zayavki.php', 120, [...])
 2 SYSTEMPATH/View/View.php(213): include('APPPATH/Views/zayavki.php')
 3 SYSTEMPATH/View/View.php(216): CodeIgniter\View\View->CodeIgniter\View\{closure}()
 4 SYSTEMPATH/Common.php(1134): CodeIgniter\View\View->render('zayavki', [], true)
 5 APPPATH/Controllers/Zayavki.php(25): view('zayavki')
 6 SYSTEMPATH/CodeIgniter.php(927): App\Controllers\Zayavki->index()
 7 SYSTEMPATH/CodeIgniter.php(482): CodeIgniter\CodeIgniter->runController(Object(App\Controllers\Zayavki))
 8 SYSTEMPATH/CodeIgniter.php(351): CodeIgniter\CodeIgniter->handleRequest(null, Object(Config\Cache), false)
 9 FCPATH/index.php(67): CodeIgniter\CodeIgniter->run()
CRITICAL - 2023-01-19 09:19:44 --> Undefined variable: department
in APPPATH/Views/zayavki.php on line 120.
 1 APPPATH/Views/zayavki.php(120): CodeIgniter\Debug\Exceptions->errorHandler(8, 'Undefined variable: department', 'APPPATH/Views/zayavki.php', 120, [...])
 2 SYSTEMPATH/View/View.php(213): include('APPPATH/Views/zayavki.php')
 3 SYSTEMPATH/View/View.php(216): CodeIgniter\View\View->CodeIgniter\View\{closure}()
 4 SYSTEMPATH/Common.php(1134): CodeIgniter\View\View->render('zayavki', [], true)
 5 APPPATH/Controllers/Zayavki.php(25): view('zayavki')
 6 SYSTEMPATH/CodeIgniter.php(927): App\Controllers\Zayavki->index()
 7 SYSTEMPATH/CodeIgniter.php(482): CodeIgniter\CodeIgniter->runController(Object(App\Controllers\Zayavki))
 8 SYSTEMPATH/CodeIgniter.php(351): CodeIgniter\CodeIgniter->handleRequest(null, Object(Config\Cache), false)
 9 FCPATH/index.php(67): CodeIgniter\CodeIgniter->run()
